BLOCK00/SES002/SA002S12	SES002	2.11092	22.2649	20.1539
BLOCK00/SES002/SA002S13	SES002	2.14638	20.5502	18.4038
BLOCK00/SES002/SA002S23	SES002	1.16803	21.1775	20.0095
BLOCK00/SES002/SA002S26	SES002	2.26068	22.3759	20.1152
BLOCK00/SES002/SA002S28	SES002	1.28545	19.6858	18.4003
BLOCK00/SES007/SA007S14	SES007	2.87245	23.7422	20.8697
BLOCK00/SES007/SA007S15	SES007	0.998726	20.6902	19.6915
BLOCK00/SES007/SA007S24	SES007	1.28858	21.0525	19.7639
BLOCK00/SES007/SA007S27	SES007	1.29456	20.5707	19.2762
BLOCK00/SES007/SA007S29	SES007	0.734116	21.1862	20.4521
BLOCK00/SES008/SA008S11	SES008	1.72743	21.9681	20.2407
BLOCK00/SES008/SA008S12	SES008	0.152365	20.1853	20.0329
BLOCK00/SES008/SA008S19	SES008	2.22727	23.6277	21.4004
BLOCK00/SES008/SA008S22	SES008	0.976776	19.7499	18.7731
BLOCK00/SES008/SA008S29	SES008	2.32569	22.6072	20.2815
BLOCK01/SES014/SA014S10	SES014	2.31937	22.0053	19.6859
BLOCK01/SES014/SA014S12	SES014	4.53246	26.1629	21.6305
BLOCK01/SES014/SA014S24	SES014	2.00188	22.4424	20.4405
BLOCK01/SES014/SA014S26	SES014	3.12936	25.7275	22.5982
BLOCK01/SES014/SA014S28	SES014	4.71501	26.1188	21.4038
BLOCK01/SES016/SA016S12	SES016	1.46433	18.9728	17.5084
BLOCK01/SES016/SA016S13	SES016	1.38151	21.1074	19.7259
BLOCK01/SES016/SA016S22	SES016	1.09128	20.3517	19.2604
BLOCK01/SES016/SA016S25	SES016	2.30647	24.1691	21.8627
BLOCK01/SES016/SA016S27	SES016	1.73081	23.9637	22.2329
BLOCK01/SES019/SA019S13	SES019	3.06195	20.6573	17.5953
BLOCK01/SES019/SA019S14	SES019	2.56549	20.7399	18.1744
BLOCK01/SES019/SA019S22	SES019	3.38631	21.2318	17.8455
BLOCK01/SES019/SA019S25	SES019	2.98288	21.3987	18.4158
BLOCK01/SES019/SA019S29	SES019	3.34057	21.1538	17.8133
BLOCK02/SES029/SA029S11	SES029	2.06318	21.9466	19.8834
BLOCK02/SES029/SA029S12	SES029	0.100828	21.566	21.4651
BLOCK02/SES029/SA029S20	SES029	1.79116	21.9022	20.111
BLOCK02/SES029/SA029S25	SES029	1.13455	22.5374	21.4029
BLOCK02/SES029/SA029S28	SES029	0.337212	21.3741	21.0368
BLOCK04/SES042/SA042S12	SES042	2.55283	23.4136	20.8607
BLOCK04/SES042/SA042S15	SES042	2.53172	23.3759	20.8442
BLOCK04/SES042/SA042S22	SES042	4.18545	26.5507	22.3652
BLOCK04/SES042/SA042S25	SES042	2.35384	22.0854	19.7316
BLOCK04/SES042/SA042S27	SES042	2.41541	24.8142	22.3988
BLOCK04/SES048/SA048S11	SES048	2.10234	23.1615	21.0591
BLOCK04/SES048/SA048S12	SES048	0.936003	22.4724	21.5364
BLOCK04/SES048/SA048S20	SES048	0.795929	22.8209	22.025
BLOCK04/SES048/SA048S23	SES048	1.50768	21.5264	20.0187
BLOCK04/SES048/SA048S27	SES048	1.53657	24.2392	22.7027
BLOCK06/SES060/SA060S11	SES060	2.19363	23.7642	21.5705
BLOCK06/SES060/SA060S12	SES060	-0.137791	19.6538	19.7916
BLOCK06/SES060/SA060S22	SES060	-0.667908	18.5494	19.2173
BLOCK06/SES060/SA060S24	SES060	1.62352	23.0917	21.4682
BLOCK06/SES060/SA060S28	SES060	1.67326	25.1831	23.5098
BLOCK06/SES062/SA062S10	SES062	0.751108	22.134	21.3829
BLOCK06/SES062/SA062S11	SES062	1.92422	21.537	19.6127
BLOCK06/SES062/SA062S21	SES062	2.91573	26.6226	23.7069
BLOCK06/SES062/SA062S26	SES062	1.45701	23.3148	21.8578
BLOCK06/SES062/SA062S29	SES062	2.70017	25.0588	22.3586
BLOCK06/SES068/SA068S14	SES068	0.376486	21.2641	20.8876
BLOCK06/SES068/SA068S15	SES068	1.41635	23.0398	21.6234
BLOCK06/SES068/SA068S23	SES068	0.643251	20.6721	20.0289
BLOCK06/SES068/SA068S27	SES068	2.57705	24.1241	21.547
BLOCK06/SES068/SA068S29	SES068	0.690853	21.4543	20.7634
BLOCK08/SES082/SA082S12	SES082	0.182449	20.0508	19.8683
BLOCK08/SES082/SA082S14	SES082	0.75522	19.599	18.8438
BLOCK08/SES082/SA082S21	SES082	0.181446	19.758	19.5765
BLOCK08/SES082/SA082S24	SES082	0.952265	21.9827	21.0304
BLOCK08/SES082/SA082S28	SES082	0.760784	20.165	19.4042
BLOCK08/SES083/SA083S14	SES083	-0.0395889	20.9126	20.9522
BLOCK08/SES083/SA083S15	SES083	0.357677	21.4766	21.1189
BLOCK08/SES083/SA083S24	SES083	0.372427	20.8401	20.4677
BLOCK08/SES083/SA083S26	SES083	0.720488	21.1618	20.4413
BLOCK08/SES083/SA083S29	SES083	0.520422	21.8255	21.3051
BLOCK08/SES085/SA085S10	SES085	0.656382	22.2176	21.5613
BLOCK08/SES085/SA085S13	SES085	0.630753	20.3131	19.6823
BLOCK08/SES085/SA085S22	SES085	-0.516205	20.5619	21.0781
BLOCK08/SES085/SA085S26	SES085	0.450968	21.456	21.005
BLOCK08/SES085/SA085S28	SES085	1.6506	22.6981	21.0475
BLOCK08/SES087/SA087S15	SES087	1.71623	21.8614	20.1452
BLOCK08/SES087/SA087S16	SES087	2.19999	22.055	19.855
BLOCK08/SES087/SA087S24	SES087	1.92916	21.9684	20.0393
BLOCK08/SES087/SA087S26	SES087	1.36862	22.6759	21.3073
BLOCK08/SES087/SA087S29	SES087	1.87918	21.8668	19.9877
BLOCK09/SES099/SA099S15	SES099	2.31014	21.065	18.7548
BLOCK09/SES099/SA099S16	SES099	2.15709	21.4744	19.3173
BLOCK09/SES099/SA099S24	SES099	2.30037	21.7523	19.4519
BLOCK09/SES099/SA099S26	SES099	2.61788	22.3066	19.6887
BLOCK09/SES099/SA099S29	SES099	2.33404	21.9692	19.6351
BLOCK10/SES101/SA101S11	SES101	0.662491	21.3068	20.6444
BLOCK10/SES101/SA101S13	SES101	1.302	23.5685	22.2664
BLOCK10/SES101/SA101S22	SES101	1.81921	21.3125	19.4932
BLOCK10/SES101/SA101S24	SES101	1.73531	21.7448	20.0095
BLOCK10/SES101/SA101S28	SES101	0.944088	20.8383	19.8942
BLOCK10/SES104/SA104S11	SES104	2.55573	24.3829	21.8272
BLOCK10/SES104/SA104S12	SES104	2.27349	22.2999	20.0264
BLOCK10/SES104/SA104S21	SES104	1.76287	22.1862	20.4233
BLOCK10/SES104/SA104S24	SES104	0.785366	21.4171	20.6317
BLOCK10/SES104/SA104S28	SES104	1.88718	22.5249	20.6378
BLOCK10/SES105/SA105S12	SES105	1.40079	20.2474	18.8466
BLOCK10/SES105/SA105S13	SES105	1.82121	21.1578	19.3366
BLOCK10/SES105/SA105S22	SES105	0.276535	18.8074	18.5308
BLOCK10/SES105/SA105S26	SES105	1.47094	20.6024	19.1315
BLOCK10/SES105/SA105S29	SES105	1.52856	21.5618	20.0332
BLOCK10/SES106/SA106S09	SES106	1.23297	19.3634	18.1304
BLOCK10/SES106/SA106S11	SES106	2.32887	22.4529	20.1241
BLOCK10/SES106/SA106S22	SES106	4.17482	22.317	18.1421
BLOCK10/SES106/SA106S27	SES106	1.52884	20.813	19.2841
BLOCK10/SES106/SA106S29	SES106	1.0181	20.6696	19.6515
BLOCK11/SES117/SA117S12	SES117	1.08167	20.4189	19.3372
BLOCK11/SES117/SA117S13	SES117	0.796526	20.9994	20.2028
BLOCK11/SES117/SA117S23	SES117	1.90595	18.3561	16.4501
BLOCK11/SES117/SA117S25	SES117	1.63361	18.9973	17.3637
BLOCK11/SES117/SA117S28	SES117	1.53174	18.7077	17.1759
BLOCK12/SES120/SA120S08	SES120	0.823589	18.3221	17.4985
BLOCK12/SES120/SA120S11	SES120	0.715053	16.3796	15.6645
BLOCK12/SES120/SA120S22	SES120	0.0192566	20.8878	20.8686
BLOCK12/SES120/SA120S24	SES120	0.239883	18.8803	18.6404
BLOCK12/SES120/SA120S28	SES120	-0.870655	15.898	16.7686
BLOCK12/SES125/SA125S13	SES125	2.4087	21.7229	19.3142
BLOCK12/SES125/SA125S14	SES125	0.904163	20.0891	19.1849
BLOCK12/SES125/SA125S25	SES125	2.26505	22.2848	20.0198
BLOCK12/SES125/SA125S27	SES125	2.20621	23.2439	21.0377
BLOCK12/SES125/SA125S29	SES125	2.63612	22.3548	19.7187
BLOCK12/SES127/SA127S11	SES127	1.62573	21.2291	19.6033
BLOCK12/SES127/SA127S12	SES127	0.168732	21.5016	21.3328
BLOCK12/SES127/SA127S23	SES127	0.945803	21.3998	20.454
BLOCK12/SES127/SA127S25	SES127	0.521406	20.6383	20.1169
BLOCK12/SES127/SA127S27	SES127	0.901615	20.9535	20.0519
BLOCK12/SES129/SA129S11	SES129	2.40045	23.8701	21.4697
BLOCK12/SES129/SA129S12	SES129	1.9344	23.269	21.3346
BLOCK12/SES129/SA129S22	SES129	1.03845	21.5087	20.4702
BLOCK12/SES129/SA129S27	SES129	2.57571	23.0464	20.4707
BLOCK12/SES129/SA129S29	SES129	1.56566	23.2578	21.6921
BLOCK14/SES142/SA142S11	SES142	2.70689	20.5998	17.8929
BLOCK14/SES142/SA142S12	SES142	1.7776	19.0927	17.3151
BLOCK14/SES142/SA142S24	SES142	1.94551	20.0259	18.0804
BLOCK14/SES142/SA142S27	SES142	2.35201	21.2906	18.9385
BLOCK14/SES142/SA142S29	SES142	2.67711	20.693	18.0159
BLOCK14/SES143/SA143S12	SES143	1.54727	20.8477	19.3004
BLOCK14/SES143/SA143S13	SES143	0.845762	19.9941	19.1483
BLOCK14/SES143/SA143S23	SES143	1.20768	20.3083	19.1006
BLOCK14/SES143/SA143S25	SES143	1.91113	20.7796	18.8685
BLOCK14/SES143/SA143S28	SES143	0.951096	19.7246	18.7735
BLOCK14/SES144/SA144S09	SES144	1.41227	21.4476	20.0354
BLOCK14/SES144/SA144S11	SES144	1.64741	20.5169	18.8695
BLOCK14/SES144/SA144S21	SES144	-0.220032	19.4779	19.6979
BLOCK14/SES144/SA144S25	SES144	0.59734	19.9591	19.3618
BLOCK14/SES144/SA144S29	SES144	-0.236307	20.8174	21.0537
BLOCK14/SES146/SA146S14	SES146	0.965405	19.8404	18.875
BLOCK14/SES146/SA146S15	SES146	0.867189	19.7548	18.8876
BLOCK14/SES146/SA146S24	SES146	1.2089	20.712	19.5031
BLOCK14/SES146/SA146S26	SES146	1.3712	20.9487	19.5775
BLOCK14/SES146/SA146S29	SES146	1.3888	19.2273	17.8385
BLOCK14/SES147/SA147S11	SES147	2.08438	20.8313	18.7469
BLOCK14/SES147/SA147S13	SES147	2.2693	22.0228	19.7535
BLOCK14/SES147/SA147S23	SES147	0.543825	19.3963	18.8525
BLOCK14/SES147/SA147S26	SES147	1.40867	20.5614	19.1527
BLOCK14/SES147/SA147S28	SES147	1.37631	20.2562	18.8799
BLOCK14/SES148/SA148S10	SES148	1.52357	21.2949	19.7713
BLOCK14/SES148/SA148S12	SES148	0.914888	19.3949	18.4801
BLOCK14/SES148/SA148S22	SES148	2.03486	22.6605	20.6257
BLOCK14/SES148/SA148S26	SES148	0.644873	21.7682	21.1233
BLOCK14/SES148/SA148S29	SES148	0.457052	20.7307	20.2736
BLOCK14/SES149/SA149S13	SES149	-0.0280781	21.0523	21.0804
BLOCK14/SES149/SA149S14	SES149	0.717108	22.322	21.6049
BLOCK14/SES149/SA149S24	SES149	1.82987	23.0242	21.1943
BLOCK14/SES149/SA149S26	SES149	2.81203	23.9848	21.1727
BLOCK14/SES149/SA149S28	SES149	2.69902	25.372	22.6729
BLOCK15/SES158/SA158S13	SES158	1.67239	20.1823	18.5099
BLOCK15/SES158/SA158S14	SES158	2.72712	20.1452	17.418
BLOCK15/SES158/SA158S23	SES158	1.49282	20.5899	19.0971
BLOCK15/SES158/SA158S26	SES158	2.81764	20.0354	17.2178
BLOCK15/SES158/SA158S28	SES158	1.35321	20.233	18.8798
BLOCK16/SES162/SA162S10	SES162	1.01287	18.9555	17.9426
BLOCK16/SES162/SA162S11	SES162	1.36094	21.6003	20.2393
BLOCK16/SES162/SA162S21	SES162	2.27308	21.8922	19.6191
BLOCK16/SES162/SA162S24	SES162	1.69602	20.7454	19.0494
BLOCK16/SES162/SA162S27	SES162	1.77901	20.0293	18.2503
BLOCK16/SES167/SA167S14	SES167	1.49788	22.9455	21.4477
BLOCK16/SES167/SA167S15	SES167	1.62204	21.6345	20.0124
BLOCK16/SES167/SA167S21	SES167	1.95758	22.2087	20.2511
BLOCK16/SES167/SA167S25	SES167	2.69321	22.451	19.7578
BLOCK16/SES167/SA167S29	SES167	2.99802	24.4499	21.4519
BLOCK17/SES172/SA172S12	SES172	2.44396	21.8077	19.3638
BLOCK17/SES172/SA172S13	SES172	2.39491	21.303	18.9081
BLOCK17/SES172/SA172S23	SES172	1.76266	22.7744	21.0117
BLOCK17/SES172/SA172S27	SES172	1.57899	21.6363	20.0573
BLOCK17/SES172/SA172S29	SES172	2.47942	22.6758	20.1964
BLOCK17/SES175/SA175S11	SES175	1.34142	21.9566	20.6152
BLOCK17/SES175/SA175S13	SES175	1.11561	21.7335	20.6179
BLOCK17/SES175/SA175S23	SES175	1.62601	22.2363	20.6103
BLOCK17/SES175/SA175S25	SES175	0.941689	19.1282	18.1865
BLOCK17/SES175/SA175S28	SES175	0.419445	20.8864	20.467
BLOCK17/SES177/SA177S15	SES177	0.830887	21.1958	20.3649
BLOCK17/SES177/SA177S17	SES177	0.525236	21.0035	20.4782
BLOCK17/SES177/SA177S23	SES177	-0.478096	19.1424	19.6205
BLOCK17/SES177/SA177S26	SES177	1.26184	23.6114	22.3495
BLOCK17/SES177/SA177S28	SES177	1.01547	21.9608	20.9453
BLOCK18/SES180/SA180S13	SES180	0.775875	20.0007	19.2248
BLOCK18/SES180/SA180S15	SES180	0.947805	20.3162	19.3684
BLOCK18/SES180/SA180S24	SES180	1.32968	22.4563	21.1266
BLOCK18/SES180/SA180S26	SES180	1.0105	21.6322	20.6217
BLOCK18/SES180/SA180S29	SES180	1.32578	20.862	19.5362
BLOCK18/SES183/SA183S13	SES183	1.58965	20.2481	18.6585
BLOCK18/SES183/SA183S14	SES183	0.635447	20.1038	19.4684
BLOCK18/SES183/SA183S24	SES183	2.04874	19.5693	17.5205
BLOCK18/SES183/SA183S27	SES183	1.50522	20.2268	18.7216
BLOCK18/SES183/SA183S29	SES183	0.846189	20.848	20.0018
BLOCK18/SES187/SA187S13	SES187	0.704819	19.8688	19.164
BLOCK18/SES187/SA187S14	SES187	0.0953522	19.1758	19.0804
BLOCK18/SES187/SA187S24	SES187	2.50756	19.7487	17.2412
BLOCK18/SES187/SA187S27	SES187	1.91066	20.468	18.5573
BLOCK18/SES187/SA187S29	SES187	2.07492	20.7376	18.6627
BLOCK18/SES189/SA189S10	SES189	2.37472	19.505	17.1303
BLOCK18/SES189/SA189S13	SES189	2.93838	18.8031	15.8647
BLOCK18/SES189/SA189S24	SES189	4.3325	19.7057	15.3732
BLOCK18/SES189/SA189S26	SES189	2.16877	20.2374	18.0687
BLOCK18/SES189/SA189S29	SES189	2.94541	20.6311	17.6856
BLOCK20/SES202/SA202S12	SES202	1.62318	18.3319	16.7087
BLOCK20/SES202/SA202S14	SES202	2.84358	20.5966	17.753
BLOCK20/SES202/SA202S24	SES202	1.30159	19.851	18.5494
BLOCK20/SES202/SA202S27	SES202	2.22348	22.6413	20.4178
BLOCK20/SES202/SA202S29	SES202	2.15758	22.0554	19.8978
BLOCK20/SES206/SA206S15	SES206	-0.0897331	20.9086	20.9983
BLOCK20/SES206/SA206S17	SES206	2.47143	23.3733	20.9019
BLOCK20/SES206/SA206S24	SES206	2.32506	23.6475	21.3225
BLOCK20/SES206/SA206S27	SES206	2.53863	22.849	20.3103
BLOCK20/SES206/SA206S29	SES206	2.10551	24.2732	22.1677
BLOCK22/SES226/SA226S12	SES226	1.1336	20.5053	19.3717
BLOCK22/SES226/SA226S13	SES226	-1.00119	18.4537	19.4549
BLOCK22/SES226/SA226S20	SES226	2.03614	21.2032	19.167
BLOCK22/SES226/SA226S23	SES226	1.75762	21.6894	19.9317
BLOCK22/SES226/SA226S28	SES226	2.07391	21.8645	19.7905
BLOCK25/SES259/SA259S13	SES259	4.62597	23.889	19.2631
BLOCK25/SES259/SA259S14	SES259	2.57828	22.6317	20.0534
BLOCK25/SES259/SA259S22	SES259	2.73049	22.7973	20.0668
BLOCK25/SES259/SA259S24	SES259	2.59043	24.0555	21.4651
BLOCK25/SES259/SA259S28	SES259	2.82417	22.7076	19.8834
BLOCK27/SES270/SA270S14	SES270	2.75282	20.0104	17.2575
BLOCK27/SES270/SA270S16	SES270	1.02454	19.4564	18.4319
BLOCK27/SES270/SA270S22	SES270	3.03962	20.2227	17.1831
BLOCK27/SES270/SA270S26	SES270	1.62294	18.1918	16.5689
BLOCK27/SES270/SA270S28	SES270	1.77821	20.1695	18.3913
BLOCK27/SES275/SA275S17	SES275	1.29159	20.7869	19.4953
BLOCK27/SES275/SA275S18	SES275	0.876474	20.9839	20.1074
BLOCK27/SES275/SA275S24	SES275	0.669786	19.498	18.8282
BLOCK27/SES275/SA275S26	SES275	1.43825	21.4606	20.0224
BLOCK27/SES275/SA275S28	SES275	0.751104	21.4782	20.7271
BLOCK29/SES292/SA292S10	SES292	0.306852	20.8625	20.5557
BLOCK29/SES292/SA292S12	SES292	0.311508	19.9469	19.6354
BLOCK29/SES292/SA292S22	SES292	1.01265	21.8637	20.851
BLOCK29/SES292/SA292S24	SES292	0.633442	21.6584	21.025
BLOCK29/SES292/SA292S27	SES292	0.419601	21.4606	21.041
BLOCK00/SES001/SA001S14	SES062	-3.19547	15.8382	19.0337
BLOCK00/SES001/SA001S14	SES082	-4.01879	15.0149	19.0337
BLOCK00/SES001/SA001S14	SES106	-2.99453	16.0392	19.0337
BLOCK00/SES001/SA001S14	SES206	-2.95464	16.0791	19.0337
BLOCK00/SES001/SA001S15	SES062	-3.52041	16.8578	20.3782
BLOCK00/SES001/SA001S15	SES104	-3.61653	16.7617	20.3782
BLOCK00/SES001/SA001S15	SES106	-2.818	17.5602	20.3782
BLOCK00/SES001/SA001S15	SES206	-3.24706	17.1312	20.3782
BLOCK00/SES001/SA001S24	SES062	-4.28324	14.0475	18.3307
BLOCK00/SES001/SA001S24	SES082	-4.44489	13.8859	18.3307
BLOCK00/SES001/SA001S24	SES087	-3.54142	14.7893	18.3307
BLOCK00/SES001/SA001S24	SES206	-2.41814	15.9126	18.3307
BLOCK00/SES001/SA001S27	SES062	-3.23795	17.7636	21.0015
BLOCK00/SES001/SA001S27	SES082	-2.9977	18.0038	21.0015
BLOCK00/SES001/SA001S27	SES087	-3.20962	17.7919	21.0015
BLOCK00/SES001/SA001S27	SES206	-3.28642	17.7151	21.0015
BLOCK00/SES001/SA001S29	SES062	-4.92723	13.7356	18.6628
BLOCK00/SES001/SA001S29	SES082	-2.678	15.9848	18.6628
BLOCK00/SES001/SA001S29	SES158	-2.49432	16.1685	18.6628
BLOCK00/SES001/SA001S29	SES206	-3.50359	15.1592	18.6628
BLOCK00/SES003/SA003S11	SES002	-2.02081	17.443	19.4638
BLOCK00/SES003/SA003S11	SES019	-2.39312	17.0707	19.4638
BLOCK00/SES003/SA003S11	SES082	-2.06784	17.396	19.4638
BLOCK00/SES003/SA003S11	SES125	-2.83308	16.6308	19.4638
BLOCK00/SES003/SA003S15	SES016	-2.26365	18.8996	21.1632
BLOCK00/SES003/SA003S15	SES019	-3.40336	17.7599	21.1632
BLOCK00/SES003/SA003S15	SES062	-2.20469	18.9585	21.1632
BLOCK00/SES003/SA003S15	SES206	-1.95833	19.2049	21.1632
BLOCK00/SES003/SA003S22	SES002	-3.82601	16.3735	20.1995
BLOCK00/SES003/SA003S22	SES062	-1.96889	18.2307	20.1995
BLOCK00/SES003/SA003S22	SES082	-3.23799	16.9616	20.1995
BLOCK00/SES003/SA003S22	SES087	-2.67171	17.5278	20.1995
BLOCK00/SES003/SA003S25	SES062	-4.39655	14.5685	18.9651
BLOCK00/SES003/SA003S25	SES082	-1.95937	17.0057	18.9651
BLOCK00/SES003/SA003S25	SES087	-3.0228	15.9423	18.9651
BLOCK00/SES003/SA003S25	SES206	-3.53361	15.4315	18.9651
BLOCK00/SES003/SA003S29	SES002	-2.47892	16.6015	19.0804
BLOCK00/SES003/SA003S29	SES062	-3.59121	15.4892	19.0804
BLOCK00/SES003/SA003S29	SES082	-2.05388	17.0265	19.0804
BLOCK00/SES003/SA003S29	SES087	-2.9619	16.1185	19.0804
BLOCK00/SES004/SA004S12	SES083	-2.91715	15.7699	18.6871
BLOCK00/SES004/SA004S12	SES148	-3.15328	15.5338	18.6871
BLOCK00/SES004/SA004S12	SES172	-1.80483	16.8823	18.6871
BLOCK00/SES004/SA004S12	SES292	-2.34184	16.3452	18.6871
BLOCK00/SES004/SA004S17	SES083	-2.93998	16.378	19.318
BLOCK00/SES004/SA004S17	SES162	-2.15364	17.1644	19.318
BLOCK00/SES004/SA004S17	SES172	-2.13898	17.179	19.318
BLOCK00/SES004/SA004S17	SES292	-2.19884	17.1192	19.318
BLOCK00/SES004/SA004S24	SES083	-2.97452	16.5784	19.5529
BLOCK00/SES004/SA004S24	SES148	-2.93803	16.6149	19.5529
BLOCK00/SES004/SA004S24	SES172	-1.33569	18.2172	19.5529
BLOCK00/SES004/SA004S24	SES292	-2.03409	17.5188	19.5529
BLOCK00/SES004/SA004S26	SES083	-2.87616	16.0304	18.9066
BLOCK00/SES004/SA004S26	SES127	-2.57732	16.3293	18.9066
BLOCK00/SES004/SA004S26	SES148	-4.72772	14.1789	18.9066
BLOCK00/SES004/SA004S26	SES292	-3.12177	15.7848	18.9066
BLOCK00/SES004/SA004S28	SES083	-2.14778	18.1181	20.2659
BLOCK00/SES004/SA004S28	SES127	-2.04058	18.2253	20.2659
BLOCK00/SES004/SA004S28	SES187	-1.27987	18.986	20.2659
BLOCK00/SES004/SA004S28	SES292	-2.70902	17.5569	20.2659
BLOCK00/SES006/SA006S10	SES014	-6.35063	9.08236	15.433
BLOCK00/SES006/SA006S10	SES158	-3.0592	12.3738	15.433
BLOCK00/SES006/SA006S10	SES226	-6.49423	8.93876	15.433
BLOCK00/SES006/SA006S10	SES270	-2.47607	12.9569	15.433
BLOCK00/SES006/SA006S11	SES158	-3.06316	13.2042	16.2674
BLOCK00/SES006/SA006S11	SES226	-4.69053	11.5769	16.2674
BLOCK00/SES006/SA006S11	SES270	-2.54621	13.7212	16.2674
BLOCK00/SES006/SA006S11	SES275	-4.28169	11.9857	16.2674
BLOCK00/SES006/SA006S23	SES062	-4.7418	14.5611	19.3029
BLOCK00/SES006/SA006S23	SES105	-4.75409	14.5488	19.3029
BLOCK00/SES006/SA006S23	SES158	-3.47919	15.8237	19.3029
BLOCK00/SES006/SA006S23	SES275	-3.21982	16.0831	19.3029
BLOCK00/SES006/SA006S26	SES104	-5.00028	13.2919	18.2921
BLOCK00/SES006/SA006S26	SES158	-2.74684	15.5453	18.2921
BLOCK00/SES006/SA006S26	SES270	-0.65671	17.6354	18.2921
BLOCK00/SES006/SA006S26	SES275	-3.65631	14.6358	18.2921
BLOCK00/SES006/SA006S28	SES007	-4.28257	12.2531	16.5357
BLOCK00/SES006/SA006S28	SES105	-4.82796	11.7077	16.5357
BLOCK00/SES006/SA006S28	SES158	-2.60093	13.9347	16.5357
BLOCK00/SES006/SA006S28	SES275	-4.26644	12.2692	16.5357
BLOCK00/SES009/SA009S12	SES083	-3.48267	17.2278	20.7105
BLOCK00/SES009/SA009S12	SES148	-3.05335	17.6571	20.7105
BLOCK00/SES009/SA009S12	SES177	-1.48185	19.2286	20.7105
BLOCK00/SES009/SA009S12	SES292	-1.94247	18.768	20.7105
BLOCK00/SES009/SA009S15	SES007	-0.539574	21.3156	21.8552
BLOCK00/SES009/SA009S15	SES099	-4.92132	16.9338	21.8552
BLOCK00/SES009/SA009S15	SES148	-3.33777	18.5174	21.8552
BLOCK00/SES009/SA009S15	SES172	-1.54733	20.3078	21.8552
BLOCK00/SES009/SA009S24	SES146	-2.22869	19.0177	21.2464
BLOCK00/SES009/SA009S24	SES148	-3.13757	18.1088	21.2464
BLOCK00/SES009/SA009S24	SES177	-0.742426	20.5039	21.2464
BLOCK00/SES009/SA009S24	SES292	-1.63041	19.616	21.2464
BLOCK00/SES009/SA009S26	SES083	-3.06589	17.5077	20.5736
BLOCK00/SES009/SA009S26	SES101	-2.78838	17.7852	20.5736
BLOCK00/SES009/SA009S26	SES120	-2.52998	18.0436	20.5736
BLOCK00/SES009/SA009S26	SES177	-1.21406	19.3595	20.5736
BLOCK00/SES009/SA009S29	SES083	-2.75555	18.4664	21.222
BLOCK00/SES009/SA009S29	SES101	-2.30766	18.9143	21.222
BLOCK00/SES009/SA009S29	SES177	-1.17298	20.049	21.222
BLOCK00/SES009/SA009S29	SES292	-2.00857	19.2134	21.222
BLOCK01/SES011/SA011S10	SES019	-2.33978	17.7739	20.1136
BLOCK01/SES011/SA011S10	SES042	-1.24881	18.8648	20.1136
BLOCK01/SES011/SA011S10	SES082	-3.75518	16.3585	20.1136
BLOCK01/SES011/SA011S10	SES206	-2.34676	17.7669	20.1136
BLOCK01/SES011/SA011S11	SES019	-3.22758	15.9509	19.1785
BLOCK01/SES011/SA011S11	SES042	-2.34256	16.8359	19.1785
BLOCK01/SES011/SA011S11	SES082	-4.08543	15.093	19.1785
BLOCK01/SES011/SA011S11	SES206	-2.70112	16.4773	19.1785
BLOCK01/SES011/SA011S22	SES019	-2.06432	16.6342	18.6985
BLOCK01/SES011/SA011S22	SES042	-1.84275	16.8558	18.6985
BLOCK01/SES011/SA011S22	SES082	-3.72722	14.9713	18.6985
BLOCK01/SES011/SA011S22	SES206	-3.11762	15.5809	18.6985
BLOCK01/SES011/SA011S24	SES019	-3.05133	16.6419	19.6932
BLOCK01/SES011/SA011S24	SES042	-1.57471	18.1185	19.6932
BLOCK01/SES011/SA011S24	SES104	-3.47374	16.2195	19.6932
BLOCK01/SES011/SA011S24	SES206	-2.37585	17.3174	19.6932
BLOCK01/SES011/SA011S27	SES082	-1.57767	17.3459	18.9236
BLOCK01/SES011/SA011S27	SES087	-2.6973	16.2263	18.9236
BLOCK01/SES011/SA011S27	SES125	-2.27308	16.6505	18.9236
BLOCK01/SES011/SA011S27	SES206	-2.20994	16.7136	18.9236
BLOCK01/SES012/SA012S11	SES007	-1.36037	20.6191	21.9795
BLOCK01/SES012/SA012S11	SES082	-3.08368	18.8958	21.9795
BLOCK01/SES012/SA012S11	SES083	-3.12932	18.8502	21.9795
BLOCK01/SES012/SA012S11	SES206	-2.57624	19.4033	21.9795
BLOCK01/SES012/SA012S14	SES082	-1.48452	20.12	21.6046
BLOCK01/SES012/SA012S14	SES087	-2.82312	18.7814	21.6046
BLOCK01/SES012/SA012S14	SES206	-1.70839	19.8962	21.6046
BLOCK01/SES012/SA012S14	SES292	-1.89755	19.707	21.6046
BLOCK01/SES012/SA012S24	SES082	-1.28646	18.7826	20.069
BLOCK01/SES012/SA012S24	SES087	-3.04113	17.0279	20.069
BLOCK01/SES012/SA012S24	SES120	-2.67491	17.3941	20.069
BLOCK01/SES012/SA012S24	SES206	-1.85129	18.2177	20.069
BLOCK01/SES012/SA012S26	SES019	-4.32904	17.2755	21.6045
BLOCK01/SES012/SA012S26	SES082	-3.41387	18.1906	21.6045
BLOCK01/SES012/SA012S26	SES206	-1.53588	20.0686	21.6045
BLOCK01/SES012/SA012S26	SES292	-1.46917	20.1353	21.6045
BLOCK01/SES012/SA012S29	SES062	-2.04223	19.8041	21.8463
BLOCK01/SES012/SA012S29	SES082	-1.90622	19.9401	21.8463
BLOCK01/SES012/SA012S29	SES083	-3.43629	18.41	21.8463
BLOCK01/SES012/SA012S29	SES206	-1.35623	20.49	21.8463
BLOCK01/SES013/SA013S16	SES062	-4.66473	14.4462	19.111
BLOCK01/SES013/SA013S16	SES106	-2.7809	16.3301	19.111
BLOCK01/SES013/SA013S16	SES206	-2.97724	16.1337	19.111
BLOCK01/SES013/SA013S16	SES226	-1.36379	17.7472	19.111
BLOCK01/SES013/SA013S17	SES062	-4.45687	17.13	21.5868
BLOCK01/SES013/SA013S17	SES106	-3.42951	18.1573	21.5868
BLOCK01/SES013/SA013S17	SES206	-1.76757	19.8193	21.5868
BLOCK01/SES013/SA013S17	SES226	-1.42984	20.157	21.5868
BLOCK01/SES013/SA013S23	SES104	-2.8558	16.8813	19.7371
BLOCK01/SES013/SA013S23	SES106	-1.43752	18.2996	19.7371
BLOCK01/SES013/SA013S23	SES206	-2.24568	17.4914	19.7371
BLOCK01/SES013/SA013S23	SES270	-1.3619	18.3752	19.7371
BLOCK01/SES013/SA013S25	SES042	-1.90445	18.8495	20.754
BLOCK01/SES013/SA013S25	SES104	-1.82955	18.9244	20.754
BLOCK01/SES013/SA013S25	SES106	-1.33525	19.4187	20.754
BLOCK01/SES013/SA013S25	SES206	-1.62471	19.1293	20.754
BLOCK01/SES013/SA013S29	SES062	-5.20202	14.5368	19.7389
BLOCK01/SES013/SA013S29	SES104	-3.63074	16.1081	19.7389
BLOCK01/SES013/SA013S29	SES106	-2.06349	17.6754	19.7389
BLOCK01/SES013/SA013S29	SES206	-2.91265	16.8262	19.7389
BLOCK02/SES021/SA021S13	SES016	-3.42498	17.3833	20.8083
BLOCK02/SES021/SA021S13	SES029	-1.8878	18.9205	20.8083
BLOCK02/SES021/SA021S13	SES087	-2.17242	18.6358	20.8083
BLOCK02/SES021/SA021S13	SES206	-1.0542	19.7541	20.8083
BLOCK02/SES021/SA021S15	SES087	-1.59718	20.7413	22.3385
BLOCK02/SES021/SA021S15	SES125	-1.80122	20.5372	22.3385
BLOCK02/SES021/SA021S15	SES206	-1.24653	21.0919	22.3385
BLOCK02/SES021/SA021S15	SES226	-2.59538	19.7431	22.3385
BLOCK02/SES021/SA021S23	SES062	-3.94229	15.3908	19.3331
BLOCK02/SES021/SA021S23	SES087	-2.36899	16.9641	19.3331
BLOCK02/SES021/SA021S23	SES206	-2.45162	16.8814	19.3331
BLOCK02/SES021/SA021S23	SES226	-2.19342	17.1396	19.3331
BLOCK02/SES021/SA021S27	SES002	-1.5274	20.4932	22.0206
BLOCK02/SES021/SA021S27	SES016	-4.60251	17.4181	22.0206
BLOCK02/SES021/SA021S27	SES019	-2.69164	19.329	22.0206
BLOCK02/SES021/SA021S27	SES062	-2.62105	19.3996	22.0206
BLOCK02/SES021/SA021S29	SES087	-1.49731	19.6229	21.1202
BLOCK02/SES021/SA021S29	SES125	-1.05047	20.0697	21.1202
BLOCK02/SES021/SA021S29	SES206	-1.26946	19.8507	21.1202
BLOCK02/SES021/SA021S29	SES226	-3.56769	17.5525	21.1202
BLOCK04/SES043/SA043S09	SES083	-2.82339	15.7754	18.5988
BLOCK04/SES043/SA043S09	SES101	-2.3002	16.2986	18.5988
BLOCK04/SES043/SA043S09	SES144	-1.97297	16.6258	18.5988
BLOCK04/SES043/SA043S09	SES172	-2.976	15.6228	18.5988
BLOCK04/SES043/SA043S11	SES083	-1.82565	18.8034	20.629
BLOCK04/SES043/SA043S11	SES101	-1.60978	19.0193	20.629
BLOCK04/SES043/SA043S11	SES144	-0.68194	19.9471	20.629
BLOCK04/SES043/SA043S11	SES172	-1.91883	18.7102	20.629
BLOCK04/SES043/SA043S23	SES083	-2.13467	18.1724	20.3071
BLOCK04/SES043/SA043S23	SES144	-0.817156	19.4899	20.3071
BLOCK04/SES043/SA043S23	SES177	-1.948	18.3591	20.3071
BLOCK04/SES043/SA043S23	SES275	-1.61986	18.6872	20.3071
BLOCK04/SES043/SA043S26	SES083	-2.56467	16.9661	19.5308
BLOCK04/SES043/SA043S26	SES101	-2.10805	17.4227	19.5308
BLOCK04/SES043/SA043S26	SES144	-0.705099	18.8257	19.5308
BLOCK04/SES043/SA043S26	SES177	-2.25845	17.2723	19.5308
BLOCK04/SES043/SA043S28	SES016	-3.0723	17.778	20.8503
BLOCK04/SES043/SA043S28	SES083	-1.8916	18.9587	20.8503
BLOCK04/SES043/SA043S28	SES101	-1.59822	19.2521	20.8503
BLOCK04/SES043/SA043S28	SES144	-1.33859	19.5117	20.8503
BLOCK04/SES044/SA044S10	SES127	-5.30246	10.4883	15.7908
BLOCK04/SES044/SA044S10	SES144	-2.42449	13.3663	15.7908
BLOCK04/SES044/SA044S10	SES147	-4.75242	11.0384	15.7908
BLOCK04/SES044/SA044S10	SES148	-4.09644	11.6944	15.7908
BLOCK04/SES044/SA044S11	SES101	-2.138	15.8678	18.0058
BLOCK04/SES044/SA044S11	SES144	-1.2635	16.7423	18.0058
BLOCK04/SES044/SA044S11	SES147	-3.44291	14.5629	18.0058
BLOCK04/SES044/SA044S11	SES177	-3.17542	14.8304	18.0058
BLOCK04/SES044/SA044S24	SES007	-3.06781	15.5086	18.5764
BLOCK04/SES044/SA044S24	SES101	-1.96123	16.6152	18.5764
BLOCK04/SES044/SA044S24	SES147	-3.35694	15.2195	18.5764
BLOCK04/SES044/SA044S24	SES177	-2.74955	15.8269	18.5764
BLOCK04/SES044/SA044S26	SES007	-2.55654	16.6098	19.1663
BLOCK04/SES044/SA044S26	SES016	-2.05183	17.1145	19.1663
BLOCK04/SES044/SA044S26	SES101	-2.27267	16.8936	19.1663
BLOCK04/SES044/SA044S26	SES147	-2.02972	17.1366	19.1663
BLOCK04/SES044/SA044S29	SES007	-2.75277	17.0994	19.8522
BLOCK04/SES044/SA044S29	SES101	-0.482023	19.3702	19.8522
BLOCK04/SES044/SA044S29	SES147	-2.7277	17.1245	19.8522
BLOCK04/SES044/SA044S29	SES177	-3.07152	16.7807	19.8522
BLOCK04/SES046/SA046S13	SES101	-1.70273	16.2504	17.9531
BLOCK04/SES046/SA046S13	SES144	-1.84784	16.1053	17.9531
BLOCK04/SES046/SA046S13	SES147	-2.73997	15.2132	17.9531
BLOCK04/SES046/SA046S13	SES177	-2.74854	15.2046	17.9531
BLOCK04/SES046/SA046S15	SES048	-0.951277	19.8386	20.7898
BLOCK04/SES046/SA046S15	SES083	-1.06966	19.7202	20.7898
BLOCK04/SES046/SA046S15	SES120	-3.49272	17.2971	20.7898
BLOCK04/SES046/SA046S15	SES148	-2.1729	18.6169	20.7898
BLOCK04/SES046/SA046S22	SES101	-1.57052	17.7517	19.3223
BLOCK04/SES046/SA046S22	SES144	-1.60137	17.7209	19.3223
BLOCK04/SES046/SA046S22	SES147	-2.45496	16.8673	19.3223
BLOCK04/SES046/SA046S22	SES172	-2.14139	17.1809	19.3223
BLOCK04/SES046/SA046S25	SES083	-2.19962	17.2812	19.4808
BLOCK04/SES046/SA046S25	SES127	-2.59649	16.8843	19.4808
BLOCK04/SES046/SA046S25	SES144	-2.54123	16.9396	19.4808
BLOCK04/SES046/SA046S25	SES148	-2.44796	17.0328	19.4808
BLOCK04/SES046/SA046S28	SES007	-2.77538	16.4214	19.1968
BLOCK04/SES046/SA046S28	SES105	-2.76072	16.436	19.1968
BLOCK04/SES046/SA046S28	SES147	-1.97136	17.2254	19.1968
BLOCK04/SES046/SA046S28	SES148	-1.45742	17.7393	19.1968
BLOCK04/SES049/SA049S16	SES104	-2.90823	15.61	18.5182
BLOCK04/SES049/SA049S16	SES106	-2.49637	16.0219	18.5182
BLOCK04/SES049/SA049S16	SES120	-2.31982	16.1984	18.5182
BLOCK04/SES049/SA049S16	SES206	-2.29479	16.2234	18.5182
BLOCK04/SES049/SA049S18	SES099	-2.15736	15.6725	17.8299
BLOCK04/SES049/SA049S18	SES104	-2.83246	14.9974	17.8299
BLOCK04/SES049/SA049S18	SES125	-4.27844	13.5515	17.8299
BLOCK04/SES049/SA049S18	SES206	-2.90578	14.9241	17.8299
BLOCK04/SES049/SA049S25	SES087	-2.57541	16.2672	18.8426
BLOCK04/SES049/SA049S25	SES104	-1.26086	17.5818	18.8426
BLOCK04/SES049/SA049S25	SES125	-2.69955	16.1431	18.8426
BLOCK04/SES049/SA049S25	SES206	-0.774216	18.0684	18.8426
BLOCK04/SES049/SA049S27	SES099	-1.24184	18.1193	19.3611
BLOCK04/SES049/SA049S27	SES104	-1.47616	17.885	19.3611
BLOCK04/SES049/SA049S27	SES125	-3.49661	15.8645	19.3611
BLOCK04/SES049/SA049S27	SES206	-1.96915	17.392	19.3611
BLOCK04/SES049/SA049S29	SES099	-0.961622	19.53	20.4917
BLOCK04/SES049/SA049S29	SES104	-1.42257	19.0691	20.4917
BLOCK04/SES049/SA049S29	SES125	-2.30231	18.1894	20.4917
BLOCK04/SES049/SA049S29	SES206	-0.998755	19.4929	20.4917
BLOCK06/SES063/SA063S09	SES068	-2.86259	17.9621	20.8247
BLOCK06/SES063/SA063S09	SES083	-1.86193	18.9628	20.8247
BLOCK06/SES063/SA063S09	SES177	-1.62229	19.2024	20.8247
BLOCK06/SES063/SA063S09	SES187	-2.37539	18.4493	20.8247
BLOCK06/SES063/SA063S10	SES068	-3.72586	16.6308	20.3567
BLOCK06/SES063/SA063S10	SES083	-2.90709	17.4496	20.3567
BLOCK06/SES063/SA063S10	SES172	-2.55725	17.7994	20.3567
BLOCK06/SES063/SA063S10	SES187	-2.12234	18.2344	20.3567
BLOCK06/SES063/SA063S20	SES068	-3.49087	16.3826	19.8735
BLOCK06/SES063/SA063S20	SES083	-2.79149	17.082	19.8735
BLOCK06/SES063/SA063S20	SES172	-1.65525	18.2182	19.8735
BLOCK06/SES063/SA063S20	SES187	-1.89556	17.9779	19.8735
BLOCK06/SES063/SA063S24	SES029	-4.21276	16.6617	20.8745
BLOCK06/SES063/SA063S24	SES083	-1.76332	19.1112	20.8745
BLOCK06/SES063/SA063S24	SES177	-1.91332	18.9612	20.8745
BLOCK06/SES063/SA063S24	SES189	-1.81499	19.0595	20.8745
BLOCK06/SES063/SA063S27	SES083	-1.45551	18.1247	19.5802
BLOCK06/SES063/SA063S27	SES172	-1.80639	17.7738	19.5802
BLOCK06/SES063/SA063S27	SES187	-2.12524	17.455	19.5802
BLOCK06/SES063/SA063S27	SES292	-2.85755	16.7227	19.5802
BLOCK06/SES067/SA067S12	SES083	-3.24187	17.7484	20.9903
BLOCK06/SES067/SA067S12	SES172	-2.75054	18.2397	20.9903
BLOCK06/SES067/SA067S12	SES202	-1.23324	19.757	20.9903
BLOCK06/SES067/SA067S12	SES292	-2.76199	18.2283	20.9903
BLOCK06/SES067/SA067S14	SES085	-2.84922	19.3216	22.1708
BLOCK06/SES067/SA067S14	SES177	-2.48627	19.6846	22.1708
BLOCK06/SES067/SA067S14	SES183	-0.980371	21.1905	22.1708
BLOCK06/SES067/SA067S14	SES202	-1.351	20.8198	22.1708
BLOCK06/SES067/SA067S21	SES144	-2.1382	18.5903	20.7285
BLOCK06/SES067/SA067S21	SES177	-1.76166	18.9669	20.7285
BLOCK06/SES067/SA067S21	SES183	-1.10057	19.6279	20.7285
BLOCK06/SES067/SA067S21	SES189	-1.51649	19.212	20.7285
BLOCK06/SES067/SA067S25	SES085	-1.9505	19.356	21.3065
BLOCK06/SES067/SA067S25	SES177	-1.9882	19.3183	21.3065
BLOCK06/SES067/SA067S25	SES183	-1.72896	19.5775	21.3065
BLOCK06/SES067/SA067S25	SES202	-2.15989	19.1466	21.3065
BLOCK06/SES067/SA067S29	SES085	-3.39538	17.4871	20.8825
BLOCK06/SES067/SA067S29	SES177	-3.72702	17.1555	20.8825
BLOCK06/SES067/SA067S29	SES183	-1.07267	19.8098	20.8825
BLOCK06/SES067/SA067S29	SES202	-1.88075	19.0017	20.8825
BLOCK06/SES069/SA069S12	SES029	-3.23466	17.6683	20.9029
BLOCK06/SES069/SA069S12	SES082	-0.560389	20.3425	20.9029
BLOCK06/SES069/SA069S12	SES087	-2.3817	18.5212	20.9029
BLOCK06/SES069/SA069S12	SES206	-0.937155	19.9658	20.9029
BLOCK06/SES069/SA069S13	SES029	-3.87525	16.9103	20.7856
BLOCK06/SES069/SA069S13	SES087	-2.12786	18.6577	20.7856
BLOCK06/SES069/SA069S13	SES206	-1.72336	19.0622	20.7856
BLOCK06/SES069/SA069S13	SES226	-0.84116	19.9444	20.7856
BLOCK06/SES069/SA069S23	SES029	-1.41976	21.2192	22.639
BLOCK06/SES069/SA069S23	SES087	-0.889294	21.7497	22.639
BLOCK06/SES069/SA069S23	SES206	-1.53391	21.1051	22.639
BLOCK06/SES069/SA069S23	SES226	-1.23644	21.4025	22.639
BLOCK06/SES069/SA069S25	SES087	-1.87711	20.037	21.9141
BLOCK06/SES069/SA069S25	SES206	-3.39495	18.5192	21.9141
BLOCK06/SES069/SA069S25	SES226	-1.52439	20.3897	21.9141
BLOCK06/SES069/SA069S25	SES270	-1.99265	19.9215	21.9141
BLOCK06/SES069/SA069S27	SES087	-2.82285	18.9416	21.7645
BLOCK06/SES069/SA069S27	SES206	-1.17619	20.5883	21.7645
BLOCK06/SES069/SA069S27	SES226	-0.341454	21.423	21.7645
BLOCK06/SES069/SA069S27	SES270	-1.13372	20.6307	21.7645
BLOCK08/SES081/SA081S11	SES060	-4.09069	15.0728	19.1635
BLOCK08/SES081/SA081S11	SES062	-3.2416	15.9219	19.1635
BLOCK08/SES081/SA081S11	SES117	-3.29095	15.8725	19.1635
BLOCK08/SES081/SA081S11	SES162	-3.78028	15.3832	19.1635
BLOCK08/SES081/SA081S13	SES016	-1.88916	19.2278	21.1169
BLOCK08/SES081/SA081S13	SES060	-0.702616	20.4143	21.1169
BLOCK08/SES081/SA081S13	SES068	-1.08111	20.0358	21.1169
BLOCK08/SES081/SA081S13	SES129	-2.47607	18.6409	21.1169
BLOCK08/SES081/SA081S24	SES060	-1.49146	18.47	19.9614
BLOCK08/SES081/SA081S24	SES068	-1.66949	18.2919	19.9614
BLOCK08/SES081/SA081S24	SES117	-2.94546	17.016	19.9614
BLOCK08/SES081/SA081S24	SES275	-2.30357	17.6579	19.9614
BLOCK08/SES081/SA081S27	SES007	-1.45751	17.4562	18.9138
BLOCK08/SES081/SA081S27	SES060	-3.30034	15.6134	18.9138
BLOCK08/SES081/SA081S27	SES117	-1.29001	17.6237	18.9138
BLOCK08/SES081/SA081S27	SES275	-2.2069	16.7069	18.9138
BLOCK08/SES081/SA081S29	SES007	-1.71715	18.3862	20.1034
BLOCK08/SES081/SA081S29	SES060	-2.19531	17.9081	20.1034
BLOCK08/SES081/SA081S29	SES117	-2.46633	17.6371	20.1034
BLOCK08/SES081/SA081S29	SES275	-2.31563	17.7878	20.1034
BLOCK08/SES086/SA086S11	SES029	-5.60275	13.1435	18.7462
BLOCK08/SES086/SA086S11	SES082	-3.39385	15.3524	18.7462
BLOCK08/SES086/SA086S11	SES087	-2.73693	16.0093	18.7462
BLOCK08/SES086/SA086S11	SES206	-3.70805	15.0382	18.7462
BLOCK08/SES086/SA086S12	SES029	-3.73147	16.2681	19.9996
BLOCK08/SES086/SA086S12	SES082	-3.56029	16.4393	19.9996
BLOCK08/SES086/SA086S12	SES087	-0.774084	19.2255	19.9996
BLOCK08/SES086/SA086S12	SES206	-1.8156	18.184	19.9996
BLOCK08/SES086/SA086S20	SES029	-4.41705	16.7335	21.1506
BLOCK08/SES086/SA086S20	SES082	-4.27921	16.8714	21.1506
BLOCK08/SES086/SA086S20	SES087	-0.749426	20.4011	21.1506
BLOCK08/SES086/SA086S20	SES206	-1.34756	19.803	21.1506
BLOCK08/SES086/SA086S24	SES087	-1.25887	18.5665	19.8253
BLOCK08/SES086/SA086S24	SES104	-2.75921	17.0661	19.8253
BLOCK08/SES086/SA086S24	SES120	-3.21053	16.6148	19.8253
BLOCK08/SES086/SA086S24	SES206	-0.929108	18.8962	19.8253
BLOCK08/SES086/SA086S28	SES029	-3.58717	17.305	20.8922
BLOCK08/SES086/SA086S28	SES082	-2.54592	18.3463	20.8922
BLOCK08/SES086/SA086S28	SES087	-1.533	19.3592	20.8922
BLOCK08/SES086/SA086S28	SES206	-1.52061	19.3716	20.8922
BLOCK08/SES089/SA089S13	SES087	-2.76623	16.2148	18.981
BLOCK08/SES089/SA089S13	SES206	-3.26603	15.715	18.981
BLOCK08/SES089/SA089S13	SES226	-2.19039	16.7906	18.981
BLOCK08/SES089/SA089S13	SES270	-3.32475	15.6562	18.981
BLOCK08/SES089/SA089S14	SES062	-3.33515	16.6822	20.0173
BLOCK08/SES089/SA089S14	SES087	-1.36187	18.6554	20.0173
BLOCK08/SES089/SA089S14	SES206	-2.72084	17.2965	20.0173
BLOCK08/SES089/SA089S14	SES226	-2.31248	17.7048	20.0173
BLOCK08/SES089/SA089S23	SES087	-3.08833	14.5013	17.5896
BLOCK08/SES089/SA089S23	SES206	-2.81971	14.7699	17.5896
BLOCK08/SES089/SA089S23	SES226	-2.32177	15.2679	17.5896
BLOCK08/SES089/SA089S23	SES270	-3.56574	14.0239	17.5896
BLOCK08/SES089/SA089S25	SES062	-2.70617	16.9094	19.6155
BLOCK08/SES089/SA089S25	SES087	-1.16185	18.4537	19.6155
BLOCK08/SES089/SA089S25	SES206	-2.92408	16.6914	19.6155
BLOCK08/SES089/SA089S25	SES226	-1.56081	18.0547	19.6155
BLOCK08/SES089/SA089S28	SES062	-1.97715	17.4968	19.4739
BLOCK08/SES089/SA089S28	SES087	-0.95437	18.5196	19.4739
BLOCK08/SES089/SA089S28	SES206	-1.45642	18.0175	19.4739
BLOCK08/SES089/SA089S28	SES226	-1.06571	18.4082	19.4739
BLOCK09/SES097/SA097S11	SES099	0.535545	18.959	18.4234
BLOCK09/SES097/SA097S11	SES125	-3.30956	15.1139	18.4234
BLOCK09/SES097/SA097S11	SES206	-1.46919	16.9542	18.4234
BLOCK09/SES097/SA097S11	SES226	-0.625397	17.798	18.4234
BLOCK09/SES097/SA097S14	SES062	-1.89374	17.0308	18.9246
BLOCK09/SES097/SA097S14	SES099	-0.333652	18.5909	18.9246
BLOCK09/SES097/SA097S14	SES104	-2.16531	16.7593	18.9246
BLOCK09/SES097/SA097S14	SES206	-2.37183	16.5527	18.9246
BLOCK09/SES097/SA097S22	SES099	0.338882	19.2296	18.8907
BLOCK09/SES097/SA097S22	SES206	-2.17606	16.7147	18.8907
BLOCK09/SES097/SA097S22	SES226	-2.53009	16.3606	18.8907
BLOCK09/SES097/SA097S22	SES270	-0.967558	17.9232	18.8907
BLOCK09/SES097/SA097S26	SES099	0.0334988	19.5014	19.4679
BLOCK09/SES097/SA097S26	SES120	-1.56227	17.9056	19.4679
BLOCK09/SES097/SA097S26	SES206	-2.33565	17.1322	19.4679
BLOCK09/SES097/SA097S26	SES226	-2.69968	16.7682	19.4679
BLOCK09/SES097/SA097S28	SES099	-0.842318	18.3252	19.1675
BLOCK09/SES097/SA097S28	SES120	-2.22447	16.943	19.1675
BLOCK09/SES097/SA097S28	SES206	-2.91969	16.2478	19.1675
BLOCK09/SES097/SA097S28	SES226	-3.48009	15.6874	19.1675
BLOCK09/SES098/SA098S11	SES127	-3.12895	15.3691	18.498
BLOCK09/SES098/SA098S11	SES144	-2.28643	16.2116	18.498
BLOCK09/SES098/SA098S11	SES147	-1.19426	17.3038	18.498
BLOCK09/SES098/SA098S11	SES148	-4.28672	14.2113	18.498
BLOCK09/SES098/SA098S12	SES127	-5.45635	10.8896	16.3459
BLOCK09/SES098/SA098S12	SES144	-2.98119	13.3647	16.3459
BLOCK09/SES098/SA098S12	SES147	-2.29241	14.0535	16.3459
BLOCK09/SES098/SA098S12	SES189	-1.86496	14.481	16.3459
BLOCK09/SES098/SA098S20	SES127	-4.52994	13.3624	17.8923
BLOCK09/SES098/SA098S20	SES147	-2.20815	15.6842	17.8923
BLOCK09/SES098/SA098S20	SES148	-4.4622	13.4301	17.8923
BLOCK09/SES098/SA098S20	SES292	-2.84702	15.0453	17.8923
BLOCK09/SES098/SA098S23	SES127	-3.77865	15.0156	18.7943
BLOCK09/SES098/SA098S23	SES147	-1.86758	16.9267	18.7943
BLOCK09/SES098/SA098S23	SES187	-2.26791	16.5264	18.7943
BLOCK09/SES098/SA098S23	SES292	-3.47497	15.3193	18.7943
BLOCK09/SES098/SA098S27	SES127	-5.18582	12.2055	17.3913
BLOCK09/SES098/SA098S27	SES147	-3.18186	14.2095	17.3913
BLOCK09/SES098/SA098S27	SES148	-5.08862	12.3027	17.3913
BLOCK09/SES098/SA098S27	SES292	-2.8113	14.58	17.3913
BLOCK10/SES102/SA102S13	SES101	-2.23287	15.7475	17.9803
BLOCK10/SES102/SA102S13	SES105	-1.99619	15.9842	17.9803
BLOCK10/SES102/SA102S13	SES120	-3.37379	14.6066	17.9803
BLOCK10/SES102/SA102S13	SES158	-4.70228	13.2781	17.9803
BLOCK10/SES102/SA102S14	SES007	-1.06137	19.8272	20.8886
BLOCK10/SES102/SA102S14	SES101	-0.167248	20.7213	20.8886
BLOCK10/SES102/SA102S14	SES105	-0.542587	20.346	20.8886
BLOCK10/SES102/SA102S14	SES147	-3.70487	17.1837	20.8886
BLOCK10/SES102/SA102S22	SES007	-2.14874	18.0727	20.2214
BLOCK10/SES102/SA102S22	SES101	-1.64935	18.5721	20.2214
BLOCK10/SES102/SA102S22	SES105	-1.15924	19.0622	20.2214
BLOCK10/SES102/SA102S22	SES158	-3.90154	16.3199	20.2214
BLOCK10/SES102/SA102S25	SES007	-0.930769	19.8863	20.817
BLOCK10/SES102/SA102S25	SES101	-0.245996	20.571	20.817
BLOCK10/SES102/SA102S25	SES105	-0.971684	19.8453	20.817
BLOCK10/SES102/SA102S25	SES147	-3.61948	17.1975	20.817
BLOCK10/SES102/SA102S27	SES007	-1.67728	18.0505	19.7278
BLOCK10/SES102/SA102S27	SES101	-0.104588	19.6232	19.7278
BLOCK10/SES102/SA102S27	SES105	-1.59426	18.1335	19.7278
BLOCK10/SES102/SA102S27	SES147	-3.08341	16.6444	19.7278
BLOCK10/SES103/SA103S14	SES105	-3.97381	13.9085	17.8823
BLOCK10/SES103/SA103S14	SES106	-3.05425	14.8281	17.8823
BLOCK10/SES103/SA103S14	SES120	-3.50681	14.3755	17.8823
BLOCK10/SES103/SA103S14	SES206	-4.14251	13.7398	17.8823
BLOCK10/SES103/SA103S15	SES099	-2.77204	13.834	16.6061
BLOCK10/SES103/SA103S15	SES101	-5.88458	10.7215	16.6061
BLOCK10/SES103/SA103S15	SES104	-3.15817	13.4479	16.6061
BLOCK10/SES103/SA103S15	SES125	-2.92796	13.6781	16.6061
BLOCK10/SES103/SA103S24	SES104	-2.90563	16.8	19.7056
BLOCK10/SES103/SA103S24	SES125	-3.20547	16.5002	19.7056
BLOCK10/SES103/SA103S24	SES148	-3.88738	15.8183	19.7056
BLOCK10/SES103/SA103S24	SES158	-2.5039	17.2017	19.7056
BLOCK10/SES103/SA103S26	SES104	-3.01395	13.7371	16.751
BLOCK10/SES103/SA103S26	SES106	-2.19843	14.5526	16.751
BLOCK10/SES103/SA103S26	SES125	-3.53876	13.2122	16.751
BLOCK10/SES103/SA103S26	SES148	-5.57391	11.1771	16.751
BLOCK10/SES103/SA103S28	SES104	-4.21519	11.6885	15.9037
BLOCK10/SES103/SA103S28	SES106	-1.81002	14.0937	15.9037
BLOCK10/SES103/SA103S28	SES125	-4.42897	11.4747	15.9037
BLOCK10/SES103/SA103S28	SES206	-5.22262	10.6811	15.9037
BLOCK12/SES121/SA121S12	SES042	-4.7252	11.7737	16.4989
BLOCK12/SES121/SA121S12	SES087	-3.42428	13.0747	16.4989
BLOCK12/SES121/SA121S12	SES105	-2.1006	14.3983	16.4989
BLOCK12/SES121/SA121S12	SES206	-3.45025	13.0487	16.4989
BLOCK12/SES121/SA121S14	SES007	-3.21415	12.8987	16.1128
BLOCK12/SES121/SA121S14	SES105	-3.40958	12.7032	16.1128
BLOCK12/SES121/SA121S14	SES106	-3.45324	12.6596	16.1128
BLOCK12/SES121/SA121S14	SES206	-4.05849	12.0543	16.1128
BLOCK12/SES121/SA121S23	SES105	-2.65809	13.8924	16.5505
BLOCK12/SES121/SA121S23	SES106	-1.5986	14.9519	16.5505
BLOCK12/SES121/SA121S23	SES120	-2.44383	14.1067	16.5505
BLOCK12/SES121/SA121S23	SES206	-2.04202	14.5085	16.5505
BLOCK12/SES121/SA121S25	SES007	-3.20635	11.6196	14.826
BLOCK12/SES121/SA121S25	SES105	-3.66834	11.1576	14.826
BLOCK12/SES121/SA121S25	SES106	-3.34367	11.4823	14.826
BLOCK12/SES121/SA121S25	SES206	-4.80079	10.0252	14.826
BLOCK12/SES121/SA121S27	SES087	-2.26672	13.9867	16.2534
BLOCK12/SES121/SA121S27	SES105	-4.90015	11.3533	16.2534
BLOCK12/SES121/SA121S27	SES120	-1.68719	14.5662	16.2534
BLOCK12/SES121/SA121S27	SES206	-3.35201	12.9014	16.2534
BLOCK12/SES124/SA124S16	SES042	-1.09419	17.6419	18.7361
BLOCK12/SES124/SA124S16	SES082	-3.29486	15.4412	18.7361
BLOCK12/SES124/SA124S16	SES183	-3.19188	15.5442	18.7361
BLOCK12/SES124/SA124S16	SES206	-3.27545	15.4607	18.7361
BLOCK12/SES124/SA124S17	SES105	-3.61383	13.2734	16.8873
BLOCK12/SES124/SA124S17	SES149	-5.92488	10.9624	16.8873
BLOCK12/SES124/SA124S17	SES158	-4.4235	12.4638	16.8873
BLOCK12/SES124/SA124S17	SES275	-2.04149	14.8458	16.8873
BLOCK12/SES124/SA124S23	SES105	-3.4392	16.8282	20.2674
BLOCK12/SES124/SA124S23	SES125	-0.600603	19.6668	20.2674
BLOCK12/SES124/SA124S23	SES129	-3.51701	16.7504	20.2674
BLOCK12/SES124/SA124S23	SES158	-1.00767	19.2598	20.2674
BLOCK12/SES124/SA124S26	SES105	-4.21586	15.0204	19.2363
BLOCK12/SES124/SA124S26	SES125	-1.72503	17.5113	19.2363
BLOCK12/SES124/SA124S26	SES129	-3.45361	15.7827	19.2363
BLOCK12/SES124/SA124S26	SES158	-1.78165	17.4546	19.2363
BLOCK12/SES124/SA124S28	SES104	-1.8561	17.5611	19.4172
BLOCK12/SES124/SA124S28	SES106	-1.77796	17.6393	19.4172
BLOCK12/SES124/SA124S28	SES125	-0.920322	18.4969	19.4172
BLOCK12/SES124/SA124S28	SES275	-3.1788	16.2384	19.4172
BLOCK12/SES126/SA126S13	SES007	-2.6953	15.4896	18.1849
BLOCK12/SES126/SA126S13	SES162	-2.47967	15.7053	18.1849
BLOCK12/SES126/SA126S13	SES177	-2.29485	15.8901	18.1849
BLOCK12/SES126/SA126S13	SES180	-2.70123	15.4837	18.1849
BLOCK12/SES126/SA126S14	SES144	-1.96005	18.2727	20.2328
BLOCK12/SES126/SA126S14	SES148	-2.65276	17.58	20.2328
BLOCK12/SES126/SA126S14	SES177	-1.40188	18.8309	20.2328
BLOCK12/SES126/SA126S14	SES180	-2.55423	17.6785	20.2328
BLOCK12/SES126/SA126S20	SES007	-1.66306	17.8756	19.5386
BLOCK12/SES126/SA126S20	SES162	-2.4535	17.0851	19.5386
BLOCK12/SES126/SA126S20	SES172	-3.30225	16.2364	19.5386
BLOCK12/SES126/SA126S20	SES180	-2.62029	16.9183	19.5386
BLOCK12/SES126/SA126S24	SES120	-1.15818	19.7428	20.901
BLOCK12/SES126/SA126S24	SES162	-2.37127	18.5297	20.901
BLOCK12/SES126/SA126S24	SES177	-1.53812	19.3629	20.901
BLOCK12/SES126/SA126S24	SES180	-1.94289	18.9581	20.901
BLOCK12/SES126/SA126S26	SES120	-1.53452	18.1855	19.72
BLOCK12/SES126/SA126S26	SES177	-1.82956	17.8905	19.72
BLOCK12/SES126/SA126S26	SES180	-1.81219	17.9078	19.72
BLOCK12/SES126/SA126S26	SES202	-3.31037	16.4097	19.72
BLOCK12/SES128/SA128S10	SES087	-3.52605	16.6291	20.1551
BLOCK12/SES128/SA128S10	SES206	-2.14486	18.0103	20.1551
BLOCK12/SES128/SA128S10	SES226	-1.58982	18.5653	20.1551
BLOCK12/SES128/SA128S10	SES270	-1.41653	18.7386	20.1551
BLOCK12/SES128/SA128S12	SES120	-2.38565	16.6734	19.0591
BLOCK12/SES128/SA128S12	SES158	-3.63904	15.42	19.0591
BLOCK12/SES128/SA128S12	SES206	-2.76964	16.2894	19.0591
BLOCK12/SES128/SA128S12	SES226	-2.22	16.8391	19.0591
BLOCK12/SES128/SA128S21	SES106	-3.68333	14.1744	17.8577
BLOCK12/SES128/SA128S21	SES120	-2.86248	14.9953	17.8577
BLOCK12/SES128/SA128S21	SES206	-2.28525	15.5725	17.8577
BLOCK12/SES128/SA128S21	SES226	-2.15248	15.7053	17.8577
BLOCK12/SES128/SA128S24	SES087	-3.15652	15.5141	18.6706
BLOCK12/SES128/SA128S24	SES120	-1.51277	17.1578	18.6706
BLOCK12/SES128/SA128S24	SES206	-2.45263	16.218	18.6706
BLOCK12/SES128/SA128S24	SES226	-2.55553	16.1151	18.6706
BLOCK12/SES128/SA128S27	SES099	-1.52624	18.902	20.4282
BLOCK12/SES128/SA128S27	SES120	-1.49077	18.9374	20.4282
BLOCK12/SES128/SA128S27	SES206	-2.13371	18.2945	20.4282
BLOCK12/SES128/SA128S27	SES226	-2.30933	18.1189	20.4282
BLOCK13/SES130/SA130S13	SES143	-1.10927	17.8245	18.9338
BLOCK13/SES130/SA130S13	SES144	-1.18827	17.7455	18.9338
BLOCK13/SES130/SA130S13	SES146	-2.17826	16.7555	18.9338
BLOCK13/SES130/SA130S13	SES275	-3.23474	15.6991	18.9338
BLOCK13/SES130/SA130S15	SES143	-1.72962	19.3104	21.04
BLOCK13/SES130/SA130S15	SES144	-0.89867	20.1414	21.04
BLOCK13/SES130/SA130S15	SES146	-1.7024	19.3376	21.04
BLOCK13/SES130/SA130S15	SES275	-1.84005	19.2	21.04
BLOCK13/SES130/SA130S23	SES127	-3.16577	14.9436	18.1094
BLOCK13/SES130/SA130S23	SES144	-1.93437	16.175	18.1094
BLOCK13/SES130/SA130S23	SES146	-1.5698	16.5396	18.1094
BLOCK13/SES130/SA130S23	SES162	-1.62651	16.4829	18.1094
BLOCK13/SES130/SA130S25	SES127	-1.4496	19.6033	21.0529
BLOCK13/SES130/SA130S25	SES144	-0.967264	20.0856	21.0529
BLOCK13/SES130/SA130S25	SES146	-1.17759	19.8753	21.0529
BLOCK13/SES130/SA130S25	SES275	-1.30215	19.7507	21.0529
BLOCK13/SES130/SA130S28	SES127	-1.21385	18.2983	19.5121
BLOCK13/SES130/SA130S28	SES144	-1.4778	18.0343	19.5121
BLOCK13/SES130/SA130S28	SES146	-1.09137	18.4208	19.5121
BLOCK13/SES130/SA130S28	SES275	-0.770336	18.7418	19.5121
BLOCK13/SES131/SA131S13	SES002	-4.29607	12.2181	16.5141
BLOCK13/SES131/SA131S13	SES007	-3.96262	12.5515	16.5141
BLOCK13/SES131/SA131S13	SES099	-3.04624	13.4679	16.5141
BLOCK13/SES131/SA131S13	SES105	-3.5745	12.9396	16.5141
BLOCK13/SES131/SA131S14	SES104	-1.01332	18.2092	19.2226
BLOCK13/SES131/SA131S14	SES106	-2.58865	16.6339	19.2226
BLOCK13/SES131/SA131S14	SES125	-2.23179	16.9908	19.2226
BLOCK13/SES131/SA131S14	SES148	-2.04187	17.1807	19.2226
BLOCK13/SES131/SA131S20	SES104	-4.51086	12.2756	16.7864
BLOCK13/SES131/SA131S20	SES106	-3.5122	13.2742	16.7864
BLOCK13/SES131/SA131S20	SES125	-4.63809	12.1483	16.7864
BLOCK13/SES131/SA131S20	SES148	-3.68728	13.0992	16.7864
BLOCK13/SES131/SA131S22	SES099	-3.22561	15.16	18.3856
BLOCK13/SES131/SA131S22	SES104	-3.31191	15.0737	18.3856
BLOCK13/SES131/SA131S22	SES125	-3.61815	14.7675	18.3856
BLOCK13/SES131/SA131S22	SES206	-3.77964	14.606	18.3856
BLOCK13/SES131/SA131S29	SES087	-3.87013	13.4431	17.3132
BLOCK13/SES131/SA131S29	SES104	-4.5103	12.8029	17.3132
BLOCK13/SES131/SA131S29	SES125	-4.09705	13.2161	17.3132
BLOCK13/SES131/SA131S29	SES206	-4.45948	12.8537	17.3132
BLOCK13/SES132/SA132S11	SES083	-3.75617	16.8087	20.5648
BLOCK13/SES132/SA132S11	SES120	-0.723902	19.8409	20.5648
BLOCK13/SES132/SA132S11	SES127	-2.46155	18.1033	20.5648
BLOCK13/SES132/SA132S11	SES275	-1.98424	18.5806	20.5648
BLOCK13/SES132/SA132S12	SES083	-4.07522	16.7418	20.817
BLOCK13/SES132/SA132S12	SES143	-1.96428	18.8527	20.817
BLOCK13/SES132/SA132S12	SES144	-2.25711	18.5599	20.817
BLOCK13/SES132/SA132S12	SES148	-1.44041	19.3766	20.817
BLOCK13/SES132/SA132S22	SES062	-1.7622	19.5446	21.3068
BLOCK13/SES132/SA132S22	SES083	-2.76463	18.5422	21.3068
BLOCK13/SES132/SA132S22	SES127	-2.00514	19.3017	21.3068
BLOCK13/SES132/SA132S22	SES275	-1.48824	19.8186	21.3068
BLOCK13/SES132/SA132S24	SES007	-1.66398	20.2396	21.9036
BLOCK13/SES132/SA132S24	SES083	-3.0996	18.804	21.9036
BLOCK13/SES132/SA132S24	SES127	-2.63818	19.2654	21.9036
BLOCK13/SES132/SA132S24	SES275	-1.88591	20.0177	21.9036
BLOCK13/SES132/SA132S27	SES083	-3.43703	16.997	20.434
BLOCK13/SES132/SA132S27	SES120	-1.09439	19.3396	20.434
BLOCK13/SES132/SA132S27	SES127	-3.04311	17.3909	20.434
BLOCK13/SES132/SA132S27	SES275	-2.40355	18.0304	20.434
BLOCK14/SES141/SA141S09	SES143	-1.78343	18.1909	19.9744
BLOCK14/SES141/SA141S09	SES144	-1.41309	18.5613	19.9744
BLOCK14/SES141/SA141S09	SES162	-2.0488	17.9256	19.9744
BLOCK14/SES141/SA141S09	SES180	-2.6206	17.3538	19.9744
BLOCK14/SES141/SA141S15	SES127	-2.45801	17.0008	19.4588
BLOCK14/SES141/SA141S15	SES144	-1.96906	17.4898	19.4588
BLOCK14/SES141/SA141S15	SES162	-2.71937	16.7394	19.4588
BLOCK14/SES141/SA141S15	SES180	-1.89667	17.5621	19.4588
BLOCK14/SES141/SA141S24	SES127	-1.89153	18.0672	19.9587
BLOCK14/SES141/SA141S24	SES144	-2.14081	17.8179	19.9587
BLOCK14/SES141/SA141S24	SES162	-2.25593	17.7028	19.9587
BLOCK14/SES141/SA141S24	SES183	-2.02581	17.9329	19.9587
BLOCK14/SES141/SA141S26	SES142	-1.72399	17.3123	19.0363
BLOCK14/SES141/SA141S26	SES144	-1.85068	17.1856	19.0363
BLOCK14/SES141/SA141S26	SES172	-2.47855	16.5577	19.0363
BLOCK14/SES141/SA141S26	SES180	-1.93931	17.097	19.0363
BLOCK14/SES141/SA141S29	SES127	-1.57308	18.0243	19.5974
BLOCK14/SES141/SA141S29	SES142	-1.28332	18.3141	19.5974
BLOCK14/SES141/SA141S29	SES144	-2.00025	17.5971	19.5974
BLOCK14/SES141/SA141S29	SES180	-2.07781	17.5196	19.5974
BLOCK15/SES157/SA157S08	SES083	-3.0904	17.4517	20.5421
BLOCK15/SES157/SA157S08	SES127	-2.91133	17.6308	20.5421
BLOCK15/SES157/SA157S08	SES148	-2.69721	17.8449	20.5421
BLOCK15/SES157/SA157S08	SES292	-2.99477	17.5474	20.5421
BLOCK15/SES157/SA157S11	SES083	-2.98389	17.9217	20.9056
BLOCK15/SES157/SA157S11	SES127	-1.86528	19.0403	20.9056
BLOCK15/SES157/SA157S11	SES148	-2.81812	18.0875	20.9056
BLOCK15/SES157/SA157S11	SES292	-2.79705	18.1086	20.9056
BLOCK15/SES157/SA157S21	SES127	-1.70971	18.8105	20.5202
BLOCK15/SES157/SA157S21	SES148	-0.854349	19.6659	20.5202
BLOCK15/SES157/SA157S21	SES158	-6.8777	13.6425	20.5202
BLOCK15/SES157/SA157S21	SES292	-2.3401	18.1801	20.5202
BLOCK15/SES157/SA157S24	SES127	-1.73874	19.0123	20.751
BLOCK15/SES157/SA157S24	SES148	-2.46919	18.2819	20.751
BLOCK15/SES157/SA157S24	SES183	-2.70456	18.0465	20.751
BLOCK15/SES157/SA157S24	SES292	-2.34232	18.4087	20.751
BLOCK15/SES157/SA157S26	SES007	-0.94062	19.7844	20.725
BLOCK15/SES157/SA157S26	SES127	-1.7206	19.0045	20.725
BLOCK15/SES157/SA157S26	SES147	-2.77506	17.95	20.725
BLOCK15/SES157/SA157S26	SES148	-2.08579	18.6393	20.725
BLOCK16/SES161/SA161S10	SES007	-2.73936	15.1179	17.8573
BLOCK16/SES161/SA161S10	SES105	-2.16859	15.6887	17.8573
BLOCK16/SES161/SA161S10	SES158	-2.80132	15.056	17.8573
BLOCK16/SES161/SA161S10	SES275	-2.12519	15.7321	17.8573
BLOCK16/SES161/SA161S12	SES007	-3.49931	15.3751	18.8744
BLOCK16/SES161/SA161S12	SES105	-4.13433	14.7401	18.8744
BLOCK16/SES161/SA161S12	SES158	-2.75031	16.1241	18.8744
BLOCK16/SES161/SA161S12	SES275	-2.46747	16.407	18.8744
BLOCK16/SES161/SA161S20	SES007	-3.13119	14.3817	17.5129
BLOCK16/SES161/SA161S20	SES105	-3.65518	13.8577	17.5129
BLOCK16/SES161/SA161S20	SES158	-2.33307	15.1798	17.5129
BLOCK16/SES161/SA161S20	SES275	-2.56477	14.9481	17.5129
BLOCK16/SES161/SA161S23	SES007	-3.46836	15.264	18.7324
BLOCK16/SES161/SA161S23	SES105	-2.21476	16.5176	18.7324
BLOCK16/SES161/SA161S23	SES148	-3.02286	15.7095	18.7324
BLOCK16/SES161/SA161S23	SES158	-3.59882	15.1335	18.7324
BLOCK16/SES161/SA161S28	SES007	-3.60478	15.1085	18.7133
BLOCK16/SES161/SA161S28	SES105	-3.10395	15.6094	18.7133
BLOCK16/SES161/SA161S28	SES158	-2.02376	16.6896	18.7133
BLOCK16/SES161/SA161S28	SES206	-2.53218	16.1812	18.7133
BLOCK16/SES164/SA164S11	SES104	-2.97545	16.8656	19.841
BLOCK16/SES164/SA164S11	SES125	-2.19154	17.6495	19.841
BLOCK16/SES164/SA164S11	SES158	-1.49663	18.3444	19.841
BLOCK16/SES164/SA164S11	SES206	-2.97351	16.8675	19.841
BLOCK16/SES164/SA164S13	SES099	-1.98136	16.0285	18.0098
BLOCK16/SES164/SA164S13	SES104	-2.70554	15.3043	18.0098
BLOCK16/SES164/SA164S13	SES125	-3.46482	14.545	18.0098
BLOCK16/SES164/SA164S13	SES206	-3.09212	14.9177	18.0098
BLOCK16/SES164/SA164S24	SES002	-0.965103	17.5245	18.4896
BLOCK16/SES164/SA164S24	SES099	-1.95289	16.5367	18.4896
BLOCK16/SES164/SA164S24	SES125	-3.62187	14.8677	18.4896
BLOCK16/SES164/SA164S24	SES226	-1.00156	17.488	18.4896
BLOCK16/SES164/SA164S27	SES087	-2.498	16.1961	18.6941
BLOCK16/SES164/SA164S27	SES125	-3.5432	15.1509	18.6941
BLOCK16/SES164/SA164S27	SES206	-3.17735	15.5167	18.6941
BLOCK16/SES164/SA164S27	SES226	-1.87145	16.8226	18.6941
BLOCK16/SES164/SA164S29	SES002	-1.21681	17.1659	18.3827
BLOCK16/SES164/SA164S29	SES019	-2.44766	15.935	18.3827
BLOCK16/SES164/SA164S29	SES125	-2.74746	15.6352	18.3827
BLOCK16/SES164/SA164S29	SES226	-2.71567	15.667	18.3827
BLOCK16/SES169/SA169S13	SES117	-1.21414	17.9477	19.1618
BLOCK16/SES169/SA169S13	SES144	-2.04571	17.1161	19.1618
BLOCK16/SES169/SA169S13	SES146	-1.44408	17.7178	19.1618
BLOCK16/SES169/SA169S13	SES162	-1.48664	17.6752	19.1618
BLOCK16/SES169/SA169S14	SES144	-2.18458	18.5322	20.7168
BLOCK16/SES169/SA169S14	SES148	-2.73224	17.9846	20.7168
BLOCK16/SES169/SA169S14	SES177	-1.51297	19.2038	20.7168
BLOCK16/SES169/SA169S14	SES180	-2.72882	17.988	20.7168
BLOCK16/SES169/SA169S24	SES117	-1.87436	16.2345	18.1089
BLOCK16/SES169/SA169S24	SES144	-1.96029	16.1486	18.1089
BLOCK16/SES169/SA169S24	SES146	-1.32457	16.7843	18.1089
BLOCK16/SES169/SA169S24	SES162	-1.75874	16.3502	18.1089
BLOCK16/SES169/SA169S27	SES127	-1.89638	17.0784	18.9747
BLOCK16/SES169/SA169S27	SES129	-1.61632	17.3584	18.9747
BLOCK16/SES169/SA169S27	SES144	-2.5169	16.4578	18.9747
BLOCK16/SES169/SA169S27	SES146	-0.99147	17.9833	18.9747
BLOCK16/SES169/SA169S29	SES144	-1.74584	18.6329	20.3787
BLOCK16/SES169/SA169S29	SES162	-1.01514	19.3636	20.3787
BLOCK16/SES169/SA169S29	SES177	-2.83231	17.5464	20.3787
BLOCK16/SES169/SA169S29	SES180	-1.48764	18.8911	20.3787
BLOCK17/SES171/SA171S12	SES083	-3.11233	15.6473	18.7596
BLOCK17/SES171/SA171S12	SES148	-3.02934	15.7303	18.7596
BLOCK17/SES171/SA171S12	SES172	-2.52862	16.231	18.7596
BLOCK17/SES171/SA171S12	SES292	-3.27833	15.4813	18.7596
BLOCK17/SES171/SA171S15	SES148	-2.3225	16.0862	18.4087
BLOCK17/SES171/SA171S15	SES177	-1.9414	16.4673	18.4087
BLOCK17/SES171/SA171S15	SES180	-3.90204	14.5067	18.4087
BLOCK17/SES171/SA171S15	SES292	-2.86921	15.5395	18.4087
BLOCK17/SES171/SA171S22	SES007	-2.53746	17.6437	20.1811
BLOCK17/SES171/SA171S22	SES148	-2.29942	17.8817	20.1811
BLOCK17/SES171/SA171S22	SES177	-1.40503	18.7761	20.1811
BLOCK17/SES171/SA171S22	SES180	-3.45172	16.7294	20.1811
BLOCK17/SES171/SA171S25	SES101	-2.60801	14.9434	17.5514
BLOCK17/SES171/SA171S25	SES120	-3.49179	14.0596	17.5514
BLOCK17/SES171/SA171S25	SES177	-2.0281	15.5233	17.5514
BLOCK17/SES171/SA171S25	SES180	-3.04039	14.511	17.5514
BLOCK17/SES171/SA171S27	SES177	-1.86631	16.8876	18.7539
BLOCK17/SES171/SA171S27	SES180	-3.77176	14.9822	18.7539
BLOCK17/SES171/SA171S27	SES189	-1.44127	17.3127	18.7539
BLOCK17/SES171/SA171S27	SES292	-3.61272	15.1412	18.7539
BLOCK17/SES173/SA173S13	SES162	-4.11113	15.2222	19.3334
BLOCK17/SES173/SA173S13	SES177	-2.21978	17.1136	19.3334
BLOCK17/SES173/SA173S13	SES180	-4.20504	15.1283	19.3334
BLOCK17/SES173/SA173S13	SES292	-1.74595	17.5874	19.3334
BLOCK17/SES173/SA173S14	SES007	-2.71445	15.6053	18.3197
BLOCK17/SES173/SA173S14	SES162	-4.49573	13.824	18.3197
BLOCK17/SES173/SA173S14	SES177	-2.52722	15.7925	18.3197
BLOCK17/SES173/SA173S14	SES180	-3.89588	14.4238	18.3197
BLOCK17/SES173/SA173S24	SES144	-3.75378	13.7434	17.4972
BLOCK17/SES173/SA173S24	SES162	-3.72864	13.7686	17.4972
BLOCK17/SES173/SA173S24	SES177	-2.27929	15.2179	17.4972
BLOCK17/SES173/SA173S24	SES180	-3.74774	13.7495	17.4972
BLOCK17/SES173/SA173S27	SES162	-4.6921	14.1047	18.7968
BLOCK17/SES173/SA173S27	SES177	-2.43056	16.3662	18.7968
BLOCK17/SES173/SA173S27	SES180	-3.02545	15.7713	18.7968
BLOCK17/SES173/SA173S27	SES292	-2.03376	16.763	18.7968
BLOCK17/SES173/SA173S29	SES162	-3.08788	15.4593	18.5472
BLOCK17/SES173/SA173S29	SES175	-2.33498	16.2122	18.5472
BLOCK17/SES173/SA173S29	SES177	-2.16251	16.3847	18.5472
BLOCK17/SES173/SA173S29	SES292	-3.26675	15.2805	18.5472
BLOCK18/SES182/SA182S10	SES144	-1.47891	17.3694	18.8483
BLOCK18/SES182/SA182S10	SES177	-1.42332	17.425	18.8483
BLOCK18/SES182/SA182S10	SES180	-3.28083	15.5675	18.8483
BLOCK18/SES182/SA182S10	SES275	-1.16577	17.6825	18.8483
BLOCK18/SES182/SA182S12	SES144	-0.967484	18.3687	19.3362
BLOCK18/SES182/SA182S12	SES177	-1.84813	17.4881	19.3362
BLOCK18/SES182/SA182S12	SES180	-2.24314	17.0931	19.3362
BLOCK18/SES182/SA182S12	SES275	-1.18078	18.1554	19.3362
BLOCK18/SES182/SA182S21	SES117	-2.26995	15.6461	17.916
BLOCK18/SES182/SA182S21	SES144	-2.57031	15.3457	17.916
BLOCK18/SES182/SA182S21	SES162	-2.01475	15.9013	17.916
BLOCK18/SES182/SA182S21	SES180	-3.31319	14.6028	17.916
BLOCK18/SES182/SA182S23	SES117	-1.35284	17.3195	18.6723
BLOCK18/SES182/SA182S23	SES144	-2.44477	16.2275	18.6723
BLOCK18/SES182/SA182S23	SES180	-3.48459	15.1877	18.6723
BLOCK18/SES182/SA182S23	SES275	-1.06123	17.6111	18.6723
BLOCK18/SES182/SA182S25	SES007	-1.15203	17.5691	18.7211
BLOCK18/SES182/SA182S25	SES162	-1.74605	16.975	18.7211
BLOCK18/SES182/SA182S25	SES177	-2.02182	16.6993	18.7211
BLOCK18/SES182/SA182S25	SES180	-2.7627	15.9584	18.7211
BLOCK18/SES184/SA184S12	SES177	-2.09976	16.7792	18.879
BLOCK18/SES184/SA184S12	SES180	-1.62463	17.2543	18.879
BLOCK18/SES184/SA184S12	SES189	-2.13637	16.7426	18.879
BLOCK18/SES184/SA184S12	SES292	-2.23096	16.648	18.879
BLOCK18/SES184/SA184S13	SES101	-1.77193	17.4794	19.2513
BLOCK18/SES184/SA184S13	SES177	-1.79778	17.4536	19.2513
BLOCK18/SES184/SA184S13	SES180	-2.46122	16.7901	19.2513
BLOCK18/SES184/SA184S13	SES292	-2.63385	16.6175	19.2513
BLOCK18/SES184/SA184S22	SES177	-1.93756	18.4855	20.423
BLOCK18/SES184/SA184S22	SES180	-2.25254	18.1705	20.423
BLOCK18/SES184/SA184S22	SES189	-2.56591	17.8571	20.423
BLOCK18/SES184/SA184S22	SES292	-2.59618	17.8269	20.423
BLOCK18/SES184/SA184S25	SES101	-1.8298	19.5831	21.4129
BLOCK18/SES184/SA184S25	SES177	-1.96157	19.4513	21.4129
BLOCK18/SES184/SA184S25	SES180	-2.11511	19.2977	21.4129
BLOCK18/SES184/SA184S25	SES292	-2.16604	19.2468	21.4129
BLOCK18/SES184/SA184S27	SES083	-2.38086	16.9324	19.3133
BLOCK18/SES184/SA184S27	SES177	-1.78875	17.5245	19.3133
BLOCK18/SES184/SA184S27	SES202	-1.94147	17.3718	19.3133
BLOCK18/SES184/SA184S27	SES292	-2.40292	16.9104	19.3133
BLOCK20/SES204/SA204S12	SES062	-2.1539	18.719	20.8729
BLOCK20/SES204/SA204S12	SES083	-4.09844	16.7745	20.8729
BLOCK20/SES204/SA204S12	SES206	-2.10521	18.7677	20.8729
BLOCK20/SES204/SA204S12	SES226	-3.3105	17.5624	20.8729
BLOCK20/SES204/SA204S14	SES068	-2.47503	20.2794	22.7545
BLOCK20/SES204/SA204S14	SES087	-1.13406	21.6204	22.7545
BLOCK20/SES204/SA204S14	SES206	-2.12364	20.6308	22.7545
BLOCK20/SES204/SA204S14	SES226	-3.8055	18.949	22.7545
BLOCK20/SES204/SA204S22	SES068	-2.61725	18.6725	21.2898
BLOCK20/SES204/SA204S22	SES082	-4.78326	16.5065	21.2898
BLOCK20/SES204/SA204S22	SES083	-5.1248	16.165	21.2898
BLOCK20/SES204/SA204S22	SES206	-2.66905	18.6207	21.2898
BLOCK20/SES204/SA204S25	SES062	-2.57508	18.3054	20.8805
BLOCK20/SES204/SA204S25	SES083	-4.10862	16.7719	20.8805
BLOCK20/SES204/SA204S25	SES206	-1.84964	19.0309	20.8805
BLOCK20/SES204/SA204S25	SES226	-2.77029	18.1102	20.8805
BLOCK20/SES204/SA204S27	SES068	-2.80172	17.4658	20.2675
BLOCK20/SES204/SA204S27	SES082	-4.01548	16.252	20.2675
BLOCK20/SES204/SA204S27	SES087	-2.16835	18.0991	20.2675
BLOCK20/SES204/SA204S27	SES206	-2.22462	18.0429	20.2675
BLOCK20/SES207/SA207S10	SES127	-2.44458	16.618	19.0626
BLOCK20/SES207/SA207S10	SES183	-2.10949	16.9531	19.0626
BLOCK20/SES207/SA207S10	SES189	-2.10811	16.9545	19.0626
BLOCK20/SES207/SA207S10	SES292	-2.35193	16.7107	19.0626
BLOCK20/SES207/SA207S11	SES127	-3.12312	15.5055	18.6287
BLOCK20/SES207/SA207S11	SES183	-2.15822	16.4704	18.6287
BLOCK20/SES207/SA207S11	SES187	-2.42482	16.2038	18.6287
BLOCK20/SES207/SA207S11	SES292	-1.99531	16.6333	18.6287
BLOCK20/SES207/SA207S25	SES068	-2.11083	16.9511	19.0619
BLOCK20/SES207/SA207S25	SES083	-2.74456	16.3174	19.0619
BLOCK20/SES207/SA207S25	SES127	-1.51957	17.5423	19.0619
BLOCK20/SES207/SA207S25	SES187	-1.51588	17.546	19.0619
BLOCK20/SES207/SA207S27	SES127	-3.41948	13.8993	17.3188
BLOCK20/SES207/SA207S27	SES183	-1.97338	15.3454	17.3188
BLOCK20/SES207/SA207S27	SES187	-2.71956	14.5992	17.3188
BLOCK20/SES207/SA207S27	SES292	-3.20795	14.1108	17.3188
BLOCK20/SES207/SA207S29	SES083	-3.86647	14.6907	18.5571
BLOCK20/SES207/SA207S29	SES085	-2.04616	16.511	18.5571
BLOCK20/SES207/SA207S29	SES172	-1.88763	16.6695	18.5571
BLOCK20/SES207/SA207S29	SES189	-2.60624	15.9509	18.5571
BLOCK22/SES221/SA221S12	SES068	-1.79847	18.1938	19.9923
BLOCK22/SES221/SA221S12	SES143	-2.72476	17.2675	19.9923
BLOCK22/SES221/SA221S12	SES175	-1.66913	18.3231	19.9923
BLOCK22/SES221/SA221S12	SES202	-1.7612	18.2311	19.9923
BLOCK22/SES221/SA221S15	SES085	-2.17097	15.9647	18.1357
BLOCK22/SES221/SA221S15	SES143	-3.41679	14.7189	18.1357
BLOCK22/SES221/SA221S15	SES175	-2.12961	16.0061	18.1357
BLOCK22/SES221/SA221S15	SES187	-3.15684	14.9789	18.1357
BLOCK22/SES221/SA221S23	SES068	-1.93953	17.5127	19.4522
BLOCK22/SES221/SA221S23	SES143	-2.40623	17.046	19.4522
BLOCK22/SES221/SA221S23	SES175	-1.03854	18.4137	19.4522
BLOCK22/SES221/SA221S23	SES189	-1.10966	18.3426	19.4522
BLOCK22/SES221/SA221S27	SES085	-0.795307	18.2423	19.0376
BLOCK22/SES221/SA221S27	SES143	-1.64438	17.3932	19.0376
BLOCK22/SES221/SA221S27	SES175	-0.938795	18.0988	19.0376
BLOCK22/SES221/SA221S27	SES189	0.535471	19.5731	19.0376
BLOCK22/SES221/SA221S29	SES085	-1.40801	15.9	17.308
BLOCK22/SES221/SA221S29	SES143	-2.11728	15.1907	17.308
BLOCK22/SES221/SA221S29	SES175	-1.29527	16.0127	17.308
BLOCK22/SES221/SA221S29	SES187	-2.12363	15.1844	17.308
BLOCK22/SES223/SA223S11	SES143	-2.09524	15.0472	17.1425
BLOCK22/SES223/SA223S11	SES144	-4.62587	12.5166	17.1425
BLOCK22/SES223/SA223S11	SES175	-2.0225	15.12	17.1425
BLOCK22/SES223/SA223S11	SES187	-3.47681	13.6656	17.1425
BLOCK22/SES223/SA223S13	SES068	-1.97422	14.8487	16.823
BLOCK22/SES223/SA223S13	SES143	-3.4032	13.4197	16.823
BLOCK22/SES223/SA223S13	SES146	-3.43154	13.3914	16.823
BLOCK22/SES223/SA223S13	SES202	-3.32341	13.4995	16.823
BLOCK22/SES223/SA223S22	SES143	-2.63016	15.5064	18.1366
BLOCK22/SES223/SA223S22	SES144	-4.47489	13.6617	18.1366
BLOCK22/SES223/SA223S22	SES175	-2.37207	15.7645	18.1366
BLOCK22/SES223/SA223S22	SES187	-3.04334	15.0932	18.1366
BLOCK22/SES223/SA223S25	SES068	-2.28552	15.5481	17.8336
BLOCK22/SES223/SA223S25	SES143	-2.6989	15.1347	17.8336
BLOCK22/SES223/SA223S25	SES175	-1.71846	16.1151	17.8336
BLOCK22/SES223/SA223S25	SES187	-3.50544	14.3282	17.8336
BLOCK22/SES223/SA223S27	SES143	-2.95423	14.2805	17.2347
BLOCK22/SES223/SA223S27	SES146	-2.97068	14.264	17.2347
BLOCK22/SES223/SA223S27	SES187	-3.28061	13.9541	17.2347
BLOCK22/SES223/SA223S27	SES292	-2.27023	14.9645	17.2347
BLOCK27/SES273/SA273S12	SES099	-0.480017	21.9157	22.3957
BLOCK27/SES273/SA273S12	SES104	-1.72187	20.6739	22.3957
BLOCK27/SES273/SA273S12	SES125	-2.37564	20.0201	22.3957
BLOCK27/SES273/SA273S12	SES206	-0.871731	21.524	22.3957
BLOCK27/SES273/SA273S13	SES099	-1.53442	21.0623	22.5967
BLOCK27/SES273/SA273S13	SES104	-1.84643	20.7503	22.5967
BLOCK27/SES273/SA273S13	SES206	-1.31947	21.2772	22.5967
BLOCK27/SES273/SA273S13	SES292	-2.01679	20.5799	22.5967
BLOCK27/SES273/SA273S21	SES099	-1.09233	20.8261	21.9184
BLOCK27/SES273/SA273S21	SES148	-3.36146	18.557	21.9184
BLOCK27/SES273/SA273S21	SES149	-3.22113	18.6973	21.9184
BLOCK27/SES273/SA273S21	SES177	-2.5542	19.3642	21.9184
BLOCK27/SES273/SA273S25	SES104	-1.82537	19.6901	21.5155
BLOCK27/SES273/SA273S25	SES125	-1.97488	19.5406	21.5155
BLOCK27/SES273/SA273S25	SES158	-1.2529	20.2626	21.5155
BLOCK27/SES273/SA273S25	SES206	-0.594244	20.9212	21.5155
BLOCK27/SES273/SA273S27	SES099	-0.877863	20.8655	21.7433
BLOCK27/SES273/SA273S27	SES104	-2.12426	19.6191	21.7433
BLOCK27/SES273/SA273S27	SES149	-1.86164	19.8817	21.7433
BLOCK27/SES273/SA273S27	SES275	-2.11138	19.632	21.7433
BLOCK27/SES274/SA274S10	SES105	-3.05688	18.26	21.3169
BLOCK27/SES274/SA274S10	SES125	-3.78018	17.5367	21.3169
BLOCK27/SES274/SA274S10	SES129	-1.62708	19.6898	21.3169
BLOCK27/SES274/SA274S10	SES158	-4.58201	16.7349	21.3169
BLOCK27/SES274/SA274S11	SES105	-2.30153	19.5953	21.8968
BLOCK27/SES274/SA274S11	SES149	-3.31514	18.5817	21.8968
BLOCK27/SES274/SA274S11	SES158	-3.03389	18.8629	21.8968
BLOCK27/SES274/SA274S11	SES275	-1.32169	20.5751	21.8968
BLOCK27/SES274/SA274S21	SES105	-2.88411	17.9985	20.8827
BLOCK27/SES274/SA274S21	SES129	-1.53884	19.3438	20.8827
BLOCK27/SES274/SA274S21	SES149	-2.56937	18.3133	20.8827
BLOCK27/SES274/SA274S21	SES158	-5.0872	15.7955	20.8827
BLOCK27/SES274/SA274S24	SES105	-2.23656	19.8158	22.0523
BLOCK27/SES274/SA274S24	SES129	-1.29212	20.7602	22.0523
BLOCK27/SES274/SA274S24	SES149	-3.42723	18.6251	22.0523
BLOCK27/SES274/SA274S24	SES158	-5.57704	16.4753	22.0523
BLOCK27/SES274/SA274S29	SES105	-2.6431	18.021	20.6641
BLOCK27/SES274/SA274S29	SES106	-3.5274	17.1367	20.6641
BLOCK27/SES274/SA274S29	SES120	-1.97616	18.6879	20.6641
BLOCK27/SES274/SA274S29	SES275	-2.01377	18.6503	20.6641
BLOCK27/SES276/SA276S16	SES148	-2.93491	16.8198	19.7547
BLOCK27/SES276/SA276S16	SES172	-3.49917	16.2555	19.7547
BLOCK27/SES276/SA276S16	SES180	-2.80757	16.9471	19.7547
BLOCK27/SES276/SA276S16	SES292	-2.18692	17.5678	19.7547
BLOCK27/SES276/SA276S17	SES101	-1.64121	18.6335	20.2747
BLOCK27/SES276/SA276S17	SES177	-2.35897	17.9157	20.2747
BLOCK27/SES276/SA276S17	SES180	-1.85537	18.4193	20.2747
BLOCK27/SES276/SA276S17	SES292	-1.85158	18.4231	20.2747
BLOCK27/SES276/SA276S24	SES101	-1.12572	19.861	20.9868
BLOCK27/SES276/SA276S24	SES177	-1.24677	19.74	20.9868
BLOCK27/SES276/SA276S24	SES180	-1.858	19.1288	20.9868
BLOCK27/SES276/SA276S24	SES292	-3.19923	17.7875	20.9868
BLOCK27/SES276/SA276S26	SES101	-2.12358	19.1083	21.2318
BLOCK27/SES276/SA276S26	SES177	-1.18719	20.0446	21.2318
BLOCK27/SES276/SA276S26	SES180	-0.876476	20.3554	21.2318
BLOCK27/SES276/SA276S26	SES292	-0.989733	20.2421	21.2318
BLOCK27/SES276/SA276S28	SES101	-1.47615	19.3562	20.8324
BLOCK27/SES276/SA276S28	SES177	-2.1825	18.6499	20.8324
BLOCK27/SES276/SA276S28	SES180	-1.0613	19.7711	20.8324
BLOCK27/SES276/SA276S28	SES292	-1.7886	19.0438	20.8324
BLOCK27/SES277/SA277S12	SES101	-2.18384	15.9917	18.1755
BLOCK27/SES277/SA277S12	SES177	-3.48976	14.6858	18.1755
BLOCK27/SES277/SA277S12	SES180	-3.57776	14.5978	18.1755
BLOCK27/SES277/SA277S12	SES292	-4.04196	14.1336	18.1755
BLOCK27/SES277/SA277S14	SES177	-2.26199	14.9672	17.2292
BLOCK27/SES277/SA277S14	SES180	-3.42922	13.7999	17.2292
BLOCK27/SES277/SA277S14	SES189	-0.618231	16.6109	17.2292
BLOCK27/SES277/SA277S14	SES292	-3.96793	13.2612	17.2292
BLOCK27/SES277/SA277S21	SES177	-2.55287	16.9859	19.5387
BLOCK27/SES277/SA277S21	SES180	-2.94473	16.594	19.5387
BLOCK27/SES277/SA277S21	SES189	-0.938959	18.5998	19.5387
BLOCK27/SES277/SA277S21	SES292	-3.28522	16.2535	19.5387
BLOCK27/SES277/SA277S24	SES144	-2.90707	13.9731	16.8802
BLOCK27/SES277/SA277S24	SES177	-2.47668	14.4035	16.8802
BLOCK27/SES277/SA277S24	SES180	-3.90065	12.9795	16.8802
BLOCK27/SES277/SA277S24	SES189	-0.974173	15.906	16.8802
BLOCK27/SES277/SA277S29	SES177	-2.15414	18.5647	20.7189
BLOCK27/SES277/SA277S29	SES180	-2.70741	18.0114	20.7189
BLOCK27/SES277/SA277S29	SES202	-2.61586	18.103	20.7189
BLOCK27/SES277/SA277S29	SES292	-3.59854	17.1203	20.7189
BLOCK27/SES279/SA279S09	SES120	-2.08965	18.593	20.6827
BLOCK27/SES279/SA279S09	SES146	-2.51763	18.1651	20.6827
BLOCK27/SES279/SA279S09	SES206	-2.03743	18.6453	20.6827
BLOCK27/SES279/SA279S09	SES226	-3.56612	17.1166	20.6827
BLOCK27/SES279/SA279S10	SES099	-1.09726	19.8657	20.963
BLOCK27/SES279/SA279S10	SES206	-1.41677	19.5462	20.963
BLOCK27/SES279/SA279S10	SES226	-3.72958	17.2334	20.963
BLOCK27/SES279/SA279S10	SES292	-1.28268	19.6803	20.963
BLOCK27/SES279/SA279S20	SES099	-2.17837	18.247	20.4254
BLOCK27/SES279/SA279S20	SES206	-0.837931	19.5875	20.4254
BLOCK27/SES279/SA279S20	SES226	-3.15134	17.274	20.4254
BLOCK27/SES279/SA279S20	SES292	-1.0075	19.4179	20.4254
BLOCK27/SES279/SA279S26	SES099	-1.56897	18.7472	20.3162
BLOCK27/SES279/SA279S26	SES206	-0.815313	19.5009	20.3162
BLOCK27/SES279/SA279S26	SES226	-2.88247	17.4337	20.3162
BLOCK27/SES279/SA279S26	SES292	-0.494816	19.8214	20.3162
BLOCK27/SES279/SA279S28	SES099	-1.55867	20.9242	22.4829
BLOCK27/SES279/SA279S28	SES120	-1.38102	21.1019	22.4829
BLOCK27/SES279/SA279S28	SES177	-1.89271	20.5902	22.4829
BLOCK27/SES279/SA279S28	SES206	-1.06115	21.4218	22.4829
BLOCK29/SES290/SA290S12	SES162	-2.0769	18.37	20.4469
BLOCK29/SES290/SA290S12	SES177	-2.2788	18.1681	20.4469
BLOCK29/SES290/SA290S12	SES180	-2.44708	17.9999	20.4469
BLOCK29/SES290/SA290S12	SES292	-2.91123	17.5357	20.4469
BLOCK29/SES290/SA290S13	SES007	-2.63384	17.3349	19.9688
BLOCK29/SES290/SA290S13	SES162	-4.07363	15.8951	19.9688
BLOCK29/SES290/SA290S13	SES177	-1.8214	18.1474	19.9688
BLOCK29/SES290/SA290S13	SES180	-2.07425	17.8945	19.9688
BLOCK29/SES290/SA290S22	SES177	-1.53108	18.0427	19.5737
BLOCK29/SES290/SA290S22	SES180	-2.00059	17.5731	19.5737
BLOCK29/SES290/SA290S22	SES202	-1.94032	17.6334	19.5737
BLOCK29/SES290/SA290S22	SES292	-1.96645	17.6073	19.5737
BLOCK29/SES290/SA290S25	SES162	-2.17728	18.0743	20.2516
BLOCK29/SES290/SA290S25	SES177	-2.28148	17.9701	20.2516
BLOCK29/SES290/SA290S25	SES180	-2.14708	18.1045	20.2516
BLOCK29/SES290/SA290S25	SES292	-2.03866	18.2129	20.2516
BLOCK29/SES290/SA290S29	SES177	-0.740993	19.6895	20.4305
BLOCK29/SES290/SA290S29	SES180	-1.81245	18.6181	20.4305
BLOCK29/SES290/SA290S29	SES275	-1.95861	18.4719	20.4305
BLOCK29/SES290/SA290S29	SES292	-2.27939	18.1511	20.4305
BLOCK29/SES291/SA291S11	SES105	-3.46778	14.8449	18.3126
BLOCK29/SES291/SA291S11	SES125	-1.85842	16.4542	18.3126
BLOCK29/SES291/SA291S11	SES158	-2.07561	16.237	18.3126
BLOCK29/SES291/SA291S11	SES275	-3.63859	14.6741	18.3126
BLOCK29/SES291/SA291S12	SES158	-0.0240574	19.2361	19.2602
BLOCK29/SES291/SA291S12	SES226	-2.62611	16.6341	19.2602
BLOCK29/SES291/SA291S12	SES270	0.13323	19.3934	19.2602
BLOCK29/SES291/SA291S12	SES275	-4.85253	14.4076	19.2602
BLOCK29/SES291/SA291S22	SES082	-1.86471	18.1483	20.013
BLOCK29/SES291/SA291S22	SES158	-1.90197	18.1111	20.013
BLOCK29/SES291/SA291S22	SES259	-2.76995	17.2431	20.013
BLOCK29/SES291/SA291S22	SES275	-4.17266	15.8404	20.013
BLOCK29/SES291/SA291S24	SES104	-0.555973	20.6962	21.2522
BLOCK29/SES291/SA291S24	SES125	-1.11477	20.1374	21.2522
BLOCK29/SES291/SA291S24	SES158	-0.51903	20.7331	21.2522
BLOCK29/SES291/SA291S24	SES275	-3.90891	17.3433	21.2522
BLOCK29/SES291/SA291S27	SES158	-0.808098	19.6897	20.4978
BLOCK29/SES291/SA291S27	SES172	-5.14763	15.3502	20.4978
BLOCK29/SES291/SA291S27	SES275	-4.48139	16.0164	20.4978
BLOCK29/SES291/SA291S27	SES292	-2.83736	17.6604	20.4978
