BLOCK00/SES002/SA002S12	SES002	0.902971	22.3211	21.4181
BLOCK00/SES002/SA002S13	SES002	0.899881	20.4219	19.522
BLOCK00/SES002/SA002S23	SES002	0.258759	21.1342	20.8754
BLOCK00/SES002/SA002S26	SES002	1.28287	22.573	21.2901
BLOCK00/SES002/SA002S28	SES002	-0.309097	19.1467	19.4558
BLOCK00/SES007/SA007S14	SES007	2.21643	23.7834	21.567
BLOCK00/SES007/SA007S15	SES007	0.539948	20.8388	20.2989
BLOCK00/SES007/SA007S24	SES007	1.15549	21.5724	20.4169
BLOCK00/SES007/SA007S27	SES007	0.489641	20.3557	19.866
BLOCK00/SES007/SA007S29	SES007	0.47003	21.5385	21.0685
BLOCK00/SES008/SA008S11	SES008	1.19435	21.8741	20.6797
BLOCK00/SES008/SA008S12	SES008	-0.072937	20.1615	20.2345
BLOCK00/SES008/SA008S19	SES008	2.00834	23.8052	21.7968
BLOCK00/SES008/SA008S22	SES008	0.339506	19.8897	19.5502
BLOCK00/SES008/SA008S29	SES008	1.3719	22.2614	20.8895
BLOCK01/SES014/SA014S10	SES014	2.23692	22.5657	20.3288
BLOCK01/SES014/SA014S12	SES014	3.73187	26.1414	22.4095
BLOCK01/SES014/SA014S24	SES014	0.870197	21.8368	20.9666
BLOCK01/SES014/SA014S26	SES014	2.17229	25.5783	23.406
BLOCK01/SES014/SA014S28	SES014	4.20346	26.3059	22.1024
BLOCK01/SES016/SA016S12	SES016	1.1428	19.1245	17.9817
BLOCK01/SES016/SA016S13	SES016	1.20355	21.4681	20.2645
BLOCK01/SES016/SA016S22	SES016	0.259298	20.0482	19.7889
BLOCK01/SES016/SA016S25	SES016	1.63747	24.1324	22.495
BLOCK01/SES016/SA016S27	SES016	1.25077	24.0619	22.8111
BLOCK01/SES019/SA019S13	SES019	2.485	20.5983	18.1133
BLOCK01/SES019/SA019S14	SES019	1.61075	20.5298	18.919
BLOCK01/SES019/SA019S22	SES019	2.69469	21.1076	18.4129
BLOCK01/SES019/SA019S25	SES019	2.60752	21.53	18.9225
BLOCK01/SES019/SA019S29	SES019	3.22217	21.4419	18.2197
BLOCK02/SES029/SA029S11	SES029	1.12172	21.7602	20.6385
BLOCK02/SES029/SA029S12	SES029	-0.445635	21.6701	22.1157
BLOCK02/SES029/SA029S20	SES029	0.685282	21.5701	20.8848
BLOCK02/SES029/SA029S25	SES029	0.800564	22.615	21.8144
BLOCK02/SES029/SA029S28	SES029	-0.0850925	21.5812	21.6662
BLOCK04/SES042/SA042S12	SES042	2.02983	23.5226	21.4928
BLOCK04/SES042/SA042S15	SES042	2.41992	23.8117	21.3918
BLOCK04/SES042/SA042S22	SES042	3.19453	26.4027	23.2081
BLOCK04/SES042/SA042S25	SES042	1.79484	22.2832	20.4884
BLOCK04/SES042/SA042S27	SES042	1.93414	24.9178	22.9837
BLOCK04/SES048/SA048S11	SES048	1.53354	23.1435	21.61
BLOCK04/SES048/SA048S12	SES048	0.362196	22.6374	22.2752
BLOCK04/SES048/SA048S20	SES048	0.142271	22.7252	22.5829
BLOCK04/SES048/SA048S23	SES048	1.14458	21.5898	20.4452
BLOCK04/SES048/SA048S27	SES048	0.955961	24.5897	23.6337
BLOCK06/SES060/SA060S11	SES060	1.88516	23.9668	22.0817
BLOCK06/SES060/SA060S12	SES060	-1.06522	19.3495	20.4147
BLOCK06/SES060/SA060S22	SES060	-1.3369	18.46	19.7969
BLOCK06/SES060/SA060S24	SES060	1.15123	23.2248	22.0735
BLOCK06/SES060/SA060S28	SES060	0.857857	25.0788	24.221
BLOCK06/SES062/SA062S10	SES062	0.501938	22.5059	22.004
BLOCK06/SES062/SA062S11	SES062	1.24354	21.4049	20.1613
BLOCK06/SES062/SA062S21	SES062	2.12088	26.5697	24.4488
BLOCK06/SES062/SA062S26	SES062	1.07896	23.7209	22.6419
BLOCK06/SES062/SA062S29	SES062	1.78045	25.0935	23.313
BLOCK06/SES068/SA068S14	SES068	0.0540009	21.5622	21.5082
BLOCK06/SES068/SA068S15	SES068	0.912603	23.3484	22.4357
BLOCK06/SES068/SA068S23	SES068	0.307867	20.8115	20.5036
BLOCK06/SES068/SA068S27	SES068	1.75531	24.3351	22.5798
BLOCK06/SES068/SA068S29	SES068	0.104259	21.5445	21.4402
BLOCK08/SES082/SA082S12	SES082	0.0625019	20.3784	20.3159
BLOCK08/SES082/SA082S14	SES082	-0.228302	19.4919	19.7202
BLOCK08/SES082/SA082S21	SES082	-0.281691	19.9484	20.2301
BLOCK08/SES082/SA082S24	SES082	0.792789	22.1312	21.3384
BLOCK08/SES082/SA082S28	SES082	0.322647	20.5699	20.2472
BLOCK08/SES083/SA083S14	SES083	-0.00451469	21.3452	21.3497
BLOCK08/SES083/SA083S15	SES083	0.0419464	21.8353	21.7933
BLOCK08/SES083/SA083S24	SES083	0.170984	21.2597	21.0887
BLOCK08/SES083/SA083S26	SES083	0.459557	21.3598	20.9002
BLOCK08/SES083/SA083S29	SES083	-0.613253	21.4822	22.0954
BLOCK08/SES085/SA085S10	SES085	-0.163347	21.816	21.9794
BLOCK08/SES085/SA085S13	SES085	-0.208923	20.2964	20.5053
BLOCK08/SES085/SA085S22	SES085	-1.11377	20.7075	21.8212
BLOCK08/SES085/SA085S26	SES085	-0.720652	20.8754	21.5961
BLOCK08/SES085/SA085S28	SES085	0.896299	22.786	21.8897
BLOCK08/SES087/SA087S15	SES087	1.53225	22.2147	20.6824
BLOCK08/SES087/SA087S16	SES087	1.29398	21.7238	20.4298
BLOCK08/SES087/SA087S24	SES087	1.36626	22.1357	20.7694
BLOCK08/SES087/SA087S26	SES087	0.98374	23.0195	22.0358
BLOCK08/SES087/SA087S29	SES087	1.65933	22.0793	20.42
BLOCK09/SES099/SA099S15	SES099	1.71434	21.2984	19.5841
BLOCK09/SES099/SA099S16	SES099	1.51551	21.3841	19.8686
BLOCK09/SES099/SA099S24	SES099	1.47245	21.5872	20.1148
BLOCK09/SES099/SA099S26	SES099	1.94654	22.2564	20.3099
BLOCK09/SES099/SA099S29	SES099	1.92782	22.3182	20.3904
BLOCK10/SES101/SA101S11	SES101	-0.0349388	21.028	21.063
BLOCK10/SES101/SA101S13	SES101	1.21294	23.8212	22.6083
BLOCK10/SES101/SA101S22	SES101	0.781183	21.1716	20.3905
BLOCK10/SES101/SA101S24	SES101	1.59323	21.9234	20.3301
BLOCK10/SES101/SA101S28	SES101	0.0909672	20.9925	20.9015
BLOCK10/SES104/SA104S11	SES104	1.72646	24.2775	22.5511
BLOCK10/SES104/SA104S12	SES104	1.61942	22.5958	20.9764
BLOCK10/SES104/SA104S21	SES104	1.26123	22.3187	21.0575
BLOCK10/SES104/SA104S24	SES104	-0.0256424	21.2393	21.2649
BLOCK10/SES104/SA104S28	SES104	0.965134	22.4535	21.4883
BLOCK10/SES105/SA105S12	SES105	0.50614	20.0121	19.5059
BLOCK10/SES105/SA105S13	SES105	1.12817	21.3497	20.2215
BLOCK10/SES105/SA105S22	SES105	0.284019	19.246	18.962
BLOCK10/SES105/SA105S26	SES105	1.01393	20.5603	19.5463
BLOCK10/SES105/SA105S29	SES105	1.314	21.8988	20.5848
BLOCK10/SES106/SA106S09	SES106	0.942028	19.7111	18.7691
BLOCK10/SES106/SA106S11	SES106	1.43127	22.3362	20.9049
BLOCK10/SES106/SA106S22	SES106	3.50277	22.6048	19.102
BLOCK10/SES106/SA106S27	SES106	1.08002	20.8775	19.7975
BLOCK10/SES106/SA106S29	SES106	0.872629	20.9392	20.0666
BLOCK11/SES117/SA117S12	SES117	0.1747	19.9975	19.8228
BLOCK11/SES117/SA117S13	SES117	-0.0103836	20.5856	20.596
BLOCK11/SES117/SA117S23	SES117	1.34689	18.4379	17.091
BLOCK11/SES117/SA117S25	SES117	0.846758	18.9004	18.0536
BLOCK11/SES117/SA117S28	SES117	0.850435	18.4988	17.6484
BLOCK12/SES120/SA120S08	SES120	0.686859	18.4012	17.7144
BLOCK12/SES120/SA120S11	SES120	0.474274	16.5347	16.0604
BLOCK12/SES120/SA120S22	SES120	-0.220587	20.9604	21.1809
BLOCK12/SES120/SA120S24	SES120	0.169394	19.1631	18.9937
BLOCK12/SES120/SA120S28	SES120	-0.28351	16.8762	17.1597
BLOCK12/SES125/SA125S13	SES125	1.98859	21.545	19.5564
BLOCK12/SES125/SA125S14	SES125	0.692667	20.3053	19.6127
BLOCK12/SES125/SA125S25	SES125	1.54655	21.9909	20.4444
BLOCK12/SES125/SA125S27	SES125	2.06081	23.5449	21.4841
BLOCK12/SES125/SA125S29	SES125	1.73875	21.9486	20.2099
BLOCK12/SES127/SA127S11	SES127	0.878227	21.1844	20.3061
BLOCK12/SES127/SA127S12	SES127	-0.127508	21.8174	21.9449
BLOCK12/SES127/SA127S23	SES127	0.564713	21.4398	20.8751
BLOCK12/SES127/SA127S25	SES127	0.232838	20.9393	20.7064
BLOCK12/SES127/SA127S27	SES127	0.706703	21.245	20.5383
BLOCK12/SES129/SA129S11	SES129	1.93584	23.7412	21.8053
BLOCK12/SES129/SA129S12	SES129	1.45483	23.3278	21.8729
BLOCK12/SES129/SA129S22	SES129	0.537218	21.4515	20.9143
BLOCK12/SES129/SA129S27	SES129	1.93044	23.1085	21.1781
BLOCK12/SES129/SA129S29	SES129	1.22157	23.2594	22.0379
BLOCK14/SES142/SA142S11	SES142	2.02356	20.6856	18.6621
BLOCK14/SES142/SA142S12	SES142	0.910149	18.8585	17.9483
BLOCK14/SES142/SA142S24	SES142	0.90814	19.9702	19.0621
BLOCK14/SES142/SA142S27	SES142	1.75635	21.2682	19.5119
BLOCK14/SES142/SA142S29	SES142	2.37093	20.6828	18.3119
BLOCK14/SES143/SA143S12	SES143	0.898115	20.6638	19.7657
BLOCK14/SES143/SA143S13	SES143	0.493567	20.0541	19.5605
BLOCK14/SES143/SA143S23	SES143	0.827106	20.2547	19.4276
BLOCK14/SES143/SA143S25	SES143	1.24538	20.4893	19.2439
BLOCK14/SES143/SA143S28	SES143	0.5133	19.9632	19.4499
BLOCK14/SES144/SA144S09	SES144	0.706474	21.2118	20.5053
BLOCK14/SES144/SA144S11	SES144	0.714516	20.3274	19.6129
BLOCK14/SES144/SA144S21	SES144	-0.427969	19.8061	20.2341
BLOCK14/SES144/SA144S25	SES144	0.313322	20.443	20.1296
BLOCK14/SES144/SA144S29	SES144	-0.168022	21.0627	21.2308
BLOCK14/SES146/SA146S14	SES146	0.777304	20.1577	19.3804
BLOCK14/SES146/SA146S15	SES146	0.664793	20.0651	19.4003
BLOCK14/SES146/SA146S24	SES146	0.871748	20.7162	19.8445
BLOCK14/SES146/SA146S26	SES146	0.741741	20.8063	20.0646
BLOCK14/SES146/SA146S29	SES146	0.99511	19.2861	18.291
BLOCK14/SES147/SA147S11	SES147	1.06369	20.7004	19.6367
BLOCK14/SES147/SA147S13	SES147	2.07466	22.3935	20.3188
BLOCK14/SES147/SA147S23	SES147	0.0792427	19.5033	19.4241
BLOCK14/SES147/SA147S26	SES147	0.926575	20.7208	19.7942
BLOCK14/SES147/SA147S28	SES147	1.08751	20.2934	19.2059
BLOCK14/SES148/SA148S10	SES148	0.974081	21.2976	20.3235
BLOCK14/SES148/SA148S12	SES148	0.799353	19.5901	18.7908
BLOCK14/SES148/SA148S22	SES148	1.83217	22.8268	20.9946
BLOCK14/SES148/SA148S26	SES148	-0.546707	21.266	21.8127
BLOCK14/SES148/SA148S29	SES148	0.186525	20.865	20.6785
BLOCK14/SES149/SA149S13	SES149	-0.857065	20.7295	21.5865
BLOCK14/SES149/SA149S14	SES149	0.0081234	22.0311	22.023
BLOCK14/SES149/SA149S24	SES149	1.45739	23.297	21.8396
BLOCK14/SES149/SA149S26	SES149	1.84253	23.9151	22.0726
BLOCK14/SES149/SA149S28	SES149	2.15186	25.4173	23.2654
BLOCK15/SES158/SA158S13	SES158	1.17682	20.3359	19.1591
BLOCK15/SES158/SA158S14	SES158	2.96067	20.5765	17.6159
BLOCK15/SES158/SA158S23	SES158	1.38037	20.8041	19.4238
BLOCK15/SES158/SA158S26	SES158	1.767	19.908	18.141
BLOCK15/SES158/SA158S28	SES158	0.59692	19.995	19.3981
BLOCK16/SES162/SA162S10	SES162	0.566977	18.9535	18.3865
BLOCK16/SES162/SA162S11	SES162	1.04329	21.8975	20.8542
BLOCK16/SES162/SA162S21	SES162	1.9585	21.9242	19.9657
BLOCK16/SES162/SA162S24	SES162	1.12278	20.8345	19.7117
BLOCK16/SES162/SA162S27	SES162	1.58122	20.5421	18.9609
BLOCK16/SES167/SA167S14	SES167	0.966188	22.9231	21.957
BLOCK16/SES167/SA167S15	SES167	0.965982	21.7545	20.7885
BLOCK16/SES167/SA167S21	SES167	1.54514	22.5051	20.96
BLOCK16/SES167/SA167S25	SES167	1.78817	22.1905	20.4023
BLOCK16/SES167/SA167S29	SES167	2.23116	24.4035	22.1723
BLOCK17/SES172/SA172S12	SES172	1.9808	22.3048	20.324
BLOCK17/SES172/SA172S13	SES172	1.74798	21.4105	19.6625
BLOCK17/SES172/SA172S23	SES172	1.432	22.9603	21.5283
BLOCK17/SES172/SA172S27	SES172	0.902452	21.6175	20.715
BLOCK17/SES172/SA172S29	SES172	1.91001	22.5297	20.6197
BLOCK17/SES175/SA175S11	SES175	0.765018	21.8894	21.1244
BLOCK17/SES175/SA175S13	SES175	0.523916	21.7182	21.1943
BLOCK17/SES175/SA175S23	SES175	1.11676	22.1822	21.0654
BLOCK17/SES175/SA175S25	SES175	-0.0903645	19.0414	19.1318
BLOCK17/SES175/SA175S28	SES175	0.307121	21.2438	20.9367
BLOCK17/SES177/SA177S15	SES177	0.112947	21.2149	21.1019
BLOCK17/SES177/SA177S17	SES177	0.011095	21.048	21.0369
BLOCK17/SES177/SA177S23	SES177	-0.847673	19.4542	20.3019
BLOCK17/SES177/SA177S26	SES177	0.608004	23.6497	23.0417
BLOCK17/SES177/SA177S28	SES177	0.586237	22.0957	21.5094
BLOCK18/SES180/SA180S13	SES180	-0.136839	19.9939	20.1308
BLOCK18/SES180/SA180S15	SES180	0.722651	20.489	19.7664
BLOCK18/SES180/SA180S24	SES180	0.383581	22.5777	22.1941
BLOCK18/SES180/SA180S26	SES180	0.325268	21.6331	21.3078
BLOCK18/SES180/SA180S29	SES180	0.974335	21.0449	20.0705
BLOCK18/SES183/SA183S13	SES183	1.30525	20.2577	18.9525
BLOCK18/SES183/SA183S14	SES183	-0.296804	19.7396	20.0364
BLOCK18/SES183/SA183S24	SES183	1.58062	19.8297	18.2491
BLOCK18/SES183/SA183S27	SES183	1.09738	20.377	19.2796
BLOCK18/SES183/SA183S29	SES183	0.360643	20.6255	20.2649
BLOCK18/SES187/SA187S13	SES187	0.107977	19.6513	19.5433
BLOCK18/SES187/SA187S14	SES187	0.682297	19.9959	19.3136
BLOCK18/SES187/SA187S24	SES187	1.66133	19.7153	18.0539
BLOCK18/SES187/SA187S27	SES187	1.48411	20.6686	19.1845
BLOCK18/SES187/SA187S29	SES187	1.30975	20.7863	19.4765
BLOCK18/SES189/SA189S10	SES189	1.62353	19.2964	17.6729
BLOCK18/SES189/SA189S13	SES189	2.15787	18.9618	16.8039
BLOCK18/SES189/SA189S24	SES189	2.89507	19.6038	16.7087
BLOCK18/SES189/SA189S26	SES189	1.18389	20.0393	18.8554
BLOCK18/SES189/SA189S29	SES189	1.90633	20.4856	18.5793
BLOCK20/SES202/SA202S12	SES202	0.777689	18.0164	17.2388
BLOCK20/SES202/SA202S14	SES202	2.35235	20.4331	18.0808
BLOCK20/SES202/SA202S24	SES202	0.960661	20.116	19.1554
BLOCK20/SES202/SA202S27	SES202	1.98978	22.8688	20.879
BLOCK20/SES202/SA202S29	SES202	1.35705	21.7704	20.4133
BLOCK20/SES206/SA206S15	SES206	-0.612339	21.0524	21.6647
BLOCK20/SES206/SA206S17	SES206	1.7537	23.4418	21.6881
BLOCK20/SES206/SA206S24	SES206	1.69953	23.7843	22.0847
BLOCK20/SES206/SA206S27	SES206	1.84361	22.8485	21.0049
BLOCK20/SES206/SA206S29	SES206	1.71129	24.5265	22.8153
BLOCK22/SES226/SA226S12	SES226	1.60821	21.4328	19.8246
BLOCK22/SES226/SA226S13	SES226	-1.0952	18.9428	20.038
BLOCK22/SES226/SA226S20	SES226	1.01888	21.116	20.0971
BLOCK22/SES226/SA226S23	SES226	1.4042	22.0019	20.5977
BLOCK22/SES226/SA226S28	SES226	1.81846	22.1864	20.3679
BLOCK25/SES259/SA259S13	SES259	3.68048	23.7753	20.0949
BLOCK25/SES259/SA259S14	SES259	2.59243	22.924	20.3316
BLOCK25/SES259/SA259S22	SES259	2.25948	22.617	20.3575
BLOCK25/SES259/SA259S24	SES259	2.54125	24.5446	22.0033
BLOCK25/SES259/SA259S28	SES259	2.27676	22.8482	20.5715
BLOCK27/SES270/SA270S14	SES270	2.45904	20.2066	17.7475
BLOCK27/SES270/SA270S16	SES270	0.507385	19.7155	19.2081
BLOCK27/SES270/SA270S22	SES270	2.36514	20.7623	18.3972
BLOCK27/SES270/SA270S26	SES270	0.734682	18.2875	17.5528
BLOCK27/SES270/SA270S28	SES270	1.1624	20.348	19.1856
BLOCK27/SES275/SA275S17	SES275	0.988348	20.71	19.7217
BLOCK27/SES275/SA275S18	SES275	0.568485	21.246	20.6775
BLOCK27/SES275/SA275S24	SES275	0.179167	19.4422	19.263
BLOCK27/SES275/SA275S26	SES275	1.08717	21.5304	20.4432
BLOCK27/SES275/SA275S28	SES275	-0.170216	21.3878	21.558
BLOCK29/SES292/SA292S10	SES292	0.392748	21.2389	20.8462
BLOCK29/SES292/SA292S12	SES292	-0.329702	19.9169	20.2466
BLOCK29/SES292/SA292S22	SES292	0.499773	22.0789	21.5791
BLOCK29/SES292/SA292S24	SES292	0.184532	21.6578	21.4733
BLOCK29/SES292/SA292S27	SES292	0.121395	21.6985	21.5771
BLOCK00/SES001/SA001S14	SES062	-3.23742	16.0441	19.2815
BLOCK00/SES001/SA001S14	SES082	-4.02985	15.2516	19.2815
BLOCK00/SES001/SA001S14	SES106	-3.09399	16.1875	19.2815
BLOCK00/SES001/SA001S14	SES206	-3.02749	16.254	19.2815
BLOCK00/SES001/SA001S15	SES062	-3.98311	16.7734	20.7565
BLOCK00/SES001/SA001S15	SES104	-4.49504	16.2615	20.7565
BLOCK00/SES001/SA001S15	SES106	-3.16173	17.5948	20.7565
BLOCK00/SES001/SA001S15	SES206	-2.87687	17.8797	20.7565
BLOCK00/SES001/SA001S24	SES062	-4.62065	14.3798	19.0005
BLOCK00/SES001/SA001S24	SES082	-4.68155	14.3189	19.0005
BLOCK00/SES001/SA001S24	SES087	-4.28704	14.7134	19.0005
BLOCK00/SES001/SA001S24	SES206	-3.01768	15.9828	19.0005
BLOCK00/SES001/SA001S27	SES062	-3.38705	17.7963	21.1834
BLOCK00/SES001/SA001S27	SES082	-3.18553	17.9979	21.1834
BLOCK00/SES001/SA001S27	SES087	-2.84025	18.3431	21.1834
BLOCK00/SES001/SA001S27	SES206	-2.9117	18.2717	21.1834
BLOCK00/SES001/SA001S29	SES062	-5.21609	13.8195	19.0356
BLOCK00/SES001/SA001S29	SES082	-3.64833	15.3872	19.0356
BLOCK00/SES001/SA001S29	SES158	-2.7909	16.2447	19.0356
BLOCK00/SES001/SA001S29	SES206	-3.55952	15.476	19.0356
BLOCK00/SES003/SA003S11	SES002	-2.14787	17.8445	19.9924
BLOCK00/SES003/SA003S11	SES019	-3.36705	16.6253	19.9924
BLOCK00/SES003/SA003S11	SES082	-2.2532	17.7392	19.9924
BLOCK00/SES003/SA003S11	SES125	-3.31835	16.674	19.9924
BLOCK00/SES003/SA003S15	SES016	-3.46407	18.5513	22.0154
BLOCK00/SES003/SA003S15	SES019	-3.88705	18.1284	22.0154
BLOCK00/SES003/SA003S15	SES062	-2.86578	19.1496	22.0154
BLOCK00/SES003/SA003S15	SES206	-2.91747	19.0979	22.0154
BLOCK00/SES003/SA003S22	SES002	-3.67707	16.7709	20.448
BLOCK00/SES003/SA003S22	SES062	-2.32399	18.124	20.448
BLOCK00/SES003/SA003S22	SES082	-2.78627	17.6617	20.448
BLOCK00/SES003/SA003S22	SES087	-2.51312	17.9349	20.448
BLOCK00/SES003/SA003S25	SES062	-5.13517	14.3121	19.4473
BLOCK00/SES003/SA003S25	SES082	-2.64905	16.7982	19.4473
BLOCK00/SES003/SA003S25	SES087	-2.42297	17.0243	19.4473
BLOCK00/SES003/SA003S25	SES206	-3.80201	15.6453	19.4473
BLOCK00/SES003/SA003S29	SES002	-2.96325	16.8333	19.7965
BLOCK00/SES003/SA003S29	SES062	-4.22579	15.5707	19.7965
BLOCK00/SES003/SA003S29	SES082	-2.38956	17.4069	19.7965
BLOCK00/SES003/SA003S29	SES087	-3.51771	16.2788	19.7965
BLOCK00/SES004/SA004S12	SES083	-3.40895	16.0375	19.4464
BLOCK00/SES004/SA004S12	SES148	-3.77893	15.6675	19.4464
BLOCK00/SES004/SA004S12	SES172	-2.12128	17.3251	19.4464
BLOCK00/SES004/SA004S12	SES292	-2.80173	16.6447	19.4464
BLOCK00/SES004/SA004S17	SES083	-3.25506	16.4953	19.7503
BLOCK00/SES004/SA004S17	SES162	-2.8553	16.895	19.7503
BLOCK00/SES004/SA004S17	SES172	-2.13518	17.6151	19.7503
BLOCK00/SES004/SA004S17	SES292	-2.66312	17.0872	19.7503
BLOCK00/SES004/SA004S24	SES083	-3.08455	16.8878	19.9724
BLOCK00/SES004/SA004S24	SES148	-3.36347	16.6089	19.9724
BLOCK00/SES004/SA004S24	SES172	-1.39577	18.5766	19.9724
BLOCK00/SES004/SA004S24	SES292	-2.30926	17.6631	19.9724
BLOCK00/SES004/SA004S26	SES083	-3.50154	15.8712	19.3727
BLOCK00/SES004/SA004S26	SES127	-3.21647	16.1562	19.3727
BLOCK00/SES004/SA004S26	SES148	-4.56336	14.8093	19.3727
BLOCK00/SES004/SA004S26	SES292	-4.17752	15.1952	19.3727
BLOCK00/SES004/SA004S28	SES083	-2.96568	18.0509	21.0165
BLOCK00/SES004/SA004S28	SES127	-2.9932	18.0233	21.0165
BLOCK00/SES004/SA004S28	SES187	-1.77568	19.2409	21.0165
BLOCK00/SES004/SA004S28	SES292	-3.57495	17.4416	21.0165
BLOCK00/SES006/SA006S10	SES014	-6.48971	9.41573	15.9054
BLOCK00/SES006/SA006S10	SES158	-2.94339	12.962	15.9054
BLOCK00/SES006/SA006S10	SES226	-6.94322	8.96222	15.9054
BLOCK00/SES006/SA006S10	SES270	-2.88127	13.0242	15.9054
BLOCK00/SES006/SA006S11	SES158	-2.90861	13.663	16.5716
BLOCK00/SES006/SA006S11	SES226	-5.05814	11.5134	16.5716
BLOCK00/SES006/SA006S11	SES270	-2.95339	13.6182	16.5716
BLOCK00/SES006/SA006S11	SES275	-4.49622	12.0754	16.5716
BLOCK00/SES006/SA006S23	SES062	-4.19803	15.2714	19.4694
BLOCK00/SES006/SA006S23	SES105	-4.41019	15.0592	19.4694
BLOCK00/SES006/SA006S23	SES158	-3.1082	16.3612	19.4694
BLOCK00/SES006/SA006S23	SES275	-3.01526	16.4541	19.4694
BLOCK00/SES006/SA006S26	SES104	-5.3427	13.3081	18.6508
BLOCK00/SES006/SA006S26	SES158	-2.64648	16.0043	18.6508
BLOCK00/SES006/SA006S26	SES270	-1.3442	17.3066	18.6508
BLOCK00/SES006/SA006S26	SES275	-3.80694	14.8439	18.6508
BLOCK00/SES006/SA006S28	SES007	-4.87152	12.2341	17.1057
BLOCK00/SES006/SA006S28	SES105	-5.14754	11.9581	17.1057
BLOCK00/SES006/SA006S28	SES158	-3.38448	13.7212	17.1057
BLOCK00/SES006/SA006S28	SES275	-4.29071	12.8149	17.1057
BLOCK00/SES009/SA009S12	SES083	-4.42385	16.8695	21.2933
BLOCK00/SES009/SA009S12	SES148	-3.70194	17.5914	21.2933
BLOCK00/SES009/SA009S12	SES177	-2.35007	18.9432	21.2933
BLOCK00/SES009/SA009S12	SES292	-2.48112	18.8122	21.2933
BLOCK00/SES009/SA009S15	SES007	-1.43505	20.6782	22.1132
BLOCK00/SES009/SA009S15	SES099	-4.69554	17.4177	22.1132
BLOCK00/SES009/SA009S15	SES148	-3.18074	18.9325	22.1132
BLOCK00/SES009/SA009S15	SES172	-2.141	19.9722	22.1132
BLOCK00/SES009/SA009S24	SES146	-2.62245	19.2563	21.8787
BLOCK00/SES009/SA009S24	SES148	-3.71322	18.1655	21.8787
BLOCK00/SES009/SA009S24	SES177	-1.33445	20.5443	21.8787
BLOCK00/SES009/SA009S24	SES292	-2.52718	19.3516	21.8787
BLOCK00/SES009/SA009S26	SES083	-3.56129	17.5315	21.0928
BLOCK00/SES009/SA009S26	SES101	-3.66782	17.425	21.0928
BLOCK00/SES009/SA009S26	SES120	-2.84707	18.2457	21.0928
BLOCK00/SES009/SA009S26	SES177	-1.96728	19.1255	21.0928
BLOCK00/SES009/SA009S29	SES083	-2.8546	18.8405	21.6951
BLOCK00/SES009/SA009S29	SES101	-2.76561	18.9294	21.6951
BLOCK00/SES009/SA009S29	SES177	-1.80485	19.8902	21.6951
BLOCK00/SES009/SA009S29	SES292	-2.40708	19.288	21.6951
BLOCK01/SES011/SA011S10	SES019	-2.62485	18.3046	20.9294
BLOCK01/SES011/SA011S10	SES042	-1.87918	19.0502	20.9294
BLOCK01/SES011/SA011S10	SES082	-2.7902	18.1392	20.9294
BLOCK01/SES011/SA011S10	SES206	-3.172	17.7574	20.9294
BLOCK01/SES011/SA011S11	SES019	-3.42931	15.9805	19.4098
BLOCK01/SES011/SA011S11	SES042	-2.33205	17.0777	19.4098
BLOCK01/SES011/SA011S11	SES082	-3.10938	16.3004	19.4098
BLOCK01/SES011/SA011S11	SES206	-3.1966	16.2132	19.4098
BLOCK01/SES011/SA011S22	SES019	-2.19602	16.9209	19.1169
BLOCK01/SES011/SA011S22	SES042	-1.98333	17.1336	19.1169
BLOCK01/SES011/SA011S22	SES082	-2.70948	16.4074	19.1169
BLOCK01/SES011/SA011S22	SES206	-2.91315	16.2037	19.1169
BLOCK01/SES011/SA011S24	SES019	-3.63747	16.5497	20.1872
BLOCK01/SES011/SA011S24	SES042	-2.31801	17.8691	20.1872
BLOCK01/SES011/SA011S24	SES104	-3.97503	16.2121	20.1872
BLOCK01/SES011/SA011S24	SES206	-3.06042	17.1267	20.1872
BLOCK01/SES011/SA011S27	SES082	-2.10256	17.5629	19.6655
BLOCK01/SES011/SA011S27	SES087	-3.07849	16.587	19.6655
BLOCK01/SES011/SA011S27	SES125	-2.8338	16.8317	19.6655
BLOCK01/SES011/SA011S27	SES206	-2.65732	17.0082	19.6655
BLOCK01/SES012/SA012S11	SES007	-2.23839	20.3879	22.6263
BLOCK01/SES012/SA012S11	SES082	-3.61444	19.0119	22.6263
BLOCK01/SES012/SA012S11	SES083	-3.64927	18.9771	22.6263
BLOCK01/SES012/SA012S11	SES206	-3.47396	19.1524	22.6263
BLOCK01/SES012/SA012S14	SES082	-1.95101	20.4082	22.3593
BLOCK01/SES012/SA012S14	SES087	-3.25567	19.1036	22.3593
BLOCK01/SES012/SA012S14	SES206	-2.67775	19.6815	22.3593
BLOCK01/SES012/SA012S14	SES292	-2.82471	19.5345	22.3593
BLOCK01/SES012/SA012S24	SES082	-1.75892	19.0673	20.8262
BLOCK01/SES012/SA012S24	SES087	-3.23227	17.5939	20.8262
BLOCK01/SES012/SA012S24	SES120	-3.04922	17.777	20.8262
BLOCK01/SES012/SA012S24	SES206	-2.01072	18.8155	20.8262
BLOCK01/SES012/SA012S26	SES019	-5.39568	16.8591	22.2547
BLOCK01/SES012/SA012S26	SES082	-3.5018	18.7529	22.2547
BLOCK01/SES012/SA012S26	SES206	-1.78418	20.4706	22.2547
BLOCK01/SES012/SA012S26	SES292	-2.17105	20.0837	22.2547
BLOCK01/SES012/SA012S29	SES062	-2.50002	19.8371	22.3372
BLOCK01/SES012/SA012S29	SES082	-2.18368	20.1535	22.3372
BLOCK01/SES012/SA012S29	SES083	-4.02304	18.3141	22.3372
BLOCK01/SES012/SA012S29	SES206	-2.05911	20.278	22.3372
BLOCK01/SES013/SA013S16	SES062	-5.22274	14.7175	19.9402
BLOCK01/SES013/SA013S16	SES106	-3.33601	16.6042	19.9402
BLOCK01/SES013/SA013S16	SES206	-3.33069	16.6095	19.9402
BLOCK01/SES013/SA013S16	SES226	-2.43455	17.5057	19.9402
BLOCK01/SES013/SA013S17	SES062	-4.43368	17.4111	21.8447
BLOCK01/SES013/SA013S17	SES106	-3.84451	18.0002	21.8447
BLOCK01/SES013/SA013S17	SES206	-2.10944	19.7353	21.8447
BLOCK01/SES013/SA013S17	SES226	-2.11968	19.7251	21.8447
BLOCK01/SES013/SA013S23	SES104	-3.97816	16.6674	20.6455
BLOCK01/SES013/SA013S23	SES106	-2.27845	18.3671	20.6455
BLOCK01/SES013/SA013S23	SES206	-2.74695	17.8986	20.6455
BLOCK01/SES013/SA013S23	SES270	-2.41929	18.2263	20.6455
BLOCK01/SES013/SA013S25	SES042	-3.10751	18.664	21.7715
BLOCK01/SES013/SA013S25	SES104	-3.28439	18.4871	21.7715
BLOCK01/SES013/SA013S25	SES106	-2.56307	19.2085	21.7715
BLOCK01/SES013/SA013S25	SES206	-2.24286	19.5287	21.7715
BLOCK01/SES013/SA013S29	SES062	-5.83992	14.6917	20.5316
BLOCK01/SES013/SA013S29	SES104	-5.01493	15.5167	20.5316
BLOCK01/SES013/SA013S29	SES106	-3.02223	17.5094	20.5316
BLOCK01/SES013/SA013S29	SES206	-3.47743	17.0542	20.5316
BLOCK02/SES021/SA021S13	SES016	-4.16068	17.5022	21.6629
BLOCK02/SES021/SA021S13	SES029	-2.86891	18.794	21.6629
BLOCK02/SES021/SA021S13	SES087	-3.34159	18.3213	21.6629
BLOCK02/SES021/SA021S13	SES206	-2.23174	19.4312	21.6629
BLOCK02/SES021/SA021S15	SES087	-2.39199	20.7515	23.1435
BLOCK02/SES021/SA021S15	SES125	-2.28874	20.8547	23.1435
BLOCK02/SES021/SA021S15	SES206	-2.34744	20.796	23.1435
BLOCK02/SES021/SA021S15	SES226	-3.67532	19.4682	23.1435
BLOCK02/SES021/SA021S23	SES062	-4.69183	15.3135	20.0053
BLOCK02/SES021/SA021S23	SES087	-2.30059	17.7047	20.0053
BLOCK02/SES021/SA021S23	SES206	-3.29725	16.7081	20.0053
BLOCK02/SES021/SA021S23	SES226	-2.79721	17.2081	20.0053
BLOCK02/SES021/SA021S27	SES002	-1.46515	20.9315	22.3966
BLOCK02/SES021/SA021S27	SES016	-4.893	17.5036	22.3966
BLOCK02/SES021/SA021S27	SES019	-3.08011	19.3165	22.3966
BLOCK02/SES021/SA021S27	SES062	-3.11542	19.2812	22.3966
BLOCK02/SES021/SA021S29	SES087	-2.21916	19.4218	21.641
BLOCK02/SES021/SA021S29	SES125	-2.09308	19.5479	21.641
BLOCK02/SES021/SA021S29	SES206	-2.25585	19.3851	21.641
BLOCK02/SES021/SA021S29	SES226	-4.07554	17.5654	21.641
BLOCK04/SES043/SA043S09	SES083	-2.97161	15.9197	18.8913
BLOCK04/SES043/SA043S09	SES101	-2.50244	16.3888	18.8913
BLOCK04/SES043/SA043S09	SES144	-1.73282	17.1585	18.8913
BLOCK04/SES043/SA043S09	SES172	-3.28009	15.6112	18.8913
BLOCK04/SES043/SA043S11	SES083	-1.82619	19.3007	21.1269
BLOCK04/SES043/SA043S11	SES101	-1.75316	19.3738	21.1269
BLOCK04/SES043/SA043S11	SES144	-1.03415	20.0928	21.1269
BLOCK04/SES043/SA043S11	SES172	-2.23644	18.8905	21.1269
BLOCK04/SES043/SA043S23	SES083	-2.47289	18.2689	20.7418
BLOCK04/SES043/SA043S23	SES144	-1.22514	19.5166	20.7418
BLOCK04/SES043/SA043S23	SES177	-2.59789	18.1439	20.7418
BLOCK04/SES043/SA043S23	SES275	-1.949	18.7928	20.7418
BLOCK04/SES043/SA043S26	SES083	-3.32078	16.779	20.0998
BLOCK04/SES043/SA043S26	SES101	-2.81264	17.2871	20.0998
BLOCK04/SES043/SA043S26	SES144	-1.42962	18.6701	20.0998
BLOCK04/SES043/SA043S26	SES177	-2.7333	17.3664	20.0998
BLOCK04/SES043/SA043S28	SES016	-3.54575	17.831	21.3768
BLOCK04/SES043/SA043S28	SES083	-2.13747	19.2393	21.3768
BLOCK04/SES043/SA043S28	SES101	-1.76795	19.6088	21.3768
BLOCK04/SES043/SA043S28	SES144	-1.98596	19.3908	21.3768
BLOCK04/SES044/SA044S10	SES127	-5.49253	10.3656	15.8582
BLOCK04/SES044/SA044S10	SES144	-2.32807	13.5301	15.8582
BLOCK04/SES044/SA044S10	SES147	-5.63528	10.2229	15.8582
BLOCK04/SES044/SA044S10	SES148	-4.87563	10.9825	15.8582
BLOCK04/SES044/SA044S11	SES101	-2.71657	15.6381	18.3546
BLOCK04/SES044/SA044S11	SES144	-1.46485	16.8898	18.3546
BLOCK04/SES044/SA044S11	SES147	-3.82388	14.5307	18.3546
BLOCK04/SES044/SA044S11	SES177	-3.68813	14.6665	18.3546
BLOCK04/SES044/SA044S24	SES007	-4.09165	15.3005	19.3922
BLOCK04/SES044/SA044S24	SES101	-2.90402	16.4881	19.3922
BLOCK04/SES044/SA044S24	SES147	-4.25024	15.1419	19.3922
BLOCK04/SES044/SA044S24	SES177	-4.04202	15.3501	19.3922
BLOCK04/SES044/SA044S26	SES007	-3.00529	16.5318	19.5371
BLOCK04/SES044/SA044S26	SES016	-2.29971	17.2374	19.5371
BLOCK04/SES044/SA044S26	SES101	-2.82309	16.714	19.5371
BLOCK04/SES044/SA044S26	SES147	-2.71257	16.8245	19.5371
BLOCK04/SES044/SA044S29	SES007	-3.78536	16.8848	20.6701
BLOCK04/SES044/SA044S29	SES101	-1.34035	19.3298	20.6701
BLOCK04/SES044/SA044S29	SES147	-3.87672	16.7934	20.6701
BLOCK04/SES044/SA044S29	SES177	-4.35748	16.3126	20.6701
BLOCK04/SES046/SA046S13	SES101	-3.06218	15.29	18.3522
BLOCK04/SES046/SA046S13	SES144	-1.844	16.5082	18.3522
BLOCK04/SES046/SA046S13	SES147	-3.57996	14.7723	18.3522
BLOCK04/SES046/SA046S13	SES177	-2.87072	15.4815	18.3522
BLOCK04/SES046/SA046S15	SES048	-1.15136	20.0235	21.1749
BLOCK04/SES046/SA046S15	SES083	-1.64055	19.5343	21.1749
BLOCK04/SES046/SA046S15	SES120	-3.81866	17.3562	21.1749
BLOCK04/SES046/SA046S15	SES148	-2.14037	19.0345	21.1749
BLOCK04/SES046/SA046S22	SES101	-2.5342	17.4755	20.0097
BLOCK04/SES046/SA046S22	SES144	-2.1123	17.8974	20.0097
BLOCK04/SES046/SA046S22	SES147	-3.42915	16.5805	20.0097
BLOCK04/SES046/SA046S22	SES172	-2.53885	17.4708	20.0097
BLOCK04/SES046/SA046S25	SES083	-2.5658	17.2625	19.8283
BLOCK04/SES046/SA046S25	SES127	-2.66149	17.1668	19.8283
BLOCK04/SES046/SA046S25	SES144	-2.59449	17.2338	19.8283
BLOCK04/SES046/SA046S25	SES148	-2.52747	17.3008	19.8283
BLOCK04/SES046/SA046S28	SES007	-3.5846	16.021	19.6056
BLOCK04/SES046/SA046S28	SES105	-3.29928	16.3063	19.6056
BLOCK04/SES046/SA046S28	SES147	-2.17754	17.428	19.6056
BLOCK04/SES046/SA046S28	SES148	-2.10788	17.4977	19.6056
BLOCK04/SES049/SA049S16	SES104	-4.26978	15.1387	19.4085
BLOCK04/SES049/SA049S16	SES106	-3.34863	16.0599	19.4085
BLOCK04/SES049/SA049S16	SES120	-3.4717	15.9368	19.4085
BLOCK04/SES049/SA049S16	SES206	-2.70153	16.707	19.4085
BLOCK04/SES049/SA049S18	SES099	-2.19971	16.3422	18.542
BLOCK04/SES049/SA049S18	SES104	-4.356	14.186	18.542
BLOCK04/SES049/SA049S18	SES125	-5.16429	13.3777	18.542
BLOCK04/SES049/SA049S18	SES206	-3.10476	15.4372	18.542
BLOCK04/SES049/SA049S25	SES087	-2.72133	16.6902	19.4115
BLOCK04/SES049/SA049S25	SES104	-2.04924	17.3623	19.4115
BLOCK04/SES049/SA049S25	SES125	-3.58307	15.8284	19.4115
BLOCK04/SES049/SA049S25	SES206	-1.67618	17.7353	19.4115
BLOCK04/SES049/SA049S27	SES099	-1.40047	18.5366	19.9371
BLOCK04/SES049/SA049S27	SES104	-2.02133	17.9158	19.9371
BLOCK04/SES049/SA049S27	SES125	-3.82051	16.1166	19.9371
BLOCK04/SES049/SA049S27	SES206	-2.29343	17.6437	19.9371
BLOCK04/SES049/SA049S29	SES099	-1.54065	19.4376	20.9783
BLOCK04/SES049/SA049S29	SES104	-2.11404	18.8642	20.9783
BLOCK04/SES049/SA049S29	SES125	-2.26795	18.7103	20.9783
BLOCK04/SES049/SA049S29	SES206	-1.64869	19.3296	20.9783
BLOCK06/SES063/SA063S09	SES068	-2.99413	18.4689	21.463
BLOCK06/SES063/SA063S09	SES083	-2.17558	19.2874	21.463
BLOCK06/SES063/SA063S09	SES177	-2.25738	19.2056	21.463
BLOCK06/SES063/SA063S09	SES187	-3.16373	18.2993	21.463
BLOCK06/SES063/SA063S10	SES068	-3.52901	17.0185	20.5475
BLOCK06/SES063/SA063S10	SES083	-3.20492	17.3426	20.5475
BLOCK06/SES063/SA063S10	SES172	-2.89306	17.6544	20.5475
BLOCK06/SES063/SA063S10	SES187	-2.15071	18.3968	20.5475
BLOCK06/SES063/SA063S20	SES068	-3.90924	16.3747	20.2839
BLOCK06/SES063/SA063S20	SES083	-2.93612	17.3478	20.2839
BLOCK06/SES063/SA063S20	SES172	-1.96942	18.3145	20.2839
BLOCK06/SES063/SA063S20	SES187	-2.41312	17.8708	20.2839
BLOCK06/SES063/SA063S24	SES029	-5.14398	16.3596	21.5036
BLOCK06/SES063/SA063S24	SES083	-2.34611	19.1575	21.5036
BLOCK06/SES063/SA063S24	SES177	-2.55107	18.9525	21.5036
BLOCK06/SES063/SA063S24	SES189	-2.83352	18.6701	21.5036
BLOCK06/SES063/SA063S27	SES083	-1.53522	18.3757	19.9109
BLOCK06/SES063/SA063S27	SES172	-2.21266	17.6983	19.9109
BLOCK06/SES063/SA063S27	SES187	-2.51324	17.3977	19.9109
BLOCK06/SES063/SA063S27	SES292	-2.98012	16.9308	19.9109
BLOCK06/SES067/SA067S12	SES083	-3.60766	17.8727	21.4804
BLOCK06/SES067/SA067S12	SES172	-3.25514	18.2252	21.4804
BLOCK06/SES067/SA067S12	SES202	-1.98935	19.491	21.4804
BLOCK06/SES067/SA067S12	SES292	-3.04306	18.4373	21.4804
BLOCK06/SES067/SA067S14	SES085	-2.78733	19.6387	22.426
BLOCK06/SES067/SA067S14	SES177	-2.85947	19.5665	22.426
BLOCK06/SES067/SA067S14	SES183	-0.897364	21.5287	22.426
BLOCK06/SES067/SA067S14	SES202	-1.43262	20.9934	22.426
BLOCK06/SES067/SA067S21	SES144	-2.224	18.7122	20.9362
BLOCK06/SES067/SA067S21	SES177	-2.43587	18.5003	20.9362
BLOCK06/SES067/SA067S21	SES183	-1.19485	19.7413	20.9362
BLOCK06/SES067/SA067S21	SES189	-1.81645	19.1197	20.9362
BLOCK06/SES067/SA067S25	SES085	-2.01673	19.5111	21.5278
BLOCK06/SES067/SA067S25	SES177	-2.80989	18.7179	21.5278
BLOCK06/SES067/SA067S25	SES183	-2.09113	19.4367	21.5278
BLOCK06/SES067/SA067S25	SES202	-2.24236	19.2854	21.5278
BLOCK06/SES067/SA067S29	SES085	-3.19043	17.9772	21.1677
BLOCK06/SES067/SA067S29	SES177	-3.95777	17.2099	21.1677
BLOCK06/SES067/SA067S29	SES183	-1.19262	19.9751	21.1677
BLOCK06/SES067/SA067S29	SES202	-1.66638	19.5013	21.1677
BLOCK06/SES069/SA069S12	SES029	-3.9004	17.9089	21.8093
BLOCK06/SES069/SA069S12	SES082	-1.54092	20.2684	21.8093
BLOCK06/SES069/SA069S12	SES087	-2.80965	18.9996	21.8093
BLOCK06/SES069/SA069S12	SES206	-1.88723	19.9221	21.8093
BLOCK06/SES069/SA069S13	SES029	-5.14888	16.6195	21.7684
BLOCK06/SES069/SA069S13	SES087	-2.57843	19.19	21.7684
BLOCK06/SES069/SA069S13	SES206	-2.2565	19.5119	21.7684
BLOCK06/SES069/SA069S13	SES226	-1.63886	20.1295	21.7684
BLOCK06/SES069/SA069S23	SES029	-1.88535	21.4751	23.3604
BLOCK06/SES069/SA069S23	SES087	-1.45864	21.9018	23.3604
BLOCK06/SES069/SA069S23	SES206	-2.41131	20.9491	23.3604
BLOCK06/SES069/SA069S23	SES226	-1.89358	21.4668	23.3604
BLOCK06/SES069/SA069S25	SES087	-2.6799	20.0037	22.6836
BLOCK06/SES069/SA069S25	SES206	-4.17614	18.5075	22.6836
BLOCK06/SES069/SA069S25	SES226	-2.24015	20.4434	22.6836
BLOCK06/SES069/SA069S25	SES270	-3.04927	19.6343	22.6836
BLOCK06/SES069/SA069S27	SES087	-3.1021	19.3036	22.4057
BLOCK06/SES069/SA069S27	SES206	-1.64587	20.7598	22.4057
BLOCK06/SES069/SA069S27	SES226	-0.745491	21.6602	22.4057
BLOCK06/SES069/SA069S27	SES270	-2.28216	20.1235	22.4057
BLOCK08/SES081/SA081S11	SES060	-4.57382	14.9468	19.5206
BLOCK08/SES081/SA081S11	SES062	-3.79261	15.728	19.5206
BLOCK08/SES081/SA081S11	SES117	-4.63534	14.8853	19.5206
BLOCK08/SES081/SA081S11	SES162	-3.57783	15.9428	19.5206
BLOCK08/SES081/SA081S13	SES016	-2.41434	19.344	21.7583
BLOCK08/SES081/SA081S13	SES060	-1.03911	20.7192	21.7583
BLOCK08/SES081/SA081S13	SES068	-1.88088	19.8774	21.7583
BLOCK08/SES081/SA081S13	SES129	-3.2196	18.5387	21.7583
BLOCK08/SES081/SA081S24	SES060	-2.23656	18.3631	20.5996
BLOCK08/SES081/SA081S24	SES068	-2.20164	18.398	20.5996
BLOCK08/SES081/SA081S24	SES117	-3.84825	16.7514	20.5996
BLOCK08/SES081/SA081S24	SES275	-2.78457	17.815	20.5996
BLOCK08/SES081/SA081S27	SES007	-2.51594	17.2429	19.7588
BLOCK08/SES081/SA081S27	SES060	-3.92369	15.8351	19.7588
BLOCK08/SES081/SA081S27	SES117	-2.38058	17.3782	19.7588
BLOCK08/SES081/SA081S27	SES275	-2.66984	17.089	19.7588
BLOCK08/SES081/SA081S29	SES007	-2.74469	18.1776	20.9223
BLOCK08/SES081/SA081S29	SES060	-3.15529	17.767	20.9223
BLOCK08/SES081/SA081S29	SES117	-3.35758	17.5647	20.9223
BLOCK08/SES081/SA081S29	SES275	-3.22137	17.701	20.9223
BLOCK08/SES086/SA086S11	SES029	-6.32033	12.9615	19.2819
BLOCK08/SES086/SA086S11	SES082	-3.60053	15.6813	19.2819
BLOCK08/SES086/SA086S11	SES087	-2.81555	16.4663	19.2819
BLOCK08/SES086/SA086S11	SES206	-4.10177	15.1801	19.2819
BLOCK08/SES086/SA086S12	SES029	-5.17146	15.7359	20.9073
BLOCK08/SES086/SA086S12	SES082	-4.27555	16.6318	20.9073
BLOCK08/SES086/SA086S12	SES087	-1.39663	19.5107	20.9073
BLOCK08/SES086/SA086S12	SES206	-2.59552	18.3118	20.9073
BLOCK08/SES086/SA086S20	SES029	-4.84451	16.949	21.7935
BLOCK08/SES086/SA086S20	SES082	-4.18548	17.6081	21.7935
BLOCK08/SES086/SA086S20	SES087	-1.09839	20.6951	21.7935
BLOCK08/SES086/SA086S20	SES206	-1.75253	20.041	21.7935
BLOCK08/SES086/SA086S24	SES087	-1.57611	18.7396	20.3157
BLOCK08/SES086/SA086S24	SES104	-3.35847	16.9572	20.3157
BLOCK08/SES086/SA086S24	SES120	-3.31227	17.0034	20.3157
BLOCK08/SES086/SA086S24	SES206	-1.39095	18.9247	20.3157
BLOCK08/SES086/SA086S28	SES029	-4.39296	17.3144	21.7073
BLOCK08/SES086/SA086S28	SES082	-3.63201	18.0753	21.7073
BLOCK08/SES086/SA086S28	SES087	-2.09617	19.6112	21.7073
BLOCK08/SES086/SA086S28	SES206	-2.23669	19.4706	21.7073
BLOCK08/SES089/SA089S13	SES087	-2.95217	16.709	19.6612
BLOCK08/SES089/SA089S13	SES206	-3.57428	16.0869	19.6612
BLOCK08/SES089/SA089S13	SES226	-2.80283	16.8584	19.6612
BLOCK08/SES089/SA089S13	SES270	-4.10995	15.5512	19.6612
BLOCK08/SES089/SA089S14	SES062	-3.40078	17.3463	20.747
BLOCK08/SES089/SA089S14	SES087	-2.0501	18.6969	20.747
BLOCK08/SES089/SA089S14	SES206	-2.97517	17.7719	20.747
BLOCK08/SES089/SA089S14	SES226	-3.24108	17.506	20.747
BLOCK08/SES089/SA089S23	SES087	-3.69078	14.6677	18.3585
BLOCK08/SES089/SA089S23	SES206	-3.13278	15.2257	18.3585
BLOCK08/SES089/SA089S23	SES226	-2.56617	15.7923	18.3585
BLOCK08/SES089/SA089S23	SES270	-3.95137	14.4071	18.3585
BLOCK08/SES089/SA089S25	SES062	-3.82076	17.0606	20.8813
BLOCK08/SES089/SA089S25	SES087	-2.34987	18.5315	20.8813
BLOCK08/SES089/SA089S25	SES206	-3.99306	16.8883	20.8813
BLOCK08/SES089/SA089S25	SES226	-2.63834	18.243	20.8813
BLOCK08/SES089/SA089S28	SES062	-2.77927	17.5382	20.3175
BLOCK08/SES089/SA089S28	SES087	-1.35036	18.9671	20.3175
BLOCK08/SES089/SA089S28	SES206	-2.27143	18.046	20.3175
BLOCK08/SES089/SA089S28	SES226	-1.3452	18.9723	20.3175
BLOCK09/SES097/SA097S11	SES099	-0.651821	19.056	19.7079
BLOCK09/SES097/SA097S11	SES125	-4.44839	15.2595	19.7079
BLOCK09/SES097/SA097S11	SES206	-1.99207	17.7158	19.7079
BLOCK09/SES097/SA097S11	SES226	-2.05306	17.6548	19.7079
BLOCK09/SES097/SA097S14	SES062	-2.23434	17.3689	19.6032
BLOCK09/SES097/SA097S14	SES099	-1.22756	18.3757	19.6032
BLOCK09/SES097/SA097S14	SES104	-3.05613	16.5471	19.6032
BLOCK09/SES097/SA097S14	SES206	-3.3748	16.2284	19.6032
BLOCK09/SES097/SA097S22	SES099	-0.118046	19.4161	19.5342
BLOCK09/SES097/SA097S22	SES206	-2.55021	16.984	19.5342
BLOCK09/SES097/SA097S22	SES226	-3.18745	16.3467	19.5342
BLOCK09/SES097/SA097S22	SES270	-1.23335	18.3008	19.5342
BLOCK09/SES097/SA097S26	SES099	-1.39333	19.1321	20.5254
BLOCK09/SES097/SA097S26	SES120	-3.46485	17.0606	20.5254
BLOCK09/SES097/SA097S26	SES206	-3.28222	17.2432	20.5254
BLOCK09/SES097/SA097S26	SES226	-4.14477	16.3807	20.5254
BLOCK09/SES097/SA097S28	SES099	-1.81128	18.1658	19.9771
BLOCK09/SES097/SA097S28	SES120	-2.81307	17.164	19.9771
BLOCK09/SES097/SA097S28	SES206	-4.07738	15.8997	19.9771
BLOCK09/SES097/SA097S28	SES226	-4.54466	15.4324	19.9771
BLOCK09/SES098/SA098S11	SES127	-3.66506	15.4662	19.1312
BLOCK09/SES098/SA098S11	SES144	-2.73408	16.3972	19.1312
BLOCK09/SES098/SA098S11	SES147	-2.18914	16.9421	19.1312
BLOCK09/SES098/SA098S11	SES148	-4.45282	14.6784	19.1312
BLOCK09/SES098/SA098S12	SES127	-5.92762	10.8551	16.7827
BLOCK09/SES098/SA098S12	SES144	-3.44154	13.3412	16.7827
BLOCK09/SES098/SA098S12	SES147	-2.83135	13.9514	16.7827
BLOCK09/SES098/SA098S12	SES189	-2.30728	14.4755	16.7827
BLOCK09/SES098/SA098S20	SES127	-4.62611	13.7027	18.3288
BLOCK09/SES098/SA098S20	SES147	-2.60415	15.7247	18.3288
BLOCK09/SES098/SA098S20	SES148	-4.33552	13.9933	18.3288
BLOCK09/SES098/SA098S20	SES292	-3.39089	14.9379	18.3288
BLOCK09/SES098/SA098S23	SES127	-3.73987	15.7778	19.5177
BLOCK09/SES098/SA098S23	SES147	-2.57425	16.9435	19.5177
BLOCK09/SES098/SA098S23	SES187	-3.42213	16.0956	19.5177
BLOCK09/SES098/SA098S23	SES292	-3.40765	16.1101	19.5177
BLOCK09/SES098/SA098S27	SES127	-5.43139	12.3418	17.7732
BLOCK09/SES098/SA098S27	SES147	-3.96897	13.8042	17.7732
BLOCK09/SES098/SA098S27	SES148	-4.9259	12.8473	17.7732
BLOCK09/SES098/SA098S27	SES292	-3.16009	14.6131	17.7732
BLOCK10/SES102/SA102S13	SES101	-2.12692	16.2414	18.3683
BLOCK10/SES102/SA102S13	SES105	-2.13178	16.2365	18.3683
BLOCK10/SES102/SA102S13	SES120	-3.22814	15.1402	18.3683
BLOCK10/SES102/SA102S13	SES158	-4.74541	13.6229	18.3683
BLOCK10/SES102/SA102S14	SES007	-1.67673	20.1439	21.8206
BLOCK10/SES102/SA102S14	SES101	-0.57873	21.2419	21.8206
BLOCK10/SES102/SA102S14	SES105	-1.5333	20.2873	21.8206
BLOCK10/SES102/SA102S14	SES147	-4.28677	17.5339	21.8206
BLOCK10/SES102/SA102S22	SES007	-2.79642	18.0273	20.8237
BLOCK10/SES102/SA102S22	SES101	-1.52915	19.2946	20.8237
BLOCK10/SES102/SA102S22	SES105	-1.70006	19.1237	20.8237
BLOCK10/SES102/SA102S22	SES158	-3.94384	16.8799	20.8237
BLOCK10/SES102/SA102S25	SES007	-1.4391	19.9739	21.413
BLOCK10/SES102/SA102S25	SES101	-0.814363	20.5986	21.413
BLOCK10/SES102/SA102S25	SES105	-1.41522	19.9977	21.413
BLOCK10/SES102/SA102S25	SES147	-4.28675	17.1262	21.413
BLOCK10/SES102/SA102S27	SES007	-2.20854	18.0197	20.2282
BLOCK10/SES102/SA102S27	SES101	-0.999847	19.2284	20.2282
BLOCK10/SES102/SA102S27	SES105	-2.33349	17.8947	20.2282
BLOCK10/SES102/SA102S27	SES147	-3.42617	16.802	20.2282
BLOCK10/SES103/SA103S14	SES105	-4.01803	14.6364	18.6544
BLOCK10/SES103/SA103S14	SES106	-3.25046	15.4039	18.6544
BLOCK10/SES103/SA103S14	SES120	-4.19143	14.463	18.6544
BLOCK10/SES103/SA103S14	SES206	-5.2436	13.4108	18.6544
BLOCK10/SES103/SA103S15	SES099	-2.69612	14.2011	16.8972
BLOCK10/SES103/SA103S15	SES101	-6.81246	10.0848	16.8972
BLOCK10/SES103/SA103S15	SES104	-4.03485	12.8624	16.8972
BLOCK10/SES103/SA103S15	SES125	-3.17122	13.726	16.8972
BLOCK10/SES103/SA103S24	SES104	-3.53687	16.7244	20.2613
BLOCK10/SES103/SA103S24	SES125	-3.3599	16.9014	20.2613
BLOCK10/SES103/SA103S24	SES148	-4.10074	16.1606	20.2613
BLOCK10/SES103/SA103S24	SES158	-2.76117	17.5001	20.2613
BLOCK10/SES103/SA103S26	SES104	-4.71699	12.7661	17.4831
BLOCK10/SES103/SA103S26	SES106	-2.85737	14.6257	17.4831
BLOCK10/SES103/SA103S26	SES125	-4.02278	13.4603	17.4831
BLOCK10/SES103/SA103S26	SES148	-5.69049	11.7926	17.4831
BLOCK10/SES103/SA103S28	SES104	-5.0601	11.6092	16.6693
BLOCK10/SES103/SA103S28	SES106	-3.26976	13.3996	16.6693
BLOCK10/SES103/SA103S28	SES125	-5.06807	11.6013	16.6693
BLOCK10/SES103/SA103S28	SES206	-5.52406	11.1453	16.6693
BLOCK12/SES121/SA121S12	SES042	-5.03148	11.7846	16.8161
BLOCK12/SES121/SA121S12	SES087	-3.34103	13.475	16.8161
BLOCK12/SES121/SA121S12	SES105	-2.58196	14.2341	16.8161
BLOCK12/SES121/SA121S12	SES206	-3.34787	13.4682	16.8161
BLOCK12/SES121/SA121S14	SES007	-3.83833	12.5152	16.3535
BLOCK12/SES121/SA121S14	SES105	-3.84413	12.5094	16.3535
BLOCK12/SES121/SA121S14	SES106	-3.44042	12.9131	16.3535
BLOCK12/SES121/SA121S14	SES206	-4.00781	12.3457	16.3535
BLOCK12/SES121/SA121S23	SES105	-3.30906	13.7508	17.0598
BLOCK12/SES121/SA121S23	SES106	-2.04128	15.0186	17.0598
BLOCK12/SES121/SA121S23	SES120	-3.36126	13.6986	17.0598
BLOCK12/SES121/SA121S23	SES206	-2.2859	14.7739	17.0598
BLOCK12/SES121/SA121S25	SES007	-3.65465	11.2581	14.9128
BLOCK12/SES121/SA121S25	SES105	-4.40269	10.5101	14.9128
BLOCK12/SES121/SA121S25	SES106	-3.439	11.4738	14.9128
BLOCK12/SES121/SA121S25	SES206	-4.82507	10.0877	14.9128
BLOCK12/SES121/SA121S27	SES087	-2.64384	13.7191	16.363
BLOCK12/SES121/SA121S27	SES105	-4.94797	11.415	16.363
BLOCK12/SES121/SA121S27	SES120	-1.87789	14.4851	16.363
BLOCK12/SES121/SA121S27	SES206	-3.38767	12.9753	16.363
BLOCK12/SES124/SA124S16	SES042	-1.80751	17.638	19.4455
BLOCK12/SES124/SA124S16	SES082	-3.14551	16.3	19.4455
BLOCK12/SES124/SA124S16	SES183	-3.59555	15.85	19.4455
BLOCK12/SES124/SA124S16	SES206	-3.66543	15.7801	19.4455
BLOCK12/SES124/SA124S17	SES105	-4.07514	13.3014	17.3765
BLOCK12/SES124/SA124S17	SES149	-6.31907	11.0575	17.3765
BLOCK12/SES124/SA124S17	SES158	-4.44414	12.9324	17.3765
BLOCK12/SES124/SA124S17	SES275	-2.69007	14.6865	17.3765
BLOCK12/SES124/SA124S23	SES105	-3.8643	16.8078	20.6721
BLOCK12/SES124/SA124S23	SES125	-0.958151	19.7139	20.6721
BLOCK12/SES124/SA124S23	SES129	-3.83259	16.8395	20.6721
BLOCK12/SES124/SA124S23	SES158	-1.32541	19.3467	20.6721
BLOCK12/SES124/SA124S26	SES105	-5.20347	14.8682	20.0717
BLOCK12/SES124/SA124S26	SES125	-2.54363	17.5281	20.0717
BLOCK12/SES124/SA124S26	SES129	-4.79989	15.2718	20.0717
BLOCK12/SES124/SA124S26	SES158	-2.88481	17.1869	20.0717
BLOCK12/SES124/SA124S28	SES104	-2.50891	17.6367	20.1456
BLOCK12/SES124/SA124S28	SES106	-2.03122	18.1144	20.1456
BLOCK12/SES124/SA124S28	SES125	-1.48274	18.6629	20.1456
BLOCK12/SES124/SA124S28	SES275	-3.90768	16.2379	20.1456
BLOCK12/SES126/SA126S13	SES007	-3.44457	15.3887	18.8332
BLOCK12/SES126/SA126S13	SES162	-3.02236	15.8109	18.8332
BLOCK12/SES126/SA126S13	SES177	-3.06292	15.7703	18.8332
BLOCK12/SES126/SA126S13	SES180	-3.19896	15.6343	18.8332
BLOCK12/SES126/SA126S14	SES144	-2.18262	18.5374	20.7201
BLOCK12/SES126/SA126S14	SES148	-2.87449	17.8456	20.7201
BLOCK12/SES126/SA126S14	SES177	-1.44126	19.2788	20.7201
BLOCK12/SES126/SA126S14	SES180	-3.30343	17.4166	20.7201
BLOCK12/SES126/SA126S20	SES007	-2.30194	17.8832	20.1852
BLOCK12/SES126/SA126S20	SES162	-3.07368	17.1115	20.1852
BLOCK12/SES126/SA126S20	SES172	-3.50441	16.6807	20.1852
BLOCK12/SES126/SA126S20	SES180	-2.97291	17.2122	20.1852
BLOCK12/SES126/SA126S24	SES120	-1.64189	19.7245	21.3664
BLOCK12/SES126/SA126S24	SES162	-2.82828	18.5381	21.3664
BLOCK12/SES126/SA126S24	SES177	-2.20957	19.1568	21.3664
BLOCK12/SES126/SA126S24	SES180	-2.22024	19.1461	21.3664
BLOCK12/SES126/SA126S26	SES120	-1.61216	18.4811	20.0932
BLOCK12/SES126/SA126S26	SES177	-2.62317	17.4701	20.0932
BLOCK12/SES126/SA126S26	SES180	-2.03354	18.0597	20.0932
BLOCK12/SES126/SA126S26	SES202	-3.2246	16.8687	20.0932
BLOCK12/SES128/SA128S10	SES087	-3.65177	17.1401	20.7919
BLOCK12/SES128/SA128S10	SES206	-2.7586	18.0333	20.7919
BLOCK12/SES128/SA128S10	SES226	-1.95279	18.8391	20.7919
BLOCK12/SES128/SA128S10	SES270	-1.83637	18.9555	20.7919
BLOCK12/SES128/SA128S12	SES120	-2.72445	17.0301	19.7546
BLOCK12/SES128/SA128S12	SES158	-3.27578	16.4788	19.7546
BLOCK12/SES128/SA128S12	SES206	-2.89766	16.8569	19.7546
BLOCK12/SES128/SA128S12	SES226	-3.38797	16.3666	19.7546
BLOCK12/SES128/SA128S21	SES106	-4.07079	14.4758	18.5466
BLOCK12/SES128/SA128S21	SES120	-2.59658	15.95	18.5466
BLOCK12/SES128/SA128S21	SES206	-3.12694	15.4196	18.5466
BLOCK12/SES128/SA128S21	SES226	-2.37946	16.1671	18.5466
BLOCK12/SES128/SA128S24	SES087	-3.4058	15.8576	19.2634
BLOCK12/SES128/SA128S24	SES120	-2.28587	16.9775	19.2634
BLOCK12/SES128/SA128S24	SES206	-2.93484	16.3286	19.2634
BLOCK12/SES128/SA128S24	SES226	-3.25164	16.0118	19.2634
BLOCK12/SES128/SA128S27	SES099	-2.03175	19.0529	21.0846
BLOCK12/SES128/SA128S27	SES120	-2.18862	18.896	21.0846
BLOCK12/SES128/SA128S27	SES206	-2.87778	18.2069	21.0846
BLOCK12/SES128/SA128S27	SES226	-3.08523	17.9994	21.0846
BLOCK13/SES130/SA130S13	SES143	-1.20523	18.1171	19.3224
BLOCK13/SES130/SA130S13	SES144	-1.63223	17.6901	19.3224
BLOCK13/SES130/SA130S13	SES146	-2.50089	16.8215	19.3224
BLOCK13/SES130/SA130S13	SES275	-3.78309	15.5393	19.3224
BLOCK13/SES130/SA130S15	SES143	-2.21265	19.3732	21.5859
BLOCK13/SES130/SA130S15	SES144	-1.56426	20.0216	21.5859
BLOCK13/SES130/SA130S15	SES146	-2.41696	19.1689	21.5859
BLOCK13/SES130/SA130S15	SES275	-2.38949	19.1964	21.5859
BLOCK13/SES130/SA130S23	SES127	-3.74281	15.0869	18.8297
BLOCK13/SES130/SA130S23	SES144	-2.94437	15.8854	18.8297
BLOCK13/SES130/SA130S23	SES146	-2.23512	16.5946	18.8297
BLOCK13/SES130/SA130S23	SES162	-2.56886	16.2609	18.8297
BLOCK13/SES130/SA130S25	SES127	-2.33282	19.1963	21.5291
BLOCK13/SES130/SA130S25	SES144	-1.83117	19.6979	21.5291
BLOCK13/SES130/SA130S25	SES146	-1.5171	20.012	21.5291
BLOCK13/SES130/SA130S25	SES275	-1.56504	19.9641	21.5291
BLOCK13/SES130/SA130S28	SES127	-2.04565	18.0496	20.0952
BLOCK13/SES130/SA130S28	SES144	-2.11325	17.982	20.0952
BLOCK13/SES130/SA130S28	SES146	-1.77956	18.3157	20.0952
BLOCK13/SES130/SA130S28	SES275	-1.33885	18.7564	20.0952
BLOCK13/SES131/SA131S13	SES002	-4.23954	12.8118	17.0514
BLOCK13/SES131/SA131S13	SES007	-4.14374	12.9076	17.0514
BLOCK13/SES131/SA131S13	SES099	-3.24188	13.8095	17.0514
BLOCK13/SES131/SA131S13	SES105	-3.48654	13.5648	17.0514
BLOCK13/SES131/SA131S14	SES104	-1.49689	18.2212	19.7181
BLOCK13/SES131/SA131S14	SES106	-2.83215	16.886	19.7181
BLOCK13/SES131/SA131S14	SES125	-2.51074	17.2074	19.7181
BLOCK13/SES131/SA131S14	SES148	-2.54373	17.1744	19.7181
BLOCK13/SES131/SA131S20	SES104	-4.35237	12.708	17.0604
BLOCK13/SES131/SA131S20	SES106	-3.42401	13.6364	17.0604
BLOCK13/SES131/SA131S20	SES125	-4.79533	12.2651	17.0604
BLOCK13/SES131/SA131S20	SES148	-3.14238	13.918	17.0604
BLOCK13/SES131/SA131S22	SES099	-3.26326	15.7044	18.9676
BLOCK13/SES131/SA131S22	SES104	-3.8765	15.0911	18.9676
BLOCK13/SES131/SA131S22	SES125	-4.14291	14.8247	18.9676
BLOCK13/SES131/SA131S22	SES206	-4.03144	14.9362	18.9676
BLOCK13/SES131/SA131S29	SES087	-3.49547	14.2823	17.7777
BLOCK13/SES131/SA131S29	SES104	-4.95949	12.8182	17.7777
BLOCK13/SES131/SA131S29	SES125	-4.54899	13.2287	17.7777
BLOCK13/SES131/SA131S29	SES206	-4.14882	13.6289	17.7777
BLOCK13/SES132/SA132S11	SES083	-4.02895	17.0019	21.0308
BLOCK13/SES132/SA132S11	SES120	-1.47171	19.5591	21.0308
BLOCK13/SES132/SA132S11	SES127	-3.05354	17.9773	21.0308
BLOCK13/SES132/SA132S11	SES275	-2.45917	18.5717	21.0308
BLOCK13/SES132/SA132S12	SES083	-3.81142	17.369	21.1804
BLOCK13/SES132/SA132S12	SES143	-2.59341	18.587	21.1804
BLOCK13/SES132/SA132S12	SES144	-2.60685	18.5735	21.1804
BLOCK13/SES132/SA132S12	SES148	-2.31512	18.8653	21.1804
BLOCK13/SES132/SA132S22	SES062	-1.857	19.4945	21.3515
BLOCK13/SES132/SA132S22	SES083	-2.61669	18.7348	21.3515
BLOCK13/SES132/SA132S22	SES127	-2.226	19.1255	21.3515
BLOCK13/SES132/SA132S22	SES275	-1.29576	20.0557	21.3515
BLOCK13/SES132/SA132S24	SES007	-2.06616	20.2313	22.2975
BLOCK13/SES132/SA132S24	SES083	-3.62347	18.674	22.2975
BLOCK13/SES132/SA132S24	SES127	-2.81521	19.4822	22.2975
BLOCK13/SES132/SA132S24	SES275	-2.30267	19.9948	22.2975
BLOCK13/SES132/SA132S27	SES083	-3.70441	17.1644	20.8688
BLOCK13/SES132/SA132S27	SES120	-1.41136	19.4575	20.8688
BLOCK13/SES132/SA132S27	SES127	-3.11076	17.7581	20.8688
BLOCK13/SES132/SA132S27	SES275	-2.62618	18.2427	20.8688
BLOCK14/SES141/SA141S09	SES143	-2.33445	18.2399	20.5743
BLOCK14/SES141/SA141S09	SES144	-2.0917	18.4826	20.5743
BLOCK14/SES141/SA141S09	SES162	-2.82115	17.7532	20.5743
BLOCK14/SES141/SA141S09	SES180	-2.71817	17.8562	20.5743
BLOCK14/SES141/SA141S15	SES127	-3.20937	17.0458	20.2552
BLOCK14/SES141/SA141S15	SES144	-2.94862	17.3066	20.2552
BLOCK14/SES141/SA141S15	SES162	-3.45062	16.8046	20.2552
BLOCK14/SES141/SA141S15	SES180	-2.77479	17.4804	20.2552
BLOCK14/SES141/SA141S24	SES127	-2.23331	18.0146	20.2479
BLOCK14/SES141/SA141S24	SES144	-2.61131	17.6366	20.2479
BLOCK14/SES141/SA141S24	SES162	-2.28341	17.9645	20.2479
BLOCK14/SES141/SA141S24	SES183	-2.173	18.0749	20.2479
BLOCK14/SES141/SA141S26	SES142	-2.98602	16.784	19.77
BLOCK14/SES141/SA141S26	SES144	-2.70727	17.0627	19.77
BLOCK14/SES141/SA141S26	SES172	-2.51066	17.2593	19.77
BLOCK14/SES141/SA141S26	SES180	-2.2868	17.4832	19.77
BLOCK14/SES141/SA141S29	SES127	-1.83558	18.0181	19.8537
BLOCK14/SES141/SA141S29	SES142	-1.33041	18.5232	19.8537
BLOCK14/SES141/SA141S29	SES144	-2.3537	17.5	19.8537
BLOCK14/SES141/SA141S29	SES180	-1.86113	17.9925	19.8537
BLOCK15/SES157/SA157S08	SES083	-4.00129	16.6563	20.6576
BLOCK15/SES157/SA157S08	SES127	-2.80155	17.8561	20.6576
BLOCK15/SES157/SA157S08	SES148	-2.93017	17.7274	20.6576
BLOCK15/SES157/SA157S08	SES292	-2.74255	17.9151	20.6576
BLOCK15/SES157/SA157S11	SES083	-3.81448	17.5083	21.3228
BLOCK15/SES157/SA157S11	SES127	-2.4807	18.8421	21.3228
BLOCK15/SES157/SA157S11	SES148	-3.039	18.2838	21.3228
BLOCK15/SES157/SA157S11	SES292	-3.20144	18.1213	21.3228
BLOCK15/SES157/SA157S21	SES127	-2.12007	18.629	20.7491
BLOCK15/SES157/SA157S21	SES148	-1.10862	19.6405	20.7491
BLOCK15/SES157/SA157S21	SES158	-6.99673	13.7524	20.7491
BLOCK15/SES157/SA157S21	SES292	-2.45039	18.2987	20.7491
BLOCK15/SES157/SA157S24	SES127	-3.00103	18.3625	21.3636
BLOCK15/SES157/SA157S24	SES148	-2.93351	18.4301	21.3636
BLOCK15/SES157/SA157S24	SES183	-3.22764	18.1359	21.3636
BLOCK15/SES157/SA157S24	SES292	-3.34052	18.023	21.3636
BLOCK15/SES157/SA157S26	SES007	-1.96619	19.3313	21.2975
BLOCK15/SES157/SA157S26	SES127	-2.31085	18.9866	21.2975
BLOCK15/SES157/SA157S26	SES147	-3.38887	17.9086	21.2975
BLOCK15/SES157/SA157S26	SES148	-2.69363	18.6038	21.2975
BLOCK16/SES161/SA161S10	SES007	-3.19474	15.2805	18.4753
BLOCK16/SES161/SA161S10	SES105	-2.65586	15.8194	18.4753
BLOCK16/SES161/SA161S10	SES158	-3.54238	14.9329	18.4753
BLOCK16/SES161/SA161S10	SES275	-2.54776	15.9275	18.4753
BLOCK16/SES161/SA161S12	SES007	-3.66746	15.5257	19.1931
BLOCK16/SES161/SA161S12	SES105	-4.18484	15.0083	19.1931
BLOCK16/SES161/SA161S12	SES158	-2.72722	16.4659	19.1931
BLOCK16/SES161/SA161S12	SES275	-2.37624	16.8169	19.1931
BLOCK16/SES161/SA161S20	SES007	-3.03728	14.7564	17.7937
BLOCK16/SES161/SA161S20	SES105	-3.78751	14.0062	17.7937
BLOCK16/SES161/SA161S20	SES158	-2.94065	14.8531	17.7937
BLOCK16/SES161/SA161S20	SES275	-2.45967	15.334	17.7937
BLOCK16/SES161/SA161S23	SES007	-4.21523	15.1271	19.3423
BLOCK16/SES161/SA161S23	SES105	-2.84143	16.5009	19.3423
BLOCK16/SES161/SA161S23	SES148	-3.19837	16.144	19.3423
BLOCK16/SES161/SA161S23	SES158	-3.76348	15.5789	19.3423
BLOCK16/SES161/SA161S28	SES007	-3.49846	15.7218	19.2203
BLOCK16/SES161/SA161S28	SES105	-3.66672	15.5535	19.2203
BLOCK16/SES161/SA161S28	SES158	-2.78191	16.4383	19.2203
BLOCK16/SES161/SA161S28	SES206	-2.76934	16.4509	19.2203
BLOCK16/SES164/SA164S11	SES104	-3.08051	17.2396	20.3201
BLOCK16/SES164/SA164S11	SES125	-2.70386	17.6163	20.3201
BLOCK16/SES164/SA164S11	SES158	-1.33757	18.9826	20.3201
BLOCK16/SES164/SA164S11	SES206	-3.25082	17.0693	20.3201
BLOCK16/SES164/SA164S13	SES099	-2.41954	16.3862	18.8057
BLOCK16/SES164/SA164S13	SES104	-3.69076	15.1149	18.8057
BLOCK16/SES164/SA164S13	SES125	-4.12869	14.677	18.8057
BLOCK16/SES164/SA164S13	SES206	-3.46381	15.3419	18.8057
BLOCK16/SES164/SA164S24	SES002	-1.73688	17.4062	19.1431
BLOCK16/SES164/SA164S24	SES099	-2.48749	16.6556	19.1431
BLOCK16/SES164/SA164S24	SES125	-3.78893	15.3541	19.1431
BLOCK16/SES164/SA164S24	SES226	-1.56296	17.5801	19.1431
BLOCK16/SES164/SA164S27	SES087	-3.26002	15.9892	19.2493
BLOCK16/SES164/SA164S27	SES125	-3.51867	15.7306	19.2493
BLOCK16/SES164/SA164S27	SES206	-3.23439	16.0149	19.2493
BLOCK16/SES164/SA164S27	SES226	-2.65035	16.5989	19.2493
BLOCK16/SES164/SA164S29	SES002	-1.40054	17.5319	18.9324
BLOCK16/SES164/SA164S29	SES019	-3.2542	15.6782	18.9324
BLOCK16/SES164/SA164S29	SES125	-2.8498	16.0826	18.9324
BLOCK16/SES164/SA164S29	SES226	-3.27516	15.6573	18.9324
BLOCK16/SES169/SA169S13	SES117	-1.88384	17.7353	19.6191
BLOCK16/SES169/SA169S13	SES144	-2.23343	17.3857	19.6191
BLOCK16/SES169/SA169S13	SES146	-2.04518	17.574	19.6191
BLOCK16/SES169/SA169S13	SES162	-2.14075	17.4784	19.6191
BLOCK16/SES169/SA169S14	SES144	-2.41789	18.57	20.9879
BLOCK16/SES169/SA169S14	SES148	-3.24551	17.7424	20.9879
BLOCK16/SES169/SA169S14	SES177	-2.25794	18.7299	20.9879
BLOCK16/SES169/SA169S14	SES180	-2.83338	18.1545	20.9879
BLOCK16/SES169/SA169S24	SES117	-2.30668	16.0236	18.3303
BLOCK16/SES169/SA169S24	SES144	-2.13157	16.1987	18.3303
BLOCK16/SES169/SA169S24	SES146	-1.75829	16.572	18.3303
BLOCK16/SES169/SA169S24	SES162	-1.82563	16.5046	18.3303
BLOCK16/SES169/SA169S27	SES127	-2.04076	17.2737	19.3144
BLOCK16/SES169/SA169S27	SES129	-1.90962	17.4048	19.3144
BLOCK16/SES169/SA169S27	SES144	-3.04606	16.2684	19.3144
BLOCK16/SES169/SA169S27	SES146	-0.909733	18.4047	19.3144
BLOCK16/SES169/SA169S29	SES144	-2.16254	18.6956	20.8582
BLOCK16/SES169/SA169S29	SES162	-1.62996	19.2282	20.8582
BLOCK16/SES169/SA169S29	SES177	-3.62119	17.237	20.8582
BLOCK16/SES169/SA169S29	SES180	-2.32559	18.5326	20.8582
BLOCK17/SES171/SA171S12	SES083	-3.01649	16.1867	19.2032
BLOCK17/SES171/SA171S12	SES148	-3.21676	15.9865	19.2032
BLOCK17/SES171/SA171S12	SES172	-2.86611	16.3371	19.2032
BLOCK17/SES171/SA171S12	SES292	-3.62888	15.5743	19.2032
BLOCK17/SES171/SA171S15	SES148	-3.2485	15.6464	18.8949
BLOCK17/SES171/SA171S15	SES177	-2.79269	16.1022	18.8949
BLOCK17/SES171/SA171S15	SES180	-4.3625	14.5324	18.8949
BLOCK17/SES171/SA171S15	SES292	-3.1412	15.7537	18.8949
BLOCK17/SES171/SA171S22	SES007	-2.39139	18.2968	20.6882
BLOCK17/SES171/SA171S22	SES148	-3.00991	17.6783	20.6882
BLOCK17/SES171/SA171S22	SES177	-1.35858	19.3296	20.6882
BLOCK17/SES171/SA171S22	SES180	-3.90606	16.7821	20.6882
BLOCK17/SES171/SA171S25	SES101	-3.52041	14.9713	18.4918
BLOCK17/SES171/SA171S25	SES120	-4.01073	14.481	18.4918
BLOCK17/SES171/SA171S25	SES177	-3.05685	15.4349	18.4918
BLOCK17/SES171/SA171S25	SES180	-3.81617	14.6756	18.4918
BLOCK17/SES171/SA171S27	SES177	-2.26863	16.9485	19.2171
BLOCK17/SES171/SA171S27	SES180	-3.86183	15.3553	19.2171
BLOCK17/SES171/SA171S27	SES189	-1.90283	17.3143	19.2171
BLOCK17/SES171/SA171S27	SES292	-3.31373	15.9034	19.2171
BLOCK17/SES173/SA173S13	SES162	-4.8896	14.8641	19.7537
BLOCK17/SES173/SA173S13	SES177	-3.18032	16.5734	19.7537
BLOCK17/SES173/SA173S13	SES180	-4.46442	15.2893	19.7537
BLOCK17/SES173/SA173S13	SES292	-2.53675	17.217	19.7537
BLOCK17/SES173/SA173S14	SES007	-3.18585	15.4189	18.6048
BLOCK17/SES173/SA173S14	SES162	-4.76295	13.8418	18.6048
BLOCK17/SES173/SA173S14	SES177	-3.0083	15.5965	18.6048
BLOCK17/SES173/SA173S14	SES180	-4.30987	14.2949	18.6048
BLOCK17/SES173/SA173S24	SES144	-3.97979	13.9022	17.882
BLOCK17/SES173/SA173S24	SES162	-4.31508	13.5669	17.882
BLOCK17/SES173/SA173S24	SES177	-2.61351	15.2685	17.882
BLOCK17/SES173/SA173S24	SES180	-3.73611	14.1459	17.882
BLOCK17/SES173/SA173S27	SES162	-4.52979	14.5819	19.1117
BLOCK17/SES173/SA173S27	SES177	-3.13293	15.9788	19.1117
BLOCK17/SES173/SA173S27	SES180	-3.24634	15.8654	19.1117
BLOCK17/SES173/SA173S27	SES292	-2.4062	16.7055	19.1117
BLOCK17/SES173/SA173S29	SES162	-3.26863	15.4876	18.7562
BLOCK17/SES173/SA173S29	SES175	-2.58924	16.1669	18.7562
BLOCK17/SES173/SA173S29	SES177	-2.76571	15.9905	18.7562
BLOCK17/SES173/SA173S29	SES292	-3.58289	15.1733	18.7562
BLOCK18/SES182/SA182S10	SES144	-2.23169	17.3932	19.6249
BLOCK18/SES182/SA182S10	SES177	-2.438	17.1869	19.6249
BLOCK18/SES182/SA182S10	SES180	-3.79369	15.8312	19.6249
BLOCK18/SES182/SA182S10	SES275	-1.61248	18.0124	19.6249
BLOCK18/SES182/SA182S12	SES144	-1.89535	17.781	19.6763
BLOCK18/SES182/SA182S12	SES177	-1.85553	17.8208	19.6763
BLOCK18/SES182/SA182S12	SES180	-2.84225	16.8341	19.6763
BLOCK18/SES182/SA182S12	SES275	-1.30896	18.3673	19.6763
BLOCK18/SES182/SA182S21	SES117	-3.14185	15.0932	18.2351
BLOCK18/SES182/SA182S21	SES144	-2.84734	15.3878	18.2351
BLOCK18/SES182/SA182S21	SES162	-2.69287	15.5422	18.2351
BLOCK18/SES182/SA182S21	SES180	-3.73509	14.5	18.2351
BLOCK18/SES182/SA182S23	SES117	-2.53478	16.7776	19.3124
BLOCK18/SES182/SA182S23	SES144	-2.83059	16.4818	19.3124
BLOCK18/SES182/SA182S23	SES180	-3.92285	15.3895	19.3124
BLOCK18/SES182/SA182S23	SES275	-1.70836	17.604	19.3124
BLOCK18/SES182/SA182S25	SES007	-1.20192	17.914	19.1159
BLOCK18/SES182/SA182S25	SES162	-2.08966	17.0263	19.1159
BLOCK18/SES182/SA182S25	SES177	-2.34738	16.7685	19.1159
BLOCK18/SES182/SA182S25	SES180	-3.12392	15.992	19.1159
BLOCK18/SES184/SA184S12	SES177	-3.011	16.82	19.831
BLOCK18/SES184/SA184S12	SES180	-3.23556	16.5955	19.831
BLOCK18/SES184/SA184S12	SES189	-2.69945	17.1316	19.831
BLOCK18/SES184/SA184S12	SES292	-3.37993	16.4511	19.831
BLOCK18/SES184/SA184S13	SES101	-3.11947	16.8583	19.9778
BLOCK18/SES184/SA184S13	SES177	-3.11337	16.8644	19.9778
BLOCK18/SES184/SA184S13	SES180	-3.17102	16.8067	19.9778
BLOCK18/SES184/SA184S13	SES292	-3.6024	16.3754	19.9778
BLOCK18/SES184/SA184S22	SES177	-2.70796	18.5573	21.2652
BLOCK18/SES184/SA184S22	SES180	-2.98131	18.2839	21.2652
BLOCK18/SES184/SA184S22	SES189	-3.42918	17.8361	21.2652
BLOCK18/SES184/SA184S22	SES292	-3.4054	17.8598	21.2652
BLOCK18/SES184/SA184S25	SES101	-2.0516	19.9996	22.0512
BLOCK18/SES184/SA184S25	SES177	-3.12416	18.927	22.0512
BLOCK18/SES184/SA184S25	SES180	-2.64005	19.4112	22.0512
BLOCK18/SES184/SA184S25	SES292	-2.66081	19.3904	22.0512
BLOCK18/SES184/SA184S27	SES083	-3.12849	16.9192	20.0477
BLOCK18/SES184/SA184S27	SES177	-2.75655	17.2912	20.0477
BLOCK18/SES184/SA184S27	SES202	-2.92536	17.1224	20.0477
BLOCK18/SES184/SA184S27	SES292	-3.135	16.9127	20.0477
BLOCK20/SES204/SA204S12	SES062	-2.74884	18.8372	21.586
BLOCK20/SES204/SA204S12	SES083	-4.7692	16.8168	21.586
BLOCK20/SES204/SA204S12	SES206	-2.7866	18.7994	21.586
BLOCK20/SES204/SA204S12	SES226	-3.96281	17.6232	21.586
BLOCK20/SES204/SA204S14	SES068	-2.37012	20.6578	23.0279
BLOCK20/SES204/SA204S14	SES087	-1.11364	21.9143	23.0279
BLOCK20/SES204/SA204S14	SES206	-2.61688	20.411	23.0279
BLOCK20/SES204/SA204S14	SES226	-4.101	18.9269	23.0279
BLOCK20/SES204/SA204S22	SES068	-3.29227	18.4938	21.7861
BLOCK20/SES204/SA204S22	SES082	-4.33373	17.4524	21.7861
BLOCK20/SES204/SA204S22	SES083	-5.60471	16.1814	21.7861
BLOCK20/SES204/SA204S22	SES206	-3.7413	18.0448	21.7861
BLOCK20/SES204/SA204S25	SES062	-3.52851	18.4327	21.9612
BLOCK20/SES204/SA204S25	SES083	-5.48763	16.4736	21.9612
BLOCK20/SES204/SA204S25	SES206	-3.17063	18.7906	21.9612
BLOCK20/SES204/SA204S25	SES226	-4.01533	17.9459	21.9612
BLOCK20/SES204/SA204S27	SES068	-3.55231	17.4979	21.0503
BLOCK20/SES204/SA204S27	SES082	-4.42913	16.6211	21.0503
BLOCK20/SES204/SA204S27	SES087	-2.79888	18.2514	21.0503
BLOCK20/SES204/SA204S27	SES206	-3.42571	17.6246	21.0503
BLOCK20/SES207/SA207S10	SES127	-3.15763	16.4983	19.6559
BLOCK20/SES207/SA207S10	SES183	-2.50738	17.1485	19.6559
BLOCK20/SES207/SA207S10	SES189	-2.70969	16.9462	19.6559
BLOCK20/SES207/SA207S10	SES292	-3.27184	16.3841	19.6559
BLOCK20/SES207/SA207S11	SES127	-3.96168	15.387	19.3487
BLOCK20/SES207/SA207S11	SES183	-2.77414	16.5746	19.3487
BLOCK20/SES207/SA207S11	SES187	-3.0209	16.3278	19.3487
BLOCK20/SES207/SA207S11	SES292	-2.2633	17.0854	19.3487
BLOCK20/SES207/SA207S25	SES068	-2.63415	17.0071	19.6412
BLOCK20/SES207/SA207S25	SES083	-3.55987	16.0813	19.6412
BLOCK20/SES207/SA207S25	SES127	-2.00449	17.6367	19.6412
BLOCK20/SES207/SA207S25	SES187	-2.26165	17.3796	19.6412
BLOCK20/SES207/SA207S27	SES127	-3.60863	14.3655	17.9741
BLOCK20/SES207/SA207S27	SES183	-2.36389	15.6102	17.9741
BLOCK20/SES207/SA207S27	SES187	-3.04331	14.9308	17.9741
BLOCK20/SES207/SA207S27	SES292	-3.73053	14.2436	17.9741
BLOCK20/SES207/SA207S29	SES083	-3.96008	15.1854	19.1455
BLOCK20/SES207/SA207S29	SES085	-2.03362	17.1118	19.1455
BLOCK20/SES207/SA207S29	SES172	-2.02024	17.1252	19.1455
BLOCK20/SES207/SA207S29	SES189	-2.85483	16.2906	19.1455
BLOCK22/SES221/SA221S12	SES068	-2.42195	18.1798	20.6017
BLOCK22/SES221/SA221S12	SES143	-3.27937	17.3223	20.6017
BLOCK22/SES221/SA221S12	SES175	-2.45996	18.1417	20.6017
BLOCK22/SES221/SA221S12	SES202	-2.34446	18.2572	20.6017
BLOCK22/SES221/SA221S15	SES085	-2.38472	16.3314	18.7161
BLOCK22/SES221/SA221S15	SES143	-3.64355	15.0726	18.7161
BLOCK22/SES221/SA221S15	SES175	-2.45048	16.2656	18.7161
BLOCK22/SES221/SA221S15	SES187	-3.62022	15.0959	18.7161
BLOCK22/SES221/SA221S23	SES068	-2.99715	17.286	20.2831
BLOCK22/SES221/SA221S23	SES143	-3.36383	16.9193	20.2831
BLOCK22/SES221/SA221S23	SES175	-2.02233	18.2608	20.2831
BLOCK22/SES221/SA221S23	SES189	-2.0307	18.2524	20.2831
BLOCK22/SES221/SA221S27	SES085	-2.0032	17.8762	19.8794
BLOCK22/SES221/SA221S27	SES143	-2.67049	17.2089	19.8794
BLOCK22/SES221/SA221S27	SES175	-1.81515	18.0643	19.8794
BLOCK22/SES221/SA221S27	SES189	-0.596836	19.2826	19.8794
BLOCK22/SES221/SA221S29	SES085	-2.15861	16.1038	18.2624
BLOCK22/SES221/SA221S29	SES143	-2.62886	15.6336	18.2624
BLOCK22/SES221/SA221S29	SES175	-2.26006	16.0024	18.2624
BLOCK22/SES221/SA221S29	SES187	-2.68452	15.5779	18.2624
BLOCK22/SES223/SA223S11	SES143	-2.96925	14.811	17.7802
BLOCK22/SES223/SA223S11	SES144	-4.73241	13.0478	17.7802
BLOCK22/SES223/SA223S11	SES175	-2.9108	14.8694	17.7802
BLOCK22/SES223/SA223S11	SES187	-3.99048	13.7898	17.7802
BLOCK22/SES223/SA223S13	SES068	-3.39408	14.0822	17.4762
BLOCK22/SES223/SA223S13	SES143	-3.60676	13.8695	17.4762
BLOCK22/SES223/SA223S13	SES146	-4.30011	13.1761	17.4762
BLOCK22/SES223/SA223S13	SES202	-3.87912	13.5971	17.4762
BLOCK22/SES223/SA223S22	SES143	-3.07389	15.529	18.6029
BLOCK22/SES223/SA223S22	SES144	-4.01765	14.5853	18.6029
BLOCK22/SES223/SA223S22	SES175	-2.66703	15.9359	18.6029
BLOCK22/SES223/SA223S22	SES187	-2.87718	15.7258	18.6029
BLOCK22/SES223/SA223S25	SES068	-2.97035	15.8804	18.8507
BLOCK22/SES223/SA223S25	SES143	-3.87585	14.9749	18.8507
BLOCK22/SES223/SA223S25	SES175	-2.86601	15.9847	18.8507
BLOCK22/SES223/SA223S25	SES187	-3.68469	15.166	18.8507
BLOCK22/SES223/SA223S27	SES143	-2.54259	14.7087	17.2513
BLOCK22/SES223/SA223S27	SES146	-3.18702	14.0643	17.2513
BLOCK22/SES223/SA223S27	SES187	-2.82876	14.4225	17.2513
BLOCK22/SES223/SA223S27	SES292	-2.07615	15.1751	17.2513
BLOCK27/SES273/SA273S12	SES099	-1.33713	21.6785	23.0156
BLOCK27/SES273/SA273S12	SES104	-1.88766	21.128	23.0156
BLOCK27/SES273/SA273S12	SES125	-3.12574	19.8899	23.0156
BLOCK27/SES273/SA273S12	SES206	-1.56865	21.447	23.0156
BLOCK27/SES273/SA273S13	SES099	-1.75936	21.2836	23.0429
BLOCK27/SES273/SA273S13	SES104	-2.21243	20.8305	23.0429
BLOCK27/SES273/SA273S13	SES206	-1.92288	21.12	23.0429
BLOCK27/SES273/SA273S13	SES292	-2.68222	20.3607	23.0429
BLOCK27/SES273/SA273S21	SES099	-0.908237	21.5219	22.4302
BLOCK27/SES273/SA273S21	SES148	-3.46845	18.9617	22.4302
BLOCK27/SES273/SA273S21	SES149	-3.50019	18.93	22.4302
BLOCK27/SES273/SA273S21	SES177	-2.36763	20.0625	22.4302
BLOCK27/SES273/SA273S25	SES104	-2.45526	19.7812	22.2365
BLOCK27/SES273/SA273S25	SES125	-2.90524	19.3313	22.2365
BLOCK27/SES273/SA273S25	SES158	-1.59988	20.6366	22.2365
BLOCK27/SES273/SA273S25	SES206	-1.58555	20.6509	22.2365
BLOCK27/SES273/SA273S27	SES099	-1.3247	20.7644	22.0891
BLOCK27/SES273/SA273S27	SES104	-2.27559	19.8135	22.0891
BLOCK27/SES273/SA273S27	SES149	-2.05134	20.0377	22.0891
BLOCK27/SES273/SA273S27	SES275	-2.59574	19.4933	22.0891
BLOCK27/SES274/SA274S10	SES105	-2.60085	18.7679	21.3688
BLOCK27/SES274/SA274S10	SES125	-4.15068	17.2181	21.3688
BLOCK27/SES274/SA274S10	SES129	-1.62453	19.7443	21.3688
BLOCK27/SES274/SA274S10	SES158	-4.29741	17.0714	21.3688
BLOCK27/SES274/SA274S11	SES105	-2.43389	19.7184	22.1523
BLOCK27/SES274/SA274S11	SES149	-3.4254	18.7269	22.1523
BLOCK27/SES274/SA274S11	SES158	-3.07753	19.0748	22.1523
BLOCK27/SES274/SA274S11	SES275	-1.38621	20.7661	22.1523
BLOCK27/SES274/SA274S21	SES105	-3.49972	18.1478	21.6475
BLOCK27/SES274/SA274S21	SES129	-2.01517	19.6324	21.6475
BLOCK27/SES274/SA274S21	SES149	-3.22663	18.4209	21.6475
BLOCK27/SES274/SA274S21	SES158	-5.57421	16.0733	21.6475
BLOCK27/SES274/SA274S24	SES105	-2.7737	19.788	22.5617
BLOCK27/SES274/SA274S24	SES129	-1.68481	20.8769	22.5617
BLOCK27/SES274/SA274S24	SES149	-3.57415	18.9876	22.5617
BLOCK27/SES274/SA274S24	SES158	-5.58014	16.9816	22.5617
BLOCK27/SES274/SA274S29	SES105	-3.06188	18.0014	21.0632
BLOCK27/SES274/SA274S29	SES106	-3.46044	17.6028	21.0632
BLOCK27/SES274/SA274S29	SES120	-2.28089	18.7824	21.0632
BLOCK27/SES274/SA274S29	SES275	-2.04788	19.0154	21.0632
BLOCK27/SES276/SA276S16	SES148	-3.35991	16.6762	20.0361
BLOCK27/SES276/SA276S16	SES172	-2.98954	17.0466	20.0361
BLOCK27/SES276/SA276S16	SES180	-3.46643	16.5697	20.0361
BLOCK27/SES276/SA276S16	SES292	-2.37413	17.662	20.0361
BLOCK27/SES276/SA276S17	SES101	-2.43319	18.2863	20.7195
BLOCK27/SES276/SA276S17	SES177	-2.65124	18.0683	20.7195
BLOCK27/SES276/SA276S17	SES180	-2.3685	18.351	20.7195
BLOCK27/SES276/SA276S17	SES292	-2.71762	18.0019	20.7195
BLOCK27/SES276/SA276S24	SES101	-1.42839	20.2373	21.6657
BLOCK27/SES276/SA276S24	SES177	-2.14487	19.5208	21.6657
BLOCK27/SES276/SA276S24	SES180	-2.5456	19.1201	21.6657
BLOCK27/SES276/SA276S24	SES292	-3.55322	18.1125	21.6657
BLOCK27/SES276/SA276S26	SES101	-3.4227	18.3241	21.7468
BLOCK27/SES276/SA276S26	SES177	-1.96057	19.7862	21.7468
BLOCK27/SES276/SA276S26	SES180	-1.40202	20.3447	21.7468
BLOCK27/SES276/SA276S26	SES292	-1.45426	20.2925	21.7468
BLOCK27/SES276/SA276S28	SES101	-1.76973	19.6421	21.4118
BLOCK27/SES276/SA276S28	SES177	-2.90862	18.5032	21.4118
BLOCK27/SES276/SA276S28	SES180	-1.83308	19.5787	21.4118
BLOCK27/SES276/SA276S28	SES292	-2.33563	19.0762	21.4118
BLOCK27/SES277/SA277S12	SES101	-2.6225	15.7999	18.4224
BLOCK27/SES277/SA277S12	SES177	-3.78652	14.6359	18.4224
BLOCK27/SES277/SA277S12	SES180	-4.25441	14.168	18.4224
BLOCK27/SES277/SA277S12	SES292	-4.34983	14.0726	18.4224
BLOCK27/SES277/SA277S14	SES177	-2.93183	14.8458	17.7776
BLOCK27/SES277/SA277S14	SES180	-3.66488	14.1128	17.7776
BLOCK27/SES277/SA277S14	SES189	-1.33355	16.4441	17.7776
BLOCK27/SES277/SA277S14	SES292	-3.80008	13.9776	17.7776
BLOCK27/SES277/SA277S21	SES177	-2.24229	17.4721	19.7144
BLOCK27/SES277/SA277S21	SES180	-3.5905	16.1239	19.7144
BLOCK27/SES277/SA277S21	SES189	-1.14076	18.5736	19.7144
BLOCK27/SES277/SA277S21	SES292	-3.57375	16.1406	19.7144
BLOCK27/SES277/SA277S24	SES144	-3.36613	13.7574	17.1235
BLOCK27/SES277/SA277S24	SES177	-2.9353	14.1882	17.1235
BLOCK27/SES277/SA277S24	SES180	-4.10861	13.0149	17.1235
BLOCK27/SES277/SA277S24	SES189	-1.49977	15.6237	17.1235
BLOCK27/SES277/SA277S29	SES177	-2.41965	18.5698	20.9894
BLOCK27/SES277/SA277S29	SES180	-3.38552	17.6039	20.9894
BLOCK27/SES277/SA277S29	SES202	-2.90053	18.0889	20.9894
BLOCK27/SES277/SA277S29	SES292	-3.78653	17.2029	20.9894
BLOCK27/SES279/SA279S09	SES120	-2.67369	18.5349	21.2086
BLOCK27/SES279/SA279S09	SES146	-3.48356	17.7251	21.2086
BLOCK27/SES279/SA279S09	SES206	-2.16987	19.0388	21.2086
BLOCK27/SES279/SA279S09	SES226	-3.89732	17.3113	21.2086
BLOCK27/SES279/SA279S10	SES099	-1.393	19.9612	21.3542
BLOCK27/SES279/SA279S10	SES206	-1.66078	19.6935	21.3542
BLOCK27/SES279/SA279S10	SES226	-3.23593	18.1183	21.3542
BLOCK27/SES279/SA279S10	SES292	-1.33213	20.0221	21.3542
BLOCK27/SES279/SA279S20	SES099	-2.66309	18.2626	20.9257
BLOCK27/SES279/SA279S20	SES206	-1.23363	19.6921	20.9257
BLOCK27/SES279/SA279S20	SES226	-3.56126	17.3645	20.9257
BLOCK27/SES279/SA279S20	SES292	-1.42559	19.5001	20.9257
BLOCK27/SES279/SA279S26	SES099	-1.38728	19.3237	20.7109
BLOCK27/SES279/SA279S26	SES206	-1.11003	19.6009	20.7109
BLOCK27/SES279/SA279S26	SES226	-3.42897	17.282	20.7109
BLOCK27/SES279/SA279S26	SES292	-1.22127	19.4897	20.7109
BLOCK27/SES279/SA279S28	SES099	-1.75397	21.2719	23.0259
BLOCK27/SES279/SA279S28	SES120	-1.85863	21.1673	23.0259
BLOCK27/SES279/SA279S28	SES177	-2.7247	20.3012	23.0259
BLOCK27/SES279/SA279S28	SES206	-1.63198	21.3939	23.0259
BLOCK29/SES290/SA290S12	SES162	-2.30975	18.4443	20.7541
BLOCK29/SES290/SA290S12	SES177	-2.84963	17.9045	20.7541
BLOCK29/SES290/SA290S12	SES180	-2.89188	17.8622	20.7541
BLOCK29/SES290/SA290S12	SES292	-3.30989	17.4442	20.7541
BLOCK29/SES290/SA290S13	SES007	-3.297	17.0559	20.3529
BLOCK29/SES290/SA290S13	SES162	-3.613	16.7399	20.3529
BLOCK29/SES290/SA290S13	SES177	-2.13814	18.2148	20.3529
BLOCK29/SES290/SA290S13	SES180	-2.80078	17.5521	20.3529
BLOCK29/SES290/SA290S22	SES177	-1.91662	18.1147	20.0313
BLOCK29/SES290/SA290S22	SES180	-2.2662	17.7651	20.0313
BLOCK29/SES290/SA290S22	SES202	-2.56694	17.4643	20.0313
BLOCK29/SES290/SA290S22	SES292	-2.68173	17.3496	20.0313
BLOCK29/SES290/SA290S25	SES162	-2.14602	18.4198	20.5658
BLOCK29/SES290/SA290S25	SES177	-2.55084	18.015	20.5658
BLOCK29/SES290/SA290S25	SES180	-2.50027	18.0656	20.5658
BLOCK29/SES290/SA290S25	SES292	-2.38789	18.1779	20.5658
BLOCK29/SES290/SA290S29	SES177	-1.22981	19.4784	20.7082
BLOCK29/SES290/SA290S29	SES180	-2.18799	18.5202	20.7082
BLOCK29/SES290/SA290S29	SES275	-2.16998	18.5382	20.7082
BLOCK29/SES290/SA290S29	SES292	-2.63175	18.0765	20.7082
BLOCK29/SES291/SA291S11	SES105	-4.31484	14.497	18.8118
BLOCK29/SES291/SA291S11	SES125	-2.27574	16.5361	18.8118
BLOCK29/SES291/SA291S11	SES158	-1.9712	16.8406	18.8118
BLOCK29/SES291/SA291S11	SES275	-3.68425	15.1275	18.8118
BLOCK29/SES291/SA291S12	SES158	-0.471552	19.5637	20.0353
BLOCK29/SES291/SA291S12	SES226	-3.09436	16.9409	20.0353
BLOCK29/SES291/SA291S12	SES270	-0.447567	19.5877	20.0353
BLOCK29/SES291/SA291S12	SES275	-5.5969	14.4384	20.0353
BLOCK29/SES291/SA291S22	SES082	-2.45584	18.2002	20.6561
BLOCK29/SES291/SA291S22	SES158	-2.29534	18.3608	20.6561
BLOCK29/SES291/SA291S22	SES259	-3.07406	17.582	20.6561
BLOCK29/SES291/SA291S22	SES275	-4.61678	16.0393	20.6561
BLOCK29/SES291/SA291S24	SES104	-1.16077	20.8082	21.969
BLOCK29/SES291/SA291S24	SES125	-1.77081	20.1981	21.969
BLOCK29/SES291/SA291S24	SES158	-1.02659	20.9424	21.969
BLOCK29/SES291/SA291S24	SES275	-4.21395	17.755	21.969
BLOCK29/SES291/SA291S27	SES158	-0.751528	20.3984	21.1499
BLOCK29/SES291/SA291S27	SES172	-4.92823	16.2217	21.1499
BLOCK29/SES291/SA291S27	SES275	-4.97201	16.1779	21.1499
BLOCK29/SES291/SA291S27	SES292	-3.65597	17.4939	21.1499
