BLOCK00/SES002/SA002S12	SES002	0.956142	-40.4634	-41.4195
BLOCK00/SES002/SA002S13	SES002	1.81446	-40.0292	-41.8436
BLOCK00/SES002/SA002S23	SES002	1.2577	-40.0158	-41.2735
BLOCK00/SES002/SA002S26	SES002	1.98304	-39.5874	-41.5704
BLOCK00/SES002/SA002S28	SES002	1.32775	-40.3405	-41.6682
BLOCK00/SES007/SA007S14	SES007	1.51513	-39.743	-41.2582
BLOCK00/SES007/SA007S15	SES007	0.812462	-41.3775	-42.19
BLOCK00/SES007/SA007S24	SES007	1.17132	-41.1845	-42.3558
BLOCK00/SES007/SA007S27	SES007	0.463005	-41.9248	-42.3878
BLOCK00/SES007/SA007S29	SES007	0.917221	-40.5418	-41.459
BLOCK00/SES008/SA008S11	SES008	1.59663	-40.8362	-42.4328
BLOCK00/SES008/SA008S12	SES008	0.625702	-41.5533	-42.179
BLOCK00/SES008/SA008S19	SES008	1.99598	-39.9735	-41.9695
BLOCK00/SES008/SA008S22	SES008	1.27963	-41.575	-42.8546
BLOCK00/SES008/SA008S29	SES008	1.7604	-40.3368	-42.0972
BLOCK01/SES014/SA014S10	SES014	1.89542	-40.0724	-41.9678
BLOCK01/SES014/SA014S12	SES014	2.84462	-37.8151	-40.6597
BLOCK01/SES014/SA014S24	SES014	1.16117	-39.9476	-41.1087
BLOCK01/SES014/SA014S26	SES014	2.18008	-37.683	-39.8631
BLOCK01/SES014/SA014S28	SES014	2.62238	-37.864	-40.4863
BLOCK01/SES016/SA016S12	SES016	1.60928	-42.6608	-44.27
BLOCK01/SES016/SA016S13	SES016	2.01356	-40.9989	-43.0124
BLOCK01/SES016/SA016S22	SES016	0.704491	-42.2632	-42.9677
BLOCK01/SES016/SA016S25	SES016	1.72763	-38.96	-40.6876
BLOCK01/SES016/SA016S27	SES016	2.20906	-39.1804	-41.3895
BLOCK01/SES019/SA019S13	SES019	2.85102	-40.581	-43.432
BLOCK01/SES019/SA019S14	SES019	2.00673	-40.6117	-42.6184
BLOCK01/SES019/SA019S22	SES019	2.44014	-40.2564	-42.6965
BLOCK01/SES019/SA019S25	SES019	2.71766	-40.4357	-43.1533
BLOCK01/SES019/SA019S29	SES019	3.55575	-40.248	-43.8037
BLOCK02/SES029/SA029S11	SES029	1.80309	-40.5539	-42.357
BLOCK02/SES029/SA029S12	SES029	0.718861	-41.121	-41.8398
BLOCK02/SES029/SA029S20	SES029	0.757702	-42.1792	-42.9369
BLOCK02/SES029/SA029S25	SES029	1.12341	-40.6108	-41.7342
BLOCK02/SES029/SA029S28	SES029	0.669048	-41.5708	-42.2398
BLOCK04/SES042/SA042S12	SES042	2.77009	-38.4312	-41.2013
BLOCK04/SES042/SA042S15	SES042	2.51015	-39.206	-41.7162
BLOCK04/SES042/SA042S22	SES042	3.38079	-37.6436	-41.0244
BLOCK04/SES042/SA042S25	SES042	2.08348	-40.4228	-42.5063
BLOCK04/SES042/SA042S27	SES042	2.05271	-39.2386	-41.2913
BLOCK04/SES048/SA048S11	SES048	1.7635	-40.1948	-41.9582
BLOCK04/SES048/SA048S12	SES048	1.07332	-40.5936	-41.6669
BLOCK04/SES048/SA048S20	SES048	1.44126	-40.314	-41.7552
BLOCK04/SES048/SA048S23	SES048	1.80758	-40.5137	-42.3213
BLOCK04/SES048/SA048S27	SES048	1.2299	-40.1071	-41.337
BLOCK06/SES060/SA060S11	SES060	1.66896	-40.373	-42.042
BLOCK06/SES060/SA060S12	SES060	-2.484	-44.7958	-42.3118
BLOCK06/SES060/SA060S22	SES060	-1.0055	-43.746	-42.7405
BLOCK06/SES060/SA060S24	SES060	1.07966	-40.6378	-41.7174
BLOCK06/SES060/SA060S28	SES060	1.28036	-39.211	-40.4913
BLOCK06/SES062/SA062S10	SES062	1.3402	-40.489	-41.8292
BLOCK06/SES062/SA062S11	SES062	1.47593	-40.2447	-41.7206
BLOCK06/SES062/SA062S21	SES062	2.71723	-37.7557	-40.4729
BLOCK06/SES062/SA062S26	SES062	1.07763	-39.6795	-40.7571
BLOCK06/SES062/SA062S29	SES062	1.58848	-39.3369	-40.9253
BLOCK06/SES068/SA068S14	SES068	1.03582	-41.2479	-42.2837
BLOCK06/SES068/SA068S15	SES068	1.19687	-40.2749	-41.4718
BLOCK06/SES068/SA068S23	SES068	0.896526	-41.4908	-42.3874
BLOCK06/SES068/SA068S27	SES068	2.06073	-39.7376	-41.7983
BLOCK06/SES068/SA068S29	SES068	1.20071	-40.2516	-41.4523
BLOCK08/SES082/SA082S12	SES082	0.835926	-41.7781	-42.614
BLOCK08/SES082/SA082S14	SES082	0.466805	-41.9727	-42.4396
BLOCK08/SES082/SA082S21	SES082	0.539242	-41.3943	-41.9336
BLOCK08/SES082/SA082S24	SES082	0.951412	-40.911	-41.8624
BLOCK08/SES082/SA082S28	SES082	0.352272	-41.7067	-42.059
BLOCK08/SES083/SA083S14	SES083	-0.235508	-42.2852	-42.0497
BLOCK08/SES083/SA083S15	SES083	0.258595	-41.5509	-41.8095
BLOCK08/SES083/SA083S24	SES083	0.0833015	-41.8746	-41.9579
BLOCK08/SES083/SA083S26	SES083	0.876297	-41.0613	-41.9376
BLOCK08/SES083/SA083S29	SES083	0.315865	-41.2746	-41.5904
BLOCK08/SES085/SA085S10	SES085	0.403599	-41.2133	-41.6169
BLOCK08/SES085/SA085S13	SES085	0.712181	-41.9615	-42.6737
BLOCK08/SES085/SA085S22	SES085	-3.02798	-45.6274	-42.5995
BLOCK08/SES085/SA085S26	SES085	-0.472111	-42.251	-41.7789
BLOCK08/SES085/SA085S28	SES085	1.33652	-40.5674	-41.9039
BLOCK08/SES087/SA087S15	SES087	1.73278	-40.3849	-42.1177
BLOCK08/SES087/SA087S16	SES087	1.75704	-40.246	-42.003
BLOCK08/SES087/SA087S24	SES087	1.60412	-40.4719	-42.0761
BLOCK08/SES087/SA087S26	SES087	1.5733	-39.1626	-40.7359
BLOCK08/SES087/SA087S29	SES087	1.85815	-40.4182	-42.2764
BLOCK09/SES099/SA099S15	SES099	0.941826	-41.2511	-42.1929
BLOCK09/SES099/SA099S16	SES099	1.14359	-40.6631	-41.8067
BLOCK09/SES099/SA099S24	SES099	1.28192	-40.0172	-41.2991
BLOCK09/SES099/SA099S26	SES099	1.38307	-40.2136	-41.5967
BLOCK09/SES099/SA099S29	SES099	1.49144	-40.0903	-41.5817
BLOCK10/SES101/SA101S11	SES101	0.859615	-41.0545	-41.9141
BLOCK10/SES101/SA101S13	SES101	1.82713	-40.1111	-41.9382
BLOCK10/SES101/SA101S22	SES101	1.53987	-41.4881	-43.0279
BLOCK10/SES101/SA101S24	SES101	1.83175	-40.8827	-42.7144
BLOCK10/SES101/SA101S28	SES101	0.474945	-42.264	-42.739
BLOCK10/SES104/SA104S11	SES104	1.17097	-39.6127	-40.7836
BLOCK10/SES104/SA104S12	SES104	1.68042	-39.3783	-41.0587
BLOCK10/SES104/SA104S21	SES104	1.18822	-40.459	-41.6472
BLOCK10/SES104/SA104S24	SES104	0.962898	-40.8325	-41.7954
BLOCK10/SES104/SA104S28	SES104	0.961613	-40.6762	-41.6378
BLOCK10/SES105/SA105S12	SES105	0.848385	-41.9345	-42.7828
BLOCK10/SES105/SA105S13	SES105	1.48877	-41.0818	-42.5705
BLOCK10/SES105/SA105S22	SES105	0.5434	-42.5809	-43.1243
BLOCK10/SES105/SA105S26	SES105	1.56139	-41.4454	-43.0068
BLOCK10/SES105/SA105S29	SES105	0.995998	-41.49	-42.486
BLOCK10/SES106/SA106S09	SES106	0.987438	-41.8361	-42.8235
BLOCK10/SES106/SA106S11	SES106	1.56363	-39.7863	-41.3499
BLOCK10/SES106/SA106S22	SES106	2.19985	-40.5677	-42.7676
BLOCK10/SES106/SA106S27	SES106	1.37851	-40.3778	-41.7563
BLOCK10/SES106/SA106S29	SES106	1.08461	-40.5383	-41.623
BLOCK11/SES117/SA117S12	SES117	0.602528	-41.6467	-42.2492
BLOCK11/SES117/SA117S13	SES117	0.665657	-41.276	-41.9416
BLOCK11/SES117/SA117S23	SES117	1.71857	-42.1084	-43.827
BLOCK11/SES117/SA117S25	SES117	0.934757	-42.2481	-43.1829
BLOCK11/SES117/SA117S28	SES117	1.19148	-41.9078	-43.0993
BLOCK12/SES120/SA120S08	SES120	1.47739	-42.4422	-43.9196
BLOCK12/SES120/SA120S11	SES120	-0.028038	-44.3974	-44.3694
BLOCK12/SES120/SA120S22	SES120	0.421326	-41.5778	-41.9991
BLOCK12/SES120/SA120S24	SES120	1.08057	-41.8103	-42.8909
BLOCK12/SES120/SA120S28	SES120	-0.124584	-43.8705	-43.7459
BLOCK12/SES125/SA125S13	SES125	1.91556	-39.4475	-41.3631
BLOCK12/SES125/SA125S14	SES125	1.21298	-40.555	-41.768
BLOCK12/SES125/SA125S25	SES125	1.77293	-39.8203	-41.5932
BLOCK12/SES125/SA125S27	SES125	1.84511	-39.262	-41.1071
BLOCK12/SES125/SA125S29	SES125	1.98841	-39.5624	-41.5508
BLOCK12/SES127/SA127S11	SES127	0.913029	-41.35	-42.2631
BLOCK12/SES127/SA127S12	SES127	0.200588	-41.3065	-41.5071
BLOCK12/SES127/SA127S23	SES127	0.731373	-41.5565	-42.2879
BLOCK12/SES127/SA127S25	SES127	-0.103893	-42.0816	-41.9778
BLOCK12/SES127/SA127S27	SES127	1.12073	-41.0438	-42.1645
BLOCK12/SES129/SA129S11	SES129	1.41827	-40.0103	-41.4286
BLOCK12/SES129/SA129S12	SES129	1.33968	-39.8725	-41.2122
BLOCK12/SES129/SA129S22	SES129	1.51804	-40.3379	-41.8559
BLOCK12/SES129/SA129S27	SES129	1.79514	-39.5397	-41.3348
BLOCK12/SES129/SA129S29	SES129	2.09534	-39.4885	-41.5839
BLOCK14/SES142/SA142S11	SES142	2.10468	-41.1935	-43.2981
BLOCK14/SES142/SA142S12	SES142	0.423779	-42.5913	-43.015
BLOCK14/SES142/SA142S24	SES142	1.94242	-41.329	-43.2714
BLOCK14/SES142/SA142S27	SES142	2.37381	-40.5738	-42.9476
BLOCK14/SES142/SA142S29	SES142	2.57115	-40.0312	-42.6024
BLOCK14/SES143/SA143S12	SES143	1.58034	-41.2963	-42.8766
BLOCK14/SES143/SA143S13	SES143	1.10624	-42.0287	-43.135
BLOCK14/SES143/SA143S23	SES143	1.58739	-41.5696	-43.157
BLOCK14/SES143/SA143S25	SES143	1.12304	-41.5379	-42.6609
BLOCK14/SES143/SA143S28	SES143	1.35548	-40.8641	-42.2196
BLOCK14/SES144/SA144S09	SES144	0.927746	-41.1313	-42.059
BLOCK14/SES144/SA144S11	SES144	0.836109	-42.283	-43.1191
BLOCK14/SES144/SA144S21	SES144	0.502979	-42.0092	-42.5121
BLOCK14/SES144/SA144S25	SES144	0.725357	-41.8102	-42.5355
BLOCK14/SES144/SA144S29	SES144	0.292442	-41.8125	-42.1049
BLOCK14/SES146/SA146S14	SES146	0.622639	-42.0754	-42.6981
BLOCK14/SES146/SA146S15	SES146	0.24437	-41.946	-42.1903
BLOCK14/SES146/SA146S24	SES146	0.417313	-42.0099	-42.4272
BLOCK14/SES146/SA146S26	SES146	1.04213	-42.1786	-43.2208
BLOCK14/SES146/SA146S29	SES146	0.233131	-43.102	-43.3351
BLOCK14/SES147/SA147S11	SES147	1.75135	-41.6117	-43.3631
BLOCK14/SES147/SA147S13	SES147	1.97944	-40.3176	-42.297
BLOCK14/SES147/SA147S23	SES147	1.61301	-41.7721	-43.3851
BLOCK14/SES147/SA147S26	SES147	1.1958	-41.7001	-42.8959
BLOCK14/SES147/SA147S28	SES147	1.92275	-40.6874	-42.6102
BLOCK14/SES148/SA148S10	SES148	1.17099	-40.4425	-41.6135
BLOCK14/SES148/SA148S12	SES148	1.04651	-41.5296	-42.5761
BLOCK14/SES148/SA148S22	SES148	1.42218	-39.6764	-41.0986
BLOCK14/SES148/SA148S26	SES148	1.08138	-40.9776	-42.059
BLOCK14/SES148/SA148S29	SES148	0.879063	-41.3984	-42.2774
BLOCK14/SES149/SA149S13	SES149	0.283371	-41.5222	-41.8056
BLOCK14/SES149/SA149S14	SES149	0.229942	-40.9667	-41.1966
BLOCK14/SES149/SA149S24	SES149	1.51933	-40.3548	-41.8741
BLOCK14/SES149/SA149S26	SES149	2.11898	-39.5806	-41.6996
BLOCK14/SES149/SA149S28	SES149	2.62965	-39.0738	-41.7035
BLOCK15/SES158/SA158S13	SES158	1.13818	-41.2521	-42.3903
BLOCK15/SES158/SA158S14	SES158	1.70185	-40.9825	-42.6843
BLOCK15/SES158/SA158S23	SES158	1.19381	-40.6443	-41.8381
BLOCK15/SES158/SA158S26	SES158	1.70802	-40.3234	-42.0314
BLOCK15/SES158/SA158S28	SES158	1.08731	-41.0981	-42.1854
BLOCK16/SES162/SA162S10	SES162	1.19773	-42.1468	-43.3445
BLOCK16/SES162/SA162S11	SES162	1.28275	-41.0595	-42.3422
BLOCK16/SES162/SA162S21	SES162	2.07261	-40.8038	-42.8764
BLOCK16/SES162/SA162S24	SES162	1.45898	-41.4468	-42.9058
BLOCK16/SES162/SA162S27	SES162	1.66664	-41.5346	-43.2012
BLOCK16/SES167/SA167S14	SES167	1.40474	-40.3071	-41.7119
BLOCK16/SES167/SA167S15	SES167	1.78066	-40.9328	-42.7134
BLOCK16/SES167/SA167S21	SES167	1.75381	-39.5315	-41.2853
BLOCK16/SES167/SA167S25	SES167	1.79645	-40.6462	-42.4427
BLOCK16/SES167/SA167S29	SES167	2.89298	-38.9891	-41.8821
BLOCK17/SES172/SA172S12	SES172	1.90484	-40.9616	-42.8664
BLOCK17/SES172/SA172S13	SES172	2.30508	-40.9322	-43.2373
BLOCK17/SES172/SA172S23	SES172	1.69157	-39.7233	-41.4149
BLOCK17/SES172/SA172S27	SES172	1.34497	-41.3567	-42.7016
BLOCK17/SES172/SA172S29	SES172	1.71418	-41.149	-42.8631
BLOCK17/SES175/SA175S11	SES175	1.66116	-40.9498	-42.611
BLOCK17/SES175/SA175S13	SES175	1.62864	-40.9131	-42.5418
BLOCK17/SES175/SA175S23	SES175	1.81557	-41.208	-43.0236
BLOCK17/SES175/SA175S25	SES175	1.26952	-42.5415	-43.8111
BLOCK17/SES175/SA175S28	SES175	1.78699	-40.5804	-42.3674
BLOCK17/SES177/SA177S15	SES177	0.449448	-41.8655	-42.315
BLOCK17/SES177/SA177S17	SES177	0.992222	-41.1995	-42.1917
BLOCK17/SES177/SA177S23	SES177	0.27216	-42.1599	-42.4321
BLOCK17/SES177/SA177S26	SES177	0.938305	-39.7718	-40.7101
BLOCK17/SES177/SA177S28	SES177	1.01316	-40.6146	-41.6278
BLOCK18/SES180/SA180S13	SES180	1.31566	-41.2006	-42.5162
BLOCK18/SES180/SA180S15	SES180	1.13487	-41.5818	-42.7167
BLOCK18/SES180/SA180S24	SES180	1.36537	-39.7279	-41.0932
BLOCK18/SES180/SA180S26	SES180	1.22831	-40.6847	-41.913
BLOCK18/SES180/SA180S29	SES180	1.35046	-41.5211	-42.8716
BLOCK18/SES183/SA183S13	SES183	1.07226	-41.8626	-42.9349
BLOCK18/SES183/SA183S14	SES183	0.91571	-41.9665	-42.8822
BLOCK18/SES183/SA183S24	SES183	1.64235	-41.5494	-43.1918
BLOCK18/SES183/SA183S27	SES183	1.26526	-41.3744	-42.6397
BLOCK18/SES183/SA183S29	SES183	1.31077	-40.9419	-42.2527
BLOCK18/SES187/SA187S13	SES187	1.03532	-42.4982	-43.5335
BLOCK18/SES187/SA187S14	SES187	0.7967	-42.2147	-43.0114
BLOCK18/SES187/SA187S24	SES187	1.55421	-41.3613	-42.9155
BLOCK18/SES187/SA187S27	SES187	1.67667	-40.8696	-42.5462
BLOCK18/SES187/SA187S29	SES187	1.48299	-41.6239	-43.1069
BLOCK18/SES189/SA189S10	SES189	2.2335	-42.8936	-45.1271
BLOCK18/SES189/SA189S13	SES189	2.51355	-43.1915	-45.705
BLOCK18/SES189/SA189S24	SES189	2.78691	-42.0957	-44.8826
BLOCK18/SES189/SA189S26	SES189	1.38645	-42.3475	-43.7339
BLOCK18/SES189/SA189S29	SES189	2.42378	-42.1424	-44.5662
BLOCK20/SES202/SA202S12	SES202	1.61385	-42.2279	-43.8417
BLOCK20/SES202/SA202S14	SES202	3.22238	-40.3996	-43.622
BLOCK20/SES202/SA202S24	SES202	2.15774	-41.2644	-43.4222
BLOCK20/SES202/SA202S27	SES202	2.34858	-40.1438	-42.4924
BLOCK20/SES202/SA202S29	SES202	3.03782	-39.9383	-42.9762
BLOCK20/SES206/SA206S15	SES206	0.101826	-40.7479	-40.8498
BLOCK20/SES206/SA206S17	SES206	1.96491	-39.4729	-41.4378
BLOCK20/SES206/SA206S24	SES206	1.89459	-39.3885	-41.2831
BLOCK20/SES206/SA206S27	SES206	1.93539	-40.0383	-41.9737
BLOCK20/SES206/SA206S29	SES206	1.81353	-39.0029	-40.8165
BLOCK22/SES226/SA226S12	SES226	0.891006	-41.6003	-42.4913
BLOCK22/SES226/SA226S13	SES226	-0.592304	-42.5212	-41.9289
BLOCK22/SES226/SA226S20	SES226	1.21072	-41.2374	-42.4481
BLOCK22/SES226/SA226S23	SES226	1.3541	-40.4103	-41.7644
BLOCK22/SES226/SA226S28	SES226	1.69908	-40.1439	-41.843
BLOCK25/SES259/SA259S13	SES259	3.04129	-38.8351	-41.8764
BLOCK25/SES259/SA259S14	SES259	1.80671	-39.8087	-41.6154
BLOCK25/SES259/SA259S22	SES259	1.29212	-40.0282	-41.3203
BLOCK25/SES259/SA259S24	SES259	1.71384	-39.4097	-41.1236
BLOCK25/SES259/SA259S28	SES259	1.66936	-39.447	-41.1164
BLOCK27/SES270/SA270S14	SES270	2.04985	-40.9313	-42.9811
BLOCK27/SES270/SA270S16	SES270	0.808796	-41.056	-41.8648
BLOCK27/SES270/SA270S22	SES270	2.66273	-39.6848	-42.3475
BLOCK27/SES270/SA270S26	SES270	1.0117	-42.0226	-43.0343
BLOCK27/SES270/SA270S28	SES270	0.872574	-40.8442	-41.7168
BLOCK27/SES275/SA275S17	SES275	1.42848	-41.6018	-43.0303
BLOCK27/SES275/SA275S18	SES275	0.532387	-41.8363	-42.3687
BLOCK27/SES275/SA275S24	SES275	0.648239	-42.8021	-43.4504
BLOCK27/SES275/SA275S26	SES275	1.14174	-40.8275	-41.9692
BLOCK27/SES275/SA275S28	SES275	0.394451	-41.4805	-41.8749
BLOCK29/SES292/SA292S10	SES292	0.721748	-41.5046	-42.2264
BLOCK29/SES292/SA292S12	SES292	0.21093	-42.4511	-42.6621
BLOCK29/SES292/SA292S22	SES292	1.09171	-40.7388	-41.8305
BLOCK29/SES292/SA292S24	SES292	0.498539	-41.0797	-41.5782
BLOCK29/SES292/SA292S27	SES292	0.246849	-40.9605	-41.2073
BLOCK00/SES001/SA001S14	SES062	-2.42659	-44.5034	-42.0768
BLOCK00/SES001/SA001S14	SES082	-3.5303	-45.6071	-42.0768
BLOCK00/SES001/SA001S14	SES106	-2.69237	-44.7692	-42.0768
BLOCK00/SES001/SA001S14	SES206	-3.08089	-45.1577	-42.0768
BLOCK00/SES001/SA001S15	SES062	-2.10525	-43.2214	-41.1161
BLOCK00/SES001/SA001S15	SES104	-3.05621	-44.1723	-41.1161
BLOCK00/SES001/SA001S15	SES106	-2.50542	-43.6215	-41.1161
BLOCK00/SES001/SA001S15	SES206	-2.10919	-43.2253	-41.1161
BLOCK00/SES001/SA001S24	SES062	-3.56481	-45.8755	-42.3107
BLOCK00/SES001/SA001S24	SES082	-3.05517	-45.3658	-42.3107
BLOCK00/SES001/SA001S24	SES087	-3.53772	-45.8484	-42.3107
BLOCK00/SES001/SA001S24	SES206	-3.17017	-45.4808	-42.3107
BLOCK00/SES001/SA001S27	SES062	-2.01225	-43.1079	-41.0956
BLOCK00/SES001/SA001S27	SES082	-3.70672	-44.8024	-41.0956
BLOCK00/SES001/SA001S27	SES087	-4.64861	-45.7443	-41.0956
BLOCK00/SES001/SA001S27	SES206	-4.06942	-45.1651	-41.0956
BLOCK00/SES001/SA001S29	SES062	-2.67411	-44.8297	-42.1556
BLOCK00/SES001/SA001S29	SES082	-2.47237	-44.628	-42.1556
BLOCK00/SES001/SA001S29	SES158	-1.79967	-43.9553	-42.1556
BLOCK00/SES001/SA001S29	SES206	-4.10208	-46.2577	-42.1556
BLOCK00/SES003/SA003S11	SES002	-1.14511	-43.0983	-41.9532
BLOCK00/SES003/SA003S11	SES019	-1.70029	-43.6535	-41.9532
BLOCK00/SES003/SA003S11	SES082	0.0206642	-41.9325	-41.9532
BLOCK00/SES003/SA003S11	SES125	-1.40332	-43.3565	-41.9532
BLOCK00/SES003/SA003S15	SES016	-3.49336	-45.0149	-41.5216
BLOCK00/SES003/SA003S15	SES019	-1.97495	-43.4965	-41.5216
BLOCK00/SES003/SA003S15	SES062	-2.74936	-44.2709	-41.5216
BLOCK00/SES003/SA003S15	SES206	-1.8164	-43.338	-41.5216
BLOCK00/SES003/SA003S22	SES002	-2.12068	-43.6528	-41.5322
BLOCK00/SES003/SA003S22	SES062	-1.40005	-42.9322	-41.5322
BLOCK00/SES003/SA003S22	SES082	-0.746128	-42.2783	-41.5322
BLOCK00/SES003/SA003S22	SES087	-1.39996	-42.9321	-41.5322
BLOCK00/SES003/SA003S25	SES062	-3.40176	-45.2267	-41.8249
BLOCK00/SES003/SA003S25	SES082	-0.775658	-42.6006	-41.8249
BLOCK00/SES003/SA003S25	SES087	-1.2168	-43.0417	-41.8249
BLOCK00/SES003/SA003S25	SES206	-1.52598	-43.3509	-41.8249
BLOCK00/SES003/SA003S29	SES002	-2.00848	-43.9722	-41.9638
BLOCK00/SES003/SA003S29	SES062	-2.4192	-44.383	-41.9638
BLOCK00/SES003/SA003S29	SES082	-0.449825	-42.4136	-41.9638
BLOCK00/SES003/SA003S29	SES087	-2.03107	-43.9948	-41.9638
BLOCK00/SES004/SA004S12	SES083	-2.43333	-45.4582	-43.0249
BLOCK00/SES004/SA004S12	SES148	-2.04126	-45.0662	-43.0249
BLOCK00/SES004/SA004S12	SES172	-1.3255	-44.3504	-43.0249
BLOCK00/SES004/SA004S12	SES292	-2.46226	-45.4872	-43.0249
BLOCK00/SES004/SA004S17	SES083	-2.61493	-45.5522	-42.9372
BLOCK00/SES004/SA004S17	SES162	-1.21614	-44.1534	-42.9372
BLOCK00/SES004/SA004S17	SES172	-2.23265	-45.1699	-42.9372
BLOCK00/SES004/SA004S17	SES292	-2.17156	-45.1088	-42.9372
BLOCK00/SES004/SA004S24	SES083	-2.23633	-44.4197	-42.1834
BLOCK00/SES004/SA004S24	SES148	-1.86684	-44.0503	-42.1834
BLOCK00/SES004/SA004S24	SES172	-0.913815	-43.0972	-42.1834
BLOCK00/SES004/SA004S24	SES292	-1.49825	-43.6817	-42.1834
BLOCK00/SES004/SA004S26	SES083	-1.95259	-44.6287	-42.6761
BLOCK00/SES004/SA004S26	SES127	-1.1428	-43.8189	-42.6761
BLOCK00/SES004/SA004S26	SES148	-3.15717	-45.8333	-42.6761
BLOCK00/SES004/SA004S26	SES292	-1.57707	-44.2532	-42.6761
BLOCK00/SES004/SA004S28	SES083	-2.22428	-44.0291	-41.8048
BLOCK00/SES004/SA004S28	SES127	-1.08511	-42.8899	-41.8048
BLOCK00/SES004/SA004S28	SES187	-1.16309	-42.9679	-41.8048
BLOCK00/SES004/SA004S28	SES292	-3.34097	-45.1458	-41.8048
BLOCK00/SES006/SA006S10	SES014	-3.83204	-47.8995	-44.0675
BLOCK00/SES006/SA006S10	SES158	-1.0943	-45.1618	-44.0675
BLOCK00/SES006/SA006S10	SES226	-4.22343	-48.2909	-44.0675
BLOCK00/SES006/SA006S10	SES270	-0.816521	-44.884	-44.0675
BLOCK00/SES006/SA006S11	SES158	-1.50957	-45.3207	-43.8111
BLOCK00/SES006/SA006S11	SES226	-3.14258	-46.9537	-43.8111
BLOCK00/SES006/SA006S11	SES270	-1.24019	-45.0513	-43.8111
BLOCK00/SES006/SA006S11	SES275	-3.98023	-47.7914	-43.8111
BLOCK00/SES006/SA006S23	SES062	-2.57786	-45.2828	-42.7049
BLOCK00/SES006/SA006S23	SES105	-2.17041	-44.8753	-42.7049
BLOCK00/SES006/SA006S23	SES158	-1.16959	-43.8745	-42.7049
BLOCK00/SES006/SA006S23	SES275	-2.77739	-45.4823	-42.7049
BLOCK00/SES006/SA006S26	SES104	-2.97738	-45.2386	-42.2613
BLOCK00/SES006/SA006S26	SES158	-0.721733	-42.983	-42.2613
BLOCK00/SES006/SA006S26	SES270	0.0954323	-42.1658	-42.2613
BLOCK00/SES006/SA006S26	SES275	-3.71165	-45.9729	-42.2613
BLOCK00/SES006/SA006S28	SES007	-2.29543	-45.6247	-43.3293
BLOCK00/SES006/SA006S28	SES105	-2.77037	-46.0996	-43.3293
BLOCK00/SES006/SA006S28	SES158	-1.583	-44.9123	-43.3293
BLOCK00/SES006/SA006S28	SES275	-3.17611	-46.5054	-43.3293
BLOCK00/SES009/SA009S12	SES083	-1.94206	-43.9122	-41.9701
BLOCK00/SES009/SA009S12	SES148	-1.45876	-43.4289	-41.9701
BLOCK00/SES009/SA009S12	SES177	-1.85594	-43.8261	-41.9701
BLOCK00/SES009/SA009S12	SES292	-1.00885	-42.979	-41.9701
BLOCK00/SES009/SA009S15	SES007	0.115471	-40.9894	-41.1049
BLOCK00/SES009/SA009S15	SES099	-5.77316	-46.878	-41.1049
BLOCK00/SES009/SA009S15	SES148	-1.88446	-42.9893	-41.1049
BLOCK00/SES009/SA009S15	SES172	-1.47021	-42.5751	-41.1049
BLOCK00/SES009/SA009S24	SES146	-0.698635	-42.2906	-41.5919
BLOCK00/SES009/SA009S24	SES148	-1.43419	-43.0261	-41.5919
BLOCK00/SES009/SA009S24	SES177	-1.55609	-43.148	-41.5919
BLOCK00/SES009/SA009S24	SES292	-0.960865	-42.5528	-41.5919
BLOCK00/SES009/SA009S26	SES083	-2.43512	-44.3741	-41.939
BLOCK00/SES009/SA009S26	SES101	-1.81528	-43.7543	-41.939
BLOCK00/SES009/SA009S26	SES120	-0.920372	-42.8594	-41.939
BLOCK00/SES009/SA009S26	SES177	-2.19696	-44.136	-41.939
BLOCK00/SES009/SA009S29	SES083	-1.81605	-43.3321	-41.5161
BLOCK00/SES009/SA009S29	SES101	-1.56762	-43.0837	-41.5161
BLOCK00/SES009/SA009S29	SES177	-2.03715	-43.5532	-41.5161
BLOCK00/SES009/SA009S29	SES292	-1.24967	-42.7658	-41.5161
BLOCK01/SES011/SA011S10	SES019	-1.48121	-43.7343	-42.2531
BLOCK01/SES011/SA011S10	SES042	-1.19741	-43.4505	-42.2531
BLOCK01/SES011/SA011S10	SES082	-3.10046	-45.3536	-42.2531
BLOCK01/SES011/SA011S10	SES206	-1.80873	-44.0618	-42.2531
BLOCK01/SES011/SA011S11	SES019	-1.73703	-44.6083	-42.8713
BLOCK01/SES011/SA011S11	SES042	-1.90609	-44.7773	-42.8713
BLOCK01/SES011/SA011S11	SES082	-3.30249	-46.1737	-42.8713
BLOCK01/SES011/SA011S11	SES206	-1.35376	-44.225	-42.8713
BLOCK01/SES011/SA011S22	SES019	-0.917885	-43.2154	-42.2975
BLOCK01/SES011/SA011S22	SES042	-1.45366	-43.7511	-42.2975
BLOCK01/SES011/SA011S22	SES082	-2.8779	-45.1754	-42.2975
BLOCK01/SES011/SA011S22	SES206	-1.218	-43.5155	-42.2975
BLOCK01/SES011/SA011S24	SES019	-1.25043	-43.1654	-41.9149
BLOCK01/SES011/SA011S24	SES042	-1.25092	-43.1659	-41.9149
BLOCK01/SES011/SA011S24	SES104	-1.98146	-43.8964	-41.9149
BLOCK01/SES011/SA011S24	SES206	-0.710808	-42.6258	-41.9149
BLOCK01/SES011/SA011S27	SES082	-0.121857	-41.6806	-41.5588
BLOCK01/SES011/SA011S27	SES087	-1.33731	-42.8961	-41.5588
BLOCK01/SES011/SA011S27	SES125	-0.90538	-42.4641	-41.5588
BLOCK01/SES011/SA011S27	SES206	-0.453331	-42.0121	-41.5588
BLOCK01/SES012/SA012S11	SES007	-1.5294	-42.1133	-40.5839
BLOCK01/SES012/SA012S11	SES082	-1.85852	-42.4424	-40.5839
BLOCK01/SES012/SA012S11	SES083	-2.36127	-42.9452	-40.5839
BLOCK01/SES012/SA012S11	SES206	-1.28587	-41.8698	-40.5839
BLOCK01/SES012/SA012S14	SES082	-1.53816	-42.8384	-41.3003
BLOCK01/SES012/SA012S14	SES087	-2.23544	-43.5357	-41.3003
BLOCK01/SES012/SA012S14	SES206	-1.47586	-42.7761	-41.3003
BLOCK01/SES012/SA012S14	SES292	-2.80137	-44.1017	-41.3003
BLOCK01/SES012/SA012S24	SES082	-0.379696	-42.6431	-42.2634
BLOCK01/SES012/SA012S24	SES087	-1.78689	-44.0503	-42.2634
BLOCK01/SES012/SA012S24	SES120	-4.66679	-46.9302	-42.2634
BLOCK01/SES012/SA012S24	SES206	-0.987801	-43.2512	-42.2634
BLOCK01/SES012/SA012S26	SES019	-2.8583	-44.2079	-41.3497
BLOCK01/SES012/SA012S26	SES082	-2.21076	-43.5604	-41.3497
BLOCK01/SES012/SA012S26	SES206	-0.359314	-41.709	-41.3497
BLOCK01/SES012/SA012S26	SES292	-3.12888	-44.4785	-41.3497
BLOCK01/SES012/SA012S29	SES062	-1.59618	-42.7247	-41.1285
BLOCK01/SES012/SA012S29	SES082	-0.721699	-41.8502	-41.1285
BLOCK01/SES012/SA012S29	SES083	-2.01604	-43.1445	-41.1285
BLOCK01/SES012/SA012S29	SES206	-1.24895	-42.3774	-41.1285
BLOCK01/SES013/SA013S16	SES062	-3.83823	-45.2826	-41.4443
BLOCK01/SES013/SA013S16	SES106	-1.17147	-42.6158	-41.4443
BLOCK01/SES013/SA013S16	SES206	-1.54878	-42.9931	-41.4443
BLOCK01/SES013/SA013S16	SES226	-0.85461	-42.2989	-41.4443
BLOCK01/SES013/SA013S17	SES062	-2.84861	-43.7094	-40.8608
BLOCK01/SES013/SA013S17	SES106	-1.59342	-42.4542	-40.8608
BLOCK01/SES013/SA013S17	SES206	-0.745693	-41.6065	-40.8608
BLOCK01/SES013/SA013S17	SES226	-0.36644	-41.2272	-40.8608
BLOCK01/SES013/SA013S23	SES104	-1.61902	-43.4483	-41.8293
BLOCK01/SES013/SA013S23	SES106	-0.875908	-42.7052	-41.8293
BLOCK01/SES013/SA013S23	SES206	-1.30757	-43.1369	-41.8293
BLOCK01/SES013/SA013S23	SES270	-0.690075	-42.5194	-41.8293
BLOCK01/SES013/SA013S25	SES042	-2.08913	-43.2686	-41.1795
BLOCK01/SES013/SA013S25	SES104	-1.04764	-42.2271	-41.1795
BLOCK01/SES013/SA013S25	SES106	-0.984344	-42.1638	-41.1795
BLOCK01/SES013/SA013S25	SES206	-1.51544	-42.6949	-41.1795
BLOCK01/SES013/SA013S29	SES062	-3.89592	-45.5193	-41.6233
BLOCK01/SES013/SA013S29	SES104	-1.79227	-43.4156	-41.6233
BLOCK01/SES013/SA013S29	SES106	-0.685482	-42.3088	-41.6233
BLOCK01/SES013/SA013S29	SES206	-1.80608	-43.4294	-41.6233
BLOCK02/SES021/SA021S13	SES016	-3.29598	-44.7444	-41.4484
BLOCK02/SES021/SA021S13	SES029	-2.52727	-43.9757	-41.4484
BLOCK02/SES021/SA021S13	SES087	-1.8534	-43.3018	-41.4484
BLOCK02/SES021/SA021S13	SES206	-0.471497	-41.9199	-41.4484
BLOCK02/SES021/SA021S15	SES087	-1.10263	-41.4412	-40.3386
BLOCK02/SES021/SA021S15	SES125	-0.493553	-40.8322	-40.3386
BLOCK02/SES021/SA021S15	SES206	-0.407032	-40.7456	-40.3386
BLOCK02/SES021/SA021S15	SES226	-1.78613	-42.1247	-40.3386
BLOCK02/SES021/SA021S23	SES062	-3.6226	-45.7645	-42.1419
BLOCK02/SES021/SA021S23	SES087	-2.13078	-44.2727	-42.1419
BLOCK02/SES021/SA021S23	SES206	-1.89021	-44.0321	-42.1419
BLOCK02/SES021/SA021S23	SES226	-1.49214	-43.634	-42.1419
BLOCK02/SES021/SA021S27	SES002	-1.34426	-42.19	-40.8458
BLOCK02/SES021/SA021S27	SES016	-4.11541	-44.9612	-40.8458
BLOCK02/SES021/SA021S27	SES019	-2.06023	-42.906	-40.8458
BLOCK02/SES021/SA021S27	SES062	-1.47257	-42.3184	-40.8458
BLOCK02/SES021/SA021S29	SES087	-2.00242	-42.8043	-40.8019
BLOCK02/SES021/SA021S29	SES125	-0.713905	-41.5158	-40.8019
BLOCK02/SES021/SA021S29	SES206	-1.03177	-41.8336	-40.8019
BLOCK02/SES021/SA021S29	SES226	-1.60341	-42.4053	-40.8019
BLOCK04/SES043/SA043S09	SES083	-2.87023	-46.0072	-43.1369
BLOCK04/SES043/SA043S09	SES101	-2.82927	-45.9662	-43.1369
BLOCK04/SES043/SA043S09	SES144	-0.636375	-43.7733	-43.1369
BLOCK04/SES043/SA043S09	SES172	-4.03103	-47.168	-43.1369
BLOCK04/SES043/SA043S11	SES083	-0.897251	-42.5381	-41.6409
BLOCK04/SES043/SA043S11	SES101	-1.80984	-43.4507	-41.6409
BLOCK04/SES043/SA043S11	SES144	-0.40966	-42.0506	-41.6409
BLOCK04/SES043/SA043S11	SES172	-1.19367	-42.8346	-41.6409
BLOCK04/SES043/SA043S23	SES083	-1.00938	-43.4859	-42.4765
BLOCK04/SES043/SA043S23	SES144	0.0171356	-42.4593	-42.4765
BLOCK04/SES043/SA043S23	SES177	-3.11703	-45.5935	-42.4765
BLOCK04/SES043/SA043S23	SES275	-0.529617	-43.0061	-42.4765
BLOCK04/SES043/SA043S26	SES083	-1.03693	-43.5254	-42.4884
BLOCK04/SES043/SA043S26	SES101	-1.47133	-43.9597	-42.4884
BLOCK04/SES043/SA043S26	SES144	-0.704357	-43.1928	-42.4884
BLOCK04/SES043/SA043S26	SES177	-1.97634	-44.4648	-42.4884
BLOCK04/SES043/SA043S28	SES016	-1.40063	-43.1128	-41.7122
BLOCK04/SES043/SA043S28	SES083	-1.26605	-42.9783	-41.7122
BLOCK04/SES043/SA043S28	SES101	-1.15645	-42.8687	-41.7122
BLOCK04/SES043/SA043S28	SES144	-0.518078	-42.2303	-41.7122
BLOCK04/SES044/SA044S10	SES127	-3.11217	-47.9568	-44.8446
BLOCK04/SES044/SA044S10	SES144	-0.753799	-45.5984	-44.8446
BLOCK04/SES044/SA044S10	SES147	-3.66445	-48.5091	-44.8446
BLOCK04/SES044/SA044S10	SES148	-2.83663	-47.6813	-44.8446
BLOCK04/SES044/SA044S11	SES101	-2.73166	-46.7047	-43.973
BLOCK04/SES044/SA044S11	SES144	-0.237846	-44.2109	-43.973
BLOCK04/SES044/SA044S11	SES147	-3.04782	-47.0209	-43.973
BLOCK04/SES044/SA044S11	SES177	-2.9143	-46.8873	-43.973
BLOCK04/SES044/SA044S24	SES007	-2.34037	-45.8619	-43.5215
BLOCK04/SES044/SA044S24	SES101	-1.50816	-45.0296	-43.5215
BLOCK04/SES044/SA044S24	SES147	-2.39366	-45.9151	-43.5215
BLOCK04/SES044/SA044S24	SES177	-2.76215	-46.2836	-43.5215
BLOCK04/SES044/SA044S26	SES007	-1.55773	-44.3951	-42.8374
BLOCK04/SES044/SA044S26	SES016	-0.935047	-43.7724	-42.8374
BLOCK04/SES044/SA044S26	SES101	-1.29442	-44.1318	-42.8374
BLOCK04/SES044/SA044S26	SES147	-1.83118	-44.6686	-42.8374
BLOCK04/SES044/SA044S29	SES007	-1.91995	-44.0262	-42.1063
BLOCK04/SES044/SA044S29	SES101	-0.746056	-42.8523	-42.1063
BLOCK04/SES044/SA044S29	SES147	-2.84008	-44.9464	-42.1063
BLOCK04/SES044/SA044S29	SES177	-2.18652	-44.2928	-42.1063
BLOCK04/SES046/SA046S13	SES101	-3.45005	-46.6343	-43.1843
BLOCK04/SES046/SA046S13	SES144	-1.09703	-44.2813	-43.1843
BLOCK04/SES046/SA046S13	SES147	-3.34007	-46.5243	-43.1843
BLOCK04/SES046/SA046S13	SES177	-2.39632	-45.5806	-43.1843
BLOCK04/SES046/SA046S15	SES048	-2.43618	-44.1664	-41.7302
BLOCK04/SES046/SA046S15	SES083	-0.928604	-42.6588	-41.7302
BLOCK04/SES046/SA046S15	SES120	-3.14579	-44.876	-41.7302
BLOCK04/SES046/SA046S15	SES148	-1.05327	-42.7835	-41.7302
BLOCK04/SES046/SA046S22	SES101	-1.68882	-44.5326	-42.8438
BLOCK04/SES046/SA046S22	SES144	-0.824089	-43.6679	-42.8438
BLOCK04/SES046/SA046S22	SES147	-3.24181	-46.0856	-42.8438
BLOCK04/SES046/SA046S22	SES172	-1.41322	-44.257	-42.8438
BLOCK04/SES046/SA046S25	SES083	-2.24132	-44.4707	-42.2294
BLOCK04/SES046/SA046S25	SES127	-1.60467	-43.8341	-42.2294
BLOCK04/SES046/SA046S25	SES144	-1.31932	-43.5487	-42.2294
BLOCK04/SES046/SA046S25	SES148	-0.816231	-43.0457	-42.2294
BLOCK04/SES046/SA046S28	SES007	-3.36215	-46.5719	-43.2097
BLOCK04/SES046/SA046S28	SES105	-2.05647	-45.2662	-43.2097
BLOCK04/SES046/SA046S28	SES147	-2.5542	-45.7639	-43.2097
BLOCK04/SES046/SA046S28	SES148	-1.77525	-44.985	-43.2097
BLOCK04/SES049/SA049S16	SES104	-2.07811	-44.981	-42.9029
BLOCK04/SES049/SA049S16	SES106	-1.25663	-44.1595	-42.9029
BLOCK04/SES049/SA049S16	SES120	-3.89697	-46.7999	-42.9029
BLOCK04/SES049/SA049S16	SES206	-1.5678	-44.4707	-42.9029
BLOCK04/SES049/SA049S18	SES099	0.0639153	-44.0087	-44.0726
BLOCK04/SES049/SA049S18	SES104	-2.48154	-46.5541	-44.0726
BLOCK04/SES049/SA049S18	SES125	-2.67017	-46.7427	-44.0726
BLOCK04/SES049/SA049S18	SES206	-1.97325	-46.0458	-44.0726
BLOCK04/SES049/SA049S25	SES087	-0.966152	-43.4728	-42.5066
BLOCK04/SES049/SA049S25	SES104	-1.59969	-44.1063	-42.5066
BLOCK04/SES049/SA049S25	SES125	-1.99437	-44.501	-42.5066
BLOCK04/SES049/SA049S25	SES206	-1.13069	-43.6373	-42.5066
BLOCK04/SES049/SA049S27	SES099	-0.135906	-42.2106	-42.0747
BLOCK04/SES049/SA049S27	SES104	-0.487373	-42.5621	-42.0747
BLOCK04/SES049/SA049S27	SES125	-1.40025	-43.475	-42.0747
BLOCK04/SES049/SA049S27	SES206	-0.753529	-42.8282	-42.0747
BLOCK04/SES049/SA049S29	SES099	0.0171661	-41.1868	-41.204
BLOCK04/SES049/SA049S29	SES104	-0.315964	-41.52	-41.204
BLOCK04/SES049/SA049S29	SES125	-0.86375	-42.0678	-41.204
BLOCK04/SES049/SA049S29	SES206	-0.306728	-41.5107	-41.204
BLOCK06/SES063/SA063S09	SES068	-2.31828	-44.4748	-42.1565
BLOCK06/SES063/SA063S09	SES083	-1.11464	-43.2711	-42.1565
BLOCK06/SES063/SA063S09	SES177	-1.44133	-43.5978	-42.1565
BLOCK06/SES063/SA063S09	SES187	-1.2826	-43.4391	-42.1565
BLOCK06/SES063/SA063S10	SES068	-2.40766	-45.4145	-43.0069
BLOCK06/SES063/SA063S10	SES083	-0.848328	-43.8552	-43.0069
BLOCK06/SES063/SA063S10	SES172	-0.989223	-43.9961	-43.0069
BLOCK06/SES063/SA063S10	SES187	-0.866196	-43.8731	-43.0069
BLOCK06/SES063/SA063S20	SES068	-2.22577	-44.9879	-42.7622
BLOCK06/SES063/SA063S20	SES083	-1.4977	-44.2599	-42.7622
BLOCK06/SES063/SA063S20	SES172	-0.694038	-43.4562	-42.7622
BLOCK06/SES063/SA063S20	SES187	-0.642094	-43.4043	-42.7622
BLOCK06/SES063/SA063S24	SES029	-2.28576	-44.2933	-42.0076
BLOCK06/SES063/SA063S24	SES083	-0.393684	-42.4013	-42.0076
BLOCK06/SES063/SA063S24	SES177	-1.07857	-43.0861	-42.0076
BLOCK06/SES063/SA063S24	SES189	-0.99202	-42.9996	-42.0076
BLOCK06/SES063/SA063S27	SES083	-1.08701	-44.2506	-43.1636
BLOCK06/SES063/SA063S27	SES172	-0.847675	-44.0113	-43.1636
BLOCK06/SES063/SA063S27	SES187	-1.81081	-44.9744	-43.1636
BLOCK06/SES063/SA063S27	SES292	-2.6542	-45.8178	-43.1636
BLOCK06/SES067/SA067S12	SES083	-2.1979	-44.2597	-42.0618
BLOCK06/SES067/SA067S12	SES172	-2.10316	-44.165	-42.0618
BLOCK06/SES067/SA067S12	SES202	-0.138527	-42.2004	-42.0618
BLOCK06/SES067/SA067S12	SES292	-2.16182	-44.2236	-42.0618
BLOCK06/SES067/SA067S14	SES085	-2.64527	-43.9932	-41.348
BLOCK06/SES067/SA067S14	SES177	-1.7436	-43.0916	-41.348
BLOCK06/SES067/SA067S14	SES183	-1.25089	-42.5989	-41.348
BLOCK06/SES067/SA067S14	SES202	-0.675251	-42.0232	-41.348
BLOCK06/SES067/SA067S21	SES144	-1.1876	-44.2608	-43.0732
BLOCK06/SES067/SA067S21	SES177	-1.40729	-44.4804	-43.0732
BLOCK06/SES067/SA067S21	SES183	-3.08481	-46.158	-43.0732
BLOCK06/SES067/SA067S21	SES189	-0.310787	-43.3839	-43.0732
BLOCK06/SES067/SA067S25	SES085	-1.60072	-44.1059	-42.5052
BLOCK06/SES067/SA067S25	SES177	-1.9346	-44.4398	-42.5052
BLOCK06/SES067/SA067S25	SES183	-1.09222	-43.5974	-42.5052
BLOCK06/SES067/SA067S25	SES202	-0.915977	-43.4212	-42.5052
BLOCK06/SES067/SA067S29	SES085	-1.18464	-43.425	-42.2404
BLOCK06/SES067/SA067S29	SES177	-1.96465	-44.205	-42.2404
BLOCK06/SES067/SA067S29	SES183	-0.984478	-43.2248	-42.2404
BLOCK06/SES067/SA067S29	SES202	0.0270576	-42.2133	-42.2404
BLOCK06/SES069/SA069S12	SES029	-2.66668	-44.1644	-41.4977
BLOCK06/SES069/SA069S12	SES082	-1.22882	-42.7265	-41.4977
BLOCK06/SES069/SA069S12	SES087	-1.90108	-43.3988	-41.4977
BLOCK06/SES069/SA069S12	SES206	-1.47769	-42.9754	-41.4977
BLOCK06/SES069/SA069S13	SES029	-2.71973	-44.1773	-41.4576
BLOCK06/SES069/SA069S13	SES087	-2.72961	-44.1872	-41.4576
BLOCK06/SES069/SA069S13	SES206	-2.42004	-43.8776	-41.4576
BLOCK06/SES069/SA069S13	SES226	-2.35688	-43.8145	-41.4576
BLOCK06/SES069/SA069S23	SES029	-1.56564	-41.8523	-40.2867
BLOCK06/SES069/SA069S23	SES087	-2.2196	-42.5063	-40.2867
BLOCK06/SES069/SA069S23	SES206	-1.78168	-42.0684	-40.2867
BLOCK06/SES069/SA069S23	SES226	-0.58445	-40.8712	-40.2867
BLOCK06/SES069/SA069S25	SES087	-1.90501	-42.453	-40.548
BLOCK06/SES069/SA069S25	SES206	-2.61953	-43.1675	-40.548
BLOCK06/SES069/SA069S25	SES226	-1.52237	-42.0703	-40.548
BLOCK06/SES069/SA069S25	SES270	-1.77528	-42.3232	-40.548
BLOCK06/SES069/SA069S27	SES087	-2.31824	-42.8858	-40.5675
BLOCK06/SES069/SA069S27	SES206	-1.31797	-41.8855	-40.5675
BLOCK06/SES069/SA069S27	SES226	-0.767223	-41.3347	-40.5675
BLOCK06/SES069/SA069S27	SES270	-1.01498	-41.5825	-40.5675
BLOCK08/SES081/SA081S11	SES060	-1.55	-43.8865	-42.3365
BLOCK08/SES081/SA081S11	SES062	-3.76726	-46.1038	-42.3365
BLOCK08/SES081/SA081S11	SES117	-2.52748	-44.864	-42.3365
BLOCK08/SES081/SA081S11	SES162	-2.04826	-44.3848	-42.3365
BLOCK08/SES081/SA081S13	SES016	-1.07312	-42.4801	-41.407
BLOCK08/SES081/SA081S13	SES060	-0.595306	-42.0023	-41.407
BLOCK08/SES081/SA081S13	SES068	-0.487286	-41.8942	-41.407
BLOCK08/SES081/SA081S13	SES129	-1.73341	-43.1404	-41.407
BLOCK08/SES081/SA081S24	SES060	-1.15128	-43.0199	-41.8687
BLOCK08/SES081/SA081S24	SES068	-0.97282	-42.8415	-41.8687
BLOCK08/SES081/SA081S24	SES117	-1.68824	-43.5569	-41.8687
BLOCK08/SES081/SA081S24	SES275	-1.83988	-43.7085	-41.8687
BLOCK08/SES081/SA081S27	SES007	-0.990398	-43.1651	-42.1747
BLOCK08/SES081/SA081S27	SES060	-1.55799	-43.7327	-42.1747
BLOCK08/SES081/SA081S27	SES117	-0.634907	-42.8096	-42.1747
BLOCK08/SES081/SA081S27	SES275	-1.75433	-43.929	-42.1747
BLOCK08/SES081/SA081S29	SES007	-0.901566	-42.8852	-41.9837
BLOCK08/SES081/SA081S29	SES060	-0.778694	-42.7624	-41.9837
BLOCK08/SES081/SA081S29	SES117	-1.00592	-42.9896	-41.9837
BLOCK08/SES081/SA081S29	SES275	-1.52206	-43.5057	-41.9837
BLOCK08/SES086/SA086S11	SES029	-4.89281	-48.0205	-43.1277
BLOCK08/SES086/SA086S11	SES082	-2.35273	-45.4804	-43.1277
BLOCK08/SES086/SA086S11	SES087	-2.08076	-45.2085	-43.1277
BLOCK08/SES086/SA086S11	SES206	-2.62079	-45.7485	-43.1277
BLOCK08/SES086/SA086S12	SES029	-5.12755	-47.7585	-42.6309
BLOCK08/SES086/SA086S12	SES082	-2.25843	-44.8894	-42.6309
BLOCK08/SES086/SA086S12	SES087	-0.264069	-42.895	-42.6309
BLOCK08/SES086/SA086S12	SES206	-1.38078	-44.0117	-42.6309
BLOCK08/SES086/SA086S20	SES029	-4.13133	-45.4188	-41.2874
BLOCK08/SES086/SA086S20	SES082	-2.15702	-43.4445	-41.2874
BLOCK08/SES086/SA086S20	SES087	0.19931	-41.0881	-41.2874
BLOCK08/SES086/SA086S20	SES206	-0.692604	-41.98	-41.2874
BLOCK08/SES086/SA086S24	SES087	-0.430817	-42.9065	-42.4757
BLOCK08/SES086/SA086S24	SES104	-1.77025	-44.2459	-42.4757
BLOCK08/SES086/SA086S24	SES120	-4.28753	-46.7632	-42.4757
BLOCK08/SES086/SA086S24	SES206	-0.333256	-42.809	-42.4757
BLOCK08/SES086/SA086S28	SES029	-3.77131	-45.0591	-41.2877
BLOCK08/SES086/SA086S28	SES082	-1.95106	-43.2388	-41.2877
BLOCK08/SES086/SA086S28	SES087	-0.182899	-41.4706	-41.2877
BLOCK08/SES086/SA086S28	SES206	-0.816799	-42.1045	-41.2877
BLOCK08/SES089/SA089S13	SES087	-2.96065	-45.1273	-42.1667
BLOCK08/SES089/SA089S13	SES206	-2.18302	-44.3497	-42.1667
BLOCK08/SES089/SA089S13	SES226	-2.21936	-44.386	-42.1667
BLOCK08/SES089/SA089S13	SES270	-2.93737	-45.1041	-42.1667
BLOCK08/SES089/SA089S14	SES062	-2.51681	-44.2933	-41.7765
BLOCK08/SES089/SA089S14	SES087	-0.670746	-42.4472	-41.7765
BLOCK08/SES089/SA089S14	SES206	-0.862328	-42.6388	-41.7765
BLOCK08/SES089/SA089S14	SES226	-1.1912	-42.9677	-41.7765
BLOCK08/SES089/SA089S23	SES087	-1.28714	-43.991	-42.7039
BLOCK08/SES089/SA089S23	SES206	-0.638828	-43.3427	-42.7039
BLOCK08/SES089/SA089S23	SES226	-1.98649	-44.6904	-42.7039
BLOCK08/SES089/SA089S23	SES270	-2.42307	-45.127	-42.7039
BLOCK08/SES089/SA089S25	SES062	-2.80246	-44.8075	-42.0051
BLOCK08/SES089/SA089S25	SES087	-1.10099	-43.1061	-42.0051
BLOCK08/SES089/SA089S25	SES206	-1.34944	-43.3545	-42.0051
BLOCK08/SES089/SA089S25	SES226	-1.01907	-43.0241	-42.0051
BLOCK08/SES089/SA089S28	SES062	-1.76646	-43.4958	-41.7293
BLOCK08/SES089/SA089S28	SES087	-0.736786	-42.4661	-41.7293
BLOCK08/SES089/SA089S28	SES206	-0.198513	-41.9278	-41.7293
BLOCK08/SES089/SA089S28	SES226	-0.842789	-42.5721	-41.7293
BLOCK09/SES097/SA097S11	SES099	-0.283695	-42.7593	-42.4756
BLOCK09/SES097/SA097S11	SES125	-2.49329	-44.9689	-42.4756
BLOCK09/SES097/SA097S11	SES206	-1.96715	-44.4427	-42.4756
BLOCK09/SES097/SA097S11	SES226	-0.903038	-43.3786	-42.4756
BLOCK09/SES097/SA097S14	SES062	-3.08685	-45.0794	-41.9926
BLOCK09/SES097/SA097S14	SES099	-1.07638	-43.0689	-41.9926
BLOCK09/SES097/SA097S14	SES104	-2.06184	-44.0544	-41.9926
BLOCK09/SES097/SA097S14	SES206	-2.02745	-44.02	-41.9926
BLOCK09/SES097/SA097S22	SES099	0.271244	-41.9083	-42.1796
BLOCK09/SES097/SA097S22	SES206	-1.29254	-43.4721	-42.1796
BLOCK09/SES097/SA097S22	SES226	-1.19863	-43.3782	-42.1796
BLOCK09/SES097/SA097S22	SES270	0.118355	-42.0612	-42.1796
BLOCK09/SES097/SA097S26	SES099	-0.102703	-41.7822	-41.6795
BLOCK09/SES097/SA097S26	SES120	-3.52192	-45.2014	-41.6795
BLOCK09/SES097/SA097S26	SES206	-1.66551	-43.345	-41.6795
BLOCK09/SES097/SA097S26	SES226	-2.04227	-43.7218	-41.6795
BLOCK09/SES097/SA097S28	SES099	-0.844055	-42.7672	-41.9231
BLOCK09/SES097/SA097S28	SES120	-3.49178	-45.4149	-41.9231
BLOCK09/SES097/SA097S28	SES206	-2.32586	-44.249	-41.9231
BLOCK09/SES097/SA097S28	SES226	-2.1646	-44.0877	-41.9231
BLOCK09/SES098/SA098S11	SES127	-2.09831	-45.8267	-43.7284
BLOCK09/SES098/SA098S11	SES144	-1.16189	-44.8902	-43.7284
BLOCK09/SES098/SA098S11	SES147	-1.16528	-44.8936	-43.7284
BLOCK09/SES098/SA098S11	SES148	-2.93893	-46.6673	-43.7284
BLOCK09/SES098/SA098S12	SES127	-3.7641	-48.9569	-45.1928
BLOCK09/SES098/SA098S12	SES144	-1.65598	-46.8488	-45.1928
BLOCK09/SES098/SA098S12	SES147	-2.50948	-47.7023	-45.1928
BLOCK09/SES098/SA098S12	SES189	-1.0307	-46.2235	-45.1928
BLOCK09/SES098/SA098S20	SES127	-3.11155	-47.4312	-44.3197
BLOCK09/SES098/SA098S20	SES147	-1.64265	-45.9623	-44.3197
BLOCK09/SES098/SA098S20	SES148	-4.0005	-48.3202	-44.3197
BLOCK09/SES098/SA098S20	SES292	-6.18695	-50.5066	-44.3197
BLOCK09/SES098/SA098S23	SES127	-1.72031	-45.4395	-43.7192
BLOCK09/SES098/SA098S23	SES147	-1.67693	-45.3961	-43.7192
BLOCK09/SES098/SA098S23	SES187	-1.51303	-45.2322	-43.7192
BLOCK09/SES098/SA098S23	SES292	-3.23923	-46.9584	-43.7192
BLOCK09/SES098/SA098S27	SES127	-2.28992	-46.2141	-43.9242
BLOCK09/SES098/SA098S27	SES147	-2.56996	-46.4942	-43.9242
BLOCK09/SES098/SA098S27	SES148	-3.86195	-47.7862	-43.9242
BLOCK09/SES098/SA098S27	SES292	-3.39888	-47.3231	-43.9242
BLOCK10/SES102/SA102S13	SES101	-0.822556	-44.7795	-43.9569
BLOCK10/SES102/SA102S13	SES105	-1.91714	-45.874	-43.9569
BLOCK10/SES102/SA102S13	SES120	-1.29772	-45.2546	-43.9569
BLOCK10/SES102/SA102S13	SES158	-8.87391	-52.8308	-43.9569
BLOCK10/SES102/SA102S14	SES007	-0.405926	-42.4117	-42.0058
BLOCK10/SES102/SA102S14	SES101	0.148201	-41.8576	-42.0058
BLOCK10/SES102/SA102S14	SES105	-0.24556	-42.2514	-42.0058
BLOCK10/SES102/SA102S14	SES147	-1.78046	-43.7863	-42.0058
BLOCK10/SES102/SA102S22	SES007	-1.3786	-43.5161	-42.1375
BLOCK10/SES102/SA102S22	SES101	-0.00419235	-42.1417	-42.1375
BLOCK10/SES102/SA102S22	SES105	-0.462601	-42.6001	-42.1375
BLOCK10/SES102/SA102S22	SES158	-4.82889	-46.9664	-42.1375
BLOCK10/SES102/SA102S25	SES007	-0.737907	-42.7304	-41.9925
BLOCK10/SES102/SA102S25	SES101	-0.0986023	-42.0911	-41.9925
BLOCK10/SES102/SA102S25	SES105	-0.739941	-42.7325	-41.9925
BLOCK10/SES102/SA102S25	SES147	-2.55629	-44.5488	-41.9925
BLOCK10/SES102/SA102S27	SES007	-1.2846	-43.9784	-42.6938
BLOCK10/SES102/SA102S27	SES101	-0.661327	-43.3552	-42.6938
BLOCK10/SES102/SA102S27	SES105	-0.736046	-43.4299	-42.6938
BLOCK10/SES102/SA102S27	SES147	-1.54726	-44.2411	-42.6938
BLOCK10/SES103/SA103S14	SES105	-2.67423	-45.7568	-43.0825
BLOCK10/SES103/SA103S14	SES106	-1.59218	-44.6747	-43.0825
BLOCK10/SES103/SA103S14	SES120	-4.06574	-47.1483	-43.0825
BLOCK10/SES103/SA103S14	SES206	-2.22244	-45.305	-43.0825
BLOCK10/SES103/SA103S15	SES099	-1.39773	-45.2576	-43.8598
BLOCK10/SES103/SA103S15	SES101	-4.86464	-48.7245	-43.8598
BLOCK10/SES103/SA103S15	SES104	-1.90786	-45.7677	-43.8598
BLOCK10/SES103/SA103S15	SES125	-1.89057	-45.7504	-43.8598
BLOCK10/SES103/SA103S24	SES104	-2.03231	-44.4149	-42.3826
BLOCK10/SES103/SA103S24	SES125	-1.9301	-44.3127	-42.3826
BLOCK10/SES103/SA103S24	SES148	-3.76451	-46.1471	-42.3826
BLOCK10/SES103/SA103S24	SES158	-1.09825	-43.4808	-42.3826
BLOCK10/SES103/SA103S26	SES104	-2.04445	-44.9513	-42.9069
BLOCK10/SES103/SA103S26	SES106	-1.55962	-44.4665	-42.9069
BLOCK10/SES103/SA103S26	SES125	-2.32654	-45.2334	-42.9069
BLOCK10/SES103/SA103S26	SES148	-4.0079	-46.9148	-42.9069
BLOCK10/SES103/SA103S28	SES104	-2.94544	-46.4988	-43.5533
BLOCK10/SES103/SA103S28	SES106	-1.95384	-45.5072	-43.5533
BLOCK10/SES103/SA103S28	SES125	-2.94989	-46.5032	-43.5533
BLOCK10/SES103/SA103S28	SES206	-3.57753	-47.1308	-43.5533
BLOCK12/SES121/SA121S12	SES042	-2.65854	-47.0389	-44.3804
BLOCK12/SES121/SA121S12	SES087	-1.58976	-45.9701	-44.3804
BLOCK12/SES121/SA121S12	SES105	-1.76352	-46.1439	-44.3804
BLOCK12/SES121/SA121S12	SES206	-1.59217	-45.9726	-44.3804
BLOCK12/SES121/SA121S14	SES007	-3.53918	-48.3812	-44.8421
BLOCK12/SES121/SA121S14	SES105	-2.88403	-47.7261	-44.8421
BLOCK12/SES121/SA121S14	SES106	-2.11752	-46.9596	-44.8421
BLOCK12/SES121/SA121S14	SES206	-2.17258	-47.0146	-44.8421
BLOCK12/SES121/SA121S23	SES105	-2.94112	-47.9573	-45.0162
BLOCK12/SES121/SA121S23	SES106	-1.42459	-46.4407	-45.0162
BLOCK12/SES121/SA121S23	SES120	-4.13407	-49.1502	-45.0162
BLOCK12/SES121/SA121S23	SES206	-1.72183	-46.738	-45.0162
BLOCK12/SES121/SA121S25	SES007	-2.74718	-48.2452	-45.498
BLOCK12/SES121/SA121S25	SES105	-3.16244	-48.6604	-45.498
BLOCK12/SES121/SA121S25	SES106	-2.49144	-47.9894	-45.498
BLOCK12/SES121/SA121S25	SES206	-2.88116	-48.3792	-45.498
BLOCK12/SES121/SA121S27	SES087	-1.57907	-45.4435	-43.8644
BLOCK12/SES121/SA121S27	SES105	-4.25105	-48.1154	-43.8644
BLOCK12/SES121/SA121S27	SES120	-3.82599	-47.6904	-43.8644
BLOCK12/SES121/SA121S27	SES206	-2.20526	-46.0697	-43.8644
BLOCK12/SES124/SA124S16	SES042	-0.961929	-42.6323	-41.6704
BLOCK12/SES124/SA124S16	SES082	-1.20623	-42.8766	-41.6704
BLOCK12/SES124/SA124S16	SES183	-4.75774	-46.4281	-41.6704
BLOCK12/SES124/SA124S16	SES206	-1.77297	-43.4433	-41.6704
BLOCK12/SES124/SA124S17	SES105	-2.48492	-45.479	-42.9941
BLOCK12/SES124/SA124S17	SES149	-2.82018	-45.8143	-42.9941
BLOCK12/SES124/SA124S17	SES158	-2.84827	-45.8424	-42.9941
BLOCK12/SES124/SA124S17	SES275	-3.89083	-46.8849	-42.9941
BLOCK12/SES124/SA124S23	SES105	-2.40858	-42.9394	-40.5309
BLOCK12/SES124/SA124S23	SES125	-0.392647	-40.9235	-40.5309
BLOCK12/SES124/SA124S23	SES129	-4.45096	-44.9818	-40.5309
BLOCK12/SES124/SA124S23	SES158	-0.445473	-40.9763	-40.5309
BLOCK12/SES124/SA124S26	SES105	-2.67567	-44.1612	-41.4855
BLOCK12/SES124/SA124S26	SES125	-0.483795	-41.9693	-41.4855
BLOCK12/SES124/SA124S26	SES129	-4.1727	-45.6582	-41.4855
BLOCK12/SES124/SA124S26	SES158	-0.820854	-42.3064	-41.4855
BLOCK12/SES124/SA124S28	SES104	-0.806637	-41.8866	-41.08
BLOCK12/SES124/SA124S28	SES106	-0.46973	-41.5497	-41.08
BLOCK12/SES124/SA124S28	SES125	-0.478672	-41.5587	-41.08
BLOCK12/SES124/SA124S28	SES275	-3.51904	-44.599	-41.08
BLOCK12/SES126/SA126S13	SES007	-2.92318	-46.837	-43.9138
BLOCK12/SES126/SA126S13	SES162	-2.23406	-46.1479	-43.9138
BLOCK12/SES126/SA126S13	SES177	-2.16942	-46.0832	-43.9138
BLOCK12/SES126/SA126S13	SES180	-1.89134	-45.8051	-43.9138
BLOCK12/SES126/SA126S14	SES144	-0.815998	-43.3044	-42.4884
BLOCK12/SES126/SA126S14	SES148	-1.76354	-44.2519	-42.4884
BLOCK12/SES126/SA126S14	SES177	-0.704353	-43.1928	-42.4884
BLOCK12/SES126/SA126S14	SES180	-1.11876	-43.6072	-42.4884
BLOCK12/SES126/SA126S20	SES007	-1.83656	-44.5472	-42.7106
BLOCK12/SES126/SA126S20	SES162	-2.16435	-44.875	-42.7106
BLOCK12/SES126/SA126S20	SES172	-4.41211	-47.1227	-42.7106
BLOCK12/SES126/SA126S20	SES180	-2.4011	-45.1117	-42.7106
BLOCK12/SES126/SA126S24	SES120	-1.24694	-43.6382	-42.3913
BLOCK12/SES126/SA126S24	SES162	-1.41008	-43.8014	-42.3913
BLOCK12/SES126/SA126S24	SES177	-1.00541	-43.3967	-42.3913
BLOCK12/SES126/SA126S24	SES180	-0.519611	-42.9109	-42.3913
BLOCK12/SES126/SA126S26	SES120	-0.817051	-44.1826	-43.3656
BLOCK12/SES126/SA126S26	SES177	-1.29191	-44.6575	-43.3656
BLOCK12/SES126/SA126S26	SES180	-1.10563	-44.4712	-43.3656
BLOCK12/SES126/SA126S26	SES202	-3.03842	-46.404	-43.3656
BLOCK12/SES128/SA128S10	SES087	-2.72763	-44.5673	-41.8397
BLOCK12/SES128/SA128S10	SES206	-1.6909	-43.5306	-41.8397
BLOCK12/SES128/SA128S10	SES226	-1.01335	-42.853	-41.8397
BLOCK12/SES128/SA128S10	SES270	-1.16602	-43.0057	-41.8397
BLOCK12/SES128/SA128S12	SES120	-3.02983	-44.9718	-41.942
BLOCK12/SES128/SA128S12	SES158	-1.55669	-43.4987	-41.942
BLOCK12/SES128/SA128S12	SES206	-1.55925	-43.5012	-41.942
BLOCK12/SES128/SA128S12	SES226	-1.61887	-43.5608	-41.942
BLOCK12/SES128/SA128S21	SES106	-3.36669	-46.0862	-42.7196
BLOCK12/SES128/SA128S21	SES120	-3.38471	-46.1043	-42.7196
BLOCK12/SES128/SA128S21	SES206	-3.04186	-45.7614	-42.7196
BLOCK12/SES128/SA128S21	SES226	-2.30972	-45.0293	-42.7196
BLOCK12/SES128/SA128S24	SES087	-3.11349	-45.3292	-42.2157
BLOCK12/SES128/SA128S24	SES120	-2.09155	-44.3072	-42.2157
BLOCK12/SES128/SA128S24	SES206	-1.9803	-44.196	-42.2157
BLOCK12/SES128/SA128S24	SES226	-2.18122	-44.3969	-42.2157
BLOCK12/SES128/SA128S27	SES099	-0.985321	-42.4284	-41.4431
BLOCK12/SES128/SA128S27	SES120	-2.11865	-43.5618	-41.4431
BLOCK12/SES128/SA128S27	SES206	-1.587	-43.0301	-41.4431
BLOCK12/SES128/SA128S27	SES226	-1.33684	-42.78	-41.4431
BLOCK13/SES130/SA130S13	SES143	-1.86823	-46.0279	-44.1597
BLOCK13/SES130/SA130S13	SES144	-0.400738	-44.5604	-44.1597
BLOCK13/SES130/SA130S13	SES146	-0.764832	-44.9245	-44.1597
BLOCK13/SES130/SA130S13	SES275	-3.69294	-47.8526	-44.1597
BLOCK13/SES130/SA130S15	SES143	-2.09444	-44.9908	-42.8964
BLOCK13/SES130/SA130S15	SES144	-0.675392	-43.5718	-42.8964
BLOCK13/SES130/SA130S15	SES146	-0.559586	-43.456	-42.8964
BLOCK13/SES130/SA130S15	SES275	-1.19497	-44.0914	-42.8964
BLOCK13/SES130/SA130S23	SES127	-2.66941	-47.1631	-44.4937
BLOCK13/SES130/SA130S23	SES144	-1.61645	-46.1101	-44.4937
BLOCK13/SES130/SA130S23	SES146	-1.06889	-45.5626	-44.4937
BLOCK13/SES130/SA130S23	SES162	-1.20522	-45.6989	-44.4937
BLOCK13/SES130/SA130S25	SES127	-1.73601	-44.1049	-42.3689
BLOCK13/SES130/SA130S25	SES144	-0.49332	-42.8622	-42.3689
BLOCK13/SES130/SA130S25	SES146	-0.98064	-43.3495	-42.3689
BLOCK13/SES130/SA130S25	SES275	-0.781967	-43.1509	-42.3689
BLOCK13/SES130/SA130S28	SES127	-1.53499	-44.2097	-42.6747
BLOCK13/SES130/SA130S28	SES144	-1.1918	-43.8665	-42.6747
BLOCK13/SES130/SA130S28	SES146	-0.989464	-43.6642	-42.6747
BLOCK13/SES130/SA130S28	SES275	-0.281254	-42.956	-42.6747
BLOCK13/SES131/SA131S13	SES002	-2.86097	-46.9262	-44.0652
BLOCK13/SES131/SA131S13	SES007	-3.92188	-47.9871	-44.0652
BLOCK13/SES131/SA131S13	SES099	-2.02239	-46.0876	-44.0652
BLOCK13/SES131/SA131S13	SES105	-2.40668	-46.4719	-44.0652
BLOCK13/SES131/SA131S14	SES104	-0.972317	-43.6493	-42.677
BLOCK13/SES131/SA131S14	SES106	-0.548698	-43.2257	-42.677
BLOCK13/SES131/SA131S14	SES125	-1.77401	-44.451	-42.677
BLOCK13/SES131/SA131S14	SES148	-2.84269	-45.5197	-42.677
BLOCK13/SES131/SA131S20	SES104	-2.41493	-45.8406	-43.4256
BLOCK13/SES131/SA131S20	SES106	-1.48153	-44.9072	-43.4256
BLOCK13/SES131/SA131S20	SES125	-2.57423	-45.9999	-43.4256
BLOCK13/SES131/SA131S20	SES148	-4.39036	-47.816	-43.4256
BLOCK13/SES131/SA131S22	SES099	-1.75891	-44.2342	-42.4753
BLOCK13/SES131/SA131S22	SES104	-1.76804	-44.2434	-42.4753
BLOCK13/SES131/SA131S22	SES125	-2.30221	-44.7775	-42.4753
BLOCK13/SES131/SA131S22	SES206	-2.48323	-44.9585	-42.4753
BLOCK13/SES131/SA131S29	SES087	-2.38299	-45.7501	-43.3671
BLOCK13/SES131/SA131S29	SES104	-2.52523	-45.8924	-43.3671
BLOCK13/SES131/SA131S29	SES125	-2.51147	-45.8786	-43.3671
BLOCK13/SES131/SA131S29	SES206	-2.25413	-45.6213	-43.3671
BLOCK13/SES132/SA132S11	SES083	-1.90636	-44.0882	-42.1818
BLOCK13/SES132/SA132S11	SES120	-0.127666	-42.3095	-42.1818
BLOCK13/SES132/SA132S11	SES127	-1.46846	-43.6503	-42.1818
BLOCK13/SES132/SA132S11	SES275	-1.48558	-43.6674	-42.1818
BLOCK13/SES132/SA132S12	SES083	-1.668	-43.7494	-42.0814
BLOCK13/SES132/SA132S12	SES143	-1.86814	-43.9495	-42.0814
BLOCK13/SES132/SA132S12	SES144	-1.24658	-43.328	-42.0814
BLOCK13/SES132/SA132S12	SES148	-1.72841	-43.8098	-42.0814
BLOCK13/SES132/SA132S22	SES062	-1.03785	-43.0987	-42.0609
BLOCK13/SES132/SA132S22	SES083	-0.992985	-43.0538	-42.0609
BLOCK13/SES132/SA132S22	SES127	-0.952301	-43.0132	-42.0609
BLOCK13/SES132/SA132S22	SES275	-0.640102	-42.701	-42.0609
BLOCK13/SES132/SA132S24	SES007	-0.294807	-42.3013	-42.0065
BLOCK13/SES132/SA132S24	SES083	-1.44368	-43.4502	-42.0065
BLOCK13/SES132/SA132S24	SES127	-1.80246	-43.809	-42.0065
BLOCK13/SES132/SA132S24	SES275	-0.748055	-42.7546	-42.0065
BLOCK13/SES132/SA132S27	SES083	-2.01634	-44.5489	-42.5326
BLOCK13/SES132/SA132S27	SES120	-0.257454	-42.79	-42.5326
BLOCK13/SES132/SA132S27	SES127	-1.74182	-44.2744	-42.5326
BLOCK13/SES132/SA132S27	SES275	-1.86847	-44.4011	-42.5326
BLOCK14/SES141/SA141S09	SES143	-0.800362	-43.4998	-42.6994
BLOCK14/SES141/SA141S09	SES144	-0.745296	-43.4447	-42.6994
BLOCK14/SES141/SA141S09	SES162	-1.07143	-43.7708	-42.6994
BLOCK14/SES141/SA141S09	SES180	-1.00597	-43.7054	-42.6994
BLOCK14/SES141/SA141S15	SES127	-1.52197	-44.1408	-42.6189
BLOCK14/SES141/SA141S15	SES144	-0.904476	-43.5233	-42.6189
BLOCK14/SES141/SA141S15	SES162	-0.974808	-43.5937	-42.6189
BLOCK14/SES141/SA141S15	SES180	-0.84129	-43.4601	-42.6189
BLOCK14/SES141/SA141S24	SES127	-1.09184	-43.2322	-42.1404
BLOCK14/SES141/SA141S24	SES144	-1.30478	-43.4452	-42.1404
BLOCK14/SES141/SA141S24	SES162	-0.907524	-43.0479	-42.1404
BLOCK14/SES141/SA141S24	SES183	-1.67196	-43.8123	-42.1404
BLOCK14/SES141/SA141S26	SES142	-1.25663	-44.8672	-43.6106
BLOCK14/SES141/SA141S26	SES144	-1.32832	-44.9389	-43.6106
BLOCK14/SES141/SA141S26	SES172	-1.05377	-44.6643	-43.6106
BLOCK14/SES141/SA141S26	SES180	-0.514477	-44.1251	-43.6106
BLOCK14/SES141/SA141S29	SES127	-0.406029	-42.7318	-42.3257
BLOCK14/SES141/SA141S29	SES142	-0.0716171	-42.3974	-42.3257
BLOCK14/SES141/SA141S29	SES144	-0.881756	-43.2075	-42.3257
BLOCK14/SES141/SA141S29	SES180	-0.390038	-42.7158	-42.3257
BLOCK15/SES157/SA157S08	SES083	-3.23595	-45.9102	-42.6743
BLOCK15/SES157/SA157S08	SES127	-1.96724	-44.6415	-42.6743
BLOCK15/SES157/SA157S08	SES148	-1.78626	-44.4605	-42.6743
BLOCK15/SES157/SA157S08	SES292	-2.50666	-45.1809	-42.6743
BLOCK15/SES157/SA157S11	SES083	-2.98999	-45.5514	-42.5614
BLOCK15/SES157/SA157S11	SES127	-1.98051	-44.5419	-42.5614
BLOCK15/SES157/SA157S11	SES148	-1.49303	-44.0544	-42.5614
BLOCK15/SES157/SA157S11	SES292	-2.78162	-45.343	-42.5614
BLOCK15/SES157/SA157S21	SES127	-1.74724	-44.0109	-42.2637
BLOCK15/SES157/SA157S21	SES148	-0.839733	-43.1034	-42.2637
BLOCK15/SES157/SA157S21	SES158	-5.84604	-48.1097	-42.2637
BLOCK15/SES157/SA157S21	SES292	-1.98904	-44.2527	-42.2637
BLOCK15/SES157/SA157S24	SES127	-1.65176	-44.2326	-42.5809
BLOCK15/SES157/SA157S24	SES148	-1.22269	-43.8036	-42.5809
BLOCK15/SES157/SA157S24	SES183	-2.15443	-44.7353	-42.5809
BLOCK15/SES157/SA157S24	SES292	-1.95979	-44.5407	-42.5809
BLOCK15/SES157/SA157S26	SES007	-0.821255	-43.1098	-42.2885
BLOCK15/SES157/SA157S26	SES127	-0.937611	-43.2262	-42.2885
BLOCK15/SES157/SA157S26	SES147	-1.72258	-44.0111	-42.2885
BLOCK15/SES157/SA157S26	SES148	-1.25333	-43.5419	-42.2885
BLOCK16/SES161/SA161S10	SES007	-2.39818	-45.8413	-43.4431
BLOCK16/SES161/SA161S10	SES105	-2.05652	-45.4997	-43.4431
BLOCK16/SES161/SA161S10	SES158	-2.44477	-45.8879	-43.4431
BLOCK16/SES161/SA161S10	SES275	-2.58018	-46.0233	-43.4431
BLOCK16/SES161/SA161S12	SES007	-2.15421	-44.9791	-42.8249
BLOCK16/SES161/SA161S12	SES105	-2.46989	-45.2948	-42.8249
BLOCK16/SES161/SA161S12	SES158	-1.76429	-44.5892	-42.8249
BLOCK16/SES161/SA161S12	SES275	-2.17525	-45.0001	-42.8249
BLOCK16/SES161/SA161S20	SES007	-2.63387	-46.9774	-44.3435
BLOCK16/SES161/SA161S20	SES105	-2.64783	-46.9913	-44.3435
BLOCK16/SES161/SA161S20	SES158	-2.3898	-46.7333	-44.3435
BLOCK16/SES161/SA161S20	SES275	-3.2415	-47.585	-44.3435
BLOCK16/SES161/SA161S23	SES007	-2.34407	-44.8466	-42.5026
BLOCK16/SES161/SA161S23	SES105	-1.4227	-43.9253	-42.5026
BLOCK16/SES161/SA161S23	SES148	-2.54538	-45.048	-42.5026
BLOCK16/SES161/SA161S23	SES158	-1.16277	-43.6653	-42.5026
BLOCK16/SES161/SA161S28	SES007	-3.43227	-46.4361	-43.0039
BLOCK16/SES161/SA161S28	SES105	-2.75976	-45.7636	-43.0039
BLOCK16/SES161/SA161S28	SES158	-1.10725	-44.1111	-43.0039
BLOCK16/SES161/SA161S28	SES206	-1.66698	-44.6709	-43.0039
BLOCK16/SES164/SA164S11	SES104	-2.06013	-43.5657	-41.5055
BLOCK16/SES164/SA164S11	SES125	-1.38363	-42.8892	-41.5055
BLOCK16/SES164/SA164S11	SES158	-0.238022	-41.7436	-41.5055
BLOCK16/SES164/SA164S11	SES206	-2.62601	-44.1315	-41.5055
BLOCK16/SES164/SA164S13	SES099	-1.40611	-44.3096	-42.9035
BLOCK16/SES164/SA164S13	SES104	-2.235	-45.1385	-42.9035
BLOCK16/SES164/SA164S13	SES125	-2.30915	-45.2126	-42.9035
BLOCK16/SES164/SA164S13	SES206	-2.61862	-45.5221	-42.9035
BLOCK16/SES164/SA164S24	SES002	-0.882729	-43.0888	-42.2061
BLOCK16/SES164/SA164S24	SES099	-1.22786	-43.4339	-42.2061
BLOCK16/SES164/SA164S24	SES125	-2.636	-44.8421	-42.2061
BLOCK16/SES164/SA164S24	SES226	-0.955479	-43.1615	-42.2061
BLOCK16/SES164/SA164S27	SES087	-3.09911	-45.6729	-42.5738
BLOCK16/SES164/SA164S27	SES125	-2.13142	-44.7052	-42.5738
BLOCK16/SES164/SA164S27	SES206	-2.4226	-44.9964	-42.5738
BLOCK16/SES164/SA164S27	SES226	-1.17641	-43.7502	-42.5738
BLOCK16/SES164/SA164S29	SES002	-0.918667	-43.1805	-42.2618
BLOCK16/SES164/SA164S29	SES019	-2.38884	-44.6507	-42.2618
BLOCK16/SES164/SA164S29	SES125	-1.6386	-43.9004	-42.2618
BLOCK16/SES164/SA164S29	SES226	-1.43547	-43.6973	-42.2618
BLOCK16/SES169/SA169S13	SES117	-1.42842	-44.2677	-42.8393
BLOCK16/SES169/SA169S13	SES144	-1.02787	-43.8672	-42.8393
BLOCK16/SES169/SA169S13	SES146	-1.10798	-43.9473	-42.8393
BLOCK16/SES169/SA169S13	SES162	-1.41092	-44.2502	-42.8393
BLOCK16/SES169/SA169S14	SES144	-0.815304	-42.7815	-41.9662
BLOCK16/SES169/SA169S14	SES148	-1.27486	-43.2411	-41.9662
BLOCK16/SES169/SA169S14	SES177	-1.65609	-43.6223	-41.9662
BLOCK16/SES169/SA169S14	SES180	-2.17986	-44.146	-41.9662
BLOCK16/SES169/SA169S24	SES117	-1.11451	-44.5641	-43.4496
BLOCK16/SES169/SA169S24	SES144	-0.74477	-44.1943	-43.4496
BLOCK16/SES169/SA169S24	SES146	-1.60601	-45.0556	-43.4496
BLOCK16/SES169/SA169S24	SES162	-1.51332	-44.9629	-43.4496
BLOCK16/SES169/SA169S27	SES127	-1.24673	-43.8206	-42.5739
BLOCK16/SES169/SA169S27	SES129	-1.72421	-44.2981	-42.5739
BLOCK16/SES169/SA169S27	SES144	-1.39841	-43.9723	-42.5739
BLOCK16/SES169/SA169S27	SES146	-0.986691	-43.5606	-42.5739
BLOCK16/SES169/SA169S29	SES144	-0.464931	-42.3532	-41.8882
BLOCK16/SES169/SA169S29	SES162	-0.584137	-42.4724	-41.8882
BLOCK16/SES169/SA169S29	SES177	-2.42834	-44.3166	-41.8882
BLOCK16/SES169/SA169S29	SES180	-1.45961	-43.3478	-41.8882
BLOCK17/SES171/SA171S12	SES083	-1.61123	-44.9832	-43.372
BLOCK17/SES171/SA171S12	SES148	-1.82979	-45.2018	-43.372
BLOCK17/SES171/SA171S12	SES172	-1.99899	-45.371	-43.372
BLOCK17/SES171/SA171S12	SES292	-3.54123	-46.9132	-43.372
BLOCK17/SES171/SA171S15	SES148	-1.50168	-45.3486	-43.8469
BLOCK17/SES171/SA171S15	SES177	-2.00872	-45.8556	-43.8469
BLOCK17/SES171/SA171S15	SES180	-3.60456	-47.4515	-43.8469
BLOCK17/SES171/SA171S15	SES292	-5.11407	-48.961	-43.8469
BLOCK17/SES171/SA171S22	SES007	-1.52599	-43.845	-42.319
BLOCK17/SES171/SA171S22	SES148	-1.51521	-43.8342	-42.319
BLOCK17/SES171/SA171S22	SES177	-0.86694	-43.1859	-42.319
BLOCK17/SES171/SA171S22	SES180	-2.40655	-44.7255	-42.319
BLOCK17/SES171/SA171S25	SES101	-3.79897	-47.5791	-43.7801
BLOCK17/SES171/SA171S25	SES120	-3.74139	-47.5215	-43.7801
BLOCK17/SES171/SA171S25	SES177	-1.50728	-45.2874	-43.7801
BLOCK17/SES171/SA171S25	SES180	-2.9686	-46.7487	-43.7801
BLOCK17/SES171/SA171S27	SES177	-1.17805	-44.4287	-43.2507
BLOCK17/SES171/SA171S27	SES180	-2.43233	-45.683	-43.2507
BLOCK17/SES171/SA171S27	SES189	-0.776737	-44.0274	-43.2507
BLOCK17/SES171/SA171S27	SES292	-3.13992	-46.3906	-43.2507
BLOCK17/SES173/SA173S13	SES162	-2.86037	-47.2918	-44.4314
BLOCK17/SES173/SA173S13	SES177	-2.82783	-47.2593	-44.4314
BLOCK17/SES173/SA173S13	SES180	-2.83259	-47.264	-44.4314
BLOCK17/SES173/SA173S13	SES292	-2.63837	-47.0698	-44.4314
BLOCK17/SES173/SA173S14	SES007	-3.18187	-47.2404	-44.0585
BLOCK17/SES173/SA173S14	SES162	-2.67028	-46.7288	-44.0585
BLOCK17/SES173/SA173S14	SES177	-2.31327	-46.3718	-44.0585
BLOCK17/SES173/SA173S14	SES180	-3.69567	-47.7542	-44.0585
BLOCK17/SES173/SA173S24	SES144	-1.90222	-46.6823	-44.7801
BLOCK17/SES173/SA173S24	SES162	-3.06184	-47.8419	-44.7801
BLOCK17/SES173/SA173S24	SES177	-2.22848	-47.0086	-44.7801
BLOCK17/SES173/SA173S24	SES180	-3.64541	-48.4255	-44.7801
BLOCK17/SES173/SA173S27	SES162	-2.75404	-46.7709	-44.0169
BLOCK17/SES173/SA173S27	SES177	-2.22469	-46.2416	-44.0169
BLOCK17/SES173/SA173S27	SES180	-2.35131	-46.3682	-44.0169
BLOCK17/SES173/SA173S27	SES292	-3.28963	-47.3065	-44.0169
BLOCK17/SES173/SA173S29	SES162	-3.04669	-47.1298	-44.0831
BLOCK17/SES173/SA173S29	SES175	-1.71505	-45.7981	-44.0831
BLOCK17/SES173/SA173S29	SES177	-2.55745	-46.6405	-44.0831
BLOCK17/SES173/SA173S29	SES292	-6.58565	-50.6687	-44.0831
BLOCK18/SES182/SA182S10	SES144	-0.943657	-43.4375	-42.4938
BLOCK18/SES182/SA182S10	SES177	-1.13006	-43.6239	-42.4938
BLOCK18/SES182/SA182S10	SES180	-2.14939	-44.6432	-42.4938
BLOCK18/SES182/SA182S10	SES275	-0.95298	-43.4468	-42.4938
BLOCK18/SES182/SA182S12	SES144	-0.710846	-42.8102	-42.0994
BLOCK18/SES182/SA182S12	SES177	-1.39132	-43.4907	-42.0994
BLOCK18/SES182/SA182S12	SES180	-1.39295	-43.4923	-42.0994
BLOCK18/SES182/SA182S12	SES275	-1.28331	-43.3827	-42.0994
BLOCK18/SES182/SA182S21	SES117	-1.80199	-45.2624	-43.4604
BLOCK18/SES182/SA182S21	SES144	-1.37288	-44.8333	-43.4604
BLOCK18/SES182/SA182S21	SES162	-1.02609	-44.4865	-43.4604
BLOCK18/SES182/SA182S21	SES180	-1.82534	-45.2857	-43.4604
BLOCK18/SES182/SA182S23	SES117	-1.57923	-44.5769	-42.9976
BLOCK18/SES182/SA182S23	SES144	-1.60819	-44.6058	-42.9976
BLOCK18/SES182/SA182S23	SES180	-2.21003	-45.2077	-42.9976
BLOCK18/SES182/SA182S23	SES275	-0.993397	-43.991	-42.9976
BLOCK18/SES182/SA182S25	SES007	-0.589741	-43.6356	-43.0459
BLOCK18/SES182/SA182S25	SES162	-0.965279	-44.0111	-43.0459
BLOCK18/SES182/SA182S25	SES177	-0.913273	-43.9591	-43.0459
BLOCK18/SES182/SA182S25	SES180	-1.61972	-44.6656	-43.0459
BLOCK18/SES184/SA184S12	SES177	-2.20956	-45.2909	-43.0813
BLOCK18/SES184/SA184S12	SES180	-1.75142	-44.8327	-43.0813
BLOCK18/SES184/SA184S12	SES189	-1.82627	-44.9076	-43.0813
BLOCK18/SES184/SA184S12	SES292	-2.15393	-45.2353	-43.0813
BLOCK18/SES184/SA184S13	SES101	-2.23688	-45.1266	-42.8897
BLOCK18/SES184/SA184S13	SES177	-1.17323	-44.0629	-42.8897
BLOCK18/SES184/SA184S13	SES180	-1.28392	-44.1736	-42.8897
BLOCK18/SES184/SA184S13	SES292	-1.82069	-44.7104	-42.8897
BLOCK18/SES184/SA184S22	SES177	-1.46085	-43.6154	-42.1546
BLOCK18/SES184/SA184S22	SES180	-1.12611	-43.2807	-42.1546
BLOCK18/SES184/SA184S22	SES189	-2.17153	-44.3261	-42.1546
BLOCK18/SES184/SA184S22	SES292	-1.68897	-43.8435	-42.1546
BLOCK18/SES184/SA184S25	SES101	-0.865685	-42.9271	-42.0614
BLOCK18/SES184/SA184S25	SES177	-1.49924	-43.5606	-42.0614
BLOCK18/SES184/SA184S25	SES180	-0.763798	-42.8252	-42.0614
BLOCK18/SES184/SA184S25	SES292	-0.749882	-42.8113	-42.0614
BLOCK18/SES184/SA184S27	SES083	-1.81155	-44.0993	-42.2878
BLOCK18/SES184/SA184S27	SES177	-0.83321	-43.121	-42.2878
BLOCK18/SES184/SA184S27	SES202	-2.53371	-44.8215	-42.2878
BLOCK18/SES184/SA184S27	SES292	-1.75426	-44.042	-42.2878
BLOCK20/SES204/SA204S12	SES062	-2.02267	-43.6329	-41.6102
BLOCK20/SES204/SA204S12	SES083	-2.67056	-44.2808	-41.6102
BLOCK20/SES204/SA204S12	SES206	-0.932106	-42.5424	-41.6102
BLOCK20/SES204/SA204S12	SES226	-2.21811	-43.8284	-41.6102
BLOCK20/SES204/SA204S14	SES068	-3.08919	-43.6745	-40.5853
BLOCK20/SES204/SA204S14	SES087	-0.832287	-41.4176	-40.5853
BLOCK20/SES204/SA204S14	SES206	-1.26954	-41.8548	-40.5853
BLOCK20/SES204/SA204S14	SES226	-2.32119	-42.9065	-40.5853
BLOCK20/SES204/SA204S22	SES068	-3.96615	-45.5222	-41.5561
BLOCK20/SES204/SA204S22	SES082	-3.13137	-44.6874	-41.5561
BLOCK20/SES204/SA204S22	SES083	-3.85624	-45.4123	-41.5561
BLOCK20/SES204/SA204S22	SES206	-1.34033	-42.8964	-41.5561
BLOCK20/SES204/SA204S25	SES062	-3.26581	-44.8688	-41.603
BLOCK20/SES204/SA204S25	SES083	-3.30617	-44.9091	-41.603
BLOCK20/SES204/SA204S25	SES206	-1.03233	-42.6353	-41.603
BLOCK20/SES204/SA204S25	SES226	-2.23285	-43.8358	-41.603
BLOCK20/SES204/SA204S27	SES068	-4.52319	-46.3275	-41.8043
BLOCK20/SES204/SA204S27	SES082	-2.42592	-44.2302	-41.8043
BLOCK20/SES204/SA204S27	SES087	-1.60016	-43.4045	-41.8043
BLOCK20/SES204/SA204S27	SES206	-1.20488	-43.0092	-41.8043
BLOCK20/SES207/SA207S10	SES127	-1.44561	-44.4806	-43.035
BLOCK20/SES207/SA207S10	SES183	-1.95671	-44.9917	-43.035
BLOCK20/SES207/SA207S10	SES189	-1.36794	-44.4029	-43.035
BLOCK20/SES207/SA207S10	SES292	-1.98229	-45.0173	-43.035
BLOCK20/SES207/SA207S11	SES127	-2.08904	-44.9723	-42.8833
BLOCK20/SES207/SA207S11	SES183	-1.89004	-44.7733	-42.8833
BLOCK20/SES207/SA207S11	SES187	-1.25265	-44.1359	-42.8833
BLOCK20/SES207/SA207S11	SES292	-1.68785	-44.5711	-42.8833
BLOCK20/SES207/SA207S25	SES068	-1.52336	-44.6375	-43.1141
BLOCK20/SES207/SA207S25	SES083	-2.97107	-46.0852	-43.1141
BLOCK20/SES207/SA207S25	SES127	-1.35993	-44.474	-43.1141
BLOCK20/SES207/SA207S25	SES187	-0.373211	-43.4873	-43.1141
BLOCK20/SES207/SA207S27	SES127	-1.50261	-45.4259	-43.9233
BLOCK20/SES207/SA207S27	SES183	-0.358921	-44.2822	-43.9233
BLOCK20/SES207/SA207S27	SES187	-1.243	-45.1663	-43.9233
BLOCK20/SES207/SA207S27	SES292	-1.63996	-45.5632	-43.9233
BLOCK20/SES207/SA207S29	SES083	-2.40408	-45.2543	-42.8502
BLOCK20/SES207/SA207S29	SES085	-1.35342	-44.2037	-42.8502
BLOCK20/SES207/SA207S29	SES172	-2.07741	-44.9276	-42.8502
BLOCK20/SES207/SA207S29	SES189	-1.66989	-44.5201	-42.8502
BLOCK22/SES221/SA221S12	SES068	-2.61341	-45.806	-43.1926
BLOCK22/SES221/SA221S12	SES143	-2.18315	-45.3757	-43.1926
BLOCK22/SES221/SA221S12	SES175	-0.619213	-43.8118	-43.1926
BLOCK22/SES221/SA221S12	SES202	-1.13177	-44.3243	-43.1926
BLOCK22/SES221/SA221S15	SES085	-4.27321	-48.5748	-44.3016
BLOCK22/SES221/SA221S15	SES143	-3.24833	-47.5499	-44.3016
BLOCK22/SES221/SA221S15	SES175	-1.35907	-45.6606	-44.3016
BLOCK22/SES221/SA221S15	SES187	-1.51367	-45.8152	-44.3016
BLOCK22/SES221/SA221S23	SES068	-3.85305	-47.175	-43.3219
BLOCK22/SES221/SA221S23	SES143	-3.31076	-46.6327	-43.3219
BLOCK22/SES221/SA221S23	SES175	-0.771286	-44.0932	-43.3219
BLOCK22/SES221/SA221S23	SES189	0.176208	-43.1457	-43.3219
BLOCK22/SES221/SA221S27	SES085	-4.43174	-47.9836	-43.5519
BLOCK22/SES221/SA221S27	SES143	-2.03012	-45.582	-43.5519
BLOCK22/SES221/SA221S27	SES175	-0.67067	-44.2225	-43.5519
BLOCK22/SES221/SA221S27	SES189	0.976997	-42.5749	-43.5519
BLOCK22/SES221/SA221S29	SES085	-7.76876	-52.2752	-44.5064
BLOCK22/SES221/SA221S29	SES143	-2.92651	-47.433	-44.5064
BLOCK22/SES221/SA221S29	SES175	-1.35232	-45.8588	-44.5064
BLOCK22/SES221/SA221S29	SES187	-0.334415	-44.8409	-44.5064
BLOCK22/SES223/SA223S11	SES143	-1.36554	-45.3652	-43.9997
BLOCK22/SES223/SA223S11	SES144	-2.27143	-46.2711	-43.9997
BLOCK22/SES223/SA223S11	SES175	-1.04377	-45.0435	-43.9997
BLOCK22/SES223/SA223S11	SES187	-1.44801	-45.4477	-43.9997
BLOCK22/SES223/SA223S13	SES068	-1.93478	-46.6636	-44.7288
BLOCK22/SES223/SA223S13	SES143	-2.23379	-46.9626	-44.7288
BLOCK22/SES223/SA223S13	SES146	-2.88938	-47.6182	-44.7288
BLOCK22/SES223/SA223S13	SES202	-2.19909	-46.9279	-44.7288
BLOCK22/SES223/SA223S22	SES143	-1.67568	-45.7072	-44.0315
BLOCK22/SES223/SA223S22	SES144	-2.51938	-46.5509	-44.0315
BLOCK22/SES223/SA223S22	SES175	-1.10603	-45.1375	-44.0315
BLOCK22/SES223/SA223S22	SES187	-1.39179	-45.4233	-44.0315
BLOCK22/SES223/SA223S25	SES068	-2.15433	-46.1508	-43.9965
BLOCK22/SES223/SA223S25	SES143	-1.75509	-45.7516	-43.9965
BLOCK22/SES223/SA223S25	SES175	-0.864513	-44.861	-43.9965
BLOCK22/SES223/SA223S25	SES187	-1.17693	-45.1734	-43.9965
BLOCK22/SES223/SA223S27	SES143	-1.47597	-45.7905	-44.3145
BLOCK22/SES223/SA223S27	SES146	-1.7798	-46.0943	-44.3145
BLOCK22/SES223/SA223S27	SES187	-1.32832	-45.6428	-44.3145
BLOCK22/SES223/SA223S27	SES292	-4.42317	-48.7377	-44.3145
BLOCK27/SES273/SA273S12	SES099	-0.478653	-41.1415	-40.6629
BLOCK27/SES273/SA273S12	SES104	-0.655205	-41.3181	-40.6629
BLOCK27/SES273/SA273S12	SES125	-1.05636	-41.7192	-40.6629
BLOCK27/SES273/SA273S12	SES206	-0.708508	-41.3714	-40.6629
BLOCK27/SES273/SA273S13	SES099	-0.588974	-40.9999	-40.4109
BLOCK27/SES273/SA273S13	SES104	-1.0728	-41.4837	-40.4109
BLOCK27/SES273/SA273S13	SES206	-0.990044	-41.401	-40.4109
BLOCK27/SES273/SA273S13	SES292	-3.3065	-43.7174	-40.4109
BLOCK27/SES273/SA273S21	SES099	-0.181385	-41.0093	-40.8279
BLOCK27/SES273/SA273S21	SES148	-2.82832	-43.6562	-40.8279
BLOCK27/SES273/SA273S21	SES149	-1.39215	-42.2201	-40.8279
BLOCK27/SES273/SA273S21	SES177	-3.87563	-44.7036	-40.8279
BLOCK27/SES273/SA273S25	SES104	-1.00637	-42.1172	-41.1108
BLOCK27/SES273/SA273S25	SES125	-1.00614	-42.1169	-41.1108
BLOCK27/SES273/SA273S25	SES158	-0.233879	-41.3447	-41.1108
BLOCK27/SES273/SA273S25	SES206	-0.530518	-41.6413	-41.1108
BLOCK27/SES273/SA273S27	SES099	-0.807579	-41.339	-40.5315
BLOCK27/SES273/SA273S27	SES104	-1.47452	-42.006	-40.5315
BLOCK27/SES273/SA273S27	SES149	-0.893272	-41.4247	-40.5315
BLOCK27/SES273/SA273S27	SES275	-2.0519	-42.5834	-40.5315
BLOCK27/SES274/SA274S10	SES105	-1.26953	-41.8716	-40.6021
BLOCK27/SES274/SA274S10	SES125	-1.63021	-42.2323	-40.6021
BLOCK27/SES274/SA274S10	SES129	-1.5395	-42.1416	-40.6021
BLOCK27/SES274/SA274S10	SES158	-1.95906	-42.5611	-40.6021
BLOCK27/SES274/SA274S11	SES105	-1.67704	-42.6221	-40.9451
BLOCK27/SES274/SA274S11	SES149	-1.51595	-42.461	-40.9451
BLOCK27/SES274/SA274S11	SES158	-1.33934	-42.2844	-40.9451
BLOCK27/SES274/SA274S11	SES275	-1.59505	-42.5401	-40.9451
BLOCK27/SES274/SA274S21	SES105	-1.34623	-42.6589	-41.3126
BLOCK27/SES274/SA274S21	SES129	-2.12729	-43.4399	-41.3126
BLOCK27/SES274/SA274S21	SES149	-0.828541	-42.1412	-41.3126
BLOCK27/SES274/SA274S21	SES158	-2.10527	-43.4179	-41.3126
BLOCK27/SES274/SA274S24	SES105	-1.21484	-42.5338	-41.3189
BLOCK27/SES274/SA274S24	SES129	-3.12473	-44.4436	-41.3189
BLOCK27/SES274/SA274S24	SES149	-1.10981	-42.4287	-41.3189
BLOCK27/SES274/SA274S24	SES158	-2.19472	-43.5136	-41.3189
BLOCK27/SES274/SA274S29	SES105	-1.65484	-42.9588	-41.304
BLOCK27/SES274/SA274S29	SES106	-2.3519	-43.6559	-41.304
BLOCK27/SES274/SA274S29	SES120	-2.34929	-43.6533	-41.304
BLOCK27/SES274/SA274S29	SES275	-1.69419	-42.9981	-41.304
BLOCK27/SES276/SA276S16	SES148	-2.11816	-45.0161	-42.898
BLOCK27/SES276/SA276S16	SES172	-2.03373	-44.9317	-42.898
BLOCK27/SES276/SA276S16	SES180	-3.51368	-46.4117	-42.898
BLOCK27/SES276/SA276S16	SES292	-1.26093	-44.1589	-42.898
BLOCK27/SES276/SA276S17	SES101	-1.72462	-44.3881	-42.6635
BLOCK27/SES276/SA276S17	SES177	-1.9303	-44.5938	-42.6635
BLOCK27/SES276/SA276S17	SES180	-1.73734	-44.4008	-42.6635
BLOCK27/SES276/SA276S17	SES292	-1.98165	-44.6451	-42.6635
BLOCK27/SES276/SA276S24	SES101	-0.841938	-42.7007	-41.8588
BLOCK27/SES276/SA276S24	SES177	-1.87245	-43.7313	-41.8588
BLOCK27/SES276/SA276S24	SES180	-1.73071	-43.5895	-41.8588
BLOCK27/SES276/SA276S24	SES292	-1.56932	-43.4281	-41.8588
BLOCK27/SES276/SA276S26	SES101	-1.88289	-44.2636	-42.3807
BLOCK27/SES276/SA276S26	SES177	-1.10714	-43.4879	-42.3807
BLOCK27/SES276/SA276S26	SES180	-1.24705	-43.6278	-42.3807
BLOCK27/SES276/SA276S26	SES292	-1.71879	-44.0995	-42.3807
BLOCK27/SES276/SA276S28	SES101	-1.72337	-44.2504	-42.5271
BLOCK27/SES276/SA276S28	SES177	-2.4089	-44.936	-42.5271
BLOCK27/SES276/SA276S28	SES180	-0.581078	-43.1082	-42.5271
BLOCK27/SES276/SA276S28	SES292	-1.53373	-44.0608	-42.5271
BLOCK27/SES277/SA277S12	SES101	-1.37057	-44.5832	-43.2126
BLOCK27/SES277/SA277S12	SES177	-2.59712	-45.8097	-43.2126
BLOCK27/SES277/SA277S12	SES180	-3.26925	-46.4818	-43.2126
BLOCK27/SES277/SA277S12	SES292	-3.38511	-46.5977	-43.2126
BLOCK27/SES277/SA277S14	SES177	-1.51682	-45.3305	-43.8136
BLOCK27/SES277/SA277S14	SES180	-2.01744	-45.8311	-43.8136
BLOCK27/SES277/SA277S14	SES189	-0.934029	-44.7477	-43.8136
BLOCK27/SES277/SA277S14	SES292	-3.50664	-47.3203	-43.8136
BLOCK27/SES277/SA277S21	SES177	-0.726128	-43.3087	-42.5826
BLOCK27/SES277/SA277S21	SES180	-2.47407	-45.0566	-42.5826
BLOCK27/SES277/SA277S21	SES189	-0.867332	-43.4499	-42.5826
BLOCK27/SES277/SA277S21	SES292	-3.49511	-46.0777	-42.5826
BLOCK27/SES277/SA277S24	SES144	-1.56924	-45.4065	-43.8373
BLOCK27/SES277/SA277S24	SES177	-2.20451	-46.0418	-43.8373
BLOCK27/SES277/SA277S24	SES180	-2.99231	-46.8296	-43.8373
BLOCK27/SES277/SA277S24	SES189	-1.35099	-45.1882	-43.8373
BLOCK27/SES277/SA277S29	SES177	-0.754864	-42.3671	-41.6122
BLOCK27/SES277/SA277S29	SES180	-1.37798	-42.9902	-41.6122
BLOCK27/SES277/SA277S29	SES202	-1.63616	-43.2484	-41.6122
BLOCK27/SES277/SA277S29	SES292	-2.33959	-43.9518	-41.6122
BLOCK27/SES279/SA279S09	SES120	-1.82145	-43.4437	-41.6223
BLOCK27/SES279/SA279S09	SES146	-1.59749	-43.2197	-41.6223
BLOCK27/SES279/SA279S09	SES206	-2.36557	-43.9878	-41.6223
BLOCK27/SES279/SA279S09	SES226	-2.59597	-44.2182	-41.6223
BLOCK27/SES279/SA279S10	SES099	-1.23655	-42.6143	-41.3778
BLOCK27/SES279/SA279S10	SES206	-1.38039	-42.7582	-41.3778
BLOCK27/SES279/SA279S10	SES226	-2.2085	-43.5863	-41.3778
BLOCK27/SES279/SA279S10	SES292	-1.96745	-43.3452	-41.3778
BLOCK27/SES279/SA279S20	SES099	-2.17521	-44.0951	-41.9199
BLOCK27/SES279/SA279S20	SES206	-1.49631	-43.4162	-41.9199
BLOCK27/SES279/SA279S20	SES226	-2.54911	-44.469	-41.9199
BLOCK27/SES279/SA279S20	SES292	-0.981884	-42.9018	-41.9199
BLOCK27/SES279/SA279S26	SES099	-1.66169	-43.4217	-41.76
BLOCK27/SES279/SA279S26	SES206	-0.720852	-42.4808	-41.76
BLOCK27/SES279/SA279S26	SES226	-1.79113	-43.5511	-41.76
BLOCK27/SES279/SA279S26	SES292	-1.92201	-43.682	-41.76
BLOCK27/SES279/SA279S28	SES099	-1.69649	-42.0547	-40.3582
BLOCK27/SES279/SA279S28	SES120	-1.84251	-42.2007	-40.3582
BLOCK27/SES279/SA279S28	SES177	-2.96902	-43.3272	-40.3582
BLOCK27/SES279/SA279S28	SES206	-1.78228	-42.1404	-40.3582
BLOCK29/SES290/SA290S12	SES162	-1.72048	-43.8582	-42.1377
BLOCK29/SES290/SA290S12	SES177	-1.99881	-44.1365	-42.1377
BLOCK29/SES290/SA290S12	SES180	-2.0301	-44.1678	-42.1377
BLOCK29/SES290/SA290S12	SES292	-2.97077	-45.1085	-42.1377
BLOCK29/SES290/SA290S13	SES007	-2.84214	-46.0069	-43.1648
BLOCK29/SES290/SA290S13	SES162	-2.43962	-45.6044	-43.1648
BLOCK29/SES290/SA290S13	SES177	-1.03436	-44.1991	-43.1648
BLOCK29/SES290/SA290S13	SES180	-1.59828	-44.763	-43.1648
BLOCK29/SES290/SA290S22	SES177	-1.25642	-43.86	-42.6035
BLOCK29/SES290/SA290S22	SES180	-1.15992	-43.7635	-42.6035
BLOCK29/SES290/SA290S22	SES202	-1.25153	-43.8551	-42.6035
BLOCK29/SES290/SA290S22	SES292	-3.10134	-45.7049	-42.6035
BLOCK29/SES290/SA290S25	SES162	-1.43232	-43.4509	-42.0186
BLOCK29/SES290/SA290S25	SES177	-1.28021	-43.2988	-42.0186
BLOCK29/SES290/SA290S25	SES180	-1.21656	-43.2352	-42.0186
BLOCK29/SES290/SA290S25	SES292	-2.32182	-44.3404	-42.0186
BLOCK29/SES290/SA290S29	SES177	-0.164566	-42.282	-42.1175
BLOCK29/SES290/SA290S29	SES180	-0.275249	-42.3927	-42.1175
BLOCK29/SES290/SA290S29	SES275	-1.83075	-43.9482	-42.1175
BLOCK29/SES290/SA290S29	SES292	-1.64602	-43.7635	-42.1175
BLOCK29/SES291/SA291S11	SES105	-3.30204	-45.3949	-42.0929
BLOCK29/SES291/SA291S11	SES125	-1.58386	-43.6767	-42.0929
BLOCK29/SES291/SA291S11	SES158	-1.26553	-43.3584	-42.0929
BLOCK29/SES291/SA291S11	SES275	-4.31384	-46.4067	-42.0929
BLOCK29/SES291/SA291S12	SES158	-0.233757	-41.707	-41.4732
BLOCK29/SES291/SA291S12	SES226	-1.32437	-42.7976	-41.4732
BLOCK29/SES291/SA291S12	SES270	-0.696529	-42.1697	-41.4732
BLOCK29/SES291/SA291S12	SES275	-4.94452	-46.4177	-41.4732
BLOCK29/SES291/SA291S22	SES082	-1.5007	-42.9389	-41.4382
BLOCK29/SES291/SA291S22	SES158	-1.18106	-42.6193	-41.4382
BLOCK29/SES291/SA291S22	SES259	-2.09606	-43.5343	-41.4382
BLOCK29/SES291/SA291S22	SES275	-3.76524	-45.2035	-41.4382
BLOCK29/SES291/SA291S24	SES104	-0.528297	-41.0864	-40.5581
BLOCK29/SES291/SA291S24	SES125	-0.323841	-40.8819	-40.5581
BLOCK29/SES291/SA291S24	SES158	-0.643333	-41.2014	-40.5581
BLOCK29/SES291/SA291S24	SES275	-3.72158	-44.2796	-40.5581
BLOCK29/SES291/SA291S27	SES158	-0.152977	-41.1343	-40.9813
BLOCK29/SES291/SA291S27	SES172	-5.36848	-46.3498	-40.9813
BLOCK29/SES291/SA291S27	SES275	-4.03883	-45.0201	-40.9813
BLOCK29/SES291/SA291S27	SES292	-3.30782	-44.2891	-40.9813
