BLOCK00/SES002/SA002S12	SES002	0.922592	-40.7645	-41.687
BLOCK00/SES002/SA002S13	SES002	1.56836	-40.1537	-41.7221
BLOCK00/SES002/SA002S23	SES002	1.26381	-39.9534	-41.2173
BLOCK00/SES002/SA002S26	SES002	2.01692	-39.469	-41.4859
BLOCK00/SES002/SA002S28	SES002	0.945267	-40.5621	-41.5074
BLOCK00/SES007/SA007S14	SES007	1.41967	-39.8484	-41.2681
BLOCK00/SES007/SA007S15	SES007	1.17233	-40.9822	-42.1545
BLOCK00/SES007/SA007S24	SES007	1.02922	-41.3285	-42.3578
BLOCK00/SES007/SA007S27	SES007	0.804375	-41.6803	-42.4846
BLOCK00/SES007/SA007S29	SES007	0.704662	-40.7382	-41.4429
BLOCK00/SES008/SA008S11	SES008	1.25801	-41.1308	-42.3888
BLOCK00/SES008/SA008S12	SES008	0.32159	-41.703	-42.0246
BLOCK00/SES008/SA008S19	SES008	1.54241	-40.3464	-41.8888
BLOCK00/SES008/SA008S22	SES008	1.33834	-41.6168	-42.9552
BLOCK00/SES008/SA008S29	SES008	1.7172	-40.3369	-42.0541
BLOCK01/SES014/SA014S10	SES014	2.14642	-39.8838	-42.0302
BLOCK01/SES014/SA014S12	SES014	2.89709	-37.7199	-40.617
BLOCK01/SES014/SA014S24	SES014	1.36005	-39.7243	-41.0844
BLOCK01/SES014/SA014S26	SES014	2.25321	-37.6151	-39.8683
BLOCK01/SES014/SA014S28	SES014	2.69236	-37.7658	-40.4582
BLOCK01/SES016/SA016S12	SES016	1.32965	-42.9131	-44.2427
BLOCK01/SES016/SA016S13	SES016	1.70399	-41.2994	-43.0034
BLOCK01/SES016/SA016S22	SES016	0.990673	-42.0475	-43.0382
BLOCK01/SES016/SA016S25	SES016	2.25952	-38.5	-40.7596
BLOCK01/SES016/SA016S27	SES016	1.73312	-39.6093	-41.3424
BLOCK01/SES019/SA019S13	SES019	2.87117	-40.5592	-43.4303
BLOCK01/SES019/SA019S14	SES019	1.836	-40.8415	-42.6775
BLOCK01/SES019/SA019S22	SES019	2.5417	-40.0732	-42.6149
BLOCK01/SES019/SA019S25	SES019	2.24311	-40.7918	-43.0349
BLOCK01/SES019/SA019S29	SES019	3.44516	-40.2515	-43.6967
BLOCK02/SES029/SA029S11	SES029	1.9504	-40.4048	-42.3552
BLOCK02/SES029/SA029S12	SES029	0.579887	-41.1486	-41.7285
BLOCK02/SES029/SA029S20	SES029	0.750137	-42.0043	-42.7544
BLOCK02/SES029/SA029S25	SES029	1.26392	-40.4769	-41.7408
BLOCK02/SES029/SA029S28	SES029	0.565754	-41.6491	-42.2149
BLOCK04/SES042/SA042S12	SES042	2.50262	-38.6467	-41.1493
BLOCK04/SES042/SA042S15	SES042	2.24791	-39.3797	-41.6276
BLOCK04/SES042/SA042S22	SES042	3.10664	-37.8328	-40.9395
BLOCK04/SES042/SA042S25	SES042	1.8729	-40.639	-42.5119
BLOCK04/SES042/SA042S27	SES042	2.09936	-39.016	-41.1154
BLOCK04/SES048/SA048S11	SES048	1.90263	-40.1627	-42.0653
BLOCK04/SES048/SA048S12	SES048	0.763405	-40.8688	-41.6322
BLOCK04/SES048/SA048S20	SES048	1.47638	-40.2613	-41.7377
BLOCK04/SES048/SA048S23	SES048	2.0229	-40.3604	-42.3833
BLOCK04/SES048/SA048S27	SES048	1.13865	-40.2491	-41.3878
BLOCK06/SES060/SA060S11	SES060	1.68414	-40.4994	-42.1836
BLOCK06/SES060/SA060S12	SES060	-1.2149	-43.617	-42.4021
BLOCK06/SES060/SA060S22	SES060	-0.814041	-43.5755	-42.7615
BLOCK06/SES060/SA060S24	SES060	1.17424	-40.6322	-41.8064
BLOCK06/SES060/SA060S28	SES060	1.40124	-39.2234	-40.6246
BLOCK06/SES062/SA062S10	SES062	0.83923	-40.9768	-41.816
BLOCK06/SES062/SA062S11	SES062	1.44366	-40.3872	-41.8308
BLOCK06/SES062/SA062S21	SES062	2.81369	-37.7767	-40.5904
BLOCK06/SES062/SA062S26	SES062	0.717007	-40.0091	-40.7261
BLOCK06/SES062/SA062S29	SES062	1.65353	-39.2595	-40.9131
BLOCK06/SES068/SA068S14	SES068	0.995064	-41.2862	-42.2813
BLOCK06/SES068/SA068S15	SES068	1.28047	-40.1862	-41.4667
BLOCK06/SES068/SA068S23	SES068	0.85664	-41.5615	-42.4182
BLOCK06/SES068/SA068S27	SES068	2.22581	-39.5803	-41.8061
BLOCK06/SES068/SA068S29	SES068	1.29873	-40.2225	-41.5212
BLOCK08/SES082/SA082S12	SES082	0.641689	-41.9164	-42.5581
BLOCK08/SES082/SA082S14	SES082	0.428726	-42.0547	-42.4835
BLOCK08/SES082/SA082S21	SES082	0.513229	-41.4046	-41.9178
BLOCK08/SES082/SA082S24	SES082	0.944374	-40.8735	-41.8179
BLOCK08/SES082/SA082S28	SES082	0.108746	-41.9184	-42.0271
BLOCK08/SES083/SA083S14	SES083	-0.034771	-41.9698	-41.935
BLOCK08/SES083/SA083S15	SES083	0.449085	-41.3823	-41.8314
BLOCK08/SES083/SA083S24	SES083	0.422367	-41.5595	-41.9818
BLOCK08/SES083/SA083S26	SES083	1.07351	-40.7373	-41.8108
BLOCK08/SES083/SA083S29	SES083	0.152576	-41.4838	-41.6364
BLOCK08/SES085/SA085S10	SES085	0.384964	-41.2893	-41.6742
BLOCK08/SES085/SA085S13	SES085	0.91526	-41.8059	-42.7212
BLOCK08/SES085/SA085S22	SES085	-2.84038	-45.4145	-42.5741
BLOCK08/SES085/SA085S26	SES085	-0.346916	-42.1487	-41.8018
BLOCK08/SES085/SA085S28	SES085	1.0522	-40.8764	-41.9286
BLOCK08/SES087/SA087S15	SES087	1.55256	-40.5379	-42.0905
BLOCK08/SES087/SA087S16	SES087	1.63984	-40.2772	-41.9171
BLOCK08/SES087/SA087S24	SES087	1.58028	-40.4924	-42.0727
BLOCK08/SES087/SA087S26	SES087	1.7233	-38.9776	-40.7009
BLOCK08/SES087/SA087S29	SES087	1.82619	-40.3895	-42.2157
BLOCK09/SES099/SA099S15	SES099	1.06398	-41.0672	-42.1312
BLOCK09/SES099/SA099S16	SES099	1.12742	-40.5767	-41.7042
BLOCK09/SES099/SA099S24	SES099	1.38151	-39.8961	-41.2777
BLOCK09/SES099/SA099S26	SES099	1.51264	-40.0536	-41.5662
BLOCK09/SES099/SA099S29	SES099	1.55227	-39.9923	-41.5445
BLOCK10/SES101/SA101S11	SES101	0.752117	-41.1428	-41.8949
BLOCK10/SES101/SA101S13	SES101	1.7074	-40.2492	-41.9566
BLOCK10/SES101/SA101S22	SES101	1.63126	-41.5332	-43.1644
BLOCK10/SES101/SA101S24	SES101	1.90234	-40.6877	-42.59
BLOCK10/SES101/SA101S28	SES101	0.460342	-42.3105	-42.7709
BLOCK10/SES104/SA104S11	SES104	1.04076	-39.7787	-40.8195
BLOCK10/SES104/SA104S12	SES104	1.54402	-39.5854	-41.1295
BLOCK10/SES104/SA104S21	SES104	1.24178	-40.3605	-41.6022
BLOCK10/SES104/SA104S24	SES104	1.13148	-40.7341	-41.8656
BLOCK10/SES104/SA104S28	SES104	0.926922	-40.7702	-41.6971
BLOCK10/SES105/SA105S12	SES105	0.744831	-42.0405	-42.7854
BLOCK10/SES105/SA105S13	SES105	1.619	-40.9867	-42.6057
BLOCK10/SES105/SA105S22	SES105	0.309128	-42.8204	-43.1295
BLOCK10/SES105/SA105S26	SES105	1.53923	-41.537	-43.0763
BLOCK10/SES105/SA105S29	SES105	0.985195	-41.492	-42.4772
BLOCK10/SES106/SA106S09	SES106	0.799717	-42.0128	-42.8125
BLOCK10/SES106/SA106S11	SES106	1.41278	-39.9803	-41.393
BLOCK10/SES106/SA106S22	SES106	2.49635	-40.2358	-42.7321
BLOCK10/SES106/SA106S27	SES106	1.31055	-40.4726	-41.7831
BLOCK10/SES106/SA106S29	SES106	0.962776	-40.6049	-41.5677
BLOCK11/SES117/SA117S12	SES117	0.807697	-41.5621	-42.3698
BLOCK11/SES117/SA117S13	SES117	0.759392	-41.3152	-42.0746
BLOCK11/SES117/SA117S23	SES117	1.9089	-42.0118	-43.9207
BLOCK11/SES117/SA117S25	SES117	1.03353	-42.1993	-43.2328
BLOCK11/SES117/SA117S28	SES117	1.23471	-41.9058	-43.1406
BLOCK12/SES120/SA120S08	SES120	1.65321	-42.2795	-43.9327
BLOCK12/SES120/SA120S11	SES120	0.215076	-44.2101	-44.4252
BLOCK12/SES120/SA120S22	SES120	0.619503	-41.4649	-42.0844
BLOCK12/SES120/SA120S24	SES120	0.646488	-42.2059	-42.8524
BLOCK12/SES120/SA120S28	SES120	0.159348	-43.5987	-43.758
BLOCK12/SES125/SA125S13	SES125	1.80693	-39.6515	-41.4584
BLOCK12/SES125/SA125S14	SES125	1.15458	-40.6327	-41.7872
BLOCK12/SES125/SA125S25	SES125	1.83089	-39.7307	-41.5616
BLOCK12/SES125/SA125S27	SES125	2.04974	-39.0415	-41.0913
BLOCK12/SES125/SA125S29	SES125	1.71144	-39.8999	-41.6114
BLOCK12/SES127/SA127S11	SES127	0.803612	-41.4174	-42.221
BLOCK12/SES127/SA127S12	SES127	-0.148979	-41.6471	-41.4981
BLOCK12/SES127/SA127S23	SES127	0.560307	-41.6013	-42.1616
BLOCK12/SES127/SA127S25	SES127	0.392906	-41.6764	-42.0693
BLOCK12/SES127/SA127S27	SES127	1.10795	-41.0172	-42.1251
BLOCK12/SES129/SA129S11	SES129	1.55026	-39.8855	-41.4357
BLOCK12/SES129/SA129S12	SES129	1.16668	-39.9081	-41.0747
BLOCK12/SES129/SA129S22	SES129	1.03283	-40.8009	-41.8337
BLOCK12/SES129/SA129S27	SES129	1.76844	-39.582	-41.3505
BLOCK12/SES129/SA129S29	SES129	1.7644	-39.7069	-41.4713
BLOCK14/SES142/SA142S11	SES142	2.79185	-40.7441	-43.5359
BLOCK14/SES142/SA142S12	SES142	0.831982	-42.2519	-43.0838
BLOCK14/SES142/SA142S24	SES142	2.2505	-41.2582	-43.5087
BLOCK14/SES142/SA142S27	SES142	2.58317	-40.6004	-43.1835
BLOCK14/SES142/SA142S29	SES142	2.83211	-39.9383	-42.7704
BLOCK14/SES143/SA143S12	SES143	1.5316	-41.4243	-42.9559
BLOCK14/SES143/SA143S13	SES143	1.10765	-42.0169	-43.1246
BLOCK14/SES143/SA143S23	SES143	1.77893	-41.5527	-43.3316
BLOCK14/SES143/SA143S25	SES143	1.31677	-41.4136	-42.7304
BLOCK14/SES143/SA143S28	SES143	1.56825	-40.8183	-42.3866
BLOCK14/SES144/SA144S09	SES144	0.741241	-41.3561	-42.0974
BLOCK14/SES144/SA144S11	SES144	0.702915	-42.4051	-43.108
BLOCK14/SES144/SA144S21	SES144	0.207874	-42.3432	-42.551
BLOCK14/SES144/SA144S25	SES144	0.772614	-41.9366	-42.7092
BLOCK14/SES144/SA144S29	SES144	0.458282	-41.7154	-42.1737
BLOCK14/SES146/SA146S14	SES146	0.633022	-42.1468	-42.7799
BLOCK14/SES146/SA146S15	SES146	0.230473	-42.001	-42.2315
BLOCK14/SES146/SA146S24	SES146	0.576321	-41.8217	-42.398
BLOCK14/SES146/SA146S26	SES146	1.20709	-42.1073	-43.3144
BLOCK14/SES146/SA146S29	SES146	0.72155	-42.747	-43.4685
BLOCK14/SES147/SA147S11	SES147	1.86419	-41.4085	-43.2727
BLOCK14/SES147/SA147S13	SES147	2.14782	-40.231	-42.3788
BLOCK14/SES147/SA147S23	SES147	1.69982	-41.7069	-43.4068
BLOCK14/SES147/SA147S26	SES147	1.29185	-41.5713	-42.8632
BLOCK14/SES147/SA147S28	SES147	2.18733	-40.5589	-42.7462
BLOCK14/SES148/SA148S10	SES148	0.996979	-40.5951	-41.5921
BLOCK14/SES148/SA148S12	SES148	1.05434	-41.4092	-42.4635
BLOCK14/SES148/SA148S22	SES148	1.47981	-39.7522	-41.232
BLOCK14/SES148/SA148S26	SES148	1.28975	-40.8371	-42.1268
BLOCK14/SES148/SA148S29	SES148	0.622993	-41.623	-42.246
BLOCK14/SES149/SA149S13	SES149	0.192574	-41.5556	-41.7482
BLOCK14/SES149/SA149S14	SES149	0.277412	-40.8816	-41.159
BLOCK14/SES149/SA149S24	SES149	1.58443	-40.3008	-41.8853
BLOCK14/SES149/SA149S26	SES149	2.13252	-39.6805	-41.813
BLOCK14/SES149/SA149S28	SES149	2.58231	-39.1165	-41.6988
BLOCK15/SES158/SA158S13	SES158	0.998363	-41.4285	-42.4269
BLOCK15/SES158/SA158S14	SES158	1.7853	-40.8938	-42.6791
BLOCK15/SES158/SA158S23	SES158	0.984825	-40.8948	-41.8796
BLOCK15/SES158/SA158S26	SES158	1.51497	-40.5548	-42.0697
BLOCK15/SES158/SA158S28	SES158	0.76799	-41.5047	-42.2727
BLOCK16/SES162/SA162S10	SES162	1.25928	-42.1896	-43.4489
BLOCK16/SES162/SA162S11	SES162	1.16897	-41.2692	-42.4381
BLOCK16/SES162/SA162S21	SES162	2.15444	-40.8248	-42.9792
BLOCK16/SES162/SA162S24	SES162	1.58668	-41.3846	-42.9713
BLOCK16/SES162/SA162S27	SES162	1.93331	-41.4296	-43.3629
BLOCK16/SES167/SA167S14	SES167	1.47149	-40.3161	-41.7876
BLOCK16/SES167/SA167S15	SES167	1.89345	-41.0096	-42.903
BLOCK16/SES167/SA167S21	SES167	1.77073	-39.6468	-41.4176
BLOCK16/SES167/SA167S25	SES167	1.6058	-40.8343	-42.4401
BLOCK16/SES167/SA167S29	SES167	2.99306	-38.9207	-41.9137
BLOCK17/SES172/SA172S12	SES172	2.17633	-40.9181	-43.0944
BLOCK17/SES172/SA172S13	SES172	2.46469	-41.0353	-43.5
BLOCK17/SES172/SA172S23	SES172	1.30717	-40.166	-41.4731
BLOCK17/SES172/SA172S27	SES172	1.16679	-41.5568	-42.7235
BLOCK17/SES172/SA172S29	SES172	1.93174	-41.0863	-43.018
BLOCK17/SES175/SA175S11	SES175	1.56666	-41.1644	-42.7311
BLOCK17/SES175/SA175S13	SES175	1.54123	-40.8825	-42.4237
BLOCK17/SES175/SA175S23	SES175	1.79552	-41.2779	-43.0734
BLOCK17/SES175/SA175S25	SES175	0.996811	-42.8112	-43.808
BLOCK17/SES175/SA175S28	SES175	2.02439	-40.4365	-42.4609
BLOCK17/SES177/SA177S15	SES177	0.292469	-42.0926	-42.3851
BLOCK17/SES177/SA177S17	SES177	0.684795	-41.5594	-42.2442
BLOCK17/SES177/SA177S23	SES177	0.442024	-42.1479	-42.5899
BLOCK17/SES177/SA177S26	SES177	0.81905	-39.9245	-40.7436
BLOCK17/SES177/SA177S28	SES177	1.17836	-40.5103	-41.6887
BLOCK18/SES180/SA180S13	SES180	1.07925	-41.3776	-42.4568
BLOCK18/SES180/SA180S15	SES180	1.15472	-41.5025	-42.6572
BLOCK18/SES180/SA180S24	SES180	1.34819	-39.7502	-41.0984
BLOCK18/SES180/SA180S26	SES180	1.30005	-40.7224	-42.0225
BLOCK18/SES180/SA180S29	SES180	1.40614	-41.5609	-42.9671
BLOCK18/SES183/SA183S13	SES183	1.02295	-41.9342	-42.9572
BLOCK18/SES183/SA183S14	SES183	0.844925	-42.0956	-42.9405
BLOCK18/SES183/SA183S24	SES183	1.45936	-41.7799	-43.2392
BLOCK18/SES183/SA183S27	SES183	1.3139	-41.3256	-42.6395
BLOCK18/SES183/SA183S29	SES183	1.23236	-41.007	-42.2393
BLOCK18/SES187/SA187S13	SES187	1.23222	-42.2687	-43.501
BLOCK18/SES187/SA187S14	SES187	1.147	-41.9982	-43.1452
BLOCK18/SES187/SA187S24	SES187	1.4198	-41.4318	-42.8516
BLOCK18/SES187/SA187S27	SES187	1.82743	-40.7499	-42.5773
BLOCK18/SES187/SA187S29	SES187	1.37766	-41.8709	-43.2485
BLOCK18/SES189/SA189S10	SES189	2.11278	-43.0348	-45.1475
BLOCK18/SES189/SA189S13	SES189	2.55298	-43.3533	-45.9063
BLOCK18/SES189/SA189S24	SES189	2.81196	-42.2625	-45.0744
BLOCK18/SES189/SA189S26	SES189	1.69634	-42.2818	-43.9781
BLOCK18/SES189/SA189S29	SES189	2.40114	-42.1794	-44.5806
BLOCK20/SES202/SA202S12	SES202	1.80407	-42.1933	-43.9974
BLOCK20/SES202/SA202S14	SES202	3.2169	-40.5877	-43.8046
BLOCK20/SES202/SA202S24	SES202	2.38992	-41.1056	-43.4956
BLOCK20/SES202/SA202S27	SES202	2.27874	-40.1928	-42.4716
BLOCK20/SES202/SA202S29	SES202	3.03087	-40.0134	-43.0442
BLOCK20/SES206/SA206S15	SES206	-0.0564728	-40.878	-40.8215
BLOCK20/SES206/SA206S17	SES206	1.79676	-39.4854	-41.2822
BLOCK20/SES206/SA206S24	SES206	1.90335	-39.2074	-41.1107
BLOCK20/SES206/SA206S27	SES206	1.76246	-40.266	-42.0285
BLOCK20/SES206/SA206S29	SES206	1.69784	-39.0519	-40.7497
BLOCK22/SES226/SA226S12	SES226	0.922222	-41.4859	-42.4081
BLOCK22/SES226/SA226S13	SES226	-0.909775	-42.8116	-41.9019
BLOCK22/SES226/SA226S20	SES226	0.943035	-41.4437	-42.3868
BLOCK22/SES226/SA226S23	SES226	1.1847	-40.5643	-41.749
BLOCK22/SES226/SA226S28	SES226	1.80459	-40.0012	-41.8058
BLOCK25/SES259/SA259S13	SES259	3.04784	-38.8224	-41.8703
BLOCK25/SES259/SA259S14	SES259	1.73806	-39.8868	-41.6248
BLOCK25/SES259/SA259S22	SES259	1.45966	-39.9272	-41.3868
BLOCK25/SES259/SA259S24	SES259	1.68687	-39.5059	-41.1927
BLOCK25/SES259/SA259S28	SES259	1.76796	-39.3327	-41.1007
BLOCK27/SES270/SA270S14	SES270	1.93353	-41.0864	-43.0199
BLOCK27/SES270/SA270S16	SES270	0.910767	-41.0971	-42.0079
BLOCK27/SES270/SA270S22	SES270	2.27612	-40.0969	-42.3731
BLOCK27/SES270/SA270S26	SES270	1.17557	-41.8966	-43.0722
BLOCK27/SES270/SA270S28	SES270	0.871758	-40.8856	-41.7574
BLOCK27/SES275/SA275S17	SES275	1.45091	-41.5208	-42.9717
BLOCK27/SES275/SA275S18	SES275	0.700741	-41.7161	-42.4168
BLOCK27/SES275/SA275S24	SES275	0.665188	-42.8759	-43.5411
BLOCK27/SES275/SA275S26	SES275	1.21985	-40.8277	-42.0476
BLOCK27/SES275/SA275S28	SES275	0.446175	-41.3816	-41.8278
BLOCK29/SES292/SA292S10	SES292	0.540184	-41.742	-42.2822
BLOCK29/SES292/SA292S12	SES292	0.327423	-42.4771	-42.8045
BLOCK29/SES292/SA292S22	SES292	1.12152	-40.6889	-41.8104
BLOCK29/SES292/SA292S24	SES292	0.347885	-41.2499	-41.5977
BLOCK29/SES292/SA292S27	SES292	0.00336075	-41.0986	-41.102
BLOCK00/SES001/SA001S14	SES062	-2.8246	-44.9349	-42.1103
BLOCK00/SES001/SA001S14	SES082	-3.40737	-45.5176	-42.1103
BLOCK00/SES001/SA001S14	SES106	-2.12904	-44.2393	-42.1103
BLOCK00/SES001/SA001S14	SES206	-2.73764	-44.8479	-42.1103
BLOCK00/SES001/SA001S15	SES062	-2.50596	-43.6797	-41.1737
BLOCK00/SES001/SA001S15	SES104	-3.02026	-44.194	-41.1737
BLOCK00/SES001/SA001S15	SES106	-1.88968	-43.0634	-41.1737
BLOCK00/SES001/SA001S15	SES206	-2.15308	-43.3268	-41.1737
BLOCK00/SES001/SA001S24	SES062	-3.89559	-46.2297	-42.3341
BLOCK00/SES001/SA001S24	SES082	-3.36428	-45.6984	-42.3341
BLOCK00/SES001/SA001S24	SES087	-3.41785	-45.752	-42.3341
BLOCK00/SES001/SA001S24	SES206	-2.66131	-44.9954	-42.3341
BLOCK00/SES001/SA001S27	SES062	-1.97186	-43.0485	-41.0766
BLOCK00/SES001/SA001S27	SES082	-4.06528	-45.1419	-41.0766
BLOCK00/SES001/SA001S27	SES087	-4.79605	-45.8727	-41.0766
BLOCK00/SES001/SA001S27	SES206	-4.13687	-45.2135	-41.0766
BLOCK00/SES001/SA001S29	SES062	-3.19428	-45.2832	-42.0889
BLOCK00/SES001/SA001S29	SES082	-2.43346	-44.5224	-42.0889
BLOCK00/SES001/SA001S29	SES158	-1.87118	-43.9601	-42.0889
BLOCK00/SES001/SA001S29	SES206	-3.61653	-45.7055	-42.0889
BLOCK00/SES003/SA003S11	SES002	-0.967896	-42.9179	-41.95
BLOCK00/SES003/SA003S11	SES019	-1.78103	-43.731	-41.95
BLOCK00/SES003/SA003S11	SES082	-0.317074	-42.2671	-41.95
BLOCK00/SES003/SA003S11	SES125	-1.34014	-43.2902	-41.95
BLOCK00/SES003/SA003S15	SES016	-4.04859	-45.5603	-41.5117
BLOCK00/SES003/SA003S15	SES019	-2.1192	-43.6309	-41.5117
BLOCK00/SES003/SA003S15	SES062	-3.20368	-44.7154	-41.5117
BLOCK00/SES003/SA003S15	SES206	-1.14422	-42.6559	-41.5117
BLOCK00/SES003/SA003S22	SES002	-1.51089	-43.1079	-41.597
BLOCK00/SES003/SA003S22	SES062	-1.87704	-43.474	-41.597
BLOCK00/SES003/SA003S22	SES082	-0.874992	-42.472	-41.597
BLOCK00/SES003/SA003S22	SES087	-1.63652	-43.2335	-41.597
BLOCK00/SES003/SA003S25	SES062	-4.01908	-45.8024	-41.7833
BLOCK00/SES003/SA003S25	SES082	-0.827084	-42.6104	-41.7833
BLOCK00/SES003/SA003S25	SES087	-1.34766	-43.131	-41.7833
BLOCK00/SES003/SA003S25	SES206	-1.56465	-43.348	-41.7833
BLOCK00/SES003/SA003S29	SES002	-1.68465	-43.6258	-41.9411
BLOCK00/SES003/SA003S29	SES062	-2.75175	-44.6929	-41.9411
BLOCK00/SES003/SA003S29	SES082	-0.88279	-42.8239	-41.9411
BLOCK00/SES003/SA003S29	SES087	-2.3367	-44.2778	-41.9411
BLOCK00/SES004/SA004S12	SES083	-1.65236	-44.5819	-42.9296
BLOCK00/SES004/SA004S12	SES148	-1.9707	-44.9003	-42.9296
BLOCK00/SES004/SA004S12	SES172	-1.23066	-44.1602	-42.9296
BLOCK00/SES004/SA004S12	SES292	-2.70582	-45.6354	-42.9296
BLOCK00/SES004/SA004S17	SES083	-1.87901	-44.8238	-42.9448
BLOCK00/SES004/SA004S17	SES162	-1.1377	-44.0825	-42.9448
BLOCK00/SES004/SA004S17	SES172	-2.31667	-45.2614	-42.9448
BLOCK00/SES004/SA004S17	SES292	-2.32767	-45.2724	-42.9448
BLOCK00/SES004/SA004S24	SES083	-1.52178	-43.6863	-42.1645
BLOCK00/SES004/SA004S24	SES148	-1.96392	-44.1284	-42.1645
BLOCK00/SES004/SA004S24	SES172	-0.961636	-43.1262	-42.1645
BLOCK00/SES004/SA004S24	SES292	-1.60598	-43.7705	-42.1645
BLOCK00/SES004/SA004S26	SES083	-1.40456	-44.0981	-42.6935
BLOCK00/SES004/SA004S26	SES127	-1.3273	-44.0208	-42.6935
BLOCK00/SES004/SA004S26	SES148	-3.00086	-45.6944	-42.6935
BLOCK00/SES004/SA004S26	SES292	-1.931	-44.6245	-42.6935
BLOCK00/SES004/SA004S28	SES083	-1.46858	-43.3517	-41.8832
BLOCK00/SES004/SA004S28	SES127	-1.38062	-43.2638	-41.8832
BLOCK00/SES004/SA004S28	SES187	-1.31943	-43.2026	-41.8832
BLOCK00/SES004/SA004S28	SES292	-2.6419	-44.525	-41.8832
BLOCK00/SES006/SA006S10	SES014	-3.94744	-48.2047	-44.2572
BLOCK00/SES006/SA006S10	SES158	-1.32747	-45.5847	-44.2572
BLOCK00/SES006/SA006S10	SES226	-3.72	-47.9772	-44.2572
BLOCK00/SES006/SA006S10	SES270	-0.940582	-45.1978	-44.2572
BLOCK00/SES006/SA006S11	SES158	-1.60215	-45.4614	-43.8592
BLOCK00/SES006/SA006S11	SES226	-3.1913	-47.0505	-43.8592
BLOCK00/SES006/SA006S11	SES270	-0.981342	-44.8406	-43.8592
BLOCK00/SES006/SA006S11	SES275	-3.61762	-47.4768	-43.8592
BLOCK00/SES006/SA006S23	SES062	-2.67859	-45.4573	-42.7788
BLOCK00/SES006/SA006S23	SES105	-2.96463	-45.7434	-42.7788
BLOCK00/SES006/SA006S23	SES158	-1.279	-44.0578	-42.7788
BLOCK00/SES006/SA006S23	SES275	-2.5204	-45.2992	-42.7788
BLOCK00/SES006/SA006S26	SES104	-2.61591	-44.8539	-42.238
BLOCK00/SES006/SA006S26	SES158	-0.724709	-42.9627	-42.238
BLOCK00/SES006/SA006S26	SES270	-0.0646973	-42.3027	-42.238
BLOCK00/SES006/SA006S26	SES275	-3.77706	-46.0151	-42.238
BLOCK00/SES006/SA006S28	SES007	-2.5117	-45.9611	-43.4494
BLOCK00/SES006/SA006S28	SES105	-3.07301	-46.5224	-43.4494
BLOCK00/SES006/SA006S28	SES158	-1.83511	-45.2845	-43.4494
BLOCK00/SES006/SA006S28	SES275	-3.33727	-46.7866	-43.4494
BLOCK00/SES009/SA009S12	SES083	-2.20435	-44.03	-41.8256
BLOCK00/SES009/SA009S12	SES148	-1.67283	-43.4984	-41.8256
BLOCK00/SES009/SA009S12	SES177	-2.17839	-44.004	-41.8256
BLOCK00/SES009/SA009S12	SES292	-1.04325	-42.8689	-41.8256
BLOCK00/SES009/SA009S15	SES007	-0.513771	-41.5889	-41.0752
BLOCK00/SES009/SA009S15	SES099	-5.16527	-46.2404	-41.0752
BLOCK00/SES009/SA009S15	SES148	-1.90956	-42.9847	-41.0752
BLOCK00/SES009/SA009S15	SES172	-2.56406	-43.6392	-41.0752
BLOCK00/SES009/SA009S24	SES146	-0.960667	-42.4941	-41.5334
BLOCK00/SES009/SA009S24	SES148	-1.65552	-43.1889	-41.5334
BLOCK00/SES009/SA009S24	SES177	-1.78972	-43.3231	-41.5334
BLOCK00/SES009/SA009S24	SES292	-0.869324	-42.4027	-41.5334
BLOCK00/SES009/SA009S26	SES083	-2.13599	-44.0692	-41.9332
BLOCK00/SES009/SA009S26	SES101	-1.95575	-43.8889	-41.9332
BLOCK00/SES009/SA009S26	SES120	-1.50832	-43.4415	-41.9332
BLOCK00/SES009/SA009S26	SES177	-2.08825	-44.0214	-41.9332
BLOCK00/SES009/SA009S29	SES083	-1.51112	-43.0441	-41.533
BLOCK00/SES009/SA009S29	SES101	-1.60063	-43.1336	-41.533
BLOCK00/SES009/SA009S29	SES177	-1.9535	-43.4865	-41.533
BLOCK00/SES009/SA009S29	SES292	-1.37563	-42.9086	-41.533
BLOCK01/SES011/SA011S10	SES019	-1.70428	-43.9653	-42.261
BLOCK01/SES011/SA011S10	SES042	-0.496361	-42.7573	-42.261
BLOCK01/SES011/SA011S10	SES082	-2.98814	-45.2491	-42.261
BLOCK01/SES011/SA011S10	SES206	-1.32614	-43.5871	-42.261
BLOCK01/SES011/SA011S11	SES019	-1.57461	-44.4076	-42.833
BLOCK01/SES011/SA011S11	SES042	-1.09046	-43.9235	-42.833
BLOCK01/SES011/SA011S11	SES082	-3.42252	-46.2555	-42.833
BLOCK01/SES011/SA011S11	SES206	-1.06146	-43.8945	-42.833
BLOCK01/SES011/SA011S22	SES019	-0.731148	-43.0313	-42.3001
BLOCK01/SES011/SA011S22	SES042	-0.763111	-43.0632	-42.3001
BLOCK01/SES011/SA011S22	SES082	-2.63016	-44.9303	-42.3001
BLOCK01/SES011/SA011S22	SES206	-1.12214	-43.4223	-42.3001
BLOCK01/SES011/SA011S24	SES019	-1.64998	-43.4911	-41.8412
BLOCK01/SES011/SA011S24	SES042	-1.30814	-43.1493	-41.8412
BLOCK01/SES011/SA011S24	SES104	-1.90087	-43.742	-41.8412
BLOCK01/SES011/SA011S24	SES206	-0.694004	-42.5352	-41.8412
BLOCK01/SES011/SA011S27	SES082	-0.156281	-41.6685	-41.5122
BLOCK01/SES011/SA011S27	SES087	-1.76603	-43.2783	-41.5122
BLOCK01/SES011/SA011S27	SES125	-0.831867	-42.3441	-41.5122
BLOCK01/SES011/SA011S27	SES206	-0.552235	-42.0645	-41.5122
BLOCK01/SES012/SA012S11	SES007	-1.62428	-42.2334	-40.6091
BLOCK01/SES012/SA012S11	SES082	-1.67455	-42.2837	-40.6091
BLOCK01/SES012/SA012S11	SES083	-3.13794	-43.7471	-40.6091
BLOCK01/SES012/SA012S11	SES206	-1.21447	-41.8236	-40.6091
BLOCK01/SES012/SA012S14	SES082	-1.65928	-42.9029	-41.2436
BLOCK01/SES012/SA012S14	SES087	-2.42055	-43.6642	-41.2436
BLOCK01/SES012/SA012S14	SES206	-1.56903	-42.8126	-41.2436
BLOCK01/SES012/SA012S14	SES292	-3.03865	-44.2823	-41.2436
BLOCK01/SES012/SA012S24	SES082	0.00618362	-42.3839	-42.39
BLOCK01/SES012/SA012S24	SES087	-1.79421	-44.1843	-42.39
BLOCK01/SES012/SA012S24	SES120	-5.39727	-47.7873	-42.39
BLOCK01/SES012/SA012S24	SES206	-0.765823	-43.1559	-42.39
BLOCK01/SES012/SA012S26	SES019	-3.46805	-44.8497	-41.3817
BLOCK01/SES012/SA012S26	SES082	-2.35454	-43.7362	-41.3817
BLOCK01/SES012/SA012S26	SES206	-0.870598	-42.2523	-41.3817
BLOCK01/SES012/SA012S26	SES292	-2.92821	-44.3099	-41.3817
BLOCK01/SES012/SA012S29	SES062	-2.06656	-43.2024	-41.1359
BLOCK01/SES012/SA012S29	SES082	-0.923306	-42.0592	-41.1359
BLOCK01/SES012/SA012S29	SES083	-3.1871	-44.323	-41.1359
BLOCK01/SES012/SA012S29	SES206	-1.32299	-42.4589	-41.1359
BLOCK01/SES013/SA013S16	SES062	-4.15864	-45.6457	-41.4871
BLOCK01/SES013/SA013S16	SES106	-1.18113	-42.6682	-41.4871
BLOCK01/SES013/SA013S16	SES206	-1.582	-43.0691	-41.4871
BLOCK01/SES013/SA013S16	SES226	-0.702332	-42.1894	-41.4871
BLOCK01/SES013/SA013S17	SES062	-3.14341	-44.0175	-40.8741
BLOCK01/SES013/SA013S17	SES106	-1.87097	-42.7451	-40.8741
BLOCK01/SES013/SA013S17	SES206	-0.667564	-41.5417	-40.8741
BLOCK01/SES013/SA013S17	SES226	-0.357239	-41.2313	-40.8741
BLOCK01/SES013/SA013S23	SES104	-1.69188	-43.5127	-41.8208
BLOCK01/SES013/SA013S23	SES106	-0.816719	-42.6375	-41.8208
BLOCK01/SES013/SA013S23	SES206	-1.50282	-43.3236	-41.8208
BLOCK01/SES013/SA013S23	SES270	-0.645718	-42.4665	-41.8208
BLOCK01/SES013/SA013S25	SES042	-2.25573	-43.3028	-41.0471
BLOCK01/SES013/SA013S25	SES104	-1.43014	-42.4772	-41.0471
BLOCK01/SES013/SA013S25	SES106	-1.28132	-42.3284	-41.0471
BLOCK01/SES013/SA013S25	SES206	-1.60402	-42.6511	-41.0471
BLOCK01/SES013/SA013S29	SES062	-4.40983	-45.9136	-41.5038
BLOCK01/SES013/SA013S29	SES104	-1.92944	-43.4332	-41.5038
BLOCK01/SES013/SA013S29	SES106	-0.775723	-42.2795	-41.5038
BLOCK01/SES013/SA013S29	SES206	-1.89586	-43.3997	-41.5038
BLOCK02/SES021/SA021S13	SES016	-4.06148	-45.4941	-41.4326
BLOCK02/SES021/SA021S13	SES029	-2.5353	-43.9679	-41.4326
BLOCK02/SES021/SA021S13	SES087	-1.80225	-43.2349	-41.4326
BLOCK02/SES021/SA021S13	SES206	-0.847191	-42.2798	-41.4326
BLOCK02/SES021/SA021S15	SES087	-1.0921	-41.3055	-40.2134
BLOCK02/SES021/SA021S15	SES125	-0.524506	-40.7379	-40.2134
BLOCK02/SES021/SA021S15	SES206	-0.448719	-40.6621	-40.2134
BLOCK02/SES021/SA021S15	SES226	-1.66513	-41.8785	-40.2134
BLOCK02/SES021/SA021S23	SES062	-3.76461	-45.8083	-42.0437
BLOCK02/SES021/SA021S23	SES087	-2.03531	-44.079	-42.0437
BLOCK02/SES021/SA021S23	SES206	-1.82967	-43.8733	-42.0437
BLOCK02/SES021/SA021S23	SES226	-1.35537	-43.399	-42.0437
BLOCK02/SES021/SA021S27	SES002	-1.69281	-42.3773	-40.6845
BLOCK02/SES021/SA021S27	SES016	-4.85202	-45.5365	-40.6845
BLOCK02/SES021/SA021S27	SES019	-2.38729	-43.0718	-40.6845
BLOCK02/SES021/SA021S27	SES062	-1.92107	-42.6056	-40.6845
BLOCK02/SES021/SA021S29	SES087	-1.86469	-42.6882	-40.8235
BLOCK02/SES021/SA021S29	SES125	-1.13395	-41.9574	-40.8235
BLOCK02/SES021/SA021S29	SES206	-0.924706	-41.7482	-40.8235
BLOCK02/SES021/SA021S29	SES226	-1.58184	-42.4053	-40.8235
BLOCK04/SES043/SA043S09	SES083	-1.44944	-44.5971	-43.1476
BLOCK04/SES043/SA043S09	SES101	-2.75394	-45.9016	-43.1476
BLOCK04/SES043/SA043S09	SES144	-0.498726	-43.6464	-43.1476
BLOCK04/SES043/SA043S09	SES172	-4.23823	-47.3859	-43.1476
BLOCK04/SES043/SA043S11	SES083	-0.807526	-42.525	-41.7175
BLOCK04/SES043/SA043S11	SES101	-1.71268	-43.4302	-41.7175
BLOCK04/SES043/SA043S11	SES144	-0.687443	-42.405	-41.7175
BLOCK04/SES043/SA043S11	SES172	-1.64557	-43.3631	-41.7175
BLOCK04/SES043/SA043S23	SES083	-0.547195	-42.9875	-42.4403
BLOCK04/SES043/SA043S23	SES144	-0.0624084	-42.5027	-42.4403
BLOCK04/SES043/SA043S23	SES177	-2.98528	-45.4256	-42.4403
BLOCK04/SES043/SA043S23	SES275	-0.302948	-42.7433	-42.4403
BLOCK04/SES043/SA043S26	SES083	-0.977428	-43.5821	-42.6046
BLOCK04/SES043/SA043S26	SES101	-1.83255	-44.4372	-42.6046
BLOCK04/SES043/SA043S26	SES144	-0.291275	-42.8959	-42.6046
BLOCK04/SES043/SA043S26	SES177	-2.08402	-44.6887	-42.6046
BLOCK04/SES043/SA043S28	SES016	-1.40942	-43.0809	-41.6715
BLOCK04/SES043/SA043S28	SES083	-0.953072	-42.6245	-41.6715
BLOCK04/SES043/SA043S28	SES101	-1.36371	-43.0352	-41.6715
BLOCK04/SES043/SA043S28	SES144	-0.7691	-42.4406	-41.6715
BLOCK04/SES044/SA044S10	SES127	-3.30443	-48.2654	-44.9609
BLOCK04/SES044/SA044S10	SES144	-0.777775	-45.7387	-44.9609
BLOCK04/SES044/SA044S10	SES147	-4.01613	-48.9771	-44.9609
BLOCK04/SES044/SA044S10	SES148	-3.09142	-48.0524	-44.9609
BLOCK04/SES044/SA044S11	SES101	-2.88783	-46.7799	-43.892
BLOCK04/SES044/SA044S11	SES144	-0.342613	-44.2347	-43.892
BLOCK04/SES044/SA044S11	SES147	-3.14575	-47.0378	-43.892
BLOCK04/SES044/SA044S11	SES177	-2.68735	-46.5794	-43.892
BLOCK04/SES044/SA044S24	SES007	-2.38636	-45.7859	-43.3995
BLOCK04/SES044/SA044S24	SES101	-1.79886	-45.1984	-43.3995
BLOCK04/SES044/SA044S24	SES147	-2.84925	-46.2488	-43.3995
BLOCK04/SES044/SA044S24	SES177	-2.75572	-46.1553	-43.3995
BLOCK04/SES044/SA044S26	SES007	-1.57227	-44.3797	-42.8075
BLOCK04/SES044/SA044S26	SES016	-1.28317	-44.0906	-42.8075
BLOCK04/SES044/SA044S26	SES101	-1.40544	-44.2129	-42.8075
BLOCK04/SES044/SA044S26	SES147	-2.07482	-44.8823	-42.8075
BLOCK04/SES044/SA044S29	SES007	-2.14266	-44.4048	-42.2622
BLOCK04/SES044/SA044S29	SES101	-0.946964	-43.2091	-42.2622
BLOCK04/SES044/SA044S29	SES147	-2.86996	-45.1321	-42.2622
BLOCK04/SES044/SA044S29	SES177	-2.19815	-44.4603	-42.2622
BLOCK04/SES046/SA046S13	SES101	-2.83979	-46.183	-43.3432
BLOCK04/SES046/SA046S13	SES144	-0.844101	-44.1873	-43.3432
BLOCK04/SES046/SA046S13	SES147	-3.28616	-46.6294	-43.3432
BLOCK04/SES046/SA046S13	SES177	-1.35417	-44.6974	-43.3432
BLOCK04/SES046/SA046S15	SES048	-2.02105	-43.8136	-41.7926
BLOCK04/SES046/SA046S15	SES083	-0.873089	-42.6657	-41.7926
BLOCK04/SES046/SA046S15	SES120	-2.75756	-44.5501	-41.7926
BLOCK04/SES046/SA046S15	SES148	-1.05977	-42.8524	-41.7926
BLOCK04/SES046/SA046S22	SES101	-1.36709	-44.3439	-42.9768
BLOCK04/SES046/SA046S22	SES144	-0.498928	-43.4758	-42.9768
BLOCK04/SES046/SA046S22	SES147	-3.2579	-46.2347	-42.9768
BLOCK04/SES046/SA046S22	SES172	-1.09214	-44.069	-42.9768
BLOCK04/SES046/SA046S25	SES083	-1.61078	-43.9818	-42.371
BLOCK04/SES046/SA046S25	SES127	-1.47192	-43.8429	-42.371
BLOCK04/SES046/SA046S25	SES144	-1.17379	-43.5448	-42.371
BLOCK04/SES046/SA046S25	SES148	-0.756039	-43.127	-42.371
BLOCK04/SES046/SA046S28	SES007	-2.54742	-45.8477	-43.3003
BLOCK04/SES046/SA046S28	SES105	-2.57721	-45.8775	-43.3003
BLOCK04/SES046/SA046S28	SES147	-1.86212	-45.1624	-43.3003
BLOCK04/SES046/SA046S28	SES148	-1.09209	-44.3923	-43.3003
BLOCK04/SES049/SA049S16	SES104	-1.86484	-44.7365	-42.8717
BLOCK04/SES049/SA049S16	SES106	-1.60666	-44.4784	-42.8717
BLOCK04/SES049/SA049S16	SES120	-3.90754	-46.7792	-42.8717
BLOCK04/SES049/SA049S16	SES206	-1.60261	-44.4743	-42.8717
BLOCK04/SES049/SA049S18	SES099	-0.394371	-44.4011	-44.0068
BLOCK04/SES049/SA049S18	SES104	-2.57797	-46.5847	-44.0068
BLOCK04/SES049/SA049S18	SES125	-2.22784	-46.2346	-44.0068
BLOCK04/SES049/SA049S18	SES206	-1.53436	-45.5411	-44.0068
BLOCK04/SES049/SA049S25	SES087	-1.21725	-43.7554	-42.5381
BLOCK04/SES049/SA049S25	SES104	-1.54815	-44.0863	-42.5381
BLOCK04/SES049/SA049S25	SES125	-1.96205	-44.5002	-42.5381
BLOCK04/SES049/SA049S25	SES206	-0.892445	-43.4306	-42.5381
BLOCK04/SES049/SA049S27	SES099	-0.229458	-42.1312	-41.9017
BLOCK04/SES049/SA049S27	SES104	-0.666679	-42.5684	-41.9017
BLOCK04/SES049/SA049S27	SES125	-1.47805	-43.3798	-41.9017
BLOCK04/SES049/SA049S27	SES206	-1.10277	-43.0045	-41.9017
BLOCK04/SES049/SA049S29	SES099	0.135811	-40.9933	-41.1291
BLOCK04/SES049/SA049S29	SES104	-0.407349	-41.5365	-41.1291
BLOCK04/SES049/SA049S29	SES125	-0.866238	-41.9954	-41.1291
BLOCK04/SES049/SA049S29	SES206	-0.388088	-41.5172	-41.1291
BLOCK06/SES063/SA063S09	SES068	-2.05051	-44.2773	-42.2268
BLOCK06/SES063/SA063S09	SES083	-0.493713	-42.7205	-42.2268
BLOCK06/SES063/SA063S09	SES177	-1.33229	-43.5591	-42.2268
BLOCK06/SES063/SA063S09	SES187	-1.53428	-43.7611	-42.2268
BLOCK06/SES063/SA063S10	SES068	-2.25997	-45.2254	-42.9654
BLOCK06/SES063/SA063S10	SES083	-0.147655	-43.1131	-42.9654
BLOCK06/SES063/SA063S10	SES172	-1.02685	-43.9922	-42.9654
BLOCK06/SES063/SA063S10	SES187	-1.46774	-44.4331	-42.9654
BLOCK06/SES063/SA063S20	SES068	-1.9859	-44.8607	-42.8748
BLOCK06/SES063/SA063S20	SES083	-0.684807	-43.5596	-42.8748
BLOCK06/SES063/SA063S20	SES172	-0.726765	-43.6016	-42.8748
BLOCK06/SES063/SA063S20	SES187	-0.463024	-43.3379	-42.8748
BLOCK06/SES063/SA063S24	SES029	-2.90097	-44.7272	-41.8262
BLOCK06/SES063/SA063S24	SES083	-0.381851	-42.2081	-41.8262
BLOCK06/SES063/SA063S24	SES177	-1.38603	-43.2122	-41.8262
BLOCK06/SES063/SA063S24	SES189	-1.20017	-43.0264	-41.8262
BLOCK06/SES063/SA063S27	SES083	0.0388565	-43.1578	-43.1966
BLOCK06/SES063/SA063S27	SES172	-0.653172	-43.8498	-43.1966
BLOCK06/SES063/SA063S27	SES187	-2.18027	-45.3769	-43.1966
BLOCK06/SES063/SA063S27	SES292	-2.80166	-45.9983	-43.1966
BLOCK06/SES067/SA067S12	SES083	-1.49847	-43.6534	-42.155
BLOCK06/SES067/SA067S12	SES172	-2.25316	-44.4081	-42.155
BLOCK06/SES067/SA067S12	SES202	-0.00952148	-42.1645	-42.155
BLOCK06/SES067/SA067S12	SES292	-1.9049	-44.0599	-42.155
BLOCK06/SES067/SA067S14	SES085	-2.40983	-43.7352	-41.3254
BLOCK06/SES067/SA067S14	SES177	-1.71817	-43.0435	-41.3254
BLOCK06/SES067/SA067S14	SES183	-1.47167	-42.797	-41.3254
BLOCK06/SES067/SA067S14	SES202	-0.811558	-42.1369	-41.3254
BLOCK06/SES067/SA067S21	SES144	-0.959156	-44.4528	-43.4936
BLOCK06/SES067/SA067S21	SES177	-0.758179	-44.2518	-43.4936
BLOCK06/SES067/SA067S21	SES183	-2.63345	-46.1271	-43.4936
BLOCK06/SES067/SA067S21	SES189	0.0131111	-43.4805	-43.4936
BLOCK06/SES067/SA067S25	SES085	-1.80164	-44.2611	-42.4594
BLOCK06/SES067/SA067S25	SES177	-1.54742	-44.0069	-42.4594
BLOCK06/SES067/SA067S25	SES183	-0.872017	-43.3314	-42.4594
BLOCK06/SES067/SA067S25	SES202	-0.906673	-43.3661	-42.4594
BLOCK06/SES067/SA067S29	SES085	-1.05307	-43.2485	-42.1954
BLOCK06/SES067/SA067S29	SES177	-1.93752	-44.133	-42.1954
BLOCK06/SES067/SA067S29	SES183	-0.519985	-42.7154	-42.1954
BLOCK06/SES067/SA067S29	SES202	0.33387	-41.8616	-42.1954
BLOCK06/SES069/SA069S12	SES029	-2.69049	-44.1994	-41.5089
BLOCK06/SES069/SA069S12	SES082	-1.39812	-42.907	-41.5089
BLOCK06/SES069/SA069S12	SES087	-2.04854	-43.5574	-41.5089
BLOCK06/SES069/SA069S12	SES206	-1.30325	-42.8121	-41.5089
BLOCK06/SES069/SA069S13	SES029	-2.91671	-44.4757	-41.559
BLOCK06/SES069/SA069S13	SES087	-2.95031	-44.5093	-41.559
BLOCK06/SES069/SA069S13	SES206	-2.25544	-43.8145	-41.559
BLOCK06/SES069/SA069S13	SES226	-1.73021	-43.2892	-41.559
BLOCK06/SES069/SA069S23	SES029	-1.63812	-41.8732	-40.235
BLOCK06/SES069/SA069S23	SES087	-2.35542	-42.5905	-40.235
BLOCK06/SES069/SA069S23	SES206	-1.76664	-42.0017	-40.235
BLOCK06/SES069/SA069S23	SES226	-0.426865	-40.6619	-40.235
BLOCK06/SES069/SA069S25	SES087	-2.29739	-42.9148	-40.6174
BLOCK06/SES069/SA069S25	SES206	-2.36396	-42.9814	-40.6174
BLOCK06/SES069/SA069S25	SES226	-1.39576	-42.0132	-40.6174
BLOCK06/SES069/SA069S25	SES270	-1.15652	-41.7739	-40.6174
BLOCK06/SES069/SA069S27	SES087	-2.49346	-43.0398	-40.5463
BLOCK06/SES069/SA069S27	SES206	-0.771214	-41.3175	-40.5463
BLOCK06/SES069/SA069S27	SES226	-0.702072	-41.2484	-40.5463
BLOCK06/SES069/SA069S27	SES270	-0.770267	-41.3166	-40.5463
BLOCK08/SES081/SA081S11	SES060	-1.54813	-44.0532	-42.505
BLOCK08/SES081/SA081S11	SES062	-2.84436	-45.3494	-42.505
BLOCK08/SES081/SA081S11	SES117	-2.12174	-44.6268	-42.505
BLOCK08/SES081/SA081S11	SES162	-1.70594	-44.211	-42.505
BLOCK08/SES081/SA081S13	SES016	-1.44986	-42.9449	-41.4951
BLOCK08/SES081/SA081S13	SES060	-0.446205	-41.9413	-41.4951
BLOCK08/SES081/SA081S13	SES068	-0.351963	-41.847	-41.4951
BLOCK08/SES081/SA081S13	SES129	-1.65751	-43.1526	-41.4951
BLOCK08/SES081/SA081S24	SES060	-0.837193	-42.8172	-41.98
BLOCK08/SES081/SA081S24	SES068	-0.588142	-42.5681	-41.98
BLOCK08/SES081/SA081S24	SES117	-1.57107	-43.551	-41.98
BLOCK08/SES081/SA081S24	SES275	-1.28764	-43.2676	-41.98
BLOCK08/SES081/SA081S27	SES007	-0.522064	-42.7787	-42.2566
BLOCK08/SES081/SA081S27	SES060	-1.53529	-43.7919	-42.2566
BLOCK08/SES081/SA081S27	SES117	-0.822174	-43.0788	-42.2566
BLOCK08/SES081/SA081S27	SES275	-1.51626	-43.7729	-42.2566
BLOCK08/SES081/SA081S29	SES007	-0.91045	-42.8646	-41.9542
BLOCK08/SES081/SA081S29	SES060	-0.660286	-42.6145	-41.9542
BLOCK08/SES081/SA081S29	SES117	-1.19588	-43.1501	-41.9542
BLOCK08/SES081/SA081S29	SES275	-1.335	-43.2892	-41.9542
BLOCK08/SES086/SA086S11	SES029	-5.09766	-48.1967	-43.099
BLOCK08/SES086/SA086S11	SES082	-2.70428	-45.8033	-43.099
BLOCK08/SES086/SA086S11	SES087	-1.81927	-44.9183	-43.099
BLOCK08/SES086/SA086S11	SES206	-2.99328	-46.0923	-43.099
BLOCK08/SES086/SA086S12	SES029	-5.724	-48.3906	-42.6666
BLOCK08/SES086/SA086S12	SES082	-2.18903	-44.8556	-42.6666
BLOCK08/SES086/SA086S12	SES087	-0.241787	-42.9084	-42.6666
BLOCK08/SES086/SA086S12	SES206	-1.25855	-43.9251	-42.6666
BLOCK08/SES086/SA086S20	SES029	-4.71711	-46.0455	-41.3284
BLOCK08/SES086/SA086S20	SES082	-2.31489	-43.6432	-41.3284
BLOCK08/SES086/SA086S20	SES087	0.358574	-40.9698	-41.3284
BLOCK08/SES086/SA086S20	SES206	-0.287823	-41.6162	-41.3284
BLOCK08/SES086/SA086S24	SES087	-0.564106	-42.9586	-42.3945
BLOCK08/SES086/SA086S24	SES104	-2.2309	-44.6254	-42.3945
BLOCK08/SES086/SA086S24	SES120	-4.80719	-47.2017	-42.3945
BLOCK08/SES086/SA086S24	SES206	-0.393181	-42.7877	-42.3945
BLOCK08/SES086/SA086S28	SES029	-4.16814	-45.4249	-41.2567
BLOCK08/SES086/SA086S28	SES082	-1.96875	-43.2255	-41.2567
BLOCK08/SES086/SA086S28	SES087	-0.116287	-41.373	-41.2567
BLOCK08/SES086/SA086S28	SES206	-1.12822	-42.385	-41.2567
BLOCK08/SES089/SA089S13	SES087	-2.87823	-45.0141	-42.1359
BLOCK08/SES089/SA089S13	SES206	-2.46207	-44.598	-42.1359
BLOCK08/SES089/SA089S13	SES226	-2.28546	-44.4214	-42.1359
BLOCK08/SES089/SA089S13	SES270	-3.21035	-45.3463	-42.1359
BLOCK08/SES089/SA089S14	SES062	-2.73824	-44.6413	-41.903
BLOCK08/SES089/SA089S14	SES087	-0.441029	-42.344	-41.903
BLOCK08/SES089/SA089S14	SES206	-1.09824	-43.0013	-41.903
BLOCK08/SES089/SA089S14	SES226	-1.15449	-43.0575	-41.903
BLOCK08/SES089/SA089S23	SES087	-1.37341	-44.0122	-42.6388
BLOCK08/SES089/SA089S23	SES206	-1.23582	-43.8746	-42.6388
BLOCK08/SES089/SA089S23	SES226	-1.63011	-44.2689	-42.6388
BLOCK08/SES089/SA089S23	SES270	-2.58138	-45.2201	-42.6388
BLOCK08/SES089/SA089S25	SES062	-3.72795	-45.6203	-41.8924
BLOCK08/SES089/SA089S25	SES087	-0.76601	-42.6584	-41.8924
BLOCK08/SES089/SA089S25	SES206	-1.18927	-43.0816	-41.8924
BLOCK08/SES089/SA089S25	SES226	-1.06915	-42.9615	-41.8924
BLOCK08/SES089/SA089S28	SES062	-2.43613	-44.175	-41.7389
BLOCK08/SES089/SA089S28	SES087	-0.844181	-42.5831	-41.7389
BLOCK08/SES089/SA089S28	SES206	-0.387703	-42.1266	-41.7389
BLOCK08/SES089/SA089S28	SES226	-1.02279	-42.7617	-41.7389
BLOCK09/SES097/SA097S11	SES099	-0.0621567	-42.5885	-42.5263
BLOCK09/SES097/SA097S11	SES125	-2.58001	-45.1063	-42.5263
BLOCK09/SES097/SA097S11	SES206	-2.71468	-45.241	-42.5263
BLOCK09/SES097/SA097S11	SES226	-0.497116	-43.0234	-42.5263
BLOCK09/SES097/SA097S14	SES062	-3.01759	-44.9589	-41.9413
BLOCK09/SES097/SA097S14	SES099	-1.02909	-42.9704	-41.9413
BLOCK09/SES097/SA097S14	SES104	-2.22355	-44.1649	-41.9413
BLOCK09/SES097/SA097S14	SES206	-1.80269	-43.744	-41.9413
BLOCK09/SES097/SA097S22	SES099	0.109615	-42.0854	-42.195
BLOCK09/SES097/SA097S22	SES206	-1.60695	-43.802	-42.195
BLOCK09/SES097/SA097S22	SES226	-1.54729	-43.7423	-42.195
BLOCK09/SES097/SA097S22	SES270	0.0943222	-42.1007	-42.195
BLOCK09/SES097/SA097S26	SES099	-0.0590401	-41.7626	-41.7036
BLOCK09/SES097/SA097S26	SES120	-3.73293	-45.4365	-41.7036
BLOCK09/SES097/SA097S26	SES206	-1.68251	-43.3861	-41.7036
BLOCK09/SES097/SA097S26	SES226	-2.06261	-43.7662	-41.7036
BLOCK09/SES097/SA097S28	SES099	-0.770603	-42.7383	-41.9677
BLOCK09/SES097/SA097S28	SES120	-3.43353	-45.4012	-41.9677
BLOCK09/SES097/SA097S28	SES206	-2.33094	-44.2987	-41.9677
BLOCK09/SES097/SA097S28	SES226	-2.01903	-43.9868	-41.9677
BLOCK09/SES098/SA098S11	SES127	-1.7107	-45.5647	-43.854
BLOCK09/SES098/SA098S11	SES144	-1.08617	-44.9402	-43.854
BLOCK09/SES098/SA098S11	SES147	-1.37088	-45.2249	-43.854
BLOCK09/SES098/SA098S11	SES148	-2.38648	-46.2405	-43.854
BLOCK09/SES098/SA098S12	SES127	-3.6245	-49.0168	-45.3923
BLOCK09/SES098/SA098S12	SES144	-1.12092	-46.5132	-45.3923
BLOCK09/SES098/SA098S12	SES147	-2.15001	-47.5423	-45.3923
BLOCK09/SES098/SA098S12	SES189	-0.613308	-46.0056	-45.3923
BLOCK09/SES098/SA098S20	SES127	-2.93774	-47.2938	-44.356
BLOCK09/SES098/SA098S20	SES147	-2.02962	-46.3857	-44.356
BLOCK09/SES098/SA098S20	SES148	-3.49048	-47.8465	-44.356
BLOCK09/SES098/SA098S20	SES292	-5.78319	-50.1392	-44.356
BLOCK09/SES098/SA098S23	SES127	-1.59134	-45.4757	-43.8843
BLOCK09/SES098/SA098S23	SES147	-1.33329	-45.2176	-43.8843
BLOCK09/SES098/SA098S23	SES187	-1.17333	-45.0577	-43.8843
BLOCK09/SES098/SA098S23	SES292	-2.71089	-46.5952	-43.8843
BLOCK09/SES098/SA098S27	SES127	-2.40527	-46.5323	-44.1271
BLOCK09/SES098/SA098S27	SES147	-2.5512	-46.6783	-44.1271
BLOCK09/SES098/SA098S27	SES148	-3.4615	-47.5886	-44.1271
BLOCK09/SES098/SA098S27	SES292	-3.31375	-47.4408	-44.1271
BLOCK10/SES102/SA102S13	SES101	-0.71986	-44.7281	-44.0082
BLOCK10/SES102/SA102S13	SES105	-2.00435	-46.0126	-44.0082
BLOCK10/SES102/SA102S13	SES120	-1.33944	-45.3476	-44.0082
BLOCK10/SES102/SA102S13	SES158	-5.69056	-49.6988	-44.0082
BLOCK10/SES102/SA102S14	SES007	-0.382221	-42.5022	-42.12
BLOCK10/SES102/SA102S14	SES101	0.237026	-41.8829	-42.12
BLOCK10/SES102/SA102S14	SES105	-0.589375	-42.7093	-42.12
BLOCK10/SES102/SA102S14	SES147	-1.67945	-43.7994	-42.12
BLOCK10/SES102/SA102S22	SES007	-1.29913	-43.4094	-42.1103
BLOCK10/SES102/SA102S22	SES101	-0.14045	-42.2507	-42.1103
BLOCK10/SES102/SA102S22	SES105	-0.688965	-42.7993	-42.1103
BLOCK10/SES102/SA102S22	SES158	-3.57261	-45.6829	-42.1103
BLOCK10/SES102/SA102S25	SES007	-0.720215	-42.8426	-42.1224
BLOCK10/SES102/SA102S25	SES101	-0.175068	-42.2975	-42.1224
BLOCK10/SES102/SA102S25	SES105	-0.558052	-42.6805	-42.1224
BLOCK10/SES102/SA102S25	SES147	-2.66866	-44.7911	-42.1224
BLOCK10/SES102/SA102S27	SES007	-1.05035	-43.7696	-42.7192
BLOCK10/SES102/SA102S27	SES101	-0.788818	-43.508	-42.7192
BLOCK10/SES102/SA102S27	SES105	-0.989994	-43.7092	-42.7192
BLOCK10/SES102/SA102S27	SES147	-1.29301	-44.0122	-42.7192
BLOCK10/SES103/SA103S14	SES105	-2.70406	-45.8737	-43.1696
BLOCK10/SES103/SA103S14	SES106	-1.39889	-44.5685	-43.1696
BLOCK10/SES103/SA103S14	SES120	-4.31137	-47.481	-43.1696
BLOCK10/SES103/SA103S14	SES206	-2.24065	-45.4103	-43.1696
BLOCK10/SES103/SA103S15	SES099	-1.27903	-45.0582	-43.7792
BLOCK10/SES103/SA103S15	SES101	-5.60369	-49.3829	-43.7792
BLOCK10/SES103/SA103S15	SES104	-2.29467	-46.0739	-43.7792
BLOCK10/SES103/SA103S15	SES125	-1.79701	-45.5762	-43.7792
BLOCK10/SES103/SA103S24	SES104	-2.01906	-44.4076	-42.3886
BLOCK10/SES103/SA103S24	SES125	-1.71616	-44.1047	-42.3886
BLOCK10/SES103/SA103S24	SES148	-3.63191	-46.0205	-42.3886
BLOCK10/SES103/SA103S24	SES158	-0.980591	-43.3691	-42.3886
BLOCK10/SES103/SA103S26	SES104	-2.13757	-45.0119	-42.8743
BLOCK10/SES103/SA103S26	SES106	-1.79964	-44.674	-42.8743
BLOCK10/SES103/SA103S26	SES125	-2.01626	-44.8906	-42.8743
BLOCK10/SES103/SA103S26	SES148	-4.48144	-47.3558	-42.8743
BLOCK10/SES103/SA103S28	SES104	-2.5245	-46.091	-43.5665
BLOCK10/SES103/SA103S28	SES106	-2.64223	-46.2087	-43.5665
BLOCK10/SES103/SA103S28	SES125	-2.70405	-46.2705	-43.5665
BLOCK10/SES103/SA103S28	SES206	-3.53457	-47.101	-43.5665
BLOCK12/SES121/SA121S12	SES042	-2.27207	-46.6032	-44.3311
BLOCK12/SES121/SA121S12	SES087	-1.8005	-46.1316	-44.3311
BLOCK12/SES121/SA121S12	SES105	-1.73111	-46.0623	-44.3311
BLOCK12/SES121/SA121S12	SES206	-1.33823	-45.6694	-44.3311
BLOCK12/SES121/SA121S14	SES007	-4.31359	-49.036	-44.7224
BLOCK12/SES121/SA121S14	SES105	-3.85545	-48.5778	-44.7224
BLOCK12/SES121/SA121S14	SES106	-2.12377	-46.8462	-44.7224
BLOCK12/SES121/SA121S14	SES206	-2.21162	-46.934	-44.7224
BLOCK12/SES121/SA121S23	SES105	-3.19749	-48.2912	-45.0937
BLOCK12/SES121/SA121S23	SES106	-1.29261	-46.3863	-45.0937
BLOCK12/SES121/SA121S23	SES120	-4.35294	-49.4466	-45.0937
BLOCK12/SES121/SA121S23	SES206	-1.39872	-46.4924	-45.0937
BLOCK12/SES121/SA121S25	SES007	-3.77503	-49.2572	-45.4821
BLOCK12/SES121/SA121S25	SES105	-4.24317	-49.7253	-45.4821
BLOCK12/SES121/SA121S25	SES106	-2.44135	-47.9235	-45.4821
BLOCK12/SES121/SA121S25	SES206	-2.64154	-48.1237	-45.4821
BLOCK12/SES121/SA121S27	SES087	-0.982533	-44.8163	-43.8338
BLOCK12/SES121/SA121S27	SES105	-4.95638	-48.7902	-43.8338
BLOCK12/SES121/SA121S27	SES120	-4.3332	-48.167	-43.8338
BLOCK12/SES121/SA121S27	SES206	-1.93314	-45.7669	-43.8338
BLOCK12/SES124/SA124S16	SES042	-0.836456	-42.5606	-41.7242
BLOCK12/SES124/SA124S16	SES082	-1.1914	-42.9156	-41.7242
BLOCK12/SES124/SA124S16	SES183	-4.43806	-46.1622	-41.7242
BLOCK12/SES124/SA124S16	SES206	-1.43172	-43.1559	-41.7242
BLOCK12/SES124/SA124S17	SES105	-2.73117	-45.7209	-42.9897
BLOCK12/SES124/SA124S17	SES149	-3.11583	-46.1056	-42.9897
BLOCK12/SES124/SA124S17	SES158	-3.09498	-46.0847	-42.9897
BLOCK12/SES124/SA124S17	SES275	-3.62618	-46.6159	-42.9897
BLOCK12/SES124/SA124S23	SES105	-2.74249	-43.2812	-40.5387
BLOCK12/SES124/SA124S23	SES125	-0.486919	-41.0256	-40.5387
BLOCK12/SES124/SA124S23	SES129	-4.40115	-44.9398	-40.5387
BLOCK12/SES124/SA124S23	SES158	-0.465851	-41.0046	-40.5387
BLOCK12/SES124/SA124S26	SES105	-3.0482	-44.508	-41.4598
BLOCK12/SES124/SA124S26	SES125	-0.787685	-42.2475	-41.4598
BLOCK12/SES124/SA124S26	SES129	-3.94466	-45.4045	-41.4598
BLOCK12/SES124/SA124S26	SES158	-1.41969	-42.8795	-41.4598
BLOCK12/SES124/SA124S28	SES104	-0.912521	-42.018	-41.1055
BLOCK12/SES124/SA124S28	SES106	-0.771309	-41.8768	-41.1055
BLOCK12/SES124/SA124S28	SES125	-0.551998	-41.6575	-41.1055
BLOCK12/SES124/SA124S28	SES275	-3.66835	-44.7738	-41.1055
BLOCK12/SES126/SA126S13	SES007	-2.60237	-46.7475	-44.1452
BLOCK12/SES126/SA126S13	SES162	-1.81988	-45.965	-44.1452
BLOCK12/SES126/SA126S13	SES177	-1.4759	-45.6211	-44.1452
BLOCK12/SES126/SA126S13	SES180	-1.77519	-45.9204	-44.1452
BLOCK12/SES126/SA126S14	SES144	-1.37035	-43.8613	-42.4909
BLOCK12/SES126/SA126S14	SES148	-1.92406	-44.415	-42.4909
BLOCK12/SES126/SA126S14	SES177	-0.789547	-43.2805	-42.4909
BLOCK12/SES126/SA126S14	SES180	-1.534	-44.0249	-42.4909
BLOCK12/SES126/SA126S20	SES007	-0.936836	-43.6398	-42.703
BLOCK12/SES126/SA126S20	SES162	-1.77873	-44.4817	-42.703
BLOCK12/SES126/SA126S20	SES172	-4.42137	-47.1244	-42.703
BLOCK12/SES126/SA126S20	SES180	-2.46834	-45.1713	-42.703
BLOCK12/SES126/SA126S24	SES120	-1.03946	-43.5077	-42.4682
BLOCK12/SES126/SA126S24	SES162	-1.13303	-43.6012	-42.4682
BLOCK12/SES126/SA126S24	SES177	-1.07124	-43.5394	-42.4682
BLOCK12/SES126/SA126S24	SES180	-0.612652	-43.0809	-42.4682
BLOCK12/SES126/SA126S26	SES120	-0.722889	-44.1599	-43.437
BLOCK12/SES126/SA126S26	SES177	-1.45474	-44.8918	-43.437
BLOCK12/SES126/SA126S26	SES180	-1.4006	-44.8376	-43.437
BLOCK12/SES126/SA126S26	SES202	-2.75134	-46.1884	-43.437
BLOCK12/SES128/SA128S10	SES087	-2.84856	-44.7608	-41.9122
BLOCK12/SES128/SA128S10	SES206	-1.567	-43.4792	-41.9122
BLOCK12/SES128/SA128S10	SES226	-1.12171	-43.0339	-41.9122
BLOCK12/SES128/SA128S10	SES270	-1.01688	-42.9291	-41.9122
BLOCK12/SES128/SA128S12	SES120	-3.19162	-45.2373	-42.0457
BLOCK12/SES128/SA128S12	SES158	-1.69862	-43.7443	-42.0457
BLOCK12/SES128/SA128S12	SES206	-1.53399	-43.5797	-42.0457
BLOCK12/SES128/SA128S12	SES226	-2.08423	-44.13	-42.0457
BLOCK12/SES128/SA128S21	SES106	-3.20054	-46.0688	-42.8682
BLOCK12/SES128/SA128S21	SES120	-3.51791	-46.3861	-42.8682
BLOCK12/SES128/SA128S21	SES206	-1.50757	-44.3758	-42.8682
BLOCK12/SES128/SA128S21	SES226	-2.77083	-45.639	-42.8682
BLOCK12/SES128/SA128S24	SES087	-3.03418	-45.2205	-42.1863
BLOCK12/SES128/SA128S24	SES120	-2.62428	-44.8106	-42.1863
BLOCK12/SES128/SA128S24	SES206	-1.91097	-44.0973	-42.1863
BLOCK12/SES128/SA128S24	SES226	-2.40691	-44.5933	-42.1863
BLOCK12/SES128/SA128S27	SES099	-0.926411	-42.3349	-41.4084
BLOCK12/SES128/SA128S27	SES120	-2.46954	-43.878	-41.4084
BLOCK12/SES128/SA128S27	SES206	-1.71209	-43.1205	-41.4084
BLOCK12/SES128/SA128S27	SES226	-1.62235	-43.0308	-41.4084
BLOCK13/SES130/SA130S13	SES143	-2.18825	-46.3656	-44.1774
BLOCK13/SES130/SA130S13	SES144	-0.243019	-44.4204	-44.1774
BLOCK13/SES130/SA130S13	SES146	-0.104397	-44.2818	-44.1774
BLOCK13/SES130/SA130S13	SES275	-3.65824	-47.8356	-44.1774
BLOCK13/SES130/SA130S15	SES143	-2.14179	-45.0758	-42.9341
BLOCK13/SES130/SA130S15	SES144	-0.498848	-43.4329	-42.9341
BLOCK13/SES130/SA130S15	SES146	-0.198147	-43.1322	-42.9341
BLOCK13/SES130/SA130S15	SES275	-1.33052	-44.2646	-42.9341
BLOCK13/SES130/SA130S23	SES127	-2.60305	-47.2166	-44.6135
BLOCK13/SES130/SA130S23	SES144	-1.78157	-46.3951	-44.6135
BLOCK13/SES130/SA130S23	SES146	-0.648052	-45.2616	-44.6135
BLOCK13/SES130/SA130S23	SES162	-1.31356	-45.9271	-44.6135
BLOCK13/SES130/SA130S25	SES127	-1.52264	-43.954	-42.4313
BLOCK13/SES130/SA130S25	SES144	-0.674156	-43.1055	-42.4313
BLOCK13/SES130/SA130S25	SES146	-0.868858	-43.3002	-42.4313
BLOCK13/SES130/SA130S25	SES275	-0.796764	-43.2281	-42.4313
BLOCK13/SES130/SA130S28	SES127	-1.2709	-44.026	-42.7551
BLOCK13/SES130/SA130S28	SES144	-0.923008	-43.6781	-42.7551
BLOCK13/SES130/SA130S28	SES146	-0.957348	-43.7125	-42.7551
BLOCK13/SES130/SA130S28	SES275	-0.234627	-42.9897	-42.7551
BLOCK13/SES131/SA131S13	SES002	-2.35381	-46.3614	-44.0076
BLOCK13/SES131/SA131S13	SES007	-4.51192	-48.5195	-44.0076
BLOCK13/SES131/SA131S13	SES099	-1.86223	-45.8698	-44.0076
BLOCK13/SES131/SA131S13	SES105	-2.63604	-46.6436	-44.0076
BLOCK13/SES131/SA131S14	SES104	-1.29087	-43.9509	-42.66
BLOCK13/SES131/SA131S14	SES106	-0.831131	-43.4911	-42.66
BLOCK13/SES131/SA131S14	SES125	-2.03012	-44.6901	-42.66
BLOCK13/SES131/SA131S14	SES148	-3.05805	-45.718	-42.66
BLOCK13/SES131/SA131S20	SES104	-2.35326	-45.6928	-43.3395
BLOCK13/SES131/SA131S20	SES106	-1.86032	-45.1998	-43.3395
BLOCK13/SES131/SA131S20	SES125	-2.48368	-45.8232	-43.3395
BLOCK13/SES131/SA131S20	SES148	-4.32939	-47.6689	-43.3395
BLOCK13/SES131/SA131S22	SES099	-1.57821	-44.0993	-42.5211
BLOCK13/SES131/SA131S22	SES104	-2.19315	-44.7142	-42.5211
BLOCK13/SES131/SA131S22	SES125	-2.33604	-44.8571	-42.5211
BLOCK13/SES131/SA131S22	SES206	-2.32704	-44.8481	-42.5211
BLOCK13/SES131/SA131S29	SES087	-2.22307	-45.5888	-43.3657
BLOCK13/SES131/SA131S29	SES104	-2.73714	-46.1029	-43.3657
BLOCK13/SES131/SA131S29	SES125	-3.22362	-46.5893	-43.3657
BLOCK13/SES131/SA131S29	SES206	-2.59341	-45.9591	-43.3657
BLOCK13/SES132/SA132S11	SES083	-2.28354	-44.43	-42.1464
BLOCK13/SES132/SA132S11	SES120	-0.249557	-42.396	-42.1464
BLOCK13/SES132/SA132S11	SES127	-1.32515	-43.4716	-42.1464
BLOCK13/SES132/SA132S11	SES275	-1.28957	-43.436	-42.1464
BLOCK13/SES132/SA132S12	SES083	-1.43702	-43.6776	-42.2406
BLOCK13/SES132/SA132S12	SES143	-1.72118	-43.9618	-42.2406
BLOCK13/SES132/SA132S12	SES144	-1.05163	-43.2922	-42.2406
BLOCK13/SES132/SA132S12	SES148	-1.27068	-43.5113	-42.2406
BLOCK13/SES132/SA132S22	SES062	-0.726509	-42.7388	-42.0122
BLOCK13/SES132/SA132S22	SES083	-1.17855	-43.1908	-42.0122
BLOCK13/SES132/SA132S22	SES127	-1.25888	-43.2711	-42.0122
BLOCK13/SES132/SA132S22	SES275	-0.688629	-42.7009	-42.0122
BLOCK13/SES132/SA132S24	SES007	-0.107899	-42.138	-42.0301
BLOCK13/SES132/SA132S24	SES083	-1.52187	-43.552	-42.0301
BLOCK13/SES132/SA132S24	SES127	-1.65298	-43.6831	-42.0301
BLOCK13/SES132/SA132S24	SES275	-0.720711	-42.7508	-42.0301
BLOCK13/SES132/SA132S27	SES083	-2.1046	-44.6136	-42.509
BLOCK13/SES132/SA132S27	SES120	-0.275169	-42.7842	-42.509
BLOCK13/SES132/SA132S27	SES127	-1.69497	-44.204	-42.509
BLOCK13/SES132/SA132S27	SES275	-1.57493	-44.084	-42.509
BLOCK14/SES141/SA141S09	SES143	-0.989845	-43.6147	-42.6248
BLOCK14/SES141/SA141S09	SES144	-0.926437	-43.5513	-42.6248
BLOCK14/SES141/SA141S09	SES162	-1.1562	-43.781	-42.6248
BLOCK14/SES141/SA141S09	SES180	-1.25109	-43.8759	-42.6248
BLOCK14/SES141/SA141S15	SES127	-1.52832	-44.1983	-42.6699
BLOCK14/SES141/SA141S15	SES144	-0.788971	-43.4589	-42.6699
BLOCK14/SES141/SA141S15	SES162	-1.16443	-43.8344	-42.6699
BLOCK14/SES141/SA141S15	SES180	-0.971481	-43.6414	-42.6699
BLOCK14/SES141/SA141S24	SES127	-1.21605	-43.3543	-42.1382
BLOCK14/SES141/SA141S24	SES144	-1.74951	-43.8877	-42.1382
BLOCK14/SES141/SA141S24	SES162	-1.14606	-43.2843	-42.1382
BLOCK14/SES141/SA141S24	SES183	-1.32432	-43.4625	-42.1382
BLOCK14/SES141/SA141S26	SES142	-1.33576	-44.8318	-43.496
BLOCK14/SES141/SA141S26	SES144	-0.862518	-44.3585	-43.496
BLOCK14/SES141/SA141S26	SES172	-1.43504	-44.931	-43.496
BLOCK14/SES141/SA141S26	SES180	-1.08941	-44.5854	-43.496
BLOCK14/SES141/SA141S29	SES127	-0.147434	-42.5124	-42.3649
BLOCK14/SES141/SA141S29	SES142	-0.204678	-42.5696	-42.3649
BLOCK14/SES141/SA141S29	SES144	-0.90416	-43.2691	-42.3649
BLOCK14/SES141/SA141S29	SES180	-0.509434	-42.8744	-42.3649
BLOCK15/SES157/SA157S08	SES083	-2.83295	-45.3869	-42.554
BLOCK15/SES157/SA157S08	SES127	-2.23713	-44.7911	-42.554
BLOCK15/SES157/SA157S08	SES148	-1.55078	-44.1047	-42.554
BLOCK15/SES157/SA157S08	SES292	-2.51594	-45.0699	-42.554
BLOCK15/SES157/SA157S11	SES083	-2.26916	-44.8196	-42.5504
BLOCK15/SES157/SA157S11	SES127	-2.19201	-44.7424	-42.5504
BLOCK15/SES157/SA157S11	SES148	-1.65762	-44.208	-42.5504
BLOCK15/SES157/SA157S11	SES292	-2.57196	-45.1224	-42.5504
BLOCK15/SES157/SA157S21	SES127	-2.13654	-44.385	-42.2485
BLOCK15/SES157/SA157S21	SES148	-0.808949	-43.0574	-42.2485
BLOCK15/SES157/SA157S21	SES158	-4.21086	-46.4593	-42.2485
BLOCK15/SES157/SA157S21	SES292	-1.94429	-44.1928	-42.2485
BLOCK15/SES157/SA157S24	SES127	-2.06365	-44.4328	-42.3691
BLOCK15/SES157/SA157S24	SES148	-1.22138	-43.5905	-42.3691
BLOCK15/SES157/SA157S24	SES183	-2.20477	-44.5739	-42.3691
BLOCK15/SES157/SA157S24	SES292	-1.98074	-44.3499	-42.3691
BLOCK15/SES157/SA157S26	SES007	-1.00272	-43.1783	-42.1756
BLOCK15/SES157/SA157S26	SES127	-1.08834	-43.2639	-42.1756
BLOCK15/SES157/SA157S26	SES147	-1.8093	-43.9849	-42.1756
BLOCK15/SES157/SA157S26	SES148	-1.03701	-43.2126	-42.1756
BLOCK16/SES161/SA161S10	SES007	-2.76865	-46.2764	-43.5078
BLOCK16/SES161/SA161S10	SES105	-1.71568	-45.2235	-43.5078
BLOCK16/SES161/SA161S10	SES158	-2.6394	-46.1472	-43.5078
BLOCK16/SES161/SA161S10	SES275	-2.59374	-46.1015	-43.5078
BLOCK16/SES161/SA161S12	SES007	-2.76916	-45.5728	-42.8036
BLOCK16/SES161/SA161S12	SES105	-2.63845	-45.4421	-42.8036
BLOCK16/SES161/SA161S12	SES158	-1.84093	-44.6446	-42.8036
BLOCK16/SES161/SA161S12	SES275	-2.55144	-45.3551	-42.8036
BLOCK16/SES161/SA161S20	SES007	-3.38611	-47.6395	-44.2534
BLOCK16/SES161/SA161S20	SES105	-3.35131	-47.6047	-44.2534
BLOCK16/SES161/SA161S20	SES158	-2.48284	-46.7363	-44.2534
BLOCK16/SES161/SA161S20	SES275	-3.57213	-47.8256	-44.2534
BLOCK16/SES161/SA161S23	SES007	-2.43005	-45.0606	-42.6306
BLOCK16/SES161/SA161S23	SES105	-1.53781	-44.1684	-42.6306
BLOCK16/SES161/SA161S23	SES148	-2.6703	-45.3009	-42.6306
BLOCK16/SES161/SA161S23	SES158	-1.33331	-43.9639	-42.6306
BLOCK16/SES161/SA161S28	SES007	-3.86573	-46.8342	-42.9685
BLOCK16/SES161/SA161S28	SES105	-3.13675	-46.1052	-42.9685
BLOCK16/SES161/SA161S28	SES158	-1.64393	-44.6124	-42.9685
BLOCK16/SES161/SA161S28	SES206	-1.77549	-44.744	-42.9685
BLOCK16/SES164/SA164S11	SES104	-2.39415	-43.8289	-41.4347
BLOCK16/SES164/SA164S11	SES125	-1.46247	-42.8972	-41.4347
BLOCK16/SES164/SA164S11	SES158	-0.322716	-41.7574	-41.4347
BLOCK16/SES164/SA164S11	SES206	-2.61619	-44.0509	-41.4347
BLOCK16/SES164/SA164S13	SES099	-1.90892	-44.7783	-42.8694
BLOCK16/SES164/SA164S13	SES104	-2.29403	-45.1634	-42.8694
BLOCK16/SES164/SA164S13	SES125	-2.45564	-45.325	-42.8694
BLOCK16/SES164/SA164S13	SES206	-2.62832	-45.4977	-42.8694
BLOCK16/SES164/SA164S24	SES002	-1.49021	-43.6785	-42.1883
BLOCK16/SES164/SA164S24	SES099	-1.25941	-43.4477	-42.1883
BLOCK16/SES164/SA164S24	SES125	-2.77551	-44.9638	-42.1883
BLOCK16/SES164/SA164S24	SES226	-1.39202	-43.5803	-42.1883
BLOCK16/SES164/SA164S27	SES087	-3.92619	-46.4366	-42.5104
BLOCK16/SES164/SA164S27	SES125	-2.0522	-44.5626	-42.5104
BLOCK16/SES164/SA164S27	SES206	-2.16907	-44.6795	-42.5104
BLOCK16/SES164/SA164S27	SES226	-1.80186	-44.3123	-42.5104
BLOCK16/SES164/SA164S29	SES002	-0.73925	-43.0185	-42.2793
BLOCK16/SES164/SA164S29	SES019	-1.82067	-44.0999	-42.2793
BLOCK16/SES164/SA164S29	SES125	-1.59152	-43.8708	-42.2793
BLOCK16/SES164/SA164S29	SES226	-1.53481	-43.8141	-42.2793
BLOCK16/SES169/SA169S13	SES117	-1.42017	-44.3132	-42.8931
BLOCK16/SES169/SA169S13	SES144	-0.906792	-43.7998	-42.8931
BLOCK16/SES169/SA169S13	SES146	-1.38058	-44.2736	-42.8931
BLOCK16/SES169/SA169S13	SES162	-1.40402	-44.2971	-42.8931
BLOCK16/SES169/SA169S14	SES144	-0.82835	-42.8288	-42.0004
BLOCK16/SES169/SA169S14	SES148	-1.18175	-43.1822	-42.0004
BLOCK16/SES169/SA169S14	SES177	-1.47277	-43.4732	-42.0004
BLOCK16/SES169/SA169S14	SES180	-2.24997	-44.2504	-42.0004
BLOCK16/SES169/SA169S24	SES117	-1.10065	-44.5854	-43.4848
BLOCK16/SES169/SA169S24	SES144	-0.914158	-44.3989	-43.4848
BLOCK16/SES169/SA169S24	SES146	-1.18885	-44.6736	-43.4848
BLOCK16/SES169/SA169S24	SES162	-1.52367	-45.0084	-43.4848
BLOCK16/SES169/SA169S27	SES127	-1.63678	-44.0457	-42.409
BLOCK16/SES169/SA169S27	SES129	-1.53323	-43.9422	-42.409
BLOCK16/SES169/SA169S27	SES144	-1.64085	-44.0498	-42.409
BLOCK16/SES169/SA169S27	SES146	-1.07423	-43.4832	-42.409
BLOCK16/SES169/SA169S29	SES144	-0.917439	-42.8819	-41.9645
BLOCK16/SES169/SA169S29	SES162	-0.43729	-42.4017	-41.9645
BLOCK16/SES169/SA169S29	SES177	-2.56627	-44.5307	-41.9645
BLOCK16/SES169/SA169S29	SES180	-1.64648	-43.6109	-41.9645
BLOCK17/SES171/SA171S12	SES083	-1.27498	-44.7198	-43.4448
BLOCK17/SES171/SA171S12	SES148	-1.8576	-45.3024	-43.4448
BLOCK17/SES171/SA171S12	SES172	-1.66335	-45.1082	-43.4448
BLOCK17/SES171/SA171S12	SES292	-2.96275	-46.4076	-43.4448
BLOCK17/SES171/SA171S15	SES148	-1.203	-45.1423	-43.9393
BLOCK17/SES171/SA171S15	SES177	-1.71854	-45.6578	-43.9393
BLOCK17/SES171/SA171S15	SES180	-3.07061	-47.0099	-43.9393
BLOCK17/SES171/SA171S15	SES292	-5.27779	-49.2171	-43.9393
BLOCK17/SES171/SA171S22	SES007	-1.49813	-43.8547	-42.3566
BLOCK17/SES171/SA171S22	SES148	-1.51809	-43.8747	-42.3566
BLOCK17/SES171/SA171S22	SES177	-0.536858	-42.8934	-42.3566
BLOCK17/SES171/SA171S22	SES180	-1.90531	-44.2619	-42.3566
BLOCK17/SES171/SA171S25	SES101	-3.10643	-46.9558	-43.8494
BLOCK17/SES171/SA171S25	SES120	-3.4309	-47.2803	-43.8494
BLOCK17/SES171/SA171S25	SES177	-1.53659	-45.386	-43.8494
BLOCK17/SES171/SA171S25	SES180	-2.70051	-46.5499	-43.8494
BLOCK17/SES171/SA171S27	SES177	-1.08484	-44.3259	-43.241
BLOCK17/SES171/SA171S27	SES180	-2.47292	-45.714	-43.241
BLOCK17/SES171/SA171S27	SES189	-0.769398	-44.0104	-43.241
BLOCK17/SES171/SA171S27	SES292	-3.10447	-46.3455	-43.241
BLOCK17/SES173/SA173S13	SES162	-3.39835	-47.672	-44.2736
BLOCK17/SES173/SA173S13	SES177	-2.62055	-46.8942	-44.2736
BLOCK17/SES173/SA173S13	SES180	-3.09579	-47.3694	-44.2736
BLOCK17/SES173/SA173S13	SES292	-3.47866	-47.7523	-44.2736
BLOCK17/SES173/SA173S14	SES007	-2.24191	-46.3395	-44.0976
BLOCK17/SES173/SA173S14	SES162	-3.13188	-47.2295	-44.0976
BLOCK17/SES173/SA173S14	SES177	-2.06759	-46.1652	-44.0976
BLOCK17/SES173/SA173S14	SES180	-3.74067	-47.8383	-44.0976
BLOCK17/SES173/SA173S24	SES144	-0.906399	-45.8961	-44.9897
BLOCK17/SES173/SA173S24	SES162	-3.05972	-48.0494	-44.9897
BLOCK17/SES173/SA173S24	SES177	-2.35946	-47.3491	-44.9897
BLOCK17/SES173/SA173S24	SES180	-3.26666	-48.2563	-44.9897
BLOCK17/SES173/SA173S27	SES162	-2.81216	-46.7664	-43.9543
BLOCK17/SES173/SA173S27	SES177	-2.22447	-46.1787	-43.9543
BLOCK17/SES173/SA173S27	SES180	-2.54704	-46.5013	-43.9543
BLOCK17/SES173/SA173S27	SES292	-3.38824	-47.3425	-43.9543
BLOCK17/SES173/SA173S29	SES162	-2.91616	-47.1492	-44.233
BLOCK17/SES173/SA173S29	SES175	-1.59499	-45.828	-44.233
BLOCK17/SES173/SA173S29	SES177	-2.38724	-46.6203	-44.233
BLOCK17/SES173/SA173S29	SES292	-5.6589	-49.8919	-44.233
BLOCK18/SES182/SA182S10	SES144	-1.15548	-43.5363	-42.3808
BLOCK18/SES182/SA182S10	SES177	-1.52112	-43.9019	-42.3808
BLOCK18/SES182/SA182S10	SES180	-2.77845	-45.1593	-42.3808
BLOCK18/SES182/SA182S10	SES275	-0.704369	-43.0852	-42.3808
BLOCK18/SES182/SA182S12	SES144	-0.466381	-42.6699	-42.2035
BLOCK18/SES182/SA182S12	SES177	-1.38968	-43.5932	-42.2035
BLOCK18/SES182/SA182S12	SES180	-1.579	-43.7825	-42.2035
BLOCK18/SES182/SA182S12	SES275	-0.924915	-43.1285	-42.2035
BLOCK18/SES182/SA182S21	SES117	-1.52523	-45.0808	-43.5556
BLOCK18/SES182/SA182S21	SES144	-1.49271	-45.0483	-43.5556
BLOCK18/SES182/SA182S21	SES162	-0.850922	-44.4065	-43.5556
BLOCK18/SES182/SA182S21	SES180	-1.99701	-45.5526	-43.5556
BLOCK18/SES182/SA182S23	SES117	-1.68133	-44.7378	-43.0565
BLOCK18/SES182/SA182S23	SES144	-1.5575	-44.614	-43.0565
BLOCK18/SES182/SA182S23	SES180	-2.52329	-45.5798	-43.0565
BLOCK18/SES182/SA182S23	SES275	-0.970623	-44.0271	-43.0565
BLOCK18/SES182/SA182S25	SES007	-0.407352	-43.5248	-43.1174
BLOCK18/SES182/SA182S25	SES162	-1.10288	-44.2203	-43.1174
BLOCK18/SES182/SA182S25	SES177	-1.07998	-44.1974	-43.1174
BLOCK18/SES182/SA182S25	SES180	-1.86103	-44.9784	-43.1174
BLOCK18/SES184/SA184S12	SES177	-2.38787	-45.367	-42.9791
BLOCK18/SES184/SA184S12	SES180	-1.98344	-44.9625	-42.9791
BLOCK18/SES184/SA184S12	SES189	-1.83977	-44.8188	-42.9791
BLOCK18/SES184/SA184S12	SES292	-1.6372	-44.6163	-42.9791
BLOCK18/SES184/SA184S13	SES101	-2.13165	-45.0164	-42.8847
BLOCK18/SES184/SA184S13	SES177	-1.23689	-44.1216	-42.8847
BLOCK18/SES184/SA184S13	SES180	-1.56102	-44.4458	-42.8847
BLOCK18/SES184/SA184S13	SES292	-1.55402	-44.4388	-42.8847
BLOCK18/SES184/SA184S22	SES177	-1.28277	-43.3767	-42.0939
BLOCK18/SES184/SA184S22	SES180	-1.30176	-43.3957	-42.0939
BLOCK18/SES184/SA184S22	SES189	-2.51278	-44.6067	-42.0939
BLOCK18/SES184/SA184S22	SES292	-1.19153	-43.2855	-42.0939
BLOCK18/SES184/SA184S25	SES101	-0.812836	-42.8685	-42.0557
BLOCK18/SES184/SA184S25	SES177	-1.18582	-43.2415	-42.0557
BLOCK18/SES184/SA184S25	SES180	-0.654453	-42.7101	-42.0557
BLOCK18/SES184/SA184S25	SES292	-0.47065	-42.5263	-42.0557
BLOCK18/SES184/SA184S27	SES083	-1.58562	-43.9163	-42.3307
BLOCK18/SES184/SA184S27	SES177	-1.3172	-43.6479	-42.3307
BLOCK18/SES184/SA184S27	SES202	-2.29308	-44.6237	-42.3307
BLOCK18/SES184/SA184S27	SES292	-1.3975	-43.7282	-42.3307
BLOCK20/SES204/SA204S12	SES062	-2.67802	-44.2823	-41.6043
BLOCK20/SES204/SA204S12	SES083	-3.27235	-44.8767	-41.6043
BLOCK20/SES204/SA204S12	SES206	-0.916885	-42.5212	-41.6043
BLOCK20/SES204/SA204S12	SES226	-2.23091	-43.8352	-41.6043
BLOCK20/SES204/SA204S14	SES068	-3.64045	-44.1568	-40.5163
BLOCK20/SES204/SA204S14	SES087	-0.778412	-41.2947	-40.5163
BLOCK20/SES204/SA204S14	SES206	-1.60958	-42.1259	-40.5163
BLOCK20/SES204/SA204S14	SES226	-2.35561	-42.8719	-40.5163
BLOCK20/SES204/SA204S22	SES068	-4.95481	-46.479	-41.5242
BLOCK20/SES204/SA204S22	SES082	-3.78205	-45.3063	-41.5242
BLOCK20/SES204/SA204S22	SES083	-3.88161	-45.4058	-41.5242
BLOCK20/SES204/SA204S22	SES206	-1.51266	-43.0369	-41.5242
BLOCK20/SES204/SA204S25	SES062	-3.37189	-44.9482	-41.5763
BLOCK20/SES204/SA204S25	SES083	-3.78872	-45.365	-41.5763
BLOCK20/SES204/SA204S25	SES206	-1.31094	-42.8872	-41.5763
BLOCK20/SES204/SA204S25	SES226	-2.17427	-43.7506	-41.5763
BLOCK20/SES204/SA204S27	SES068	-5.69469	-47.3616	-41.6669
BLOCK20/SES204/SA204S27	SES082	-2.98617	-44.653	-41.6669
BLOCK20/SES204/SA204S27	SES087	-1.63976	-43.3066	-41.6669
BLOCK20/SES204/SA204S27	SES206	-1.45852	-43.1254	-41.6669
BLOCK20/SES207/SA207S10	SES127	-1.05331	-44.0077	-42.9544
BLOCK20/SES207/SA207S10	SES183	-1.74667	-44.701	-42.9544
BLOCK20/SES207/SA207S10	SES189	-1.55462	-44.509	-42.9544
BLOCK20/SES207/SA207S10	SES292	-1.90945	-44.8638	-42.9544
BLOCK20/SES207/SA207S11	SES127	-2.27265	-45.2222	-42.9495
BLOCK20/SES207/SA207S11	SES183	-1.61733	-44.5668	-42.9495
BLOCK20/SES207/SA207S11	SES187	-0.952599	-43.9021	-42.9495
BLOCK20/SES207/SA207S11	SES292	-1.84493	-44.7944	-42.9495
BLOCK20/SES207/SA207S25	SES068	-1.36692	-44.6232	-43.2563
BLOCK20/SES207/SA207S25	SES083	-2.32726	-45.5835	-43.2563
BLOCK20/SES207/SA207S25	SES127	-1.28306	-44.5393	-43.2563
BLOCK20/SES207/SA207S25	SES187	-0.44537	-43.7017	-43.2563
BLOCK20/SES207/SA207S27	SES127	-1.57434	-45.4018	-43.8275
BLOCK20/SES207/SA207S27	SES183	-0.288589	-44.1161	-43.8275
BLOCK20/SES207/SA207S27	SES187	-1.24021	-45.0677	-43.8275
BLOCK20/SES207/SA207S27	SES292	-1.958	-45.7855	-43.8275
BLOCK20/SES207/SA207S29	SES083	-1.8548	-44.8766	-43.0218
BLOCK20/SES207/SA207S29	SES085	-1.24435	-44.2662	-43.0218
BLOCK20/SES207/SA207S29	SES172	-1.70984	-44.7317	-43.0218
BLOCK20/SES207/SA207S29	SES189	-1.53183	-44.5537	-43.0218
BLOCK22/SES221/SA221S12	SES068	-2.25713	-45.4552	-43.1981
BLOCK22/SES221/SA221S12	SES143	-1.93933	-45.1374	-43.1981
BLOCK22/SES221/SA221S12	SES175	-0.92141	-44.1195	-43.1981
BLOCK22/SES221/SA221S12	SES202	-0.636742	-43.8348	-43.1981
BLOCK22/SES221/SA221S15	SES085	-3.74113	-48.1103	-44.3692
BLOCK22/SES221/SA221S15	SES143	-2.382	-46.7512	-44.3692
BLOCK22/SES221/SA221S15	SES175	-1.4311	-45.8003	-44.3692
BLOCK22/SES221/SA221S15	SES187	-0.763603	-45.1328	-44.3692
BLOCK22/SES221/SA221S23	SES068	-2.31085	-45.7715	-43.4607
BLOCK22/SES221/SA221S23	SES143	-2.68003	-46.1407	-43.4607
BLOCK22/SES221/SA221S23	SES175	-0.549213	-44.0099	-43.4607
BLOCK22/SES221/SA221S23	SES189	0.536137	-42.9245	-43.4607
BLOCK22/SES221/SA221S27	SES085	-4.15463	-47.808	-43.6534
BLOCK22/SES221/SA221S27	SES143	-1.37689	-45.0303	-43.6534
BLOCK22/SES221/SA221S27	SES175	-1.01352	-44.6669	-43.6534
BLOCK22/SES221/SA221S27	SES189	1.03867	-42.6147	-43.6534
BLOCK22/SES221/SA221S29	SES085	-7.32177	-51.8752	-44.5534
BLOCK22/SES221/SA221S29	SES143	-1.85324	-46.4066	-44.5534
BLOCK22/SES221/SA221S29	SES175	-1.04642	-45.5998	-44.5534
BLOCK22/SES221/SA221S29	SES187	0.712811	-43.8406	-44.5534
BLOCK22/SES223/SA223S11	SES143	-1.13427	-45.2348	-44.1005
BLOCK22/SES223/SA223S11	SES144	-1.7992	-45.8997	-44.1005
BLOCK22/SES223/SA223S11	SES175	-1.00757	-45.1081	-44.1005
BLOCK22/SES223/SA223S11	SES187	-1.15136	-45.2519	-44.1005
BLOCK22/SES223/SA223S13	SES068	-2.28326	-46.8949	-44.6116
BLOCK22/SES223/SA223S13	SES143	-2.49803	-47.1097	-44.6116
BLOCK22/SES223/SA223S13	SES146	-2.57407	-47.1857	-44.6116
BLOCK22/SES223/SA223S13	SES202	-3.10313	-47.7148	-44.6116
BLOCK22/SES223/SA223S22	SES143	-1.42374	-45.371	-43.9473
BLOCK22/SES223/SA223S22	SES144	-2.15806	-46.1054	-43.9473
BLOCK22/SES223/SA223S22	SES175	-1.36926	-45.3166	-43.9473
BLOCK22/SES223/SA223S22	SES187	-0.91185	-44.8591	-43.9473
BLOCK22/SES223/SA223S25	SES068	-1.28661	-45.1843	-43.8977
BLOCK22/SES223/SA223S25	SES143	-1.7097	-45.6074	-43.8977
BLOCK22/SES223/SA223S25	SES175	-1.31189	-45.2096	-43.8977
BLOCK22/SES223/SA223S25	SES187	-1.29326	-45.191	-43.8977
BLOCK22/SES223/SA223S27	SES143	-1.18755	-45.5246	-44.337
BLOCK22/SES223/SA223S27	SES146	-1.20275	-45.5398	-44.337
BLOCK22/SES223/SA223S27	SES187	-1.15147	-45.4885	-44.337
BLOCK22/SES223/SA223S27	SES292	-4.67244	-49.0095	-44.337
BLOCK27/SES273/SA273S12	SES099	-0.304134	-40.9262	-40.622
BLOCK27/SES273/SA273S12	SES104	-0.79966	-41.4217	-40.622
BLOCK27/SES273/SA273S12	SES125	-1.42116	-42.0432	-40.622
BLOCK27/SES273/SA273S12	SES206	-0.559906	-41.1819	-40.622
BLOCK27/SES273/SA273S13	SES099	-0.864357	-41.2714	-40.407
BLOCK27/SES273/SA273S13	SES104	-1.50324	-41.9103	-40.407
BLOCK27/SES273/SA273S13	SES206	-0.666534	-41.0735	-40.407
BLOCK27/SES273/SA273S13	SES292	-3.04311	-43.4501	-40.407
BLOCK27/SES273/SA273S21	SES099	-0.176628	-41.069	-40.8923
BLOCK27/SES273/SA273S21	SES148	-2.98605	-43.8784	-40.8923
BLOCK27/SES273/SA273S21	SES149	-1.33795	-42.2303	-40.8923
BLOCK27/SES273/SA273S21	SES177	-4.1122	-45.0045	-40.8923
BLOCK27/SES273/SA273S25	SES104	-1.2661	-42.3109	-41.0448
BLOCK27/SES273/SA273S25	SES125	-1.11878	-42.1636	-41.0448
BLOCK27/SES273/SA273S25	SES158	-0.63055	-41.6753	-41.0448
BLOCK27/SES273/SA273S25	SES206	-0.692215	-41.737	-41.0448
BLOCK27/SES273/SA273S27	SES099	-0.59407	-41.1619	-40.5679
BLOCK27/SES273/SA273S27	SES104	-1.57398	-42.1418	-40.5679
BLOCK27/SES273/SA273S27	SES149	-0.868729	-41.4366	-40.5679
BLOCK27/SES273/SA273S27	SES275	-1.77686	-42.3447	-40.5679
BLOCK27/SES274/SA274S10	SES105	-1.36358	-42.0494	-40.6858
BLOCK27/SES274/SA274S10	SES125	-1.24547	-41.9313	-40.6858
BLOCK27/SES274/SA274S10	SES129	-1.36029	-42.0461	-40.6858
BLOCK27/SES274/SA274S10	SES158	-2.2455	-42.9313	-40.6858
BLOCK27/SES274/SA274S11	SES105	-1.74739	-42.7132	-40.9658
BLOCK27/SES274/SA274S11	SES149	-1.51497	-42.4808	-40.9658
BLOCK27/SES274/SA274S11	SES158	-1.67893	-42.6448	-40.9658
BLOCK27/SES274/SA274S11	SES275	-1.75718	-42.723	-40.9658
BLOCK27/SES274/SA274S21	SES105	-1.45074	-42.7679	-41.3171
BLOCK27/SES274/SA274S21	SES129	-1.53098	-42.8481	-41.3171
BLOCK27/SES274/SA274S21	SES149	-1.07287	-42.39	-41.3171
BLOCK27/SES274/SA274S21	SES158	-2.59604	-43.9132	-41.3171
BLOCK27/SES274/SA274S24	SES105	-1.50595	-42.9552	-41.4492
BLOCK27/SES274/SA274S24	SES129	-2.41711	-43.8663	-41.4492
BLOCK27/SES274/SA274S24	SES149	-1.04323	-42.4924	-41.4492
BLOCK27/SES274/SA274S24	SES158	-2.60061	-44.0498	-41.4492
BLOCK27/SES274/SA274S29	SES105	-2.03649	-43.3908	-41.3543
BLOCK27/SES274/SA274S29	SES106	-2.69231	-44.0466	-41.3543
BLOCK27/SES274/SA274S29	SES120	-2.69955	-44.0538	-41.3543
BLOCK27/SES274/SA274S29	SES275	-1.56365	-42.9179	-41.3543
BLOCK27/SES276/SA276S16	SES148	-1.83344	-44.7957	-42.9623
BLOCK27/SES276/SA276S16	SES172	-2.55241	-45.5147	-42.9623
BLOCK27/SES276/SA276S16	SES180	-2.7967	-45.759	-42.9623
BLOCK27/SES276/SA276S16	SES292	-1.20031	-44.1626	-42.9623
BLOCK27/SES276/SA276S17	SES101	-1.45253	-44.1514	-42.6989
BLOCK27/SES276/SA276S17	SES177	-1.90055	-44.5994	-42.6989
BLOCK27/SES276/SA276S17	SES180	-1.87	-44.5689	-42.6989
BLOCK27/SES276/SA276S17	SES292	-2.12152	-44.8204	-42.6989
BLOCK27/SES276/SA276S24	SES101	-0.857094	-42.7188	-41.8617
BLOCK27/SES276/SA276S24	SES177	-1.80299	-43.6647	-41.8617
BLOCK27/SES276/SA276S24	SES180	-1.6916	-43.5533	-41.8617
BLOCK27/SES276/SA276S24	SES292	-1.95451	-43.8162	-41.8617
BLOCK27/SES276/SA276S26	SES101	-2.44793	-44.7993	-42.3513
BLOCK27/SES276/SA276S26	SES177	-1.24367	-43.595	-42.3513
BLOCK27/SES276/SA276S26	SES180	-1.43243	-43.7838	-42.3513
BLOCK27/SES276/SA276S26	SES292	-0.915062	-43.2664	-42.3513
BLOCK27/SES276/SA276S28	SES101	-1.90413	-44.5134	-42.6093
BLOCK27/SES276/SA276S28	SES177	-2.342	-44.9513	-42.6093
BLOCK27/SES276/SA276S28	SES180	-0.860039	-43.4693	-42.6093
BLOCK27/SES276/SA276S28	SES292	-1.97305	-44.5823	-42.6093
BLOCK27/SES277/SA277S12	SES101	-1.49899	-44.8222	-43.3232
BLOCK27/SES277/SA277S12	SES177	-2.6186	-45.9418	-43.3232
BLOCK27/SES277/SA277S12	SES180	-3.04952	-46.3728	-43.3232
BLOCK27/SES277/SA277S12	SES292	-3.27205	-46.5953	-43.3232
BLOCK27/SES277/SA277S14	SES177	-1.62688	-45.3463	-43.7194
BLOCK27/SES277/SA277S14	SES180	-1.78954	-45.5089	-43.7194
BLOCK27/SES277/SA277S14	SES189	-1.18124	-44.9006	-43.7194
BLOCK27/SES277/SA277S14	SES292	-3.45676	-47.1761	-43.7194
BLOCK27/SES277/SA277S21	SES177	-0.886848	-43.4163	-42.5295
BLOCK27/SES277/SA277S21	SES180	-2.1159	-44.6454	-42.5295
BLOCK27/SES277/SA277S21	SES189	-1.11465	-43.6441	-42.5295
BLOCK27/SES277/SA277S21	SES292	-3.20523	-45.7347	-42.5295
BLOCK27/SES277/SA277S24	SES144	-1.24475	-45.1382	-43.8934
BLOCK27/SES277/SA277S24	SES177	-1.96563	-45.859	-43.8934
BLOCK27/SES277/SA277S24	SES180	-2.85572	-46.7491	-43.8934
BLOCK27/SES277/SA277S24	SES189	-1.38111	-45.2745	-43.8934
BLOCK27/SES277/SA277S29	SES177	-0.939831	-42.7082	-41.7683
BLOCK27/SES277/SA277S29	SES180	-1.19356	-42.9619	-41.7683
BLOCK27/SES277/SA277S29	SES202	-1.24723	-43.0156	-41.7683
BLOCK27/SES277/SA277S29	SES292	-1.93886	-43.7072	-41.7683
BLOCK27/SES279/SA279S09	SES120	-2.23595	-43.7734	-41.5374
BLOCK27/SES279/SA279S09	SES146	-1.83612	-43.3735	-41.5374
BLOCK27/SES279/SA279S09	SES206	-2.81498	-44.3524	-41.5374
BLOCK27/SES279/SA279S09	SES226	-2.77496	-44.3124	-41.5374
BLOCK27/SES279/SA279S10	SES099	-1.12137	-42.504	-41.3827
BLOCK27/SES279/SA279S10	SES206	-1.52238	-42.9051	-41.3827
BLOCK27/SES279/SA279S10	SES226	-2.60763	-43.9903	-41.3827
BLOCK27/SES279/SA279S10	SES292	-1.93416	-43.3168	-41.3827
BLOCK27/SES279/SA279S20	SES099	-1.79108	-43.6609	-41.8698
BLOCK27/SES279/SA279S20	SES206	-1.3727	-43.2425	-41.8698
BLOCK27/SES279/SA279S20	SES226	-2.97371	-44.8435	-41.8698
BLOCK27/SES279/SA279S20	SES292	-0.960461	-42.8303	-41.8698
BLOCK27/SES279/SA279S26	SES099	-1.67879	-43.3264	-41.6476
BLOCK27/SES279/SA279S26	SES206	-0.467472	-42.1151	-41.6476
BLOCK27/SES279/SA279S26	SES226	-2.01503	-43.6627	-41.6476
BLOCK27/SES279/SA279S26	SES292	-2.26379	-43.9114	-41.6476
BLOCK27/SES279/SA279S28	SES099	-1.66795	-41.9553	-40.2874
BLOCK27/SES279/SA279S28	SES120	-1.87953	-42.1669	-40.2874
BLOCK27/SES279/SA279S28	SES177	-3.4979	-43.7853	-40.2874
BLOCK27/SES279/SA279S28	SES206	-2.10118	-42.3885	-40.2874
BLOCK29/SES290/SA290S12	SES162	-1.30678	-43.6559	-42.3491
BLOCK29/SES290/SA290S12	SES177	-1.51104	-43.8602	-42.3491
BLOCK29/SES290/SA290S12	SES180	-2.02102	-44.3701	-42.3491
BLOCK29/SES290/SA290S12	SES292	-2.93224	-45.2814	-42.3491
BLOCK29/SES290/SA290S13	SES007	-2.57522	-46.0409	-43.4657
BLOCK29/SES290/SA290S13	SES162	-1.74452	-45.2102	-43.4657
BLOCK29/SES290/SA290S13	SES177	-0.956829	-44.4225	-43.4657
BLOCK29/SES290/SA290S13	SES180	-1.12851	-44.5942	-43.4657
BLOCK29/SES290/SA290S22	SES177	-1.02822	-43.7409	-42.7127
BLOCK29/SES290/SA290S22	SES180	-0.92186	-43.6346	-42.7127
BLOCK29/SES290/SA290S22	SES202	-1.36284	-44.0755	-42.7127
BLOCK29/SES290/SA290S22	SES292	-2.25991	-44.9726	-42.7127
BLOCK29/SES290/SA290S25	SES162	-1.30717	-43.3554	-42.0482
BLOCK29/SES290/SA290S25	SES177	-1.49003	-43.5383	-42.0482
BLOCK29/SES290/SA290S25	SES180	-1.49411	-43.5423	-42.0482
BLOCK29/SES290/SA290S25	SES292	-2.70775	-44.756	-42.0482
BLOCK29/SES290/SA290S29	SES177	-0.0801849	-42.2747	-42.1945
BLOCK29/SES290/SA290S29	SES180	-0.417381	-42.6119	-42.1945
BLOCK29/SES290/SA290S29	SES275	-1.68863	-43.8831	-42.1945
BLOCK29/SES290/SA290S29	SES292	-1.44786	-43.6424	-42.1945
BLOCK29/SES291/SA291S11	SES105	-3.32215	-45.3626	-42.0405
BLOCK29/SES291/SA291S11	SES125	-1.86122	-43.9017	-42.0405
BLOCK29/SES291/SA291S11	SES158	-1.59711	-43.6376	-42.0405
BLOCK29/SES291/SA291S11	SES275	-4.13928	-46.1798	-42.0405
BLOCK29/SES291/SA291S12	SES158	-0.574398	-42.0554	-41.481
BLOCK29/SES291/SA291S12	SES226	-1.22066	-42.7016	-41.481
BLOCK29/SES291/SA291S12	SES270	-0.389236	-41.8702	-41.481
BLOCK29/SES291/SA291S12	SES275	-5.1368	-46.6178	-41.481
BLOCK29/SES291/SA291S22	SES082	-1.47353	-42.9651	-41.4916
BLOCK29/SES291/SA291S22	SES158	-1.41083	-42.9024	-41.4916
BLOCK29/SES291/SA291S22	SES259	-2.1663	-43.6579	-41.4916
BLOCK29/SES291/SA291S22	SES275	-3.73557	-45.2271	-41.4916
BLOCK29/SES291/SA291S24	SES104	-0.945652	-41.416	-40.4704
BLOCK29/SES291/SA291S24	SES125	-0.650753	-41.1211	-40.4704
BLOCK29/SES291/SA291S24	SES158	-1.04362	-41.514	-40.4704
BLOCK29/SES291/SA291S24	SES275	-4.00364	-44.474	-40.4704
BLOCK29/SES291/SA291S27	SES158	-0.351799	-41.2799	-40.9281
BLOCK29/SES291/SA291S27	SES172	-5.91719	-46.8453	-40.9281
BLOCK29/SES291/SA291S27	SES275	-3.94342	-44.8715	-40.9281
BLOCK29/SES291/SA291S27	SES292	-3.2089	-44.137	-40.9281
