BLOCK00/SES002/SA002S12	SES002	0.423468	-7.28745	-7.71092
BLOCK00/SES002/SA002S13	SES002	0.9622	-7.36134	-8.32354
BLOCK00/SES002/SA002S23	SES002	0.168742	-7.6191	-7.78784
BLOCK00/SES002/SA002S26	SES002	0.323875	-8.34183	-8.6657
BLOCK00/SES002/SA002S28	SES002	0.0587063	-7.81013	-7.86884
BLOCK00/SES007/SA007S14	SES007	0.704952	-5.86135	-6.56631
BLOCK00/SES007/SA007S15	SES007	0.447687	-6.73265	-7.18033
BLOCK00/SES007/SA007S24	SES007	0.461641	-6.41592	-6.87756
BLOCK00/SES007/SA007S27	SES007	-0.0161858	-7.86589	-7.84971
BLOCK00/SES007/SA007S29	SES007	-0.00145197	-6.83657	-6.83512
BLOCK00/SES008/SA008S11	SES008	1.02948	-6.32463	-7.3541
BLOCK00/SES008/SA008S12	SES008	-0.212791	-7.40594	-7.19315
BLOCK00/SES008/SA008S19	SES008	1.16424	-6.38565	-7.54989
BLOCK00/SES008/SA008S22	SES008	0.507496	-7.30803	-7.81553
BLOCK00/SES008/SA008S29	SES008	0.975655	-6.3725	-7.34815
BLOCK01/SES014/SA014S10	SES014	0.674873	-6.85684	-7.53171
BLOCK01/SES014/SA014S12	SES014	1.3632	-6.08547	-7.44867
BLOCK01/SES014/SA014S24	SES014	0.854983	-7.01184	-7.86682
BLOCK01/SES014/SA014S26	SES014	1.37702	-5.83818	-7.2152
BLOCK01/SES014/SA014S28	SES014	1.73799	-5.45513	-7.19312
BLOCK01/SES016/SA016S12	SES016	0.891354	-8.30038	-9.19173
BLOCK01/SES016/SA016S13	SES016	0.673146	-6.75124	-7.42438
BLOCK01/SES016/SA016S22	SES016	0.835819	-6.36324	-7.19906
BLOCK01/SES016/SA016S25	SES016	1.27879	-4.89951	-6.1783
BLOCK01/SES016/SA016S27	SES016	1.22014	-5.99446	-7.2146
BLOCK01/SES019/SA019S13	SES019	2.71311	-5.96395	-8.67706
BLOCK01/SES019/SA019S14	SES019	1.15732	-7.55851	-8.71583
BLOCK01/SES019/SA019S22	SES019	1.88915	-6.27984	-8.16899
BLOCK01/SES019/SA019S25	SES019	1.87337	-6.56788	-8.44125
BLOCK01/SES019/SA019S29	SES019	3.32702	-6.50723	-9.83425
BLOCK02/SES029/SA029S11	SES029	0.400022	-5.91717	-6.31719
BLOCK02/SES029/SA029S12	SES029	0.00947142	-6.51452	-6.524
BLOCK02/SES029/SA029S20	SES029	0.297924	-6.10042	-6.39835
BLOCK02/SES029/SA029S25	SES029	0.153193	-6.95658	-7.10977
BLOCK02/SES029/SA029S28	SES029	0.0593247	-6.57389	-6.63321
BLOCK04/SES042/SA042S12	SES042	1.15667	-6.10035	-7.25703
BLOCK04/SES042/SA042S15	SES042	1.0411	-5.6408	-6.6819
BLOCK04/SES042/SA042S22	SES042	1.60306	-6.54171	-8.14477
BLOCK04/SES042/SA042S25	SES042	0.43279	-8.37081	-8.8036
BLOCK04/SES042/SA042S27	SES042	1.34328	-6.71263	-8.05591
BLOCK04/SES048/SA048S11	SES048	0.384573	-5.95597	-6.34055
BLOCK04/SES048/SA048S12	SES048	0.0969033	-7.44773	-7.54463
BLOCK04/SES048/SA048S20	SES048	0.22344	-6.12803	-6.35147
BLOCK04/SES048/SA048S23	SES048	0.955353	-6.21315	-7.1685
BLOCK04/SES048/SA048S27	SES048	0.207613	-7.07822	-7.28584
BLOCK06/SES060/SA060S11	SES060	1.12288	-6.36444	-7.48732
BLOCK06/SES060/SA060S12	SES060	0.720665	-7.29641	-8.01708
BLOCK06/SES060/SA060S22	SES060	-1.62356	-9.37735	-7.75379
BLOCK06/SES060/SA060S24	SES060	1.08497	-5.30833	-6.3933
BLOCK06/SES060/SA060S28	SES060	0.561749	-5.65145	-6.2132
BLOCK06/SES062/SA062S10	SES062	-0.293124	-6.86624	-6.57311
BLOCK06/SES062/SA062S11	SES062	-0.219559	-8.25206	-8.0325
BLOCK06/SES062/SA062S21	SES062	0.622531	-5.11474	-5.73727
BLOCK06/SES062/SA062S26	SES062	0.138001	-7.07589	-7.21389
BLOCK06/SES062/SA062S29	SES062	0.58897	-6.04024	-6.62921
BLOCK06/SES068/SA068S14	SES068	0.242426	-7.1144	-7.35683
BLOCK06/SES068/SA068S15	SES068	0.460648	-6.87576	-7.33641
BLOCK06/SES068/SA068S23	SES068	0.158451	-7.22832	-7.38677
BLOCK06/SES068/SA068S27	SES068	1.37141	-6.01693	-7.38834
BLOCK06/SES068/SA068S29	SES068	0.228787	-7.13794	-7.36672
BLOCK08/SES082/SA082S12	SES082	-0.387626	-8.40162	-8.014
BLOCK08/SES082/SA082S14	SES082	-0.21702	-8.11963	-7.90261
BLOCK08/SES082/SA082S21	SES082	0.427328	-6.89261	-7.31994
BLOCK08/SES082/SA082S24	SES082	-0.147031	-7.8752	-7.72817
BLOCK08/SES082/SA082S28	SES082	0.0958896	-7.72042	-7.81631
BLOCK08/SES083/SA083S14	SES083	-0.211656	-6.93906	-6.7274
BLOCK08/SES083/SA083S15	SES083	0.402683	-6.57976	-6.98245
BLOCK08/SES083/SA083S24	SES083	0.0369554	-7.12694	-7.1639
BLOCK08/SES083/SA083S26	SES083	0.255034	-7.86563	-8.12066
BLOCK08/SES083/SA083S29	SES083	-0.274705	-7.53176	-7.25705
BLOCK08/SES085/SA085S10	SES085	0.986683	-5.67359	-6.66027
BLOCK08/SES085/SA085S13	SES085	-0.543505	-8.12879	-7.58529
BLOCK08/SES085/SA085S22	SES085	0.542872	-6.55086	-7.09373
BLOCK08/SES085/SA085S26	SES085	-0.135913	-7.32968	-7.19376
BLOCK08/SES085/SA085S28	SES085	0.206791	-7.04756	-7.25435
BLOCK08/SES087/SA087S15	SES087	0.713192	-7.4585	-8.17169
BLOCK08/SES087/SA087S16	SES087	1.09555	-7.1533	-8.24885
BLOCK08/SES087/SA087S24	SES087	0.896553	-7.00702	-7.90357
BLOCK08/SES087/SA087S26	SES087	0.570161	-6.47754	-7.0477
BLOCK08/SES087/SA087S29	SES087	0.991125	-6.37862	-7.36975
BLOCK09/SES099/SA099S15	SES099	0.532459	-7.49161	-8.02407
BLOCK09/SES099/SA099S16	SES099	0.607884	-7.02779	-7.63567
BLOCK09/SES099/SA099S24	SES099	0.77109	-7.24342	-8.01451
BLOCK09/SES099/SA099S26	SES099	1.11572	-6.40069	-7.51641
BLOCK09/SES099/SA099S29	SES099	0.392877	-7.64976	-8.04264
BLOCK10/SES101/SA101S11	SES101	0.315089	-6.09797	-6.41306
BLOCK10/SES101/SA101S13	SES101	0.531923	-5.11484	-5.64676
BLOCK10/SES101/SA101S22	SES101	0.389989	-7.40423	-7.79422
BLOCK10/SES101/SA101S24	SES101	0.507017	-6.41144	-6.91846
BLOCK10/SES101/SA101S28	SES101	0.328398	-6.79715	-7.12555
BLOCK10/SES104/SA104S11	SES104	0.454353	-6.53983	-6.99418
BLOCK10/SES104/SA104S12	SES104	0.521948	-7.15846	-7.68041
BLOCK10/SES104/SA104S21	SES104	0.372601	-7.37403	-7.74663
BLOCK10/SES104/SA104S24	SES104	-0.196849	-7.84862	-7.65177
BLOCK10/SES104/SA104S28	SES104	0.528123	-7.1137	-7.64182
BLOCK10/SES105/SA105S12	SES105	0.559016	-7.36751	-7.92653
BLOCK10/SES105/SA105S13	SES105	-0.0169516	-7.28393	-7.26698
BLOCK10/SES105/SA105S22	SES105	0.278267	-8.11518	-8.39345
BLOCK10/SES105/SA105S26	SES105	0.502891	-7.36365	-7.86654
BLOCK10/SES105/SA105S29	SES105	1.06759	-5.86079	-6.92838
BLOCK10/SES106/SA106S09	SES106	0.536867	-7.45359	-7.99046
BLOCK10/SES106/SA106S11	SES106	0.762932	-6.41358	-7.17652
BLOCK10/SES106/SA106S22	SES106	1.11593	-7.14832	-8.26425
BLOCK10/SES106/SA106S27	SES106	0.323585	-6.67763	-7.00122
BLOCK10/SES106/SA106S29	SES106	0.61008	-6.14092	-6.751
BLOCK11/SES117/SA117S12	SES117	0.765422	-7.10558	-7.871
BLOCK11/SES117/SA117S13	SES117	-0.0667725	-7.703	-7.63623
BLOCK11/SES117/SA117S23	SES117	0.681734	-8.19154	-8.87327
BLOCK11/SES117/SA117S25	SES117	0.427151	-7.55675	-7.9839
BLOCK11/SES117/SA117S28	SES117	0.891553	-7.25784	-8.1494
BLOCK12/SES120/SA120S08	SES120	0.16407	-7.38464	-7.54871
BLOCK12/SES120/SA120S11	SES120	-0.00439835	-9.63595	-9.63155
BLOCK12/SES120/SA120S22	SES120	-0.198924	-6.9053	-6.70638
BLOCK12/SES120/SA120S24	SES120	-0.0604715	-7.82993	-7.76945
BLOCK12/SES120/SA120S28	SES120	-0.169204	-8.02869	-7.85949
BLOCK12/SES125/SA125S13	SES125	0.812345	-6.86726	-7.6796
BLOCK12/SES125/SA125S14	SES125	0.455733	-7.32976	-7.78549
BLOCK12/SES125/SA125S25	SES125	0.447581	-7.51445	-7.96203
BLOCK12/SES125/SA125S27	SES125	0.961863	-6.33359	-7.29545
BLOCK12/SES125/SA125S29	SES125	0.355366	-6.90432	-7.25969
BLOCK12/SES127/SA127S11	SES127	-0.251324	-7.71496	-7.46363
BLOCK12/SES127/SA127S12	SES127	0.184734	-5.77135	-5.95608
BLOCK12/SES127/SA127S23	SES127	0.18015	-6.4302	-6.61035
BLOCK12/SES127/SA127S25	SES127	0.0881925	-6.55309	-6.64128
BLOCK12/SES127/SA127S27	SES127	0.562329	-6.64081	-7.20314
BLOCK12/SES129/SA129S11	SES129	1.21489	-5.47874	-6.69363
BLOCK12/SES129/SA129S12	SES129	0.720077	-5.65813	-6.3782
BLOCK12/SES129/SA129S22	SES129	1.00274	-6.21138	-7.21412
BLOCK12/SES129/SA129S27	SES129	0.891127	-6.40789	-7.29901
BLOCK12/SES129/SA129S29	SES129	0.0142283	-7.76167	-7.7759
BLOCK14/SES142/SA142S11	SES142	1.04862	-6.05156	-7.10018
BLOCK14/SES142/SA142S12	SES142	0.482846	-7.09913	-7.58197
BLOCK14/SES142/SA142S24	SES142	0.836334	-6.29886	-7.1352
BLOCK14/SES142/SA142S27	SES142	0.942253	-6.12315	-7.06541
BLOCK14/SES142/SA142S29	SES142	1.2011	-5.78481	-6.98591
BLOCK14/SES143/SA143S12	SES143	0.573531	-6.76724	-7.34077
BLOCK14/SES143/SA143S13	SES143	0.498571	-6.88654	-7.38511
BLOCK14/SES143/SA143S23	SES143	0.233897	-6.87422	-7.10812
BLOCK14/SES143/SA143S25	SES143	0.409904	-7.14968	-7.55958
BLOCK14/SES143/SA143S28	SES143	0.630982	-6.75458	-7.38556
BLOCK14/SES144/SA144S09	SES144	0.184798	-7.24148	-7.42628
BLOCK14/SES144/SA144S11	SES144	-0.0901346	-6.99989	-6.90976
BLOCK14/SES144/SA144S21	SES144	-0.313494	-7.68691	-7.37342
BLOCK14/SES144/SA144S25	SES144	0.355556	-7.31749	-7.67305
BLOCK14/SES144/SA144S29	SES144	-0.692905	-8.25042	-7.55751
BLOCK14/SES146/SA146S14	SES146	0.394269	-7.40727	-7.80154
BLOCK14/SES146/SA146S15	SES146	-0.0659933	-7.6429	-7.57691
BLOCK14/SES146/SA146S24	SES146	0.490227	-7.01223	-7.50246
BLOCK14/SES146/SA146S26	SES146	0.695035	-7.02153	-7.71656
BLOCK14/SES146/SA146S29	SES146	0.28252	-7.6988	-7.98132
BLOCK14/SES147/SA147S11	SES147	0.199747	-7.00009	-7.19983
BLOCK14/SES147/SA147S13	SES147	0.496097	-6.17154	-6.66763
BLOCK14/SES147/SA147S23	SES147	0.260341	-7.13271	-7.39305
BLOCK14/SES147/SA147S26	SES147	0.835937	-6.79703	-7.63297
BLOCK14/SES147/SA147S28	SES147	0.803967	-6.39878	-7.20274
BLOCK14/SES148/SA148S10	SES148	0.425755	-6.2898	-6.71556
BLOCK14/SES148/SA148S12	SES148	-0.00490522	-7.42245	-7.41754
BLOCK14/SES148/SA148S22	SES148	0.541059	-6.35877	-6.89983
BLOCK14/SES148/SA148S26	SES148	-0.0353656	-6.09659	-6.06122
BLOCK14/SES148/SA148S29	SES148	0.373598	-7.08932	-7.46291
BLOCK14/SES149/SA149S13	SES149	-0.00869751	-6.73049	-6.72179
BLOCK14/SES149/SA149S14	SES149	0.248066	-6.07309	-6.32115
BLOCK14/SES149/SA149S24	SES149	0.499245	-6.57547	-7.07471
BLOCK14/SES149/SA149S26	SES149	0.757599	-5.73497	-6.49257
BLOCK14/SES149/SA149S28	SES149	1.05056	-5.07174	-6.1223
BLOCK15/SES158/SA158S13	SES158	0.503522	-6.7703	-7.27382
BLOCK15/SES158/SA158S14	SES158	0.210078	-7.96923	-8.17931
BLOCK15/SES158/SA158S23	SES158	0.574203	-5.92296	-6.49717
BLOCK15/SES158/SA158S26	SES158	1.13729	-6.93418	-8.07148
BLOCK15/SES158/SA158S28	SES158	0.203039	-7.49349	-7.69653
BLOCK16/SES162/SA162S10	SES162	0.0100908	-8.05044	-8.06053
BLOCK16/SES162/SA162S11	SES162	0.383294	-6.27506	-6.65835
BLOCK16/SES162/SA162S21	SES162	0.756	-6.53026	-7.28626
BLOCK16/SES162/SA162S24	SES162	0.270507	-6.84074	-7.11125
BLOCK16/SES162/SA162S27	SES162	0.99376	-7.53313	-8.52689
BLOCK16/SES167/SA167S14	SES167	0.884463	-6.08639	-6.97085
BLOCK16/SES167/SA167S15	SES167	1.23807	-5.77626	-7.01434
BLOCK16/SES167/SA167S21	SES167	1.25353	-5.71395	-6.96748
BLOCK16/SES167/SA167S25	SES167	1.64388	-6.05915	-7.70303
BLOCK16/SES167/SA167S29	SES167	1.62887	-5.37617	-7.00504
BLOCK17/SES172/SA172S12	SES172	0.784759	-7.51908	-8.30384
BLOCK17/SES172/SA172S13	SES172	1.2936	-6.9795	-8.2731
BLOCK17/SES172/SA172S23	SES172	0.846161	-6.59158	-7.43774
BLOCK17/SES172/SA172S27	SES172	0.577529	-8.12837	-8.7059
BLOCK17/SES172/SA172S29	SES172	1.22749	-6.7034	-7.93089
BLOCK17/SES175/SA175S11	SES175	-0.0928597	-7.26798	-7.17512
BLOCK17/SES175/SA175S13	SES175	0.294437	-5.22572	-5.52015
BLOCK17/SES175/SA175S23	SES175	0.481336	-6.067	-6.54834
BLOCK17/SES175/SA175S25	SES175	-0.123295	-7.89217	-7.76888
BLOCK17/SES175/SA175S28	SES175	-0.0320935	-6.53526	-6.50317
BLOCK17/SES177/SA177S15	SES177	0.322946	-7.83777	-8.16071
BLOCK17/SES177/SA177S17	SES177	0.303557	-7.47682	-7.78038
BLOCK17/SES177/SA177S23	SES177	0.236535	-7.65239	-7.88893
BLOCK17/SES177/SA177S26	SES177	0.653874	-5.37571	-6.02958
BLOCK17/SES177/SA177S28	SES177	0.695346	-7.26025	-7.95559
BLOCK18/SES180/SA180S13	SES180	-0.291128	-8.06818	-7.77705
BLOCK18/SES180/SA180S15	SES180	0.166887	-6.91794	-7.08483
BLOCK18/SES180/SA180S24	SES180	0.246963	-6.086	-6.33297
BLOCK18/SES180/SA180S26	SES180	0.250758	-6.45067	-6.70143
BLOCK18/SES180/SA180S29	SES180	-0.298843	-7.79645	-7.49761
BLOCK18/SES183/SA183S13	SES183	1.08921	-6.4793	-7.56852
BLOCK18/SES183/SA183S14	SES183	-0.21912	-7.19892	-6.9798
BLOCK18/SES183/SA183S24	SES183	1.1007	-6.97701	-8.07771
BLOCK18/SES183/SA183S27	SES183	0.903001	-7.65518	-8.55818
BLOCK18/SES183/SA183S29	SES183	0.957229	-6.6363	-7.59353
BLOCK18/SES187/SA187S13	SES187	0.217346	-8.07362	-8.29097
BLOCK18/SES187/SA187S14	SES187	0.177758	-7.75107	-7.92883
BLOCK18/SES187/SA187S24	SES187	0.455559	-7.62132	-8.07688
BLOCK18/SES187/SA187S27	SES187	0.256928	-7.80882	-8.06575
BLOCK18/SES187/SA187S29	SES187	0.216995	-8.16911	-8.38611
BLOCK18/SES189/SA189S10	SES189	0.887245	-7.47711	-8.36435
BLOCK18/SES189/SA189S13	SES189	0.872358	-8.08764	-8.96
BLOCK18/SES189/SA189S24	SES189	0.641997	-6.4229	-7.0649
BLOCK18/SES189/SA189S26	SES189	1.01736	-6.59464	-7.612
BLOCK18/SES189/SA189S29	SES189	0.817132	-6.4127	-7.22983
BLOCK20/SES202/SA202S12	SES202	0.442863	-6.96238	-7.40524
BLOCK20/SES202/SA202S14	SES202	0.87906	-6.67981	-7.55887
BLOCK20/SES202/SA202S24	SES202	0.171777	-7.78909	-7.96087
BLOCK20/SES202/SA202S27	SES202	0.686807	-6.42337	-7.11018
BLOCK20/SES202/SA202S29	SES202	0.893322	-6.49919	-7.39251
BLOCK20/SES206/SA206S15	SES206	-0.823091	-7.16777	-6.34468
BLOCK20/SES206/SA206S17	SES206	0.570254	-7.20518	-7.77543
BLOCK20/SES206/SA206S24	SES206	1.14475	-5.6897	-6.83445
BLOCK20/SES206/SA206S27	SES206	0.808881	-7.09076	-7.89965
BLOCK20/SES206/SA206S29	SES206	0.939495	-5.72621	-6.6657
BLOCK22/SES226/SA226S12	SES226	0.583494	-7.17739	-7.76088
BLOCK22/SES226/SA226S13	SES226	-0.478961	-8.19572	-7.71676
BLOCK22/SES226/SA226S20	SES226	0.382535	-7.27801	-7.66054
BLOCK22/SES226/SA226S23	SES226	0.64902	-6.55492	-7.20394
BLOCK22/SES226/SA226S28	SES226	0.986855	-6.52212	-7.50897
BLOCK25/SES259/SA259S13	SES259	1.66231	-6.13566	-7.79797
BLOCK25/SES259/SA259S14	SES259	0.795491	-6.3037	-7.09919
BLOCK25/SES259/SA259S22	SES259	1.16545	-5.87324	-7.03869
BLOCK25/SES259/SA259S24	SES259	0.747651	-6.67919	-7.42684
BLOCK25/SES259/SA259S28	SES259	0.807159	-6.45594	-7.2631
BLOCK27/SES270/SA270S14	SES270	1.57332	-6.79432	-8.36764
BLOCK27/SES270/SA270S16	SES270	0.218739	-6.97758	-7.19632
BLOCK27/SES270/SA270S22	SES270	2.00597	-6.07066	-8.07662
BLOCK27/SES270/SA270S26	SES270	0.437615	-7.391	-7.82862
BLOCK27/SES270/SA270S28	SES270	0.726882	-6.9979	-7.72479
BLOCK27/SES275/SA275S17	SES275	0.543843	-6.46615	-7.01
BLOCK27/SES275/SA275S18	SES275	0.222763	-6.92055	-7.14331
BLOCK27/SES275/SA275S24	SES275	0.330397	-7.39693	-7.72733
BLOCK27/SES275/SA275S26	SES275	0.538472	-6.77093	-7.30941
BLOCK27/SES275/SA275S28	SES275	0.295588	-6.95973	-7.25532
BLOCK29/SES292/SA292S10	SES292	-0.432753	-6.81353	-6.38078
BLOCK29/SES292/SA292S12	SES292	-0.0142984	-7.96832	-7.95402
BLOCK29/SES292/SA292S22	SES292	-0.117603	-7.34156	-7.22396
BLOCK29/SES292/SA292S24	SES292	0.0660377	-7.09107	-7.1571
BLOCK29/SES292/SA292S27	SES292	-0.320407	-7.02402	-6.70361
BLOCK00/SES001/SA001S14	SES062	-2.34114	-10.1754	-7.83424
BLOCK00/SES001/SA001S14	SES082	-0.876176	-8.71042	-7.83424
BLOCK00/SES001/SA001S14	SES106	-1.65433	-9.48857	-7.83424
BLOCK00/SES001/SA001S14	SES206	-1.98754	-9.82178	-7.83424
BLOCK00/SES001/SA001S15	SES062	-1.63086	-8.5682	-6.93734
BLOCK00/SES001/SA001S15	SES104	-1.94518	-8.88252	-6.93734
BLOCK00/SES001/SA001S15	SES106	-2.21502	-9.15236	-6.93734
BLOCK00/SES001/SA001S15	SES206	-2.3225	-9.25984	-6.93734
BLOCK00/SES001/SA001S24	SES062	-0.807235	-7.95223	-7.14499
BLOCK00/SES001/SA001S24	SES082	-1.15203	-8.29702	-7.14499
BLOCK00/SES001/SA001S24	SES087	-0.934932	-8.07993	-7.14499
BLOCK00/SES001/SA001S24	SES206	-0.59666	-7.74165	-7.14499
BLOCK00/SES001/SA001S27	SES062	-0.893167	-6.6589	-5.76573
BLOCK00/SES001/SA001S27	SES082	-0.986095	-6.75182	-5.76573
BLOCK00/SES001/SA001S27	SES087	-0.848227	-6.61396	-5.76573
BLOCK00/SES001/SA001S27	SES206	-1.31303	-7.07876	-5.76573
BLOCK00/SES001/SA001S29	SES062	-1.87745	-9.21848	-7.34103
BLOCK00/SES001/SA001S29	SES082	-0.765453	-8.10648	-7.34103
BLOCK00/SES001/SA001S29	SES158	-1.06224	-8.40327	-7.34103
BLOCK00/SES001/SA001S29	SES206	-1.56356	-8.90459	-7.34103
BLOCK00/SES003/SA003S11	SES002	-0.721975	-8.56344	-7.84147
BLOCK00/SES003/SA003S11	SES019	-1.65998	-9.50145	-7.84147
BLOCK00/SES003/SA003S11	SES082	-0.677351	-8.51882	-7.84147
BLOCK00/SES003/SA003S11	SES125	-1.23308	-9.07455	-7.84147
BLOCK00/SES003/SA003S15	SES016	-1.69596	-8.54615	-6.85019
BLOCK00/SES003/SA003S15	SES019	-3.61907	-10.4693	-6.85019
BLOCK00/SES003/SA003S15	SES062	-0.58391	-7.4341	-6.85019
BLOCK00/SES003/SA003S15	SES206	-1.024	-7.87419	-6.85019
BLOCK00/SES003/SA003S22	SES002	-0.869329	-8.02699	-7.15766
BLOCK00/SES003/SA003S22	SES062	-0.467968	-7.62563	-7.15766
BLOCK00/SES003/SA003S22	SES082	-0.734293	-7.89195	-7.15766
BLOCK00/SES003/SA003S22	SES087	-0.655369	-7.81303	-7.15766
BLOCK00/SES003/SA003S25	SES062	-2.22895	-10.6378	-8.40889
BLOCK00/SES003/SA003S25	SES082	-2.25361	-10.6625	-8.40889
BLOCK00/SES003/SA003S25	SES087	-2.15068	-10.5596	-8.40889
BLOCK00/SES003/SA003S25	SES206	-1.6329	-10.0418	-8.40889
BLOCK00/SES003/SA003S29	SES002	-1.61597	-9.47946	-7.86349
BLOCK00/SES003/SA003S29	SES062	-2.66564	-10.5291	-7.86349
BLOCK00/SES003/SA003S29	SES082	-1.41716	-9.28065	-7.86349
BLOCK00/SES003/SA003S29	SES087	-2.17067	-10.0342	-7.86349
BLOCK00/SES004/SA004S12	SES083	-1.70515	-8.21485	-6.50969
BLOCK00/SES004/SA004S12	SES148	-1.15702	-7.66671	-6.50969
BLOCK00/SES004/SA004S12	SES172	-0.229859	-6.73955	-6.50969
BLOCK00/SES004/SA004S12	SES292	-1.37062	-7.88031	-6.50969
BLOCK00/SES004/SA004S17	SES083	-0.998947	-7.90841	-6.90947
BLOCK00/SES004/SA004S17	SES162	-1.24637	-8.15584	-6.90947
BLOCK00/SES004/SA004S17	SES172	-0.611868	-7.52134	-6.90947
BLOCK00/SES004/SA004S17	SES292	-1.39728	-8.30675	-6.90947
BLOCK00/SES004/SA004S24	SES083	-1.22901	-7.6852	-6.45619
BLOCK00/SES004/SA004S24	SES148	-1.56326	-8.01944	-6.45619
BLOCK00/SES004/SA004S24	SES172	-0.394469	-6.85066	-6.45619
BLOCK00/SES004/SA004S24	SES292	-0.941965	-7.39815	-6.45619
BLOCK00/SES004/SA004S26	SES083	-1.82279	-8.85395	-7.03116
BLOCK00/SES004/SA004S26	SES127	-1.28798	-8.31914	-7.03116
BLOCK00/SES004/SA004S26	SES148	-2.98807	-10.0192	-7.03116
BLOCK00/SES004/SA004S26	SES292	-1.77665	-8.80781	-7.03116
BLOCK00/SES004/SA004S28	SES083	-1.17126	-7.88761	-6.71635
BLOCK00/SES004/SA004S28	SES127	-0.306638	-7.02299	-6.71635
BLOCK00/SES004/SA004S28	SES187	-0.334115	-7.05046	-6.71635
BLOCK00/SES004/SA004S28	SES292	-1.23223	-7.94858	-6.71635
BLOCK00/SES006/SA006S10	SES014	-1.31557	-10.1761	-8.86055
BLOCK00/SES006/SA006S10	SES158	-1.67356	-10.5341	-8.86055
BLOCK00/SES006/SA006S10	SES226	-2.92417	-11.7847	-8.86055
BLOCK00/SES006/SA006S10	SES270	-0.332669	-9.19322	-8.86055
BLOCK00/SES006/SA006S11	SES158	-1.93057	-10.4176	-8.48701
BLOCK00/SES006/SA006S11	SES226	-2.04681	-10.5338	-8.48701
BLOCK00/SES006/SA006S11	SES270	-0.743446	-9.23045	-8.48701
BLOCK00/SES006/SA006S11	SES275	-1.8847	-10.3717	-8.48701
BLOCK00/SES006/SA006S23	SES062	-4.50451	-12.8958	-8.39129
BLOCK00/SES006/SA006S23	SES105	-3.56057	-11.9519	-8.39129
BLOCK00/SES006/SA006S23	SES158	-1.98777	-10.3791	-8.39129
BLOCK00/SES006/SA006S23	SES275	-3.09277	-11.4841	-8.39129
BLOCK00/SES006/SA006S26	SES104	-2.99983	-11.572	-8.57215
BLOCK00/SES006/SA006S26	SES158	-1.79185	-10.364	-8.57215
BLOCK00/SES006/SA006S26	SES270	-0.720901	-9.29305	-8.57215
BLOCK00/SES006/SA006S26	SES275	-2.63225	-11.2044	-8.57215
BLOCK00/SES006/SA006S28	SES007	-2.44409	-11.4551	-9.01099
BLOCK00/SES006/SA006S28	SES105	-3.24071	-12.2517	-9.01099
BLOCK00/SES006/SA006S28	SES158	-1.56854	-10.5795	-9.01099
BLOCK00/SES006/SA006S28	SES275	-2.0766	-11.0876	-9.01099
BLOCK00/SES009/SA009S12	SES083	-2.87778	-10.0908	-7.21302
BLOCK00/SES009/SA009S12	SES148	-1.8768	-9.08982	-7.21302
BLOCK00/SES009/SA009S12	SES177	-0.730296	-7.94331	-7.21302
BLOCK00/SES009/SA009S12	SES292	-1.07278	-8.2858	-7.21302
BLOCK00/SES009/SA009S15	SES007	-0.0894852	-6.86383	-6.77434
BLOCK00/SES009/SA009S15	SES099	-2.79453	-9.56887	-6.77434
BLOCK00/SES009/SA009S15	SES148	-1.54808	-8.32243	-6.77434
BLOCK00/SES009/SA009S15	SES172	-1.01046	-7.7848	-6.77434
BLOCK00/SES009/SA009S24	SES146	-0.688965	-8.04303	-7.35407
BLOCK00/SES009/SA009S24	SES148	-2.07317	-9.42724	-7.35407
BLOCK00/SES009/SA009S24	SES177	-0.379994	-7.73406	-7.35407
BLOCK00/SES009/SA009S24	SES292	-1.02158	-8.37565	-7.35407
BLOCK00/SES009/SA009S26	SES083	-2.65969	-9.86594	-7.20625
BLOCK00/SES009/SA009S26	SES101	-2.31428	-9.52053	-7.20625
BLOCK00/SES009/SA009S26	SES120	-0.735059	-7.94131	-7.20625
BLOCK00/SES009/SA009S26	SES177	-1.05438	-8.26063	-7.20625
BLOCK00/SES009/SA009S29	SES083	-1.92248	-9.20841	-7.28592
BLOCK00/SES009/SA009S29	SES101	-1.52385	-8.80978	-7.28592
BLOCK00/SES009/SA009S29	SES177	-0.738578	-8.0245	-7.28592
BLOCK00/SES009/SA009S29	SES292	-1.23945	-8.52537	-7.28592
BLOCK01/SES011/SA011S10	SES019	-3.93679	-12.497	-8.56024
BLOCK01/SES011/SA011S10	SES042	0.751469	-7.80877	-8.56024
BLOCK01/SES011/SA011S10	SES082	-0.844862	-9.4051	-8.56024
BLOCK01/SES011/SA011S10	SES206	-0.308995	-8.86923	-8.56024
BLOCK01/SES011/SA011S11	SES019	-2.86659	-11.1492	-8.2826
BLOCK01/SES011/SA011S11	SES042	0.337955	-7.94465	-8.2826
BLOCK01/SES011/SA011S11	SES082	-0.573817	-8.85642	-8.2826
BLOCK01/SES011/SA011S11	SES206	-0.747764	-9.03037	-8.2826
BLOCK01/SES011/SA011S22	SES019	-3.08437	-11.3007	-8.2163
BLOCK01/SES011/SA011S22	SES042	0.24253	-7.97377	-8.2163
BLOCK01/SES011/SA011S22	SES082	-1.45975	-9.67604	-8.2163
BLOCK01/SES011/SA011S22	SES206	-1.38546	-9.60175	-8.2163
BLOCK01/SES011/SA011S24	SES019	-3.22995	-10.8616	-7.63161
BLOCK01/SES011/SA011S24	SES042	0.888589	-6.74302	-7.63161
BLOCK01/SES011/SA011S24	SES104	-0.165244	-7.79685	-7.63161
BLOCK01/SES011/SA011S24	SES206	-0.509076	-8.14068	-7.63161
BLOCK01/SES011/SA011S27	SES082	-0.335114	-8.03937	-7.70425
BLOCK01/SES011/SA011S27	SES087	-1.48768	-9.19194	-7.70425
BLOCK01/SES011/SA011S27	SES125	-0.361624	-8.06588	-7.70425
BLOCK01/SES011/SA011S27	SES206	-0.411147	-8.1154	-7.70425
BLOCK01/SES012/SA012S11	SES007	0.00225067	-6.60831	-6.61056
BLOCK01/SES012/SA012S11	SES082	-0.376159	-6.98672	-6.61056
BLOCK01/SES012/SA012S11	SES083	-1.33802	-7.94859	-6.61056
BLOCK01/SES012/SA012S11	SES206	-0.86823	-7.47879	-6.61056
BLOCK01/SES012/SA012S14	SES082	-0.65451	-8.27678	-7.62227
BLOCK01/SES012/SA012S14	SES087	-1.9412	-9.56347	-7.62227
BLOCK01/SES012/SA012S14	SES206	-0.676359	-8.29863	-7.62227
BLOCK01/SES012/SA012S14	SES292	-1.18003	-8.8023	-7.62227
BLOCK01/SES012/SA012S24	SES082	-0.633221	-9.00153	-8.36831
BLOCK01/SES012/SA012S24	SES087	-1.97567	-10.344	-8.36831
BLOCK01/SES012/SA012S24	SES120	-1.71102	-10.0793	-8.36831
BLOCK01/SES012/SA012S24	SES206	-1.10173	-9.47004	-8.36831
BLOCK01/SES012/SA012S26	SES019	-8.41281	-16.6275	-8.21468
BLOCK01/SES012/SA012S26	SES082	-1.60682	-9.82151	-8.21468
BLOCK01/SES012/SA012S26	SES206	0.0189114	-8.19577	-8.21468
BLOCK01/SES012/SA012S26	SES292	-1.19229	-9.40697	-8.21468
BLOCK01/SES012/SA012S29	SES062	-1.32059	-7.71269	-6.3921
BLOCK01/SES012/SA012S29	SES082	0.203193	-6.18891	-6.3921
BLOCK01/SES012/SA012S29	SES083	-1.99951	-8.39161	-6.3921
BLOCK01/SES012/SA012S29	SES206	0.0144277	-6.37767	-6.3921
BLOCK01/SES013/SA013S16	SES062	-3.57785	-12.1245	-8.54662
BLOCK01/SES013/SA013S16	SES106	-1.16347	-9.71009	-8.54662
BLOCK01/SES013/SA013S16	SES206	-1.40344	-9.95006	-8.54662
BLOCK01/SES013/SA013S16	SES226	-1.1413	-9.68792	-8.54662
BLOCK01/SES013/SA013S17	SES062	-1.80635	-9.42037	-7.61402
BLOCK01/SES013/SA013S17	SES106	-1.50908	-9.1231	-7.61402
BLOCK01/SES013/SA013S17	SES206	-0.398678	-8.0127	-7.61402
BLOCK01/SES013/SA013S17	SES226	-0.700451	-8.31447	-7.61402
BLOCK01/SES013/SA013S23	SES104	-1.73527	-10.4171	-8.68188
BLOCK01/SES013/SA013S23	SES106	-0.0807657	-8.76264	-8.68188
BLOCK01/SES013/SA013S23	SES206	-2.05122	-10.7331	-8.68188
BLOCK01/SES013/SA013S23	SES270	-0.963351	-9.64523	-8.68188
BLOCK01/SES013/SA013S25	SES042	-3.09477	-11.1046	-8.0098
BLOCK01/SES013/SA013S25	SES104	-0.689114	-8.69892	-8.0098
BLOCK01/SES013/SA013S25	SES106	-0.25108	-8.26088	-8.0098
BLOCK01/SES013/SA013S25	SES206	-1.5256	-9.5354	-8.0098
BLOCK01/SES013/SA013S29	SES062	-3.77861	-12.1089	-8.33028
BLOCK01/SES013/SA013S29	SES104	-1.59857	-9.92885	-8.33028
BLOCK01/SES013/SA013S29	SES106	-0.531905	-8.86218	-8.33028
BLOCK01/SES013/SA013S29	SES206	-2.38115	-10.7114	-8.33028
BLOCK02/SES021/SA021S13	SES016	-2.90636	-10.451	-7.54462
BLOCK02/SES021/SA021S13	SES029	-1.06517	-8.60979	-7.54462
BLOCK02/SES021/SA021S13	SES087	-2.65212	-10.1967	-7.54462
BLOCK02/SES021/SA021S13	SES206	-1.65994	-9.20457	-7.54462
BLOCK02/SES021/SA021S15	SES087	-0.766806	-7.95482	-7.18801
BLOCK02/SES021/SA021S15	SES125	-1.06516	-8.25317	-7.18801
BLOCK02/SES021/SA021S15	SES206	-1.19834	-8.38635	-7.18801
BLOCK02/SES021/SA021S15	SES226	-0.999929	-8.18794	-7.18801
BLOCK02/SES021/SA021S23	SES062	-2.77388	-11.0607	-8.28687
BLOCK02/SES021/SA021S23	SES087	-1.09945	-9.38631	-8.28687
BLOCK02/SES021/SA021S23	SES206	-1.65017	-9.93704	-8.28687
BLOCK02/SES021/SA021S23	SES226	-1.30876	-9.59563	-8.28687
BLOCK02/SES021/SA021S27	SES002	-1.38422	-8.11957	-6.73536
BLOCK02/SES021/SA021S27	SES016	-3.98108	-10.7164	-6.73536
BLOCK02/SES021/SA021S27	SES019	-1.73692	-8.47228	-6.73536
BLOCK02/SES021/SA021S27	SES062	-1.38939	-8.12474	-6.73536
BLOCK02/SES021/SA021S29	SES087	-1.6357	-9.3081	-7.6724
BLOCK02/SES021/SA021S29	SES125	-2.24045	-9.91285	-7.6724
BLOCK02/SES021/SA021S29	SES206	-0.635883	-8.30828	-7.6724
BLOCK02/SES021/SA021S29	SES226	-1.20904	-8.88144	-7.6724
BLOCK04/SES043/SA043S09	SES083	-0.492304	-8.50272	-8.01042
BLOCK04/SES043/SA043S09	SES101	-0.756046	-8.76647	-8.01042
BLOCK04/SES043/SA043S09	SES144	-0.326157	-8.33658	-8.01042
BLOCK04/SES043/SA043S09	SES172	-1.6558	-9.66622	-8.01042
BLOCK04/SES043/SA043S11	SES083	-0.311403	-7.18489	-6.87349
BLOCK04/SES043/SA043S11	SES101	-0.527673	-7.40116	-6.87349
BLOCK04/SES043/SA043S11	SES144	-0.0230627	-6.89655	-6.87349
BLOCK04/SES043/SA043S11	SES172	-0.754385	-7.62788	-6.87349
BLOCK04/SES043/SA043S23	SES083	-0.442082	-7.93068	-7.4886
BLOCK04/SES043/SA043S23	SES144	-0.275248	-7.76385	-7.4886
BLOCK04/SES043/SA043S23	SES177	-1.00117	-8.48977	-7.4886
BLOCK04/SES043/SA043S23	SES275	-0.989987	-8.47859	-7.4886
BLOCK04/SES043/SA043S26	SES083	-1.01454	-9.41268	-8.39814
BLOCK04/SES043/SA043S26	SES101	-0.489702	-8.88784	-8.39814
BLOCK04/SES043/SA043S26	SES144	-0.190473	-8.58861	-8.39814
BLOCK04/SES043/SA043S26	SES177	-1.3463	-9.74443	-8.39814
BLOCK04/SES043/SA043S28	SES016	-2.05949	-9.50883	-7.44935
BLOCK04/SES043/SA043S28	SES083	-0.762363	-8.21171	-7.44935
BLOCK04/SES043/SA043S28	SES101	-0.571067	-8.02041	-7.44935
BLOCK04/SES043/SA043S28	SES144	-0.749333	-8.19868	-7.44935
BLOCK04/SES044/SA044S10	SES127	-3.45366	-11.8035	-8.34989
BLOCK04/SES044/SA044S10	SES144	-0.441588	-8.79148	-8.34989
BLOCK04/SES044/SA044S10	SES147	-5.65041	-14.0003	-8.34989
BLOCK04/SES044/SA044S10	SES148	-2.83215	-11.182	-8.34989
BLOCK04/SES044/SA044S11	SES101	-0.530226	-7.91599	-7.38576
BLOCK04/SES044/SA044S11	SES144	-0.260474	-7.64623	-7.38576
BLOCK04/SES044/SA044S11	SES147	-2.36035	-9.74611	-7.38576
BLOCK04/SES044/SA044S11	SES177	-1.45797	-8.84373	-7.38576
BLOCK04/SES044/SA044S24	SES007	-2.51707	-10.0139	-7.49687
BLOCK04/SES044/SA044S24	SES101	-0.131064	-7.62794	-7.49687
BLOCK04/SES044/SA044S24	SES147	-2.91404	-10.4109	-7.49687
BLOCK04/SES044/SA044S24	SES177	-0.6941	-8.19097	-7.49687
BLOCK04/SES044/SA044S26	SES007	-1.40803	-8.56516	-7.15713
BLOCK04/SES044/SA044S26	SES016	-0.732945	-7.89007	-7.15713
BLOCK04/SES044/SA044S26	SES101	-0.226805	-7.38393	-7.15713
BLOCK04/SES044/SA044S26	SES147	-0.968224	-8.12535	-7.15713
BLOCK04/SES044/SA044S29	SES007	-2.0936	-8.98794	-6.89434
BLOCK04/SES044/SA044S29	SES101	-0.211397	-7.10574	-6.89434
BLOCK04/SES044/SA044S29	SES147	-1.43175	-8.3261	-6.89434
BLOCK04/SES044/SA044S29	SES177	-2.56523	-9.45957	-6.89434
BLOCK04/SES046/SA046S13	SES101	-0.69728	-9.03546	-8.33818
BLOCK04/SES046/SA046S13	SES144	-0.440966	-8.77914	-8.33818
BLOCK04/SES046/SA046S13	SES147	-2.9147	-11.2529	-8.33818
BLOCK04/SES046/SA046S13	SES177	-1.63754	-9.97572	-8.33818
BLOCK04/SES046/SA046S15	SES048	-0.146755	-6.21898	-6.07223
BLOCK04/SES046/SA046S15	SES083	-1.03866	-7.11088	-6.07223
BLOCK04/SES046/SA046S15	SES120	-2.73424	-8.80647	-6.07223
BLOCK04/SES046/SA046S15	SES148	-1.11671	-7.18894	-6.07223
BLOCK04/SES046/SA046S22	SES101	-0.245185	-8.07323	-7.82805
BLOCK04/SES046/SA046S22	SES144	-0.15161	-7.97966	-7.82805
BLOCK04/SES046/SA046S22	SES147	-2.44651	-10.2746	-7.82805
BLOCK04/SES046/SA046S22	SES172	-0.211418	-8.03946	-7.82805
BLOCK04/SES046/SA046S25	SES083	-0.915154	-7.9435	-7.02835
BLOCK04/SES046/SA046S25	SES127	-1.42457	-8.45292	-7.02835
BLOCK04/SES046/SA046S25	SES144	-0.473479	-7.50183	-7.02835
BLOCK04/SES046/SA046S25	SES148	-1.6215	-8.64984	-7.02835
BLOCK04/SES046/SA046S28	SES007	-1.25798	-8.36221	-7.10423
BLOCK04/SES046/SA046S28	SES105	-1.46803	-8.57226	-7.10423
BLOCK04/SES046/SA046S28	SES147	-1.6485	-8.75273	-7.10423
BLOCK04/SES046/SA046S28	SES148	-1.61773	-8.72196	-7.10423
BLOCK04/SES049/SA049S16	SES104	-1.11968	-9.9826	-8.86292
BLOCK04/SES049/SA049S16	SES106	-2.20043	-11.0633	-8.86292
BLOCK04/SES049/SA049S16	SES120	-1.6421	-10.505	-8.86292
BLOCK04/SES049/SA049S16	SES206	-1.70016	-10.5631	-8.86292
BLOCK04/SES049/SA049S18	SES099	-0.457598	-8.80883	-8.35123
BLOCK04/SES049/SA049S18	SES104	-1.83257	-10.1838	-8.35123
BLOCK04/SES049/SA049S18	SES125	-1.63841	-9.98964	-8.35123
BLOCK04/SES049/SA049S18	SES206	-2.38477	-10.736	-8.35123
BLOCK04/SES049/SA049S25	SES087	-2.60936	-11.7292	-9.11982
BLOCK04/SES049/SA049S25	SES104	-1.28379	-10.4036	-9.11982
BLOCK04/SES049/SA049S25	SES125	-1.66049	-10.7803	-9.11982
BLOCK04/SES049/SA049S25	SES206	-0.927079	-10.0469	-9.11982
BLOCK04/SES049/SA049S27	SES099	-0.51514	-8.23092	-7.71578
BLOCK04/SES049/SA049S27	SES104	-0.325531	-8.04131	-7.71578
BLOCK04/SES049/SA049S27	SES125	-1.77751	-9.49329	-7.71578
BLOCK04/SES049/SA049S27	SES206	-2.04178	-9.75756	-7.71578
BLOCK04/SES049/SA049S29	SES099	-0.793493	-8.30327	-7.50978
BLOCK04/SES049/SA049S29	SES104	-0.195998	-7.70577	-7.50978
BLOCK04/SES049/SA049S29	SES125	-0.597903	-8.10768	-7.50978
BLOCK04/SES049/SA049S29	SES206	-1.42853	-8.93831	-7.50978
BLOCK06/SES063/SA063S09	SES068	-2.8938	-11.6357	-8.74186
BLOCK06/SES063/SA063S09	SES083	-1.33605	-10.0779	-8.74186
BLOCK06/SES063/SA063S09	SES177	-1.04702	-9.78888	-8.74186
BLOCK06/SES063/SA063S09	SES187	-1.28608	-10.0279	-8.74186
BLOCK06/SES063/SA063S10	SES068	-1.68074	-10.187	-8.5063
BLOCK06/SES063/SA063S10	SES083	-1.21715	-9.72345	-8.5063
BLOCK06/SES063/SA063S10	SES172	-0.640112	-9.14641	-8.5063
BLOCK06/SES063/SA063S10	SES187	-0.939932	-9.44623	-8.5063
BLOCK06/SES063/SA063S20	SES068	-3.19582	-11.4536	-8.25783
BLOCK06/SES063/SA063S20	SES083	-1.53288	-9.7907	-8.25783
BLOCK06/SES063/SA063S20	SES172	-0.982284	-9.24011	-8.25783
BLOCK06/SES063/SA063S20	SES187	-1.17806	-9.43589	-8.25783
BLOCK06/SES063/SA063S24	SES029	-3.58279	-12.4299	-8.8471
BLOCK06/SES063/SA063S24	SES083	-1.25773	-10.1048	-8.8471
BLOCK06/SES063/SA063S24	SES177	-1.62829	-10.4754	-8.8471
BLOCK06/SES063/SA063S24	SES189	0.0903435	-8.75675	-8.8471
BLOCK06/SES063/SA063S27	SES083	-1.13499	-9.17558	-8.04059
BLOCK06/SES063/SA063S27	SES172	-1.7382	-9.77878	-8.04059
BLOCK06/SES063/SA063S27	SES187	-1.252	-9.29259	-8.04059
BLOCK06/SES063/SA063S27	SES292	-1.75368	-9.79426	-8.04059
BLOCK06/SES067/SA067S12	SES083	-1.11575	-7.92219	-6.80644
BLOCK06/SES067/SA067S12	SES172	-1.61649	-8.42293	-6.80644
BLOCK06/SES067/SA067S12	SES202	-1.07426	-7.8807	-6.80644
BLOCK06/SES067/SA067S12	SES292	-1.5156	-8.32204	-6.80644
BLOCK06/SES067/SA067S14	SES085	-1.22223	-7.13273	-5.9105
BLOCK06/SES067/SA067S14	SES177	-1.42458	-7.33508	-5.9105
BLOCK06/SES067/SA067S14	SES183	0.378019	-5.53248	-5.9105
BLOCK06/SES067/SA067S14	SES202	-0.0741849	-5.98469	-5.9105
BLOCK06/SES067/SA067S21	SES144	-1.41927	-8.80451	-7.38524
BLOCK06/SES067/SA067S21	SES177	-1.71059	-9.09583	-7.38524
BLOCK06/SES067/SA067S21	SES183	-1.60482	-8.99006	-7.38524
BLOCK06/SES067/SA067S21	SES189	-1.35992	-8.74516	-7.38524
BLOCK06/SES067/SA067S25	SES085	-2.29201	-8.94971	-6.6577
BLOCK06/SES067/SA067S25	SES177	-1.21125	-7.86895	-6.6577
BLOCK06/SES067/SA067S25	SES183	-0.912483	-7.57019	-6.6577
BLOCK06/SES067/SA067S25	SES202	-1.7983	-8.456	-6.6577
BLOCK06/SES067/SA067S29	SES085	-2.48838	-10.228	-7.73959
BLOCK06/SES067/SA067S29	SES177	-1.86814	-9.60773	-7.73959
BLOCK06/SES067/SA067S29	SES183	-0.998728	-8.73832	-7.73959
BLOCK06/SES067/SA067S29	SES202	-0.56009	-8.29968	-7.73959
BLOCK06/SES069/SA069S12	SES029	-1.77285	-8.87327	-7.10042
BLOCK06/SES069/SA069S12	SES082	-0.873692	-7.97411	-7.10042
BLOCK06/SES069/SA069S12	SES087	-1.33135	-8.43177	-7.10042
BLOCK06/SES069/SA069S12	SES206	-0.706152	-7.80657	-7.10042
BLOCK06/SES069/SA069S13	SES029	-2.43977	-9.40677	-6.96701
BLOCK06/SES069/SA069S13	SES087	-1.61253	-8.57953	-6.96701
BLOCK06/SES069/SA069S13	SES206	-1.73116	-8.69816	-6.96701
BLOCK06/SES069/SA069S13	SES226	-0.0381427	-7.00515	-6.96701
BLOCK06/SES069/SA069S23	SES029	-0.87585	-7.40339	-6.52754
BLOCK06/SES069/SA069S23	SES087	-0.54314	-7.07068	-6.52754
BLOCK06/SES069/SA069S23	SES206	-1.55261	-8.08014	-6.52754
BLOCK06/SES069/SA069S23	SES226	-0.302307	-6.82984	-6.52754
BLOCK06/SES069/SA069S25	SES087	-1.68028	-8.62133	-6.94105
BLOCK06/SES069/SA069S25	SES206	-2.1067	-9.04775	-6.94105
BLOCK06/SES069/SA069S25	SES226	-0.252849	-7.1939	-6.94105
BLOCK06/SES069/SA069S25	SES270	-1.58162	-8.52267	-6.94105
BLOCK06/SES069/SA069S27	SES087	-1.56378	-9.077	-7.51322
BLOCK06/SES069/SA069S27	SES206	-1.1254	-8.63862	-7.51322
BLOCK06/SES069/SA069S27	SES226	0.0999107	-7.41331	-7.51322
BLOCK06/SES069/SA069S27	SES270	-1.08935	-8.60257	-7.51322
BLOCK08/SES081/SA081S11	SES060	-1.75118	-9.45965	-7.70848
BLOCK08/SES081/SA081S11	SES062	-0.481916	-8.19039	-7.70848
BLOCK08/SES081/SA081S11	SES117	-2.23737	-9.94585	-7.70848
BLOCK08/SES081/SA081S11	SES162	-1.80553	-9.51401	-7.70848
BLOCK08/SES081/SA081S13	SES016	-0.633163	-7.32552	-6.69236
BLOCK08/SES081/SA081S13	SES060	-0.490282	-7.18264	-6.69236
BLOCK08/SES081/SA081S13	SES068	-0.256589	-6.94895	-6.69236
BLOCK08/SES081/SA081S13	SES129	-2.03057	-8.72293	-6.69236
BLOCK08/SES081/SA081S24	SES060	-0.610317	-7.83922	-7.2289
BLOCK08/SES081/SA081S24	SES068	-0.688609	-7.91751	-7.2289
BLOCK08/SES081/SA081S24	SES117	-1.72001	-8.94891	-7.2289
BLOCK08/SES081/SA081S24	SES275	-1.09659	-8.3255	-7.2289
BLOCK08/SES081/SA081S27	SES007	-0.171654	-8.10113	-7.92947
BLOCK08/SES081/SA081S27	SES060	-0.584431	-8.5139	-7.92947
BLOCK08/SES081/SA081S27	SES117	-1.08511	-9.01458	-7.92947
BLOCK08/SES081/SA081S27	SES275	-1.19035	-9.11983	-7.92947
BLOCK08/SES081/SA081S29	SES007	-0.536204	-8.75231	-8.21611
BLOCK08/SES081/SA081S29	SES060	-0.666215	-8.88233	-8.21611
BLOCK08/SES081/SA081S29	SES117	-1.23268	-9.44879	-8.21611
BLOCK08/SES081/SA081S29	SES275	-1.35398	-9.57009	-8.21611
BLOCK08/SES086/SA086S11	SES029	-3.21826	-12.1368	-8.91856
BLOCK08/SES086/SA086S11	SES082	-2.42592	-11.3445	-8.91856
BLOCK08/SES086/SA086S11	SES087	-0.569095	-9.48766	-8.91856
BLOCK08/SES086/SA086S11	SES206	-1.6539	-10.5725	-8.91856
BLOCK08/SES086/SA086S12	SES029	-2.72207	-10.927	-8.20497
BLOCK08/SES086/SA086S12	SES082	-1.91548	-10.1205	-8.20497
BLOCK08/SES086/SA086S12	SES087	0.325668	-7.8793	-8.20497
BLOCK08/SES086/SA086S12	SES206	-1.06927	-9.27423	-8.20497
BLOCK08/SES086/SA086S20	SES029	-1.71745	-9.36999	-7.65254
BLOCK08/SES086/SA086S20	SES082	-1.74579	-9.39833	-7.65254
BLOCK08/SES086/SA086S20	SES087	-0.195083	-7.84762	-7.65254
BLOCK08/SES086/SA086S20	SES206	-1.20783	-8.86037	-7.65254
BLOCK08/SES086/SA086S24	SES087	-0.00841808	-8.82387	-8.81545
BLOCK08/SES086/SA086S24	SES104	-1.70353	-10.519	-8.81545
BLOCK08/SES086/SA086S24	SES120	-1.23495	-10.0504	-8.81545
BLOCK08/SES086/SA086S24	SES206	-0.456039	-9.27149	-8.81545
BLOCK08/SES086/SA086S28	SES029	-2.29595	-9.70741	-7.41146
BLOCK08/SES086/SA086S28	SES082	-1.52832	-8.93978	-7.41146
BLOCK08/SES086/SA086S28	SES087	-0.125836	-7.5373	-7.41146
BLOCK08/SES086/SA086S28	SES206	-0.73644	-8.1479	-7.41146
BLOCK08/SES089/SA089S13	SES087	-0.916918	-9.52787	-8.61096
BLOCK08/SES089/SA089S13	SES206	-1.75926	-10.3702	-8.61096
BLOCK08/SES089/SA089S13	SES226	-0.939483	-9.55044	-8.61096
BLOCK08/SES089/SA089S13	SES270	-1.77281	-10.3838	-8.61096
BLOCK08/SES089/SA089S14	SES062	-2.09577	-9.89288	-7.79711
BLOCK08/SES089/SA089S14	SES087	-0.614245	-8.41136	-7.79711
BLOCK08/SES089/SA089S14	SES206	-2.13726	-9.93437	-7.79711
BLOCK08/SES089/SA089S14	SES226	-1.53358	-9.3307	-7.79711
BLOCK08/SES089/SA089S23	SES087	-1.02095	-10.6208	-9.59982
BLOCK08/SES089/SA089S23	SES206	-2.21226	-11.8121	-9.59982
BLOCK08/SES089/SA089S23	SES226	-1.34714	-10.947	-9.59982
BLOCK08/SES089/SA089S23	SES270	-3.94276	-13.5426	-9.59982
BLOCK08/SES089/SA089S25	SES062	-1.29657	-9.67758	-8.381
BLOCK08/SES089/SA089S25	SES087	-0.616179	-8.99718	-8.381
BLOCK08/SES089/SA089S25	SES206	-2.27277	-10.6538	-8.381
BLOCK08/SES089/SA089S25	SES226	-1.35247	-9.73347	-8.381
BLOCK08/SES089/SA089S28	SES062	-0.935122	-9.28772	-8.3526
BLOCK08/SES089/SA089S28	SES087	0.105613	-8.24698	-8.3526
BLOCK08/SES089/SA089S28	SES206	-1.60482	-9.95742	-8.3526
BLOCK08/SES089/SA089S28	SES226	-0.641083	-8.99368	-8.3526
BLOCK09/SES097/SA097S11	SES099	-0.580144	-9.21654	-8.6364
BLOCK09/SES097/SA097S11	SES125	-2.24648	-10.8829	-8.6364
BLOCK09/SES097/SA097S11	SES206	-1.63382	-10.2702	-8.6364
BLOCK09/SES097/SA097S11	SES226	0.215764	-8.42063	-8.6364
BLOCK09/SES097/SA097S14	SES062	-3.42064	-11.3831	-7.96245
BLOCK09/SES097/SA097S14	SES099	-0.917648	-8.8801	-7.96245
BLOCK09/SES097/SA097S14	SES104	-1.23409	-9.19654	-7.96245
BLOCK09/SES097/SA097S14	SES206	-1.96908	-9.93153	-7.96245
BLOCK09/SES097/SA097S22	SES099	-0.159079	-8.72207	-8.563
BLOCK09/SES097/SA097S22	SES206	-2.13796	-10.701	-8.563
BLOCK09/SES097/SA097S22	SES226	-0.725203	-9.2882	-8.563
BLOCK09/SES097/SA097S22	SES270	-1.14723	-9.71022	-8.563
BLOCK09/SES097/SA097S26	SES099	0.263924	-8.47328	-8.7372
BLOCK09/SES097/SA097S26	SES120	-1.00071	-9.73791	-8.7372
BLOCK09/SES097/SA097S26	SES206	-2.24308	-10.9803	-8.7372
BLOCK09/SES097/SA097S26	SES226	-0.309085	-9.04628	-8.7372
BLOCK09/SES097/SA097S28	SES099	-0.262691	-7.80896	-7.54627
BLOCK09/SES097/SA097S28	SES120	-1.09101	-8.63728	-7.54627
BLOCK09/SES097/SA097S28	SES206	-1.73125	-9.27752	-7.54627
BLOCK09/SES097/SA097S28	SES226	-0.95332	-8.49959	-7.54627
BLOCK09/SES098/SA098S11	SES127	-1.08759	-7.98522	-6.89762
BLOCK09/SES098/SA098S11	SES144	-0.765857	-7.66348	-6.89762
BLOCK09/SES098/SA098S11	SES147	-0.751874	-7.6495	-6.89762
BLOCK09/SES098/SA098S11	SES148	-2.29707	-9.19469	-6.89762
BLOCK09/SES098/SA098S12	SES127	-2.90917	-11.2504	-8.34127
BLOCK09/SES098/SA098S12	SES144	-1.67519	-10.0165	-8.34127
BLOCK09/SES098/SA098S12	SES147	-1.96441	-10.3057	-8.34127
BLOCK09/SES098/SA098S12	SES189	-1.41707	-9.75834	-8.34127
BLOCK09/SES098/SA098S20	SES127	-3.208	-11.173	-7.96495
BLOCK09/SES098/SA098S20	SES147	-1.75522	-9.72017	-7.96495
BLOCK09/SES098/SA098S20	SES148	-3.89124	-11.8562	-7.96495
BLOCK09/SES098/SA098S20	SES292	-1.45559	-9.42054	-7.96495
BLOCK09/SES098/SA098S23	SES127	-1.78885	-9.33448	-7.54563
BLOCK09/SES098/SA098S23	SES147	-1.91778	-9.46341	-7.54563
BLOCK09/SES098/SA098S23	SES187	-1.0735	-8.61913	-7.54563
BLOCK09/SES098/SA098S23	SES292	-0.94511	-8.49074	-7.54563
BLOCK09/SES098/SA098S27	SES127	-3.16321	-10.7016	-7.53841
BLOCK09/SES098/SA098S27	SES147	-3.04355	-10.582	-7.53841
BLOCK09/SES098/SA098S27	SES148	-3.63779	-11.1762	-7.53841
BLOCK09/SES098/SA098S27	SES292	-0.880596	-8.419	-7.53841
BLOCK10/SES102/SA102S13	SES101	-0.0477676	-8.68995	-8.64219
BLOCK10/SES102/SA102S13	SES105	-1.16375	-9.80594	-8.64219
BLOCK10/SES102/SA102S13	SES120	-2.29626	-10.9384	-8.64219
BLOCK10/SES102/SA102S13	SES158	-2.54362	-11.1858	-8.64219
BLOCK10/SES102/SA102S14	SES007	-0.00280428	-6.06495	-6.06215
BLOCK10/SES102/SA102S14	SES101	-0.296422	-6.35857	-6.06215
BLOCK10/SES102/SA102S14	SES105	-0.850068	-6.91222	-6.06215
BLOCK10/SES102/SA102S14	SES147	-2.33792	-8.40007	-6.06215
BLOCK10/SES102/SA102S22	SES007	-1.34455	-8.20937	-6.86482
BLOCK10/SES102/SA102S22	SES101	-0.704751	-7.56957	-6.86482
BLOCK10/SES102/SA102S22	SES105	-1.04623	-7.91105	-6.86482
BLOCK10/SES102/SA102S22	SES158	-2.36943	-9.23425	-6.86482
BLOCK10/SES102/SA102S25	SES007	-0.452947	-7.27633	-6.82338
BLOCK10/SES102/SA102S25	SES101	-0.198882	-7.02226	-6.82338
BLOCK10/SES102/SA102S25	SES105	-1.27299	-8.09637	-6.82338
BLOCK10/SES102/SA102S25	SES147	-2.9954	-9.81878	-6.82338
BLOCK10/SES102/SA102S27	SES007	-0.792544	-8.05011	-7.25757
BLOCK10/SES102/SA102S27	SES101	0.0107374	-7.24683	-7.25757
BLOCK10/SES102/SA102S27	SES105	-1.92274	-9.18031	-7.25757
BLOCK10/SES102/SA102S27	SES147	-3.00764	-10.2652	-7.25757
BLOCK10/SES103/SA103S14	SES105	-2.23947	-10.4579	-8.21845
BLOCK10/SES103/SA103S14	SES106	-1.76302	-9.98148	-8.21845
BLOCK10/SES103/SA103S14	SES120	-2.30004	-10.5185	-8.21845
BLOCK10/SES103/SA103S14	SES206	-2.26138	-10.4798	-8.21845
BLOCK10/SES103/SA103S15	SES099	-2.54602	-11.8722	-9.32615
BLOCK10/SES103/SA103S15	SES101	-3.69159	-13.0177	-9.32615
BLOCK10/SES103/SA103S15	SES104	-1.28014	-10.6063	-9.32615
BLOCK10/SES103/SA103S15	SES125	-2.23326	-11.5594	-9.32615
BLOCK10/SES103/SA103S24	SES104	-1.4924	-9.73176	-8.23936
BLOCK10/SES103/SA103S24	SES125	-3.16335	-11.4027	-8.23936
BLOCK10/SES103/SA103S24	SES148	-2.88265	-11.122	-8.23936
BLOCK10/SES103/SA103S24	SES158	-1.8024	-10.0418	-8.23936
BLOCK10/SES103/SA103S26	SES104	-1.01035	-8.97073	-7.96038
BLOCK10/SES103/SA103S26	SES106	-2.05581	-10.0162	-7.96038
BLOCK10/SES103/SA103S26	SES125	-1.56453	-9.52491	-7.96038
BLOCK10/SES103/SA103S26	SES148	-2.61433	-10.5747	-7.96038
BLOCK10/SES103/SA103S28	SES104	-1.19726	-9.47973	-8.28247
BLOCK10/SES103/SA103S28	SES106	-1.66539	-9.94787	-8.28247
BLOCK10/SES103/SA103S28	SES125	-2.89843	-11.1809	-8.28247
BLOCK10/SES103/SA103S28	SES206	-2.43736	-10.7198	-8.28247
BLOCK12/SES121/SA121S12	SES042	-1.52258	-9.93109	-8.40851
BLOCK12/SES121/SA121S12	SES087	-1.40026	-9.80877	-8.40851
BLOCK12/SES121/SA121S12	SES105	-0.591098	-8.99961	-8.40851
BLOCK12/SES121/SA121S12	SES206	-0.832757	-9.24127	-8.40851
BLOCK12/SES121/SA121S14	SES007	-2.5931	-12.5655	-9.97239
BLOCK12/SES121/SA121S14	SES105	-3.46616	-13.4385	-9.97239
BLOCK12/SES121/SA121S14	SES106	-2.06798	-12.0404	-9.97239
BLOCK12/SES121/SA121S14	SES206	-2.11125	-12.0836	-9.97239
BLOCK12/SES121/SA121S23	SES105	-3.24021	-12.7232	-9.48298
BLOCK12/SES121/SA121S23	SES106	-1.45416	-10.9371	-9.48298
BLOCK12/SES121/SA121S23	SES120	-2.06222	-11.5452	-9.48298
BLOCK12/SES121/SA121S23	SES206	-0.969788	-10.4528	-9.48298
BLOCK12/SES121/SA121S25	SES007	-2.05108	-12.1705	-10.1194
BLOCK12/SES121/SA121S25	SES105	-3.35072	-13.4701	-10.1194
BLOCK12/SES121/SA121S25	SES106	-1.44919	-11.5686	-10.1194
BLOCK12/SES121/SA121S25	SES206	-1.9515	-12.0709	-10.1194
BLOCK12/SES121/SA121S27	SES087	0.128614	-9.57919	-9.7078
BLOCK12/SES121/SA121S27	SES105	-4.69618	-14.404	-9.7078
BLOCK12/SES121/SA121S27	SES120	-0.71879	-10.4266	-9.7078
BLOCK12/SES121/SA121S27	SES206	-1.34274	-11.0505	-9.7078
BLOCK12/SES124/SA124S16	SES042	-0.0684304	-6.74644	-6.67801
BLOCK12/SES124/SA124S16	SES082	-0.49909	-7.1771	-6.67801
BLOCK12/SES124/SA124S16	SES183	-1.45655	-8.13456	-6.67801
BLOCK12/SES124/SA124S16	SES206	-0.978614	-7.65662	-6.67801
BLOCK12/SES124/SA124S17	SES105	-2.24706	-10.1058	-7.85871
BLOCK12/SES124/SA124S17	SES149	-1.15131	-9.01002	-7.85871
BLOCK12/SES124/SA124S17	SES158	-2.11818	-9.9769	-7.85871
BLOCK12/SES124/SA124S17	SES275	-1.55181	-9.41052	-7.85871
BLOCK12/SES124/SA124S23	SES105	-2.05538	-8.22471	-6.16932
BLOCK12/SES124/SA124S23	SES125	0.135317	-6.03401	-6.16932
BLOCK12/SES124/SA124S23	SES129	-2.11713	-8.28645	-6.16932
BLOCK12/SES124/SA124S23	SES158	-1.49715	-7.66647	-6.16932
BLOCK12/SES124/SA124S26	SES105	-2.23808	-9.91069	-7.6726
BLOCK12/SES124/SA124S26	SES125	-0.683874	-8.35648	-7.6726
BLOCK12/SES124/SA124S26	SES129	-2.52066	-10.1933	-7.6726
BLOCK12/SES124/SA124S26	SES158	-0.991444	-8.66405	-7.6726
BLOCK12/SES124/SA124S28	SES104	-0.83555	-7.63099	-6.79544
BLOCK12/SES124/SA124S28	SES106	-1.48774	-8.28319	-6.79544
BLOCK12/SES124/SA124S28	SES125	-0.205997	-7.00144	-6.79544
BLOCK12/SES124/SA124S28	SES275	-1.25604	-8.05148	-6.79544
BLOCK12/SES126/SA126S13	SES007	-0.917606	-8.54586	-7.62826
BLOCK12/SES126/SA126S13	SES162	-1.45522	-9.08348	-7.62826
BLOCK12/SES126/SA126S13	SES177	-0.680995	-8.30925	-7.62826
BLOCK12/SES126/SA126S13	SES180	-1.64862	-9.27688	-7.62826
BLOCK12/SES126/SA126S14	SES144	-0.446054	-7.4652	-7.01915
BLOCK12/SES126/SA126S14	SES148	-1.90927	-8.92841	-7.01915
BLOCK12/SES126/SA126S14	SES177	-0.955618	-7.97476	-7.01915
BLOCK12/SES126/SA126S14	SES180	-1.58602	-8.60517	-7.01915
BLOCK12/SES126/SA126S20	SES007	-0.962727	-7.26767	-6.30495
BLOCK12/SES126/SA126S20	SES162	-1.53886	-7.8438	-6.30495
BLOCK12/SES126/SA126S20	SES172	-1.71104	-8.01599	-6.30495
BLOCK12/SES126/SA126S20	SES180	-1.37184	-7.67679	-6.30495
BLOCK12/SES126/SA126S24	SES120	-0.213646	-7.18833	-6.97469
BLOCK12/SES126/SA126S24	SES162	-1.08767	-8.06236	-6.97469
BLOCK12/SES126/SA126S24	SES177	-0.293943	-7.26863	-6.97469
BLOCK12/SES126/SA126S24	SES180	-0.668875	-7.64356	-6.97469
BLOCK12/SES126/SA126S26	SES120	0.374803	-7.03192	-7.40672
BLOCK12/SES126/SA126S26	SES177	-0.327765	-7.73449	-7.40672
BLOCK12/SES126/SA126S26	SES180	-0.752046	-8.15877	-7.40672
BLOCK12/SES126/SA126S26	SES202	-1.03009	-8.43682	-7.40672
BLOCK12/SES128/SA128S10	SES087	-2.44184	-10.1353	-7.69344
BLOCK12/SES128/SA128S10	SES206	-1.15395	-8.84738	-7.69344
BLOCK12/SES128/SA128S10	SES226	-0.580964	-8.2744	-7.69344
BLOCK12/SES128/SA128S10	SES270	-0.981647	-8.67508	-7.69344
BLOCK12/SES128/SA128S12	SES120	-0.425075	-8.09369	-7.66861
BLOCK12/SES128/SA128S12	SES158	-0.626882	-8.29549	-7.66861
BLOCK12/SES128/SA128S12	SES206	-0.563529	-8.23214	-7.66861
BLOCK12/SES128/SA128S12	SES226	-1.7889	-9.45751	-7.66861
BLOCK12/SES128/SA128S21	SES106	-1.20377	-8.76679	-7.56303
BLOCK12/SES128/SA128S21	SES120	-1.12573	-8.68875	-7.56303
BLOCK12/SES128/SA128S21	SES206	-1.14688	-8.70991	-7.56303
BLOCK12/SES128/SA128S21	SES226	-0.196074	-7.7591	-7.56303
BLOCK12/SES128/SA128S24	SES087	-1.35161	-9.47386	-8.12225
BLOCK12/SES128/SA128S24	SES120	-0.782143	-8.90439	-8.12225
BLOCK12/SES128/SA128S24	SES206	-0.603505	-8.72576	-8.12225
BLOCK12/SES128/SA128S24	SES226	-1.62294	-9.74519	-8.12225
BLOCK12/SES128/SA128S27	SES099	-0.336373	-7.29695	-6.96057
BLOCK12/SES128/SA128S27	SES120	-0.308223	-7.2688	-6.96057
BLOCK12/SES128/SA128S27	SES206	-1.0594	-8.01998	-6.96057
BLOCK12/SES128/SA128S27	SES226	-1.23683	-8.1974	-6.96057
BLOCK13/SES130/SA130S13	SES143	-0.492579	-8.96049	-8.46791
BLOCK13/SES130/SA130S13	SES144	0.0157824	-8.45213	-8.46791
BLOCK13/SES130/SA130S13	SES146	-2.21	-10.6779	-8.46791
BLOCK13/SES130/SA130S13	SES275	-2.22967	-10.6976	-8.46791
BLOCK13/SES130/SA130S15	SES143	-0.929778	-7.96742	-7.03764
BLOCK13/SES130/SA130S15	SES144	0.118005	-6.91964	-7.03764
BLOCK13/SES130/SA130S15	SES146	-0.508681	-7.54632	-7.03764
BLOCK13/SES130/SA130S15	SES275	-1.09772	-8.13537	-7.03764
BLOCK13/SES130/SA130S23	SES127	-1.35218	-9.06813	-7.71595
BLOCK13/SES130/SA130S23	SES144	-0.307392	-8.02334	-7.71595
BLOCK13/SES130/SA130S23	SES146	-0.925695	-8.64165	-7.71595
BLOCK13/SES130/SA130S23	SES162	-1.2344	-8.95035	-7.71595
BLOCK13/SES130/SA130S25	SES127	-1.08835	-7.43316	-6.34481
BLOCK13/SES130/SA130S25	SES144	-0.441123	-6.78593	-6.34481
BLOCK13/SES130/SA130S25	SES146	-1.32458	-7.66939	-6.34481
BLOCK13/SES130/SA130S25	SES275	-1.15346	-7.49827	-6.34481
BLOCK13/SES130/SA130S28	SES127	-0.66978	-8.54583	-7.87605
BLOCK13/SES130/SA130S28	SES144	-0.835763	-8.71181	-7.87605
BLOCK13/SES130/SA130S28	SES146	-0.382244	-8.25829	-7.87605
BLOCK13/SES130/SA130S28	SES275	-0.717683	-8.59373	-7.87605
BLOCK13/SES131/SA131S13	SES002	-1.68334	-10.2449	-8.56156
BLOCK13/SES131/SA131S13	SES007	-1.24399	-9.80555	-8.56156
BLOCK13/SES131/SA131S13	SES099	0.0656042	-8.49595	-8.56156
BLOCK13/SES131/SA131S13	SES105	-1.4648	-10.0264	-8.56156
BLOCK13/SES131/SA131S14	SES104	-0.773583	-7.09564	-6.32206
BLOCK13/SES131/SA131S14	SES106	-1.9024	-8.22446	-6.32206
BLOCK13/SES131/SA131S14	SES125	-1.53833	-7.86039	-6.32206
BLOCK13/SES131/SA131S14	SES148	-0.0919547	-6.41402	-6.32206
BLOCK13/SES131/SA131S20	SES104	-1.38149	-9.89743	-8.51594
BLOCK13/SES131/SA131S20	SES106	-1.6139	-10.1298	-8.51594
BLOCK13/SES131/SA131S20	SES125	-1.57186	-10.0878	-8.51594
BLOCK13/SES131/SA131S20	SES148	-1.71908	-10.235	-8.51594
BLOCK13/SES131/SA131S22	SES099	-0.434129	-7.25729	-6.82316
BLOCK13/SES131/SA131S22	SES104	-0.762741	-7.5859	-6.82316
BLOCK13/SES131/SA131S22	SES125	-0.77167	-7.59483	-6.82316
BLOCK13/SES131/SA131S22	SES206	-1.01247	-7.83564	-6.82316
BLOCK13/SES131/SA131S29	SES087	-1.80508	-10.2967	-8.49165
BLOCK13/SES131/SA131S29	SES104	-2.4414	-10.9331	-8.49165
BLOCK13/SES131/SA131S29	SES125	-4.22381	-12.7155	-8.49165
BLOCK13/SES131/SA131S29	SES206	-2.42938	-10.921	-8.49165
BLOCK13/SES132/SA132S11	SES083	-1.76394	-9.0176	-7.25365
BLOCK13/SES132/SA132S11	SES120	0.0480518	-7.2056	-7.25365
BLOCK13/SES132/SA132S11	SES127	-2.39854	-9.65219	-7.25365
BLOCK13/SES132/SA132S11	SES275	-1.5315	-8.78516	-7.25365
BLOCK13/SES132/SA132S12	SES083	-1.87117	-9.05984	-7.18866
BLOCK13/SES132/SA132S12	SES143	-2.05118	-9.23985	-7.18866
BLOCK13/SES132/SA132S12	SES144	-0.541926	-7.73059	-7.18866
BLOCK13/SES132/SA132S12	SES148	-1.22965	-8.41831	-7.18866
BLOCK13/SES132/SA132S22	SES062	-0.855201	-8.16381	-7.30861
BLOCK13/SES132/SA132S22	SES083	-2.20743	-9.51604	-7.30861
BLOCK13/SES132/SA132S22	SES127	-2.01033	-9.31894	-7.30861
BLOCK13/SES132/SA132S22	SES275	-1.01694	-8.32554	-7.30861
BLOCK13/SES132/SA132S24	SES007	-0.875138	-7.61092	-6.73578
BLOCK13/SES132/SA132S24	SES083	-1.95913	-8.69491	-6.73578
BLOCK13/SES132/SA132S24	SES127	-2.6146	-9.35038	-6.73578
BLOCK13/SES132/SA132S24	SES275	-1.09793	-7.83371	-6.73578
BLOCK13/SES132/SA132S27	SES083	-2.81382	-11.1049	-8.29113
BLOCK13/SES132/SA132S27	SES120	0.183907	-8.10722	-8.29113
BLOCK13/SES132/SA132S27	SES127	-4.59971	-12.8908	-8.29113
BLOCK13/SES132/SA132S27	SES275	-1.7163	-10.0074	-8.29113
BLOCK14/SES141/SA141S09	SES143	-1.11272	-7.80459	-6.69188
BLOCK14/SES141/SA141S09	SES144	-0.495653	-7.18753	-6.69188
BLOCK14/SES141/SA141S09	SES162	-1.30695	-7.99883	-6.69188
BLOCK14/SES141/SA141S09	SES180	-1.03161	-7.72348	-6.69188
BLOCK14/SES141/SA141S15	SES127	-2.02077	-9.63432	-7.61355
BLOCK14/SES141/SA141S15	SES144	-1.33846	-8.95201	-7.61355
BLOCK14/SES141/SA141S15	SES162	-1.96419	-9.57774	-7.61355
BLOCK14/SES141/SA141S15	SES180	-1.59656	-9.21011	-7.61355
BLOCK14/SES141/SA141S24	SES127	-2.31036	-9.47942	-7.16905
BLOCK14/SES141/SA141S24	SES144	-1.31517	-8.48423	-7.16905
BLOCK14/SES141/SA141S24	SES162	-2.00312	-9.17218	-7.16905
BLOCK14/SES141/SA141S24	SES183	-1.55446	-8.72352	-7.16905
BLOCK14/SES141/SA141S26	SES142	-0.308873	-8.27509	-7.96622
BLOCK14/SES141/SA141S26	SES144	-1.47625	-9.44246	-7.96622
BLOCK14/SES141/SA141S26	SES172	-0.930608	-8.89682	-7.96622
BLOCK14/SES141/SA141S26	SES180	-1.05457	-9.02079	-7.96622
BLOCK14/SES141/SA141S29	SES127	-1.3649	-8.27452	-6.90962
BLOCK14/SES141/SA141S29	SES142	-0.0942125	-7.00383	-6.90962
BLOCK14/SES141/SA141S29	SES144	-0.536228	-7.44585	-6.90962
BLOCK14/SES141/SA141S29	SES180	-0.456753	-7.36637	-6.90962
BLOCK15/SES157/SA157S08	SES083	-1.40384	-8.43528	-7.03144
BLOCK15/SES157/SA157S08	SES127	-1.21969	-8.25113	-7.03144
BLOCK15/SES157/SA157S08	SES148	-0.350948	-7.38239	-7.03144
BLOCK15/SES157/SA157S08	SES292	-1.58918	-8.62063	-7.03144
BLOCK15/SES157/SA157S11	SES083	-1.47413	-8.97904	-7.50491
BLOCK15/SES157/SA157S11	SES127	-1.49414	-8.99905	-7.50491
BLOCK15/SES157/SA157S11	SES148	-2.18747	-9.69238	-7.50491
BLOCK15/SES157/SA157S11	SES292	-2.31207	-9.81698	-7.50491
BLOCK15/SES157/SA157S21	SES127	-0.400825	-7.07549	-6.67466
BLOCK15/SES157/SA157S21	SES148	-0.105012	-6.77967	-6.67466
BLOCK15/SES157/SA157S21	SES158	-4.51449	-11.1891	-6.67466
BLOCK15/SES157/SA157S21	SES292	-1.68327	-8.35793	-6.67466
BLOCK15/SES157/SA157S24	SES127	-0.88453	-8.8335	-7.94897
BLOCK15/SES157/SA157S24	SES148	-0.912435	-8.86141	-7.94897
BLOCK15/SES157/SA157S24	SES183	-0.997697	-8.94667	-7.94897
BLOCK15/SES157/SA157S24	SES292	-2.11188	-10.0609	-7.94897
BLOCK15/SES157/SA157S26	SES007	-1.04881	-8.21334	-7.16453
BLOCK15/SES157/SA157S26	SES127	-0.815668	-7.9802	-7.16453
BLOCK15/SES157/SA157S26	SES147	-1.55281	-8.71734	-7.16453
BLOCK15/SES157/SA157S26	SES148	-1.22064	-8.38517	-7.16453
BLOCK16/SES161/SA161S10	SES007	-0.713247	-8.28825	-7.575
BLOCK16/SES161/SA161S10	SES105	-0.91132	-8.48632	-7.575
BLOCK16/SES161/SA161S10	SES158	-1.39798	-8.97298	-7.575
BLOCK16/SES161/SA161S10	SES275	-0.692461	-8.26746	-7.575
BLOCK16/SES161/SA161S12	SES007	-2.53229	-11.2133	-8.68099
BLOCK16/SES161/SA161S12	SES105	-1.99045	-10.6714	-8.68099
BLOCK16/SES161/SA161S12	SES158	-1.34245	-10.0234	-8.68099
BLOCK16/SES161/SA161S12	SES275	-3.53719	-12.2182	-8.68099
BLOCK16/SES161/SA161S20	SES007	-1.24203	-9.98743	-8.7454
BLOCK16/SES161/SA161S20	SES105	-2.47692	-11.2223	-8.7454
BLOCK16/SES161/SA161S20	SES158	-0.373798	-9.1192	-8.7454
BLOCK16/SES161/SA161S20	SES275	-2.56249	-11.3079	-8.7454
BLOCK16/SES161/SA161S23	SES007	-2.78052	-11.0806	-8.30003
BLOCK16/SES161/SA161S23	SES105	-1.98484	-10.2849	-8.30003
BLOCK16/SES161/SA161S23	SES148	-3.33529	-11.6353	-8.30003
BLOCK16/SES161/SA161S23	SES158	-2.98157	-11.2816	-8.30003
BLOCK16/SES161/SA161S28	SES007	-1.79274	-9.58456	-7.79182
BLOCK16/SES161/SA161S28	SES105	-2.58294	-10.3748	-7.79182
BLOCK16/SES161/SA161S28	SES158	-0.386056	-8.17787	-7.79182
BLOCK16/SES161/SA161S28	SES206	-1.32118	-9.11299	-7.79182
BLOCK16/SES164/SA164S11	SES104	-1.53348	-9.27529	-7.74181
BLOCK16/SES164/SA164S11	SES125	-0.587082	-8.32889	-7.74181
BLOCK16/SES164/SA164S11	SES158	-1.35631	-9.09812	-7.74181
BLOCK16/SES164/SA164S11	SES206	-2.9118	-10.6536	-7.74181
BLOCK16/SES164/SA164S13	SES099	-1.61672	-9.87614	-8.25942
BLOCK16/SES164/SA164S13	SES104	-1.61322	-9.87265	-8.25942
BLOCK16/SES164/SA164S13	SES125	-1.71479	-9.97421	-8.25942
BLOCK16/SES164/SA164S13	SES206	-2.27566	-10.5351	-8.25942
BLOCK16/SES164/SA164S24	SES002	0.187129	-7.68612	-7.87325
BLOCK16/SES164/SA164S24	SES099	-0.504544	-8.3778	-7.87325
BLOCK16/SES164/SA164S24	SES125	-1.1066	-8.97986	-7.87325
BLOCK16/SES164/SA164S24	SES226	0.426596	-7.44666	-7.87325
BLOCK16/SES164/SA164S27	SES087	-2.84371	-11.3851	-8.54137
BLOCK16/SES164/SA164S27	SES125	-0.518332	-9.0597	-8.54137
BLOCK16/SES164/SA164S27	SES206	-2.6658	-11.2072	-8.54137
BLOCK16/SES164/SA164S27	SES226	-0.270617	-8.81199	-8.54137
BLOCK16/SES164/SA164S29	SES002	-0.0321083	-8.25449	-8.22239
BLOCK16/SES164/SA164S29	SES019	-1.97495	-10.1973	-8.22239
BLOCK16/SES164/SA164S29	SES125	-0.463462	-8.68585	-8.22239
BLOCK16/SES164/SA164S29	SES226	-0.0326614	-8.25505	-8.22239
BLOCK16/SES169/SA169S13	SES117	-1.26156	-8.87291	-7.61135
BLOCK16/SES169/SA169S13	SES144	-0.744505	-8.35586	-7.61135
BLOCK16/SES169/SA169S13	SES146	-0.774824	-8.38618	-7.61135
BLOCK16/SES169/SA169S13	SES162	-1.27985	-8.8912	-7.61135
BLOCK16/SES169/SA169S14	SES144	-0.845953	-7.06202	-6.21607
BLOCK16/SES169/SA169S14	SES148	-0.851634	-7.0677	-6.21607
BLOCK16/SES169/SA169S14	SES177	-0.584484	-6.80055	-6.21607
BLOCK16/SES169/SA169S14	SES180	-1.22104	-7.43711	-6.21607
BLOCK16/SES169/SA169S24	SES117	-1.10803	-9.4432	-8.33517
BLOCK16/SES169/SA169S24	SES144	-0.424664	-8.75983	-8.33517
BLOCK16/SES169/SA169S24	SES146	-0.830304	-9.16547	-8.33517
BLOCK16/SES169/SA169S24	SES162	-1.25773	-9.5929	-8.33517
BLOCK16/SES169/SA169S27	SES127	-1.01263	-8.40844	-7.39581
BLOCK16/SES169/SA169S27	SES129	-1.00857	-8.40438	-7.39581
BLOCK16/SES169/SA169S27	SES144	-0.631793	-8.0276	-7.39581
BLOCK16/SES169/SA169S27	SES146	-0.663841	-8.05965	-7.39581
BLOCK16/SES169/SA169S29	SES144	-0.0863981	-6.62464	-6.53824
BLOCK16/SES169/SA169S29	SES162	-0.29796	-6.83621	-6.53824
BLOCK16/SES169/SA169S29	SES177	-0.948927	-7.48717	-6.53824
BLOCK16/SES169/SA169S29	SES180	-1.28306	-7.8213	-6.53824
BLOCK17/SES171/SA171S12	SES083	-1.48489	-9.96721	-8.48232
BLOCK17/SES171/SA171S12	SES148	-2.82475	-11.3071	-8.48232
BLOCK17/SES171/SA171S12	SES172	-1.72943	-10.2118	-8.48232
BLOCK17/SES171/SA171S12	SES292	-3.45677	-11.9391	-8.48232
BLOCK17/SES171/SA171S15	SES148	-1.53701	-9.45358	-7.91657
BLOCK17/SES171/SA171S15	SES177	-1.19728	-9.11385	-7.91657
BLOCK17/SES171/SA171S15	SES180	-3.19557	-11.1121	-7.91657
BLOCK17/SES171/SA171S15	SES292	-2.1624	-10.079	-7.91657
BLOCK17/SES171/SA171S22	SES007	-0.852724	-7.28572	-6.43299
BLOCK17/SES171/SA171S22	SES148	-0.674364	-7.10736	-6.43299
BLOCK17/SES171/SA171S22	SES177	-0.263924	-6.69692	-6.43299
BLOCK17/SES171/SA171S22	SES180	-1.84033	-8.27332	-6.43299
BLOCK17/SES171/SA171S25	SES101	-1.89905	-9.70322	-7.80417
BLOCK17/SES171/SA171S25	SES120	-3.34799	-11.1522	-7.80417
BLOCK17/SES171/SA171S25	SES177	-1.66165	-9.46582	-7.80417
BLOCK17/SES171/SA171S25	SES180	-2.43331	-10.2375	-7.80417
BLOCK17/SES171/SA171S27	SES177	-1.186	-9.12574	-7.93975
BLOCK17/SES171/SA171S27	SES180	-3.20044	-11.1402	-7.93975
BLOCK17/SES171/SA171S27	SES189	-0.740566	-8.68032	-7.93975
BLOCK17/SES171/SA171S27	SES292	-3.22409	-11.1638	-7.93975
BLOCK17/SES173/SA173S13	SES162	-2.23432	-9.75484	-7.52052
BLOCK17/SES173/SA173S13	SES177	-1.53117	-9.05169	-7.52052
BLOCK17/SES173/SA173S13	SES180	-1.91094	-9.43146	-7.52052
BLOCK17/SES173/SA173S13	SES292	-0.153917	-7.67444	-7.52052
BLOCK17/SES173/SA173S14	SES007	-1.07313	-8.25454	-7.18141
BLOCK17/SES173/SA173S14	SES162	-3.19956	-10.381	-7.18141
BLOCK17/SES173/SA173S14	SES177	-1.77542	-8.95683	-7.18141
BLOCK17/SES173/SA173S14	SES180	-2.84128	-10.0227	-7.18141
BLOCK17/SES173/SA173S24	SES144	-2.04804	-9.95914	-7.9111
BLOCK17/SES173/SA173S24	SES162	-2.39539	-10.3065	-7.9111
BLOCK17/SES173/SA173S24	SES177	-0.452176	-8.36328	-7.9111
BLOCK17/SES173/SA173S24	SES180	-2.48124	-10.3923	-7.9111
BLOCK17/SES173/SA173S27	SES162	-3.93051	-11.2185	-7.28799
BLOCK17/SES173/SA173S27	SES177	-1.6041	-8.89209	-7.28799
BLOCK17/SES173/SA173S27	SES180	-2.1097	-9.3977	-7.28799
BLOCK17/SES173/SA173S27	SES292	-0.565856	-7.85385	-7.28799
BLOCK17/SES173/SA173S29	SES162	-2.15697	-10.1274	-7.97041
BLOCK17/SES173/SA173S29	SES175	-0.803703	-8.77411	-7.97041
BLOCK17/SES173/SA173S29	SES177	-0.791336	-8.76174	-7.97041
BLOCK17/SES173/SA173S29	SES292	-1.66574	-9.63615	-7.97041
BLOCK18/SES182/SA182S10	SES144	-1.57486	-8.37713	-6.80228
BLOCK18/SES182/SA182S10	SES177	-1.52186	-8.32414	-6.80228
BLOCK18/SES182/SA182S10	SES180	-3.00147	-9.80375	-6.80228
BLOCK18/SES182/SA182S10	SES275	-1.02828	-7.83055	-6.80228
BLOCK18/SES182/SA182S12	SES144	-0.879278	-7.57789	-6.69862
BLOCK18/SES182/SA182S12	SES177	-0.993082	-7.6917	-6.69862
BLOCK18/SES182/SA182S12	SES180	-2.41661	-9.11522	-6.69862
BLOCK18/SES182/SA182S12	SES275	-0.835508	-7.53412	-6.69862
BLOCK18/SES182/SA182S21	SES117	-1.60427	-9.95404	-8.34978
BLOCK18/SES182/SA182S21	SES144	-0.898298	-9.24808	-8.34978
BLOCK18/SES182/SA182S21	SES162	-1.31629	-9.66607	-8.34978
BLOCK18/SES182/SA182S21	SES180	-2.85564	-11.2054	-8.34978
BLOCK18/SES182/SA182S23	SES117	-2.07891	-10.1665	-8.08756
BLOCK18/SES182/SA182S23	SES144	-2.17785	-10.2654	-8.08756
BLOCK18/SES182/SA182S23	SES180	-4.62054	-12.7081	-8.08756
BLOCK18/SES182/SA182S23	SES275	-2.16739	-10.2549	-8.08756
BLOCK18/SES182/SA182S25	SES007	-0.419954	-8.03427	-7.61432
BLOCK18/SES182/SA182S25	SES162	-1.30187	-8.91618	-7.61432
BLOCK18/SES182/SA182S25	SES177	-1.22791	-8.84222	-7.61432
BLOCK18/SES182/SA182S25	SES180	-2.57146	-10.1858	-7.61432
BLOCK18/SES184/SA184S12	SES177	-1.68972	-8.73319	-7.04346
BLOCK18/SES184/SA184S12	SES180	-0.437231	-7.48069	-7.04346
BLOCK18/SES184/SA184S12	SES189	-1.69846	-8.74193	-7.04346
BLOCK18/SES184/SA184S12	SES292	-0.331404	-7.37487	-7.04346
BLOCK18/SES184/SA184S13	SES101	-0.952085	-8.4724	-7.52032
BLOCK18/SES184/SA184S13	SES177	-0.848783	-8.3691	-7.52032
BLOCK18/SES184/SA184S13	SES180	-1.02803	-8.54835	-7.52032
BLOCK18/SES184/SA184S13	SES292	-1.06677	-8.58709	-7.52032
BLOCK18/SES184/SA184S22	SES177	-1.52114	-9.08087	-7.55974
BLOCK18/SES184/SA184S22	SES180	-0.676006	-8.23574	-7.55974
BLOCK18/SES184/SA184S22	SES189	-1.23291	-8.79265	-7.55974
BLOCK18/SES184/SA184S22	SES292	-0.888798	-8.44853	-7.55974
BLOCK18/SES184/SA184S25	SES101	-1.14943	-8.42101	-7.27159
BLOCK18/SES184/SA184S25	SES177	-1.40592	-8.67751	-7.27159
BLOCK18/SES184/SA184S25	SES180	-0.425015	-7.6966	-7.27159
BLOCK18/SES184/SA184S25	SES292	-0.902412	-8.174	-7.27159
BLOCK18/SES184/SA184S27	SES083	-1.09488	-8.53264	-7.43776
BLOCK18/SES184/SA184S27	SES177	-0.887558	-8.32532	-7.43776
BLOCK18/SES184/SA184S27	SES202	-0.857747	-8.2955	-7.43776
BLOCK18/SES184/SA184S27	SES292	-0.996942	-8.4347	-7.43776
BLOCK20/SES204/SA204S12	SES062	-1.13094	-7.84047	-6.70953
BLOCK20/SES204/SA204S12	SES083	-2.54592	-9.25546	-6.70953
BLOCK20/SES204/SA204S12	SES206	-1.16436	-7.8739	-6.70953
BLOCK20/SES204/SA204S12	SES226	-1.25941	-7.96894	-6.70953
BLOCK20/SES204/SA204S14	SES068	-0.592097	-6.63471	-6.04262
BLOCK20/SES204/SA204S14	SES087	-0.318057	-6.36067	-6.04262
BLOCK20/SES204/SA204S14	SES206	-1.21861	-7.26122	-6.04262
BLOCK20/SES204/SA204S14	SES226	-1.39954	-7.44215	-6.04262
BLOCK20/SES204/SA204S22	SES068	-0.66641	-7.44459	-6.77818
BLOCK20/SES204/SA204S22	SES082	-0.934565	-7.71274	-6.77818
BLOCK20/SES204/SA204S22	SES083	-2.81861	-9.59679	-6.77818
BLOCK20/SES204/SA204S22	SES206	-0.868032	-7.64621	-6.77818
BLOCK20/SES204/SA204S25	SES062	-0.979662	-7.58394	-6.60428
BLOCK20/SES204/SA204S25	SES083	-2.57379	-9.17807	-6.60428
BLOCK20/SES204/SA204S25	SES206	-0.50021	-7.10449	-6.60428
BLOCK20/SES204/SA204S25	SES226	-1.17668	-7.78096	-6.60428
BLOCK20/SES204/SA204S27	SES068	-0.351974	-7.91922	-7.56725
BLOCK20/SES204/SA204S27	SES082	-1.73946	-9.30671	-7.56725
BLOCK20/SES204/SA204S27	SES087	-0.264945	-7.83219	-7.56725
BLOCK20/SES204/SA204S27	SES206	-1.85309	-9.42034	-7.56725
BLOCK20/SES207/SA207S10	SES127	-2.33842	-9.39938	-7.06096
BLOCK20/SES207/SA207S10	SES183	-1.57216	-8.63312	-7.06096
BLOCK20/SES207/SA207S10	SES189	-0.718476	-7.77944	-7.06096
BLOCK20/SES207/SA207S10	SES292	-1.69634	-8.7573	-7.06096
BLOCK20/SES207/SA207S11	SES127	-2.1202	-10.2228	-8.10256
BLOCK20/SES207/SA207S11	SES183	-1.71629	-9.81885	-8.10256
BLOCK20/SES207/SA207S11	SES187	-0.913668	-9.01622	-8.10256
BLOCK20/SES207/SA207S11	SES292	-0.637206	-8.73976	-8.10256
BLOCK20/SES207/SA207S25	SES068	-0.936195	-9.0952	-8.159
BLOCK20/SES207/SA207S25	SES083	-1.72886	-9.88786	-8.159
BLOCK20/SES207/SA207S25	SES127	-0.92161	-9.08061	-8.159
BLOCK20/SES207/SA207S25	SES187	-1.16074	-9.31974	-8.159
BLOCK20/SES207/SA207S27	SES127	-2.34561	-10.217	-7.87137
BLOCK20/SES207/SA207S27	SES183	-1.65782	-9.52919	-7.87137
BLOCK20/SES207/SA207S27	SES187	-1.02569	-8.89706	-7.87137
BLOCK20/SES207/SA207S27	SES292	-1.85627	-9.72764	-7.87137
BLOCK20/SES207/SA207S29	SES083	-2.60626	-10.1194	-7.51315
BLOCK20/SES207/SA207S29	SES085	-1.36542	-8.87857	-7.51315
BLOCK20/SES207/SA207S29	SES172	-0.612723	-8.12587	-7.51315
BLOCK20/SES207/SA207S29	SES189	-2.08507	-9.59821	-7.51315
BLOCK22/SES221/SA221S12	SES068	-0.118317	-6.64066	-6.52234
BLOCK22/SES221/SA221S12	SES143	-1.44406	-7.9664	-6.52234
BLOCK22/SES221/SA221S12	SES175	-0.367322	-6.88967	-6.52234
BLOCK22/SES221/SA221S12	SES202	-0.887982	-7.41033	-6.52234
BLOCK22/SES221/SA221S15	SES085	-0.183744	-7.0918	-6.90805
BLOCK22/SES221/SA221S15	SES143	-1.14797	-8.05603	-6.90805
BLOCK22/SES221/SA221S15	SES175	-0.74261	-7.65066	-6.90805
BLOCK22/SES221/SA221S15	SES187	-1.10848	-8.01653	-6.90805
BLOCK22/SES221/SA221S23	SES068	-0.159215	-6.92136	-6.76215
BLOCK22/SES221/SA221S23	SES143	-1.6959	-8.45805	-6.76215
BLOCK22/SES221/SA221S23	SES175	-0.977728	-7.73987	-6.76215
BLOCK22/SES221/SA221S23	SES189	-1.66033	-8.42248	-6.76215
BLOCK22/SES221/SA221S27	SES085	0.339888	-7.13676	-7.47665
BLOCK22/SES221/SA221S27	SES143	-1.41668	-8.89333	-7.47665
BLOCK22/SES221/SA221S27	SES175	-0.95802	-8.43467	-7.47665
BLOCK22/SES221/SA221S27	SES189	-1.07083	-8.54748	-7.47665
BLOCK22/SES221/SA221S29	SES085	0.0422959	-6.86566	-6.90795
BLOCK22/SES221/SA221S29	SES143	-0.992186	-7.90014	-6.90795
BLOCK22/SES221/SA221S29	SES175	-0.548965	-7.45692	-6.90795
BLOCK22/SES221/SA221S29	SES187	-1.04711	-7.95506	-6.90795
BLOCK22/SES223/SA223S11	SES143	-1.09947	-8.51895	-7.41947
BLOCK22/SES223/SA223S11	SES144	-2.04786	-9.46734	-7.41947
BLOCK22/SES223/SA223S11	SES175	-0.846504	-8.26598	-7.41947
BLOCK22/SES223/SA223S11	SES187	-1.57804	-8.99751	-7.41947
BLOCK22/SES223/SA223S13	SES068	0.157349	-7.45577	-7.61311
BLOCK22/SES223/SA223S13	SES143	-1.39663	-9.00974	-7.61311
BLOCK22/SES223/SA223S13	SES146	-1.03552	-8.64864	-7.61311
BLOCK22/SES223/SA223S13	SES202	-1.17	-8.78312	-7.61311
BLOCK22/SES223/SA223S22	SES143	-0.586575	-7.62287	-7.03629
BLOCK22/SES223/SA223S22	SES144	-1.91271	-8.94901	-7.03629
BLOCK22/SES223/SA223S22	SES175	-0.860881	-7.89718	-7.03629
BLOCK22/SES223/SA223S22	SES187	-1.47639	-8.51268	-7.03629
BLOCK22/SES223/SA223S25	SES068	-1.32039	-8.55188	-7.23149
BLOCK22/SES223/SA223S25	SES143	-1.19017	-8.42167	-7.23149
BLOCK22/SES223/SA223S25	SES175	-0.941007	-8.1725	-7.23149
BLOCK22/SES223/SA223S25	SES187	-1.71579	-8.94728	-7.23149
BLOCK22/SES223/SA223S27	SES143	-0.332688	-8.14351	-7.81082
BLOCK22/SES223/SA223S27	SES146	-2.02477	-9.83559	-7.81082
BLOCK22/SES223/SA223S27	SES187	-1.53274	-9.34356	-7.81082
BLOCK22/SES223/SA223S27	SES292	-0.586503	-8.39732	-7.81082
BLOCK27/SES273/SA273S12	SES099	-0.192949	-7.31566	-7.12271
BLOCK27/SES273/SA273S12	SES104	0.0198255	-7.10289	-7.12271
BLOCK27/SES273/SA273S12	SES125	-0.604555	-7.72727	-7.12271
BLOCK27/SES273/SA273S12	SES206	-0.301629	-7.42434	-7.12271
BLOCK27/SES273/SA273S13	SES099	-1.46649	-8.09284	-6.62635
BLOCK27/SES273/SA273S13	SES104	-0.416541	-7.04289	-6.62635
BLOCK27/SES273/SA273S13	SES206	-1.56988	-8.19623	-6.62635
BLOCK27/SES273/SA273S13	SES292	-0.951565	-7.57791	-6.62635
BLOCK27/SES273/SA273S21	SES099	-0.962714	-8.54679	-7.58407
BLOCK27/SES273/SA273S21	SES148	-2.03166	-9.61574	-7.58407
BLOCK27/SES273/SA273S21	SES149	-1.81961	-9.40368	-7.58407
BLOCK27/SES273/SA273S21	SES177	-2.05703	-9.64111	-7.58407
BLOCK27/SES273/SA273S25	SES104	-0.357478	-8.32637	-7.96889
BLOCK27/SES273/SA273S25	SES125	-1.29293	-9.26182	-7.96889
BLOCK27/SES273/SA273S25	SES158	0.0253658	-7.94352	-7.96889
BLOCK27/SES273/SA273S25	SES206	-0.507744	-8.47663	-7.96889
BLOCK27/SES273/SA273S27	SES099	-0.641991	-6.83283	-6.19084
BLOCK27/SES273/SA273S27	SES104	-0.673892	-6.86473	-6.19084
BLOCK27/SES273/SA273S27	SES149	-1.28275	-7.47359	-6.19084
BLOCK27/SES273/SA273S27	SES275	-1.46138	-7.65223	-6.19084
BLOCK27/SES274/SA274S10	SES105	-1.90325	-8.36745	-6.4642
BLOCK27/SES274/SA274S10	SES125	-2.20353	-8.66773	-6.4642
BLOCK27/SES274/SA274S10	SES129	-0.130569	-6.59477	-6.4642
BLOCK27/SES274/SA274S10	SES158	-4.3849	-10.8491	-6.4642
BLOCK27/SES274/SA274S11	SES105	-1.11708	-7.58669	-6.46962
BLOCK27/SES274/SA274S11	SES149	-0.651356	-7.12097	-6.46962
BLOCK27/SES274/SA274S11	SES158	-1.47617	-7.94579	-6.46962
BLOCK27/SES274/SA274S11	SES275	-0.236218	-6.70583	-6.46962
BLOCK27/SES274/SA274S21	SES105	-1.41488	-8.01296	-6.59809
BLOCK27/SES274/SA274S21	SES129	-0.171891	-6.76998	-6.59809
BLOCK27/SES274/SA274S21	SES149	-1.78525	-8.38334	-6.59809
BLOCK27/SES274/SA274S21	SES158	-3.65709	-10.2552	-6.59809
BLOCK27/SES274/SA274S24	SES105	-1.95936	-9.1715	-7.21214
BLOCK27/SES274/SA274S24	SES129	-0.118753	-7.3309	-7.21214
BLOCK27/SES274/SA274S24	SES149	-2.81857	-10.0307	-7.21214
BLOCK27/SES274/SA274S24	SES158	-5.34247	-12.5546	-7.21214
BLOCK27/SES274/SA274S29	SES105	-1.59175	-8.53997	-6.94822
BLOCK27/SES274/SA274S29	SES106	-1.85855	-8.80677	-6.94822
BLOCK27/SES274/SA274S29	SES120	-1.01412	-7.96234	-6.94822
BLOCK27/SES274/SA274S29	SES275	-0.642005	-7.59022	-6.94822
BLOCK27/SES276/SA276S16	SES148	-0.678722	-7.39836	-6.71964
BLOCK27/SES276/SA276S16	SES172	-0.24039	-6.96003	-6.71964
BLOCK27/SES276/SA276S16	SES180	-0.923755	-7.6434	-6.71964
BLOCK27/SES276/SA276S16	SES292	-0.805796	-7.52544	-6.71964
BLOCK27/SES276/SA276S17	SES101	-1.07833	-8.23424	-7.15591
BLOCK27/SES276/SA276S17	SES177	-1.57327	-8.72918	-7.15591
BLOCK27/SES276/SA276S17	SES180	-1.72597	-8.88188	-7.15591
BLOCK27/SES276/SA276S17	SES292	-1.38582	-8.54173	-7.15591
BLOCK27/SES276/SA276S24	SES101	-0.462311	-6.89699	-6.43468
BLOCK27/SES276/SA276S24	SES177	-0.967584	-7.40226	-6.43468
BLOCK27/SES276/SA276S24	SES180	-1.1169	-7.55158	-6.43468
BLOCK27/SES276/SA276S24	SES292	-1.22748	-7.66215	-6.43468
BLOCK27/SES276/SA276S26	SES101	-0.717724	-7.32482	-6.6071
BLOCK27/SES276/SA276S26	SES177	-0.860701	-7.4678	-6.6071
BLOCK27/SES276/SA276S26	SES180	-0.818674	-7.42577	-6.6071
BLOCK27/SES276/SA276S26	SES292	-0.230829	-6.83793	-6.6071
BLOCK27/SES276/SA276S28	SES101	-0.388325	-7.11909	-6.73076
BLOCK27/SES276/SA276S28	SES177	-1.13619	-7.86695	-6.73076
BLOCK27/SES276/SA276S28	SES180	-0.414055	-7.14482	-6.73076
BLOCK27/SES276/SA276S28	SES292	-0.454576	-7.18534	-6.73076
BLOCK27/SES277/SA277S12	SES101	-0.595452	-8.72331	-8.12785
BLOCK27/SES277/SA277S12	SES177	-2.14443	-10.2723	-8.12785
BLOCK27/SES277/SA277S12	SES180	-2.29267	-10.4205	-8.12785
BLOCK27/SES277/SA277S12	SES292	-1.78402	-9.91187	-8.12785
BLOCK27/SES277/SA277S14	SES177	-1.06688	-9.37859	-8.31172
BLOCK27/SES277/SA277S14	SES180	-2.10955	-10.4213	-8.31172
BLOCK27/SES277/SA277S14	SES189	-0.491235	-8.80295	-8.31172
BLOCK27/SES277/SA277S14	SES292	-2.36522	-10.6769	-8.31172
BLOCK27/SES277/SA277S21	SES177	-0.660369	-8.95264	-8.29227
BLOCK27/SES277/SA277S21	SES180	-1.34105	-9.63332	-8.29227
BLOCK27/SES277/SA277S21	SES189	-0.254652	-8.54693	-8.29227
BLOCK27/SES277/SA277S21	SES292	-2.90313	-11.1954	-8.29227
BLOCK27/SES277/SA277S24	SES144	-0.756211	-9.28882	-8.53261
BLOCK27/SES277/SA277S24	SES177	-1.25407	-9.78668	-8.53261
BLOCK27/SES277/SA277S24	SES180	-2.60889	-11.1415	-8.53261
BLOCK27/SES277/SA277S24	SES189	-0.102415	-8.63503	-8.53261
BLOCK27/SES277/SA277S29	SES177	-0.978148	-7.07441	-6.09627
BLOCK27/SES277/SA277S29	SES180	-0.844021	-6.94029	-6.09627
BLOCK27/SES277/SA277S29	SES202	-0.394706	-6.49097	-6.09627
BLOCK27/SES277/SA277S29	SES292	-1.59582	-7.69208	-6.09627
BLOCK27/SES279/SA279S09	SES120	-1.11877	-7.52206	-6.40329
BLOCK27/SES279/SA279S09	SES146	-1.30654	-7.70982	-6.40329
BLOCK27/SES279/SA279S09	SES206	-0.742433	-7.14572	-6.40329
BLOCK27/SES279/SA279S09	SES226	-1.47696	-7.88025	-6.40329
BLOCK27/SES279/SA279S10	SES099	-1.22741	-8.26364	-7.03623
BLOCK27/SES279/SA279S10	SES206	-1.81105	-8.84728	-7.03623
BLOCK27/SES279/SA279S10	SES226	-2.53033	-9.56656	-7.03623
BLOCK27/SES279/SA279S10	SES292	-0.637196	-7.67343	-7.03623
BLOCK27/SES279/SA279S20	SES099	-1.70503	-9.05134	-7.34632
BLOCK27/SES279/SA279S20	SES206	-0.472884	-7.8192	-7.34632
BLOCK27/SES279/SA279S20	SES226	-2.53377	-9.88009	-7.34632
BLOCK27/SES279/SA279S20	SES292	-0.581451	-7.92777	-7.34632
BLOCK27/SES279/SA279S26	SES099	-0.998156	-8.7923	-7.79415
BLOCK27/SES279/SA279S26	SES206	-1.19848	-8.99262	-7.79415
BLOCK27/SES279/SA279S26	SES226	-2.00937	-9.80351	-7.79415
BLOCK27/SES279/SA279S26	SES292	0.0939622	-7.70018	-7.79415
BLOCK27/SES279/SA279S28	SES099	-0.791407	-7.03924	-6.24784
BLOCK27/SES279/SA279S28	SES120	-0.893431	-7.14127	-6.24784
BLOCK27/SES279/SA279S28	SES177	-2.17075	-8.41858	-6.24784
BLOCK27/SES279/SA279S28	SES206	-1.21309	-7.46092	-6.24784
BLOCK29/SES290/SA290S12	SES162	-0.283332	-5.91134	-5.62801
BLOCK29/SES290/SA290S12	SES177	-0.372136	-6.00014	-5.62801
BLOCK29/SES290/SA290S12	SES180	-0.691988	-6.31999	-5.62801
BLOCK29/SES290/SA290S12	SES292	-1.19803	-6.82604	-5.62801
BLOCK29/SES290/SA290S13	SES007	-0.313024	-6.45661	-6.14359
BLOCK29/SES290/SA290S13	SES162	-1.46829	-7.61188	-6.14359
BLOCK29/SES290/SA290S13	SES177	-1.20388	-7.34747	-6.14359
BLOCK29/SES290/SA290S13	SES180	-0.691828	-6.83542	-6.14359
BLOCK29/SES290/SA290S22	SES177	-0.869968	-7.31617	-6.4462
BLOCK29/SES290/SA290S22	SES180	-0.747185	-7.19339	-6.4462
BLOCK29/SES290/SA290S22	SES202	-0.626702	-7.0729	-6.4462
BLOCK29/SES290/SA290S22	SES292	-0.675086	-7.12129	-6.4462
BLOCK29/SES290/SA290S25	SES162	-0.629318	-6.81902	-6.1897
BLOCK29/SES290/SA290S25	SES177	-1.11509	-7.30478	-6.1897
BLOCK29/SES290/SA290S25	SES180	-1.08895	-7.27865	-6.1897
BLOCK29/SES290/SA290S25	SES292	-0.792668	-6.98237	-6.1897
BLOCK29/SES290/SA290S29	SES177	-0.519695	-6.71436	-6.19466
BLOCK29/SES290/SA290S29	SES180	-0.0199223	-6.21458	-6.19466
BLOCK29/SES290/SA290S29	SES275	-0.593953	-6.78861	-6.19466
BLOCK29/SES290/SA290S29	SES292	-0.366117	-6.56078	-6.19466
BLOCK29/SES291/SA291S11	SES105	-1.81343	-9.53032	-7.71689
BLOCK29/SES291/SA291S11	SES125	-1.35009	-9.06697	-7.71689
BLOCK29/SES291/SA291S11	SES158	-0.523198	-8.24008	-7.71689
BLOCK29/SES291/SA291S11	SES275	-1.11377	-8.83066	-7.71689
BLOCK29/SES291/SA291S12	SES158	0.240083	-6.83118	-7.07127
BLOCK29/SES291/SA291S12	SES226	-0.97044	-8.04171	-7.07127
BLOCK29/SES291/SA291S12	SES270	-0.783553	-7.85482	-7.07127
BLOCK29/SES291/SA291S12	SES275	-2.55429	-9.62555	-7.07127
BLOCK29/SES291/SA291S22	SES082	-0.731991	-8.18616	-7.45417
BLOCK29/SES291/SA291S22	SES158	-0.357173	-7.81134	-7.45417
BLOCK29/SES291/SA291S22	SES259	-1.10916	-8.56333	-7.45417
BLOCK29/SES291/SA291S22	SES275	-1.709	-9.16317	-7.45417
BLOCK29/SES291/SA291S24	SES104	-0.0465798	-6.81304	-6.76646
BLOCK29/SES291/SA291S24	SES125	-0.894396	-7.66086	-6.76646
BLOCK29/SES291/SA291S24	SES158	-0.524974	-7.29143	-6.76646
BLOCK29/SES291/SA291S24	SES275	-1.72548	-8.49194	-6.76646
BLOCK29/SES291/SA291S27	SES158	-0.347596	-7.09819	-6.75059
BLOCK29/SES291/SA291S27	SES172	-2.42751	-9.1781	-6.75059
BLOCK29/SES291/SA291S27	SES275	-1.97498	-8.72557	-6.75059
BLOCK29/SES291/SA291S27	SES292	-0.598169	-7.34876	-6.75059
