BLOCK00/SES002/SA002S12	SES002	2.25627	22.2725	20.0162
BLOCK00/SES002/SA002S13	SES002	2.0222	20.0211	17.9989
BLOCK00/SES002/SA002S23	SES002	1.29598	21.2714	19.9754
BLOCK00/SES002/SA002S26	SES002	2.09996	22.1322	20.0323
BLOCK00/SES002/SA002S28	SES002	1.20015	19.5049	18.3047
BLOCK00/SES007/SA007S14	SES007	1.75741	22.6281	20.8707
BLOCK00/SES007/SA007S15	SES007	0.531578	20.1366	19.605
BLOCK00/SES007/SA007S24	SES007	1.13368	20.8774	19.7438
BLOCK00/SES007/SA007S27	SES007	0.710686	20.1678	19.4572
BLOCK00/SES007/SA007S29	SES007	0.667013	20.9752	20.3082
BLOCK00/SES008/SA008S11	SES008	1.29139	21.5068	20.2154
BLOCK00/SES008/SA008S12	SES008	0.331593	20.3742	20.0427
BLOCK00/SES008/SA008S19	SES008	1.49043	23.0206	21.5302
BLOCK00/SES008/SA008S22	SES008	0.776585	19.5169	18.7403
BLOCK00/SES008/SA008S29	SES008	1.60707	21.8779	20.2709
BLOCK01/SES014/SA014S10	SES014	3.21956	22.4374	19.2178
BLOCK01/SES014/SA014S12	SES014	3.98226	25.4699	21.4876
BLOCK01/SES014/SA014S24	SES014	1.83034	22.2431	20.4128
BLOCK01/SES014/SA014S26	SES014	2.68928	25.2127	22.5235
BLOCK01/SES014/SA014S28	SES014	3.79379	24.9062	21.1124
BLOCK01/SES016/SA016S12	SES016	1.51186	19.2283	17.7165
BLOCK01/SES016/SA016S13	SES016	1.1199	20.7398	19.6199
BLOCK01/SES016/SA016S22	SES016	1.34548	20.6519	19.3065
BLOCK01/SES016/SA016S25	SES016	1.51858	23.2165	21.6979
BLOCK01/SES016/SA016S27	SES016	1.77409	23.8726	22.0985
BLOCK01/SES019/SA019S13	SES019	2.9399	20.4373	17.4974
BLOCK01/SES019/SA019S14	SES019	2.53844	20.6942	18.1557
BLOCK01/SES019/SA019S22	SES019	3.08816	20.8059	17.7178
BLOCK01/SES019/SA019S25	SES019	2.94944	21.2105	18.2611
BLOCK01/SES019/SA019S29	SES019	3.34777	20.9647	17.617
BLOCK02/SES029/SA029S11	SES029	1.22692	21.017	19.79
BLOCK02/SES029/SA029S12	SES029	0.365698	21.7395	21.3738
BLOCK02/SES029/SA029S20	SES029	0.749506	20.9676	20.2181
BLOCK02/SES029/SA029S25	SES029	0.914984	22.1867	21.2717
BLOCK02/SES029/SA029S28	SES029	0.242077	21.173	20.9309
BLOCK04/SES042/SA042S12	SES042	2.03245	22.7454	20.713
BLOCK04/SES042/SA042S15	SES042	2.38561	23.1671	20.7815
BLOCK04/SES042/SA042S22	SES042	3.58023	25.8966	22.3164
BLOCK04/SES042/SA042S25	SES042	2.24389	22.0052	19.7613
BLOCK04/SES042/SA042S27	SES042	2.15071	24.4321	22.2814
BLOCK04/SES048/SA048S11	SES048	1.82806	22.6663	20.8382
BLOCK04/SES048/SA048S12	SES048	0.861662	22.3535	21.4918
BLOCK04/SES048/SA048S20	SES048	0.449671	22.4655	22.0158
BLOCK04/SES048/SA048S23	SES048	1.25788	21.0986	19.8407
BLOCK04/SES048/SA048S27	SES048	1.10966	23.8159	22.7063
BLOCK06/SES060/SA060S11	SES060	1.6827	23.0069	21.3242
BLOCK06/SES060/SA060S12	SES060	-0.177576	19.592	19.7696
BLOCK06/SES060/SA060S22	SES060	-0.38763	18.6454	19.033
BLOCK06/SES060/SA060S24	SES060	1.60126	22.9044	21.3031
BLOCK06/SES060/SA060S28	SES060	1.49586	24.7636	23.2678
BLOCK06/SES062/SA062S10	SES062	0.680454	22.0862	21.4058
BLOCK06/SES062/SA062S11	SES062	1.92465	21.5148	19.5901
BLOCK06/SES062/SA062S21	SES062	2.2124	25.8835	23.6711
BLOCK06/SES062/SA062S26	SES062	0.961699	22.8233	21.8616
BLOCK06/SES062/SA062S29	SES062	1.75778	24.0693	22.3115
BLOCK06/SES068/SA068S14	SES068	0.170494	21.0196	20.8491
BLOCK06/SES068/SA068S15	SES068	1.45118	22.9103	21.4591
BLOCK06/SES068/SA068S23	SES068	0.990541	20.8363	19.8458
BLOCK06/SES068/SA068S27	SES068	1.63161	23.2113	21.5797
BLOCK06/SES068/SA068S29	SES068	0.69993	21.3301	20.6301
BLOCK08/SES082/SA082S12	SES082	0.512718	20.3036	19.7908
BLOCK08/SES082/SA082S14	SES082	0.616798	19.3127	18.6959
BLOCK08/SES082/SA082S21	SES082	0.55316	20.1606	19.6074
BLOCK08/SES082/SA082S24	SES082	0.591244	21.534	20.9428
BLOCK08/SES082/SA082S28	SES082	0.891111	20.2096	19.3185
BLOCK08/SES083/SA083S14	SES083	-0.2883	20.6176	20.9059
BLOCK08/SES083/SA083S15	SES083	0.950867	21.9815	21.0307
BLOCK08/SES083/SA083S24	SES083	0.192707	20.5706	20.3779
BLOCK08/SES083/SA083S26	SES083	0.913446	21.2826	20.3692
BLOCK08/SES083/SA083S29	SES083	0.107861	21.3772	21.2694
BLOCK08/SES085/SA085S10	SES085	0.587427	21.991	21.4035
BLOCK08/SES085/SA085S13	SES085	-0.270248	19.5485	19.8188
BLOCK08/SES085/SA085S22	SES085	-0.162195	20.6659	20.8281
BLOCK08/SES085/SA085S26	SES085	0.387682	21.3251	20.9374
BLOCK08/SES085/SA085S28	SES085	1.00801	21.8982	20.8902
BLOCK08/SES087/SA087S15	SES087	1.36349	21.537	20.1735
BLOCK08/SES087/SA087S16	SES087	1.9009	21.4663	19.5654
BLOCK08/SES087/SA087S24	SES087	2.18196	22.1369	19.955
BLOCK08/SES087/SA087S26	SES087	1.86469	23.0177	21.153
BLOCK08/SES087/SA087S29	SES087	1.61732	21.5023	19.885
BLOCK09/SES099/SA099S15	SES099	1.31544	20.0109	18.6955
BLOCK09/SES099/SA099S16	SES099	1.77903	21.0126	19.2335
BLOCK09/SES099/SA099S24	SES099	1.59357	21.0327	19.4392
BLOCK09/SES099/SA099S26	SES099	2.08044	21.7258	19.6453
BLOCK09/SES099/SA099S29	SES099	2.05223	21.584	19.5318
BLOCK10/SES101/SA101S11	SES101	0.722349	21.1708	20.4484
BLOCK10/SES101/SA101S13	SES101	0.478292	22.4702	21.9919
BLOCK10/SES101/SA101S22	SES101	0.616854	19.9343	19.3175
BLOCK10/SES101/SA101S24	SES101	1.54462	21.4565	19.9118
BLOCK10/SES101/SA101S28	SES101	0.341969	20.0526	19.7106
BLOCK10/SES104/SA104S11	SES104	2.12849	23.8968	21.7683
BLOCK10/SES104/SA104S12	SES104	2.05926	22.0511	19.9919
BLOCK10/SES104/SA104S21	SES104	1.97978	22.3713	20.3915
BLOCK10/SES104/SA104S24	SES104	1.06856	21.6565	20.5879
BLOCK10/SES104/SA104S28	SES104	2.09261	22.8211	20.7285
BLOCK10/SES105/SA105S12	SES105	0.92415	19.7163	18.7922
BLOCK10/SES105/SA105S13	SES105	1.01196	20.3781	19.3662
BLOCK10/SES105/SA105S22	SES105	0.703091	19.1145	18.4114
BLOCK10/SES105/SA105S26	SES105	1.1284	20.1867	19.0583
BLOCK10/SES105/SA105S29	SES105	1.29784	21.2184	19.9206
BLOCK10/SES106/SA106S09	SES106	1.44997	19.4221	17.9721
BLOCK10/SES106/SA106S11	SES106	1.90676	21.8191	19.9124
BLOCK10/SES106/SA106S22	SES106	3.68087	21.4839	17.803
BLOCK10/SES106/SA106S27	SES106	1.59702	20.7294	19.1324
BLOCK10/SES106/SA106S29	SES106	1.15684	20.6923	19.5354
BLOCK11/SES117/SA117S12	SES117	0.25449	19.6321	19.3776
BLOCK11/SES117/SA117S13	SES117	-0.250975	20.0398	20.2908
BLOCK11/SES117/SA117S23	SES117	1.69526	18.1186	16.4234
BLOCK11/SES117/SA117S25	SES117	1.34461	18.7148	17.3702
BLOCK11/SES117/SA117S28	SES117	1.12452	18.3472	17.2227
BLOCK12/SES120/SA120S08	SES120	0.971453	18.5275	17.556
BLOCK12/SES120/SA120S11	SES120	0.690008	16.5319	15.8418
BLOCK12/SES120/SA120S22	SES120	-0.179667	20.5928	20.7724
BLOCK12/SES120/SA120S24	SES120	0.709656	19.3241	18.6144
BLOCK12/SES120/SA120S28	SES120	0.1796	16.9875	16.8079
BLOCK12/SES125/SA125S13	SES125	2.2081	21.4316	19.2235
BLOCK12/SES125/SA125S14	SES125	1.04202	20.2624	19.2203
BLOCK12/SES125/SA125S25	SES125	1.07151	21.1942	20.1227
BLOCK12/SES125/SA125S27	SES125	2.296	23.1427	20.8467
BLOCK12/SES125/SA125S29	SES125	1.6539	21.39	19.7361
BLOCK12/SES127/SA127S11	SES127	1.11107	20.6515	19.5404
BLOCK12/SES127/SA127S12	SES127	0.542521	21.9428	21.4003
BLOCK12/SES127/SA127S23	SES127	1.05723	21.3544	20.2971
BLOCK12/SES127/SA127S25	SES127	0.488558	20.4373	19.9487
BLOCK12/SES127/SA127S27	SES127	1.17301	21.0979	19.9249
BLOCK12/SES129/SA129S11	SES129	1.82238	23.223	21.4006
BLOCK12/SES129/SA129S12	SES129	1.56812	22.9713	21.4032
BLOCK12/SES129/SA129S22	SES129	1.48944	21.9504	20.461
BLOCK12/SES129/SA129S27	SES129	1.84046	22.2686	20.4281
BLOCK12/SES129/SA129S29	SES129	1.88104	23.5927	21.7117
BLOCK14/SES142/SA142S11	SES142	2.54601	20.1898	17.6438
BLOCK14/SES142/SA142S12	SES142	2.04632	19.222	17.1757
BLOCK14/SES142/SA142S24	SES142	1.77572	19.7688	17.993
BLOCK14/SES142/SA142S27	SES142	1.84318	20.6585	18.8153
BLOCK14/SES142/SA142S29	SES142	2.22499	20.2328	18.0078
BLOCK14/SES143/SA143S12	SES143	0.967567	20.3178	19.3503
BLOCK14/SES143/SA143S13	SES143	1.081	20.2276	19.1466
BLOCK14/SES143/SA143S23	SES143	1.11606	20.0668	18.9508
BLOCK14/SES143/SA143S25	SES143	1.63018	20.5204	18.8903
BLOCK14/SES143/SA143S28	SES143	1.10422	19.9444	18.8402
BLOCK14/SES144/SA144S09	SES144	1.19632	21.1965	20.0002
BLOCK14/SES144/SA144S11	SES144	1.21521	20.0148	18.7996
BLOCK14/SES144/SA144S21	SES144	0.599276	20.3435	19.7443
BLOCK14/SES144/SA144S25	SES144	0.687647	20.1097	19.422
BLOCK14/SES144/SA144S29	SES144	-0.237282	20.8533	21.0906
BLOCK14/SES146/SA146S14	SES146	0.744144	19.6149	18.8708
BLOCK14/SES146/SA146S15	SES146	0.590275	19.4836	18.8933
BLOCK14/SES146/SA146S24	SES146	1.03677	20.5634	19.5266
BLOCK14/SES146/SA146S26	SES146	0.978758	20.4162	19.4374
BLOCK14/SES146/SA146S29	SES146	0.850599	18.754	17.9034
BLOCK14/SES147/SA147S11	SES147	0.928009	19.8088	18.8808
BLOCK14/SES147/SA147S13	SES147	2.14161	21.8509	19.7093
BLOCK14/SES147/SA147S23	SES147	0.282497	19.0486	18.7661
BLOCK14/SES147/SA147S26	SES147	1.14458	20.2377	19.0931
BLOCK14/SES147/SA147S28	SES147	1.12559	19.9713	18.8457
BLOCK14/SES148/SA148S10	SES148	1.38535	21.1919	19.8065
BLOCK14/SES148/SA148S12	SES148	0.622627	19.275	18.6524
BLOCK14/SES148/SA148S22	SES148	1.88876	22.4975	20.6087
BLOCK14/SES148/SA148S26	SES148	-0.00175476	21.0573	21.059
BLOCK14/SES148/SA148S29	SES148	0.289738	20.6312	20.3415
BLOCK14/SES149/SA149S13	SES149	0.305389	21.3967	21.0913
BLOCK14/SES149/SA149S14	SES149	0.548361	22.0701	21.5217
BLOCK14/SES149/SA149S24	SES149	1.67434	22.7322	21.0579
BLOCK14/SES149/SA149S26	SES149	2.00338	23.2146	21.2112
BLOCK14/SES149/SA149S28	SES149	2.48995	24.8792	22.3893
BLOCK15/SES158/SA158S13	SES158	1.65182	20.1453	18.4935
BLOCK15/SES158/SA158S14	SES158	2.17157	19.416	17.2444
BLOCK15/SES158/SA158S23	SES158	1.02249	20.1373	19.1148
BLOCK15/SES158/SA158S26	SES158	2.4045	19.4601	17.0556
BLOCK15/SES158/SA158S28	SES158	0.989117	19.7798	18.7907
BLOCK16/SES162/SA162S10	SES162	1.15294	19.0282	17.8753
BLOCK16/SES162/SA162S11	SES162	0.700006	20.8095	20.1095
BLOCK16/SES162/SA162S21	SES162	1.67422	21.1072	19.4329
BLOCK16/SES162/SA162S24	SES162	1.15012	20.2176	19.0675
BLOCK16/SES162/SA162S27	SES162	1.4906	19.6532	18.1626
BLOCK16/SES167/SA167S14	SES167	1.16336	22.4411	21.2778
BLOCK16/SES167/SA167S15	SES167	1.41117	21.4612	20.05
BLOCK16/SES167/SA167S21	SES167	1.51179	21.6642	20.1524
BLOCK16/SES167/SA167S25	SES167	2.2846	22.0123	19.7277
BLOCK16/SES167/SA167S29	SES167	2.50008	23.7831	21.283
BLOCK17/SES172/SA172S12	SES172	1.32537	20.5872	19.2619
BLOCK17/SES172/SA172S13	SES172	1.47329	20.233	18.7597
BLOCK17/SES172/SA172S23	SES172	1.4506	22.0673	20.6167
BLOCK17/SES172/SA172S27	SES172	1.23575	21.0147	19.7789
BLOCK17/SES172/SA172S29	SES172	1.38887	21.3391	19.9502
BLOCK17/SES175/SA175S11	SES175	0.991667	21.5047	20.513
BLOCK17/SES175/SA175S13	SES175	0.945505	21.5244	20.5789
BLOCK17/SES175/SA175S23	SES175	0.873825	21.4776	20.6037
BLOCK17/SES175/SA175S25	SES175	0.12788	18.3085	18.1806
BLOCK17/SES175/SA175S28	SES175	0.586214	20.9872	20.401
BLOCK17/SES177/SA177S15	SES177	0.539722	20.8434	20.3036
BLOCK17/SES177/SA177S17	SES177	0.521559	20.9038	20.3823
BLOCK17/SES177/SA177S23	SES177	0.0711269	19.4698	19.3987
BLOCK17/SES177/SA177S26	SES177	1.33382	23.4567	22.1229
BLOCK17/SES177/SA177S28	SES177	0.768507	21.6684	20.8999
BLOCK18/SES180/SA180S13	SES180	0.589413	19.7825	19.1931
BLOCK18/SES180/SA180S15	SES180	0.757357	19.9357	19.1784
BLOCK18/SES180/SA180S24	SES180	1.06816	22.093	21.0249
BLOCK18/SES180/SA180S26	SES180	1.08502	21.6748	20.5898
BLOCK18/SES180/SA180S29	SES180	1.18316	20.6588	19.4756
BLOCK18/SES183/SA183S13	SES183	1.25256	19.8221	18.5696
BLOCK18/SES183/SA183S14	SES183	0.326078	19.7154	19.3893
BLOCK18/SES183/SA183S24	SES183	1.35476	18.9299	17.5752
BLOCK18/SES183/SA183S27	SES183	1.33736	20.0505	18.7131
BLOCK18/SES183/SA183S29	SES183	0.877638	20.7333	19.8557
BLOCK18/SES187/SA187S13	SES187	0.168579	19.3077	19.1391
BLOCK18/SES187/SA187S14	SES187	0.579092	19.6001	19.021
BLOCK18/SES187/SA187S24	SES187	1.85929	19.1517	17.2924
BLOCK18/SES187/SA187S27	SES187	1.0266	19.5968	18.5702
BLOCK18/SES187/SA187S29	SES187	1.00407	19.7974	18.7933
BLOCK18/SES189/SA189S10	SES189	1.20331	18.4183	17.215
BLOCK18/SES189/SA189S13	SES189	2.40075	18.3305	15.9297
BLOCK18/SES189/SA189S24	SES189	3.00246	18.6188	15.6163
BLOCK18/SES189/SA189S26	SES189	1.03063	19.2688	18.2382
BLOCK18/SES189/SA189S29	SES189	1.96177	19.6337	17.6719
BLOCK20/SES202/SA202S12	SES202	1.80193	18.3404	16.5385
BLOCK20/SES202/SA202S14	SES202	2.54559	20.2022	17.6566
BLOCK20/SES202/SA202S24	SES202	1.46039	19.9424	18.482
BLOCK20/SES202/SA202S27	SES202	1.5565	21.8634	20.3069
BLOCK20/SES202/SA202S29	SES202	1.86706	21.7321	19.8651
BLOCK20/SES206/SA206S15	SES206	-0.683624	20.3766	21.0602
BLOCK20/SES206/SA206S17	SES206	1.55283	22.4525	20.8997
BLOCK20/SES206/SA206S24	SES206	2.03834	23.3715	21.3332
BLOCK20/SES206/SA206S27	SES206	1.78629	22.032	20.2457
BLOCK20/SES206/SA206S29	SES206	1.3286	23.5001	22.1715
BLOCK22/SES226/SA226S12	SES226	0.86853	20.1727	19.3042
BLOCK22/SES226/SA226S13	SES226	-0.190615	19.07	19.2606
BLOCK22/SES226/SA226S20	SES226	1.52386	20.673	19.1491
BLOCK22/SES226/SA226S23	SES226	1.52823	21.4551	19.9269
BLOCK22/SES226/SA226S28	SES226	2.07275	21.783	19.7103
BLOCK25/SES259/SA259S13	SES259	4.17793	23.3755	19.1976
BLOCK25/SES259/SA259S14	SES259	2.45719	22.672	20.2148
BLOCK25/SES259/SA259S22	SES259	2.47307	22.5221	20.049
BLOCK25/SES259/SA259S24	SES259	2.44381	23.8516	21.4078
BLOCK25/SES259/SA259S28	SES259	2.66212	22.4715	19.8094
BLOCK27/SES270/SA270S14	SES270	2.2208	19.3492	17.1284
BLOCK27/SES270/SA270S16	SES270	0.930914	19.3013	18.3703
BLOCK27/SES270/SA270S22	SES270	3.35034	20.4585	17.1082
BLOCK27/SES270/SA270S26	SES270	1.70208	18.2212	16.5192
BLOCK27/SES270/SA270S28	SES270	1.41206	19.75	18.3379
BLOCK27/SES275/SA275S17	SES275	1.01544	20.4761	19.4606
BLOCK27/SES275/SA275S18	SES275	0.356077	20.41	20.0539
BLOCK27/SES275/SA275S24	SES275	0.435396	19.2302	18.7948
BLOCK27/SES275/SA275S26	SES275	0.977375	21.0759	20.0985
BLOCK27/SES275/SA275S28	SES275	0.473606	21.1577	20.6841
BLOCK29/SES292/SA292S10	SES292	0.233847	20.7318	20.4979
BLOCK29/SES292/SA292S12	SES292	-0.222046	19.2878	19.5098
BLOCK29/SES292/SA292S22	SES292	0.49486	21.3105	20.8156
BLOCK29/SES292/SA292S24	SES292	0.33856	21.2188	20.8803
BLOCK29/SES292/SA292S27	SES292	-0.100855	20.9129	21.0138
BLOCK00/SES001/SA001S14	SES062	-2.18938	16.8267	19.0161
BLOCK00/SES001/SA001S14	SES082	-2.18319	16.8329	19.0161
BLOCK00/SES001/SA001S14	SES106	-2.18353	16.8326	19.0161
BLOCK00/SES001/SA001S14	SES206	-1.47957	17.5365	19.0161
BLOCK00/SES001/SA001S15	SES062	-2.42672	17.9038	20.3305
BLOCK00/SES001/SA001S15	SES104	-2.58035	17.7502	20.3305
BLOCK00/SES001/SA001S15	SES106	-1.81679	18.5137	20.3305
BLOCK00/SES001/SA001S15	SES206	-1.93669	18.3938	20.3305
BLOCK00/SES001/SA001S24	SES062	-2.26571	16.0783	18.344
BLOCK00/SES001/SA001S24	SES082	-2.42687	15.9171	18.344
BLOCK00/SES001/SA001S24	SES087	-2.615	15.729	18.344
BLOCK00/SES001/SA001S24	SES206	-1.78925	16.5547	18.344
BLOCK00/SES001/SA001S27	SES062	-2.47089	18.3297	20.8006
BLOCK00/SES001/SA001S27	SES082	-1.87206	18.9285	20.8006
BLOCK00/SES001/SA001S27	SES087	-1.86447	18.9361	20.8006
BLOCK00/SES001/SA001S27	SES206	-1.9469	18.8537	20.8006
BLOCK00/SES001/SA001S29	SES062	-2.69833	15.9899	18.6882
BLOCK00/SES001/SA001S29	SES082	-1.7684	16.9198	18.6882
BLOCK00/SES001/SA001S29	SES158	-1.21361	17.4746	18.6882
BLOCK00/SES001/SA001S29	SES206	-2.78248	15.9057	18.6882
BLOCK00/SES003/SA003S11	SES002	-0.918896	18.4839	19.4028
BLOCK00/SES003/SA003S11	SES019	-1.97803	17.4247	19.4028
BLOCK00/SES003/SA003S11	SES082	-1.03153	18.3712	19.4028
BLOCK00/SES003/SA003S11	SES125	-1.88763	17.5151	19.4028
BLOCK00/SES003/SA003S15	SES016	-1.71875	19.3006	21.0194
BLOCK00/SES003/SA003S15	SES019	-1.61897	19.4004	21.0194
BLOCK00/SES003/SA003S15	SES062	-2.00985	19.0095	21.0194
BLOCK00/SES003/SA003S15	SES206	-1.22048	19.7989	21.0194
BLOCK00/SES003/SA003S22	SES002	-1.74964	18.4555	20.2051
BLOCK00/SES003/SA003S22	SES062	-1.95407	18.2511	20.2051
BLOCK00/SES003/SA003S22	SES082	-1.85327	18.3519	20.2051
BLOCK00/SES003/SA003S22	SES087	-1.44761	18.7575	20.2051
BLOCK00/SES003/SA003S25	SES062	-3.60055	15.5749	19.1754
BLOCK00/SES003/SA003S25	SES082	-1.29713	17.8783	19.1754
BLOCK00/SES003/SA003S25	SES087	-1.69077	17.4846	19.1754
BLOCK00/SES003/SA003S25	SES206	-2.88894	16.2865	19.1754
BLOCK00/SES003/SA003S29	SES002	-1.12734	17.9326	19.0599
BLOCK00/SES003/SA003S29	SES062	-2.88609	16.1738	19.0599
BLOCK00/SES003/SA003S29	SES082	-1.13962	17.9203	19.0599
BLOCK00/SES003/SA003S29	SES087	-1.35595	17.704	19.0599
BLOCK00/SES004/SA004S12	SES083	-1.72052	16.8958	18.6163
BLOCK00/SES004/SA004S12	SES148	-2.77423	15.8421	18.6163
BLOCK00/SES004/SA004S12	SES172	-0.931742	17.6846	18.6163
BLOCK00/SES004/SA004S12	SES292	-1.37103	17.2453	18.6163
BLOCK00/SES004/SA004S17	SES083	-1.76971	17.4691	19.2388
BLOCK00/SES004/SA004S17	SES162	-1.57374	17.665	19.2388
BLOCK00/SES004/SA004S17	SES172	-1.3019	17.9369	19.2388
BLOCK00/SES004/SA004S17	SES292	-1.62972	17.6091	19.2388
BLOCK00/SES004/SA004S24	SES083	-1.85652	17.48	19.3366
BLOCK00/SES004/SA004S24	SES148	-2.53726	16.7993	19.3366
BLOCK00/SES004/SA004S24	SES172	-0.62999	18.7066	19.3366
BLOCK00/SES004/SA004S24	SES292	-1.34979	17.9868	19.3366
BLOCK00/SES004/SA004S26	SES083	-2.07501	16.7827	18.8577
BLOCK00/SES004/SA004S26	SES127	-0.781631	18.0761	18.8577
BLOCK00/SES004/SA004S26	SES148	-3.2397	15.618	18.8577
BLOCK00/SES004/SA004S26	SES292	-1.8677	16.99	18.8577
BLOCK00/SES004/SA004S28	SES083	-1.78358	18.4162	20.1998
BLOCK00/SES004/SA004S28	SES127	-1.25983	18.94	20.1998
BLOCK00/SES004/SA004S28	SES187	-1.19811	19.0017	20.1998
BLOCK00/SES004/SA004S28	SES292	-2.1296	18.0702	20.1998
BLOCK00/SES006/SA006S10	SES014	-3.4279	12.0644	15.4923
BLOCK00/SES006/SA006S10	SES158	-1.37739	14.1149	15.4923
BLOCK00/SES006/SA006S10	SES226	-3.52335	11.9689	15.4923
BLOCK00/SES006/SA006S10	SES270	-0.630238	14.862	15.4923
BLOCK00/SES006/SA006S11	SES158	-1.46934	14.8289	16.2983
BLOCK00/SES006/SA006S11	SES226	-2.61444	13.6838	16.2983
BLOCK00/SES006/SA006S11	SES270	-0.734737	15.5635	16.2983
BLOCK00/SES006/SA006S11	SES275	-2.58674	13.7115	16.2983
BLOCK00/SES006/SA006S23	SES062	-2.73358	16.6905	19.424
BLOCK00/SES006/SA006S23	SES105	-3.67064	15.7534	19.424
BLOCK00/SES006/SA006S23	SES158	-2.09196	17.3321	19.424
BLOCK00/SES006/SA006S23	SES275	-2.47574	16.9483	19.424
BLOCK00/SES006/SA006S26	SES104	-3.67425	14.5782	18.2524
BLOCK00/SES006/SA006S26	SES158	-1.57996	16.6725	18.2524
BLOCK00/SES006/SA006S26	SES270	-0.0128441	18.2396	18.2524
BLOCK00/SES006/SA006S26	SES275	-2.37403	15.8784	18.2524
BLOCK00/SES006/SA006S28	SES007	-2.84284	13.719	16.5618
BLOCK00/SES006/SA006S28	SES105	-2.98461	13.5772	16.5618
BLOCK00/SES006/SA006S28	SES158	-1.56466	14.9972	16.5618
BLOCK00/SES006/SA006S28	SES275	-2.66027	13.9016	16.5618
BLOCK00/SES009/SA009S12	SES083	-2.22621	18.4776	20.7038
BLOCK00/SES009/SA009S12	SES148	-2.63387	18.07	20.7038
BLOCK00/SES009/SA009S12	SES177	-1.19646	19.5074	20.7038
BLOCK00/SES009/SA009S12	SES292	-1.12192	19.5819	20.7038
BLOCK00/SES009/SA009S15	SES007	-0.445646	21.4252	21.8708
BLOCK00/SES009/SA009S15	SES099	-3.72408	18.1467	21.8708
BLOCK00/SES009/SA009S15	SES148	-2.64637	19.2244	21.8708
BLOCK00/SES009/SA009S15	SES172	-1.17398	20.6968	21.8708
BLOCK00/SES009/SA009S24	SES146	-1.22553	19.769	20.9945
BLOCK00/SES009/SA009S24	SES148	-2.62996	18.3645	20.9945
BLOCK00/SES009/SA009S24	SES177	-0.489948	20.5045	20.9945
BLOCK00/SES009/SA009S24	SES292	-1.11092	19.8836	20.9945
BLOCK00/SES009/SA009S26	SES083	-2.17267	18.3293	20.502
BLOCK00/SES009/SA009S26	SES101	-2.06649	18.4355	20.502
BLOCK00/SES009/SA009S26	SES120	-1.41507	19.0869	20.502
BLOCK00/SES009/SA009S26	SES177	-0.980093	19.5219	20.502
BLOCK00/SES009/SA009S29	SES083	-1.80064	19.3739	21.1745
BLOCK00/SES009/SA009S29	SES101	-1.5911	19.5834	21.1745
BLOCK00/SES009/SA009S29	SES177	-0.861206	20.3133	21.1745
BLOCK00/SES009/SA009S29	SES292	-0.845167	20.3294	21.1745
BLOCK01/SES011/SA011S10	SES019	-1.74846	18.3411	20.0895
BLOCK01/SES011/SA011S10	SES042	-0.558374	19.5312	20.0895
BLOCK01/SES011/SA011S10	SES082	-1.40185	18.6877	20.0895
BLOCK01/SES011/SA011S10	SES206	-0.952545	19.137	20.0895
BLOCK01/SES011/SA011S11	SES019	-2.00101	17.0783	19.0793
BLOCK01/SES011/SA011S11	SES042	-2.23857	16.8407	19.0793
BLOCK01/SES011/SA011S11	SES082	-1.7151	17.3642	19.0793
BLOCK01/SES011/SA011S11	SES206	-1.4277	17.6516	19.0793
BLOCK01/SES011/SA011S22	SES019	-1.2733	17.4053	18.6786
BLOCK01/SES011/SA011S22	SES042	-0.48596	18.1926	18.6786
BLOCK01/SES011/SA011S22	SES082	-1.64225	17.0363	18.6786
BLOCK01/SES011/SA011S22	SES206	-1.57215	17.1064	18.6786
BLOCK01/SES011/SA011S24	SES019	-1.62857	17.9345	19.563
BLOCK01/SES011/SA011S24	SES042	-0.694281	18.8687	19.563
BLOCK01/SES011/SA011S24	SES104	-2.0263	17.5367	19.563
BLOCK01/SES011/SA011S24	SES206	-1.27495	18.2881	19.563
BLOCK01/SES011/SA011S27	SES082	-0.62244	18.2769	18.8993
BLOCK01/SES011/SA011S27	SES087	-1.9286	16.9707	18.8993
BLOCK01/SES011/SA011S27	SES125	-1.16798	17.7313	18.8993
BLOCK01/SES011/SA011S27	SES206	-1.0116	17.8877	18.8993
BLOCK01/SES012/SA012S11	SES007	-1.30719	20.5333	21.8405
BLOCK01/SES012/SA012S11	SES082	-1.95306	19.8875	21.8405
BLOCK01/SES012/SA012S11	SES083	-1.96519	19.8753	21.8405
BLOCK01/SES012/SA012S11	SES206	-2.12473	19.7158	21.8405
BLOCK01/SES012/SA012S14	SES082	-0.769087	20.8292	21.5983
BLOCK01/SES012/SA012S14	SES087	-1.94832	19.65	21.5983
BLOCK01/SES012/SA012S14	SES206	-1.23709	20.3612	21.5983
BLOCK01/SES012/SA012S14	SES292	-1.71337	19.8849	21.5983
BLOCK01/SES012/SA012S24	SES082	-0.266718	19.7521	20.0188
BLOCK01/SES012/SA012S24	SES087	-1.19957	18.8192	20.0188
BLOCK01/SES012/SA012S24	SES120	-2.28018	17.7386	20.0188
BLOCK01/SES012/SA012S24	SES206	-1.01252	19.0063	20.0188
BLOCK01/SES012/SA012S26	SES019	-3.04194	18.5551	21.5971
BLOCK01/SES012/SA012S26	SES082	-1.74758	19.8495	21.5971
BLOCK01/SES012/SA012S26	SES206	-0.523952	21.0731	21.5971
BLOCK01/SES012/SA012S26	SES292	-1.11049	20.4866	21.5971
BLOCK01/SES012/SA012S29	SES062	-2.24291	19.7049	21.9479
BLOCK01/SES012/SA012S29	SES082	-0.901613	21.0462	21.9479
BLOCK01/SES012/SA012S29	SES083	-2.35283	19.595	21.9479
BLOCK01/SES012/SA012S29	SES206	-1.31836	20.6295	21.9479
BLOCK01/SES013/SA013S16	SES062	-3.1064	15.966	19.0723
BLOCK01/SES013/SA013S16	SES106	-1.65808	17.4143	19.0723
BLOCK01/SES013/SA013S16	SES206	-1.90461	17.1677	19.0723
BLOCK01/SES013/SA013S16	SES226	-1.24237	17.83	19.0723
BLOCK01/SES013/SA013S17	SES062	-3.17621	18.1323	21.3085
BLOCK01/SES013/SA013S17	SES106	-2.42199	18.8865	21.3085
BLOCK01/SES013/SA013S17	SES206	-0.882233	20.4263	21.3085
BLOCK01/SES013/SA013S17	SES226	-0.755932	20.5526	21.3085
BLOCK01/SES013/SA013S23	SES104	-1.63354	18.0768	19.7104
BLOCK01/SES013/SA013S23	SES106	-0.775455	18.9349	19.7104
BLOCK01/SES013/SA013S23	SES206	-1.86269	17.8477	19.7104
BLOCK01/SES013/SA013S23	SES270	-0.670835	19.0395	19.7104
BLOCK01/SES013/SA013S25	SES042	-1.69509	19.1092	20.8043
BLOCK01/SES013/SA013S25	SES104	-1.13026	19.674	20.8043
BLOCK01/SES013/SA013S25	SES106	-0.701508	20.1027	20.8043
BLOCK01/SES013/SA013S25	SES206	-1.12486	19.6794	20.8043
BLOCK01/SES013/SA013S29	SES062	-3.60318	16.149	19.7522
BLOCK01/SES013/SA013S29	SES104	-2.30906	17.4431	19.7522
BLOCK01/SES013/SA013S29	SES106	-1.52877	18.2234	19.7522
BLOCK01/SES013/SA013S29	SES206	-1.98672	17.7654	19.7522
BLOCK02/SES021/SA021S13	SES016	-2.28703	18.4079	20.695
BLOCK02/SES021/SA021S13	SES029	-1.485	19.21	20.695
BLOCK02/SES021/SA021S13	SES087	-1.04905	19.6459	20.695
BLOCK02/SES021/SA021S13	SES206	-1.47768	19.2173	20.695
BLOCK02/SES021/SA021S15	SES087	-1.07537	21.0641	22.1394
BLOCK02/SES021/SA021S15	SES125	-1.15419	20.9852	22.1394
BLOCK02/SES021/SA021S15	SES206	-0.750893	21.3885	22.1394
BLOCK02/SES021/SA021S15	SES226	-1.95481	20.1846	22.1394
BLOCK02/SES021/SA021S23	SES062	-3.51651	15.5026	19.0191
BLOCK02/SES021/SA021S23	SES087	-1.25288	17.7662	19.0191
BLOCK02/SES021/SA021S23	SES206	-1.95561	17.0635	19.0191
BLOCK02/SES021/SA021S23	SES226	-0.967546	18.0516	19.0191
BLOCK02/SES021/SA021S27	SES002	-1.15423	20.6916	21.8458
BLOCK02/SES021/SA021S27	SES016	-3.25378	18.5921	21.8458
BLOCK02/SES021/SA021S27	SES019	-1.93366	19.9122	21.8458
BLOCK02/SES021/SA021S27	SES062	-2.47041	19.3754	21.8458
BLOCK02/SES021/SA021S29	SES087	-1.3106	19.6969	21.0075
BLOCK02/SES021/SA021S29	SES125	-0.695377	20.3121	21.0075
BLOCK02/SES021/SA021S29	SES206	-1.16494	19.8426	21.0075
BLOCK02/SES021/SA021S29	SES226	-2.34083	18.6667	21.0075
BLOCK04/SES043/SA043S09	SES083	-1.22614	17.3403	18.5665
BLOCK04/SES043/SA043S09	SES101	-1.42358	17.1429	18.5665
BLOCK04/SES043/SA043S09	SES144	-0.87792	17.6886	18.5665
BLOCK04/SES043/SA043S09	SES172	-1.83747	16.729	18.5665
BLOCK04/SES043/SA043S11	SES083	-0.47942	20.0954	20.5748
BLOCK04/SES043/SA043S11	SES101	-1.02453	19.5503	20.5748
BLOCK04/SES043/SA043S11	SES144	-0.277681	20.2971	20.5748
BLOCK04/SES043/SA043S11	SES172	-1.27805	19.2968	20.5748
BLOCK04/SES043/SA043S23	SES083	-0.90295	19.2697	20.1727
BLOCK04/SES043/SA043S23	SES144	-0.375004	19.7977	20.1727
BLOCK04/SES043/SA043S23	SES177	-1.65687	18.5158	20.1727
BLOCK04/SES043/SA043S23	SES275	-1.24864	18.924	20.1727
BLOCK04/SES043/SA043S26	SES083	-1.7827	17.6685	19.4512
BLOCK04/SES043/SA043S26	SES101	-1.56555	17.8856	19.4512
BLOCK04/SES043/SA043S26	SES144	-0.242142	19.209	19.4512
BLOCK04/SES043/SA043S26	SES177	-1.22697	18.2242	19.4512
BLOCK04/SES043/SA043S28	SES016	-1.7644	19.0367	20.8011
BLOCK04/SES043/SA043S28	SES083	-0.646124	20.155	20.8011
BLOCK04/SES043/SA043S28	SES101	-0.692478	20.1087	20.8011
BLOCK04/SES043/SA043S28	SES144	-0.829754	19.9714	20.8011
BLOCK04/SES044/SA044S10	SES127	-2.98654	12.7608	15.7474
BLOCK04/SES044/SA044S10	SES144	-0.87716	14.8702	15.7474
BLOCK04/SES044/SA044S10	SES147	-2.87653	12.8708	15.7474
BLOCK04/SES044/SA044S10	SES148	-2.74413	13.0032	15.7474
BLOCK04/SES044/SA044S11	SES101	-1.1514	16.9403	18.0917
BLOCK04/SES044/SA044S11	SES144	0.000619888	18.0923	18.0917
BLOCK04/SES044/SA044S11	SES147	-1.94093	16.1508	18.0917
BLOCK04/SES044/SA044S11	SES177	-1.82723	16.2645	18.0917
BLOCK04/SES044/SA044S24	SES007	-2.70044	15.8423	18.5427
BLOCK04/SES044/SA044S24	SES101	-1.06474	17.478	18.5427
BLOCK04/SES044/SA044S24	SES147	-2.31908	16.2236	18.5427
BLOCK04/SES044/SA044S24	SES177	-2.12403	16.4187	18.5427
BLOCK04/SES044/SA044S26	SES007	-1.96388	17.1049	19.0687
BLOCK04/SES044/SA044S26	SES016	-1.92061	17.1481	19.0687
BLOCK04/SES044/SA044S26	SES101	-1.11299	17.9557	19.0687
BLOCK04/SES044/SA044S26	SES147	-0.97529	18.0934	19.0687
BLOCK04/SES044/SA044S29	SES007	-2.45862	17.5614	20.02
BLOCK04/SES044/SA044S29	SES101	-0.179472	19.8406	20.02
BLOCK04/SES044/SA044S29	SES147	-1.75627	18.2638	20.02
BLOCK04/SES044/SA044S29	SES177	-2.08962	17.9304	20.02
BLOCK04/SES046/SA046S13	SES101	-1.38823	16.4699	17.8581
BLOCK04/SES046/SA046S13	SES144	-1.3824	16.4757	17.8581
BLOCK04/SES046/SA046S13	SES147	-2.42331	15.4348	17.8581
BLOCK04/SES046/SA046S13	SES177	-2.50997	15.3481	17.8581
BLOCK04/SES046/SA046S15	SES048	-0.334002	20.2999	20.6339
BLOCK04/SES046/SA046S15	SES083	-0.690496	19.9434	20.6339
BLOCK04/SES046/SA046S15	SES120	-2.70143	17.9325	20.6339
BLOCK04/SES046/SA046S15	SES148	-1.13384	19.5001	20.6339
BLOCK04/SES046/SA046S22	SES101	-1.0729	18.0691	19.142
BLOCK04/SES046/SA046S22	SES144	-1.13455	18.0075	19.142
BLOCK04/SES046/SA046S22	SES147	-1.88143	17.2606	19.142
BLOCK04/SES046/SA046S22	SES172	-1.0316	18.1104	19.142
BLOCK04/SES046/SA046S25	SES083	-1.19895	18.1231	19.3221
BLOCK04/SES046/SA046S25	SES127	-1.05021	18.2719	19.3221
BLOCK04/SES046/SA046S25	SES144	-1.89592	17.4262	19.3221
BLOCK04/SES046/SA046S25	SES148	-1.44991	17.8722	19.3221
BLOCK04/SES046/SA046S28	SES007	-2.79999	16.4835	19.2834
BLOCK04/SES046/SA046S28	SES105	-2.32136	16.9621	19.2834
BLOCK04/SES046/SA046S28	SES147	-1.51521	17.7682	19.2834
BLOCK04/SES046/SA046S28	SES148	-1.06781	18.2156	19.2834
BLOCK04/SES049/SA049S16	SES104	-2.80172	15.7274	18.5292
BLOCK04/SES049/SA049S16	SES106	-1.88952	16.6396	18.5292
BLOCK04/SES049/SA049S16	SES120	-1.41242	17.1167	18.5292
BLOCK04/SES049/SA049S16	SES206	-1.96206	16.5671	18.5292
BLOCK04/SES049/SA049S18	SES099	-1.48888	16.2039	17.6928
BLOCK04/SES049/SA049S18	SES104	-2.16483	15.528	17.6928
BLOCK04/SES049/SA049S18	SES125	-2.69371	14.9991	17.6928
BLOCK04/SES049/SA049S18	SES206	-2.24821	15.4446	17.6928
BLOCK04/SES049/SA049S25	SES087	-1.3875	17.717	19.1045
BLOCK04/SES049/SA049S25	SES104	-1.14444	17.96	19.1045
BLOCK04/SES049/SA049S25	SES125	-2.03341	17.0711	19.1045
BLOCK04/SES049/SA049S25	SES206	-1.52563	17.5789	19.1045
BLOCK04/SES049/SA049S27	SES099	-0.96146	18.2739	19.2354
BLOCK04/SES049/SA049S27	SES104	-0.649033	18.5863	19.2354
BLOCK04/SES049/SA049S27	SES125	-1.93727	17.2981	19.2354
BLOCK04/SES049/SA049S27	SES206	-1.37354	17.8618	19.2354
BLOCK04/SES049/SA049S29	SES099	-1.06649	19.2372	20.3037
BLOCK04/SES049/SA049S29	SES104	-1.23075	19.0729	20.3037
BLOCK04/SES049/SA049S29	SES125	-1.11363	19.19	20.3037
BLOCK04/SES049/SA049S29	SES206	-0.831787	19.4719	20.3037
BLOCK06/SES063/SA063S09	SES068	-1.91643	18.8261	20.7425
BLOCK06/SES063/SA063S09	SES083	-0.878099	19.8644	20.7425
BLOCK06/SES063/SA063S09	SES177	-1.32889	19.4136	20.7425
BLOCK06/SES063/SA063S09	SES187	-1.59176	19.1507	20.7425
BLOCK06/SES063/SA063S10	SES068	-2.66125	17.6031	20.2644
BLOCK06/SES063/SA063S10	SES083	-1.76358	18.5008	20.2644
BLOCK06/SES063/SA063S10	SES172	-1.98995	18.2744	20.2644
BLOCK06/SES063/SA063S10	SES187	-1.99644	18.2679	20.2644
BLOCK06/SES063/SA063S20	SES068	-2.01423	17.7909	19.8051
BLOCK06/SES063/SA063S20	SES083	-1.70166	18.1034	19.8051
BLOCK06/SES063/SA063S20	SES172	-0.862778	18.9423	19.8051
BLOCK06/SES063/SA063S20	SES187	-1.37812	18.427	19.8051
BLOCK06/SES063/SA063S24	SES029	-3.25933	17.29	20.5493
BLOCK06/SES063/SA063S24	SES083	-0.515293	20.0341	20.5493
BLOCK06/SES063/SA063S24	SES177	-0.640774	19.9086	20.5493
BLOCK06/SES063/SA063S24	SES189	-1.56031	18.989	20.5493
BLOCK06/SES063/SA063S27	SES083	-0.279312	19.2707	19.55
BLOCK06/SES063/SA063S27	SES172	-0.744574	18.8055	19.55
BLOCK06/SES063/SA063S27	SES187	-1.42704	18.123	19.55
BLOCK06/SES063/SA063S27	SES292	-1.82387	17.7262	19.55
BLOCK06/SES067/SA067S12	SES083	-2.14669	18.6044	20.7511
BLOCK06/SES067/SA067S12	SES172	-1.88379	18.8673	20.7511
BLOCK06/SES067/SA067S12	SES202	-0.703583	20.0475	20.7511
BLOCK06/SES067/SA067S12	SES292	-1.92281	18.8283	20.7511
BLOCK06/SES067/SA067S14	SES085	-1.26241	20.7684	22.0308
BLOCK06/SES067/SA067S14	SES177	-1.87904	20.1518	22.0308
BLOCK06/SES067/SA067S14	SES183	-0.270912	21.7599	22.0308
BLOCK06/SES067/SA067S14	SES202	-1.0347	20.9961	22.0308
BLOCK06/SES067/SA067S21	SES144	-1.1342	19.4374	20.5716
BLOCK06/SES067/SA067S21	SES177	-1.18113	19.3905	20.5716
BLOCK06/SES067/SA067S21	SES183	-0.194454	20.3772	20.5716
BLOCK06/SES067/SA067S21	SES189	-1.24266	19.329	20.5716
BLOCK06/SES067/SA067S25	SES085	-0.407589	20.7383	21.1458
BLOCK06/SES067/SA067S25	SES177	-1.47725	19.6686	21.1458
BLOCK06/SES067/SA067S25	SES183	-0.638769	20.5071	21.1458
BLOCK06/SES067/SA067S25	SES202	-1.37482	19.771	21.1458
BLOCK06/SES067/SA067S29	SES085	-1.09526	19.2632	20.3585
BLOCK06/SES067/SA067S29	SES177	-2.10777	18.2507	20.3585
BLOCK06/SES067/SA067S29	SES183	-0.238386	20.1201	20.3585
BLOCK06/SES067/SA067S29	SES202	-0.12384	20.2346	20.3585
BLOCK06/SES069/SA069S12	SES029	-2.44091	18.4872	20.9281
BLOCK06/SES069/SA069S12	SES082	-0.15819	20.7699	20.9281
BLOCK06/SES069/SA069S12	SES087	-1.33958	19.5885	20.9281
BLOCK06/SES069/SA069S12	SES206	-0.973391	19.9547	20.9281
BLOCK06/SES069/SA069S13	SES029	-2.44023	18.1389	20.5791
BLOCK06/SES069/SA069S13	SES087	-0.889849	19.6893	20.5791
BLOCK06/SES069/SA069S13	SES206	-1.02589	19.5532	20.5791
BLOCK06/SES069/SA069S13	SES226	-0.249166	20.3299	20.5791
BLOCK06/SES069/SA069S23	SES029	-0.982126	21.4413	22.4234
BLOCK06/SES069/SA069S23	SES087	-0.464361	21.9591	22.4234
BLOCK06/SES069/SA069S23	SES206	-1.2632	21.1602	22.4234
BLOCK06/SES069/SA069S23	SES226	-0.324594	22.0988	22.4234
BLOCK06/SES069/SA069S25	SES087	-0.722515	20.8659	21.5884
BLOCK06/SES069/SA069S25	SES206	-2.08479	19.5036	21.5884
BLOCK06/SES069/SA069S25	SES226	-0.330845	21.2576	21.5884
BLOCK06/SES069/SA069S25	SES270	-1.04649	20.5419	21.5884
BLOCK06/SES069/SA069S27	SES087	-1.65418	20.0272	21.6814
BLOCK06/SES069/SA069S27	SES206	-0.237505	21.4439	21.6814
BLOCK06/SES069/SA069S27	SES226	0.0549603	21.7364	21.6814
BLOCK06/SES069/SA069S27	SES270	-0.670298	21.0111	21.6814
BLOCK08/SES081/SA081S11	SES060	-2.25607	16.6661	18.9222
BLOCK08/SES081/SA081S11	SES062	-2.49914	16.423	18.9222
BLOCK08/SES081/SA081S11	SES117	-3.12055	15.8016	18.9222
BLOCK08/SES081/SA081S11	SES162	-2.31023	16.612	18.9222
BLOCK08/SES081/SA081S13	SES016	-1.38601	19.5684	20.9544
BLOCK08/SES081/SA081S13	SES060	-0.13513	20.8192	20.9544
BLOCK08/SES081/SA081S13	SES068	-0.666725	20.2876	20.9544
BLOCK08/SES081/SA081S13	SES129	-1.59439	19.36	20.9544
BLOCK08/SES081/SA081S24	SES060	-0.710449	19.1709	19.8813
BLOCK08/SES081/SA081S24	SES068	-0.599218	19.2821	19.8813
BLOCK08/SES081/SA081S24	SES117	-2.47066	17.4107	19.8813
BLOCK08/SES081/SA081S24	SES275	-1.67021	18.2111	19.8813
BLOCK08/SES081/SA081S27	SES007	-0.868126	18.0244	18.8925
BLOCK08/SES081/SA081S27	SES060	-1.24464	17.6479	18.8925
BLOCK08/SES081/SA081S27	SES117	-1.62919	17.2633	18.8925
BLOCK08/SES081/SA081S27	SES275	-1.38932	17.5032	18.8925
BLOCK08/SES081/SA081S29	SES007	-0.948381	19.0367	19.985
BLOCK08/SES081/SA081S29	SES060	-0.801783	19.1833	19.985
BLOCK08/SES081/SA081S29	SES117	-1.8052	18.1798	19.985
BLOCK08/SES081/SA081S29	SES275	-1.77447	18.2106	19.985
BLOCK08/SES086/SA086S11	SES029	-3.74632	14.7874	18.5337
BLOCK08/SES086/SA086S11	SES082	-1.87563	16.658	18.5337
BLOCK08/SES086/SA086S11	SES087	-0.702879	17.8308	18.5337
BLOCK08/SES086/SA086S11	SES206	-2.23608	16.2976	18.5337
BLOCK08/SES086/SA086S12	SES029	-2.15609	17.5124	19.6685
BLOCK08/SES086/SA086S12	SES082	-1.64325	18.0252	19.6685
BLOCK08/SES086/SA086S12	SES087	0.3041	19.9726	19.6685
BLOCK08/SES086/SA086S12	SES206	-1.07996	18.5885	19.6685
BLOCK08/SES086/SA086S20	SES029	-2.78798	18.1664	20.9544
BLOCK08/SES086/SA086S20	SES082	-2.30414	18.6502	20.9544
BLOCK08/SES086/SA086S20	SES087	-0.511383	20.443	20.9544
BLOCK08/SES086/SA086S20	SES206	-0.744387	20.21	20.9544
BLOCK08/SES086/SA086S24	SES087	-0.528656	19.2554	19.784
BLOCK08/SES086/SA086S24	SES104	-1.7407	18.0433	19.784
BLOCK08/SES086/SA086S24	SES120	-2.45294	17.3311	19.784
BLOCK08/SES086/SA086S24	SES206	-0.448534	19.3355	19.784
BLOCK08/SES086/SA086S28	SES029	-2.53539	18.2947	20.8301
BLOCK08/SES086/SA086S28	SES082	-1.42668	19.4034	20.8301
BLOCK08/SES086/SA086S28	SES087	-0.694231	20.1358	20.8301
BLOCK08/SES086/SA086S28	SES206	-0.938923	19.8911	20.8301
BLOCK08/SES089/SA089S13	SES087	-1.33533	17.5547	18.89
BLOCK08/SES089/SA089S13	SES206	-1.79238	17.0977	18.89
BLOCK08/SES089/SA089S13	SES226	-1.08327	17.8068	18.89
BLOCK08/SES089/SA089S13	SES270	-1.98376	16.9063	18.89
BLOCK08/SES089/SA089S14	SES062	-2.37434	17.6305	20.0048
BLOCK08/SES089/SA089S14	SES087	-0.655216	19.3496	20.0048
BLOCK08/SES089/SA089S14	SES206	-1.41709	18.5877	20.0048
BLOCK08/SES089/SA089S14	SES226	-1.3281	18.6767	20.0048
BLOCK08/SES089/SA089S23	SES087	-0.757113	16.6413	17.3985
BLOCK08/SES089/SA089S23	SES206	-0.930578	16.4679	17.3985
BLOCK08/SES089/SA089S23	SES226	-0.809883	16.5886	17.3985
BLOCK08/SES089/SA089S23	SES270	-2.54814	14.8503	17.3985
BLOCK08/SES089/SA089S25	SES062	-2.30378	17.159	19.4628
BLOCK08/SES089/SA089S25	SES087	-0.720358	18.7425	19.4628
BLOCK08/SES089/SA089S25	SES206	-1.64003	17.8228	19.4628
BLOCK08/SES089/SA089S25	SES226	-0.580093	18.8827	19.4628
BLOCK08/SES089/SA089S28	SES062	-1.64205	17.6678	19.3099
BLOCK08/SES089/SA089S28	SES087	-0.152704	19.1572	19.3099
BLOCK08/SES089/SA089S28	SES206	-0.693483	18.6164	19.3099
BLOCK08/SES089/SA089S28	SES226	-0.309303	19.0006	19.3099
BLOCK09/SES097/SA097S11	SES099	0.237032	18.6543	18.4172
BLOCK09/SES097/SA097S11	SES125	-1.70387	16.7134	18.4172
BLOCK09/SES097/SA097S11	SES206	-1.34504	17.0722	18.4172
BLOCK09/SES097/SA097S11	SES226	-0.106945	18.3103	18.4172
BLOCK09/SES097/SA097S14	SES062	-1.10896	17.9045	19.0134
BLOCK09/SES097/SA097S14	SES099	-1.06145	17.952	19.0134
BLOCK09/SES097/SA097S14	SES104	-1.3981	17.6153	19.0134
BLOCK09/SES097/SA097S14	SES206	-2.0294	16.984	19.0134
BLOCK09/SES097/SA097S22	SES099	0.188723	18.9994	18.8107
BLOCK09/SES097/SA097S22	SES206	-1.85651	16.9542	18.8107
BLOCK09/SES097/SA097S22	SES226	-1.41135	17.3993	18.8107
BLOCK09/SES097/SA097S22	SES270	0.0999851	18.9107	18.8107
BLOCK09/SES097/SA097S26	SES099	0.149387	19.591	19.4416
BLOCK09/SES097/SA097S26	SES120	-1.8407	17.6009	19.4416
BLOCK09/SES097/SA097S26	SES206	-1.54083	17.9008	19.4416
BLOCK09/SES097/SA097S26	SES226	-2.44665	16.995	19.4416
BLOCK09/SES097/SA097S28	SES099	-0.6674	18.4309	19.0983
BLOCK09/SES097/SA097S28	SES120	-1.49848	17.5998	19.0983
BLOCK09/SES097/SA097S28	SES206	-2.37907	16.7192	19.0983
BLOCK09/SES097/SA097S28	SES226	-2.39271	16.7056	19.0983
BLOCK09/SES098/SA098S11	SES127	-1.70951	16.7601	18.4696
BLOCK09/SES098/SA098S11	SES144	-2.21257	16.2571	18.4696
BLOCK09/SES098/SA098S11	SES147	-1.11592	17.3537	18.4696
BLOCK09/SES098/SA098S11	SES148	-3.56314	14.9065	18.4696
BLOCK09/SES098/SA098S12	SES127	-3.12066	13.2465	16.3672
BLOCK09/SES098/SA098S12	SES144	-2.79992	13.5673	16.3672
BLOCK09/SES098/SA098S12	SES147	-1.2696	15.0976	16.3672
BLOCK09/SES098/SA098S12	SES189	-1.87538	14.4918	16.3672
BLOCK09/SES098/SA098S20	SES127	-3.23064	14.7599	17.9905
BLOCK09/SES098/SA098S20	SES147	-1.68536	16.3051	17.9905
BLOCK09/SES098/SA098S20	SES148	-2.68401	15.3065	17.9905
BLOCK09/SES098/SA098S20	SES292	-1.64431	16.3462	17.9905
BLOCK09/SES098/SA098S23	SES127	-1.97715	16.7736	18.7507
BLOCK09/SES098/SA098S23	SES147	-1.96303	16.7877	18.7507
BLOCK09/SES098/SA098S23	SES187	-1.35223	17.3985	18.7507
BLOCK09/SES098/SA098S23	SES292	-1.69255	17.0582	18.7507
BLOCK09/SES098/SA098S27	SES127	-3.49535	13.7787	17.2741
BLOCK09/SES098/SA098S27	SES147	-2.65811	14.616	17.2741
BLOCK09/SES098/SA098S27	SES148	-3.34042	13.9336	17.2741
BLOCK09/SES098/SA098S27	SES292	-1.79677	15.4773	17.2741
BLOCK10/SES102/SA102S13	SES101	-0.612112	17.2687	17.8808
BLOCK10/SES102/SA102S13	SES105	-1.21798	16.6628	17.8808
BLOCK10/SES102/SA102S13	SES120	-1.68093	16.1999	17.8808
BLOCK10/SES102/SA102S13	SES158	-2.85954	15.0213	17.8808
BLOCK10/SES102/SA102S14	SES007	-0.335623	20.3028	20.6384
BLOCK10/SES102/SA102S14	SES101	-0.217321	20.4211	20.6384
BLOCK10/SES102/SA102S14	SES105	-0.26141	20.377	20.6384
BLOCK10/SES102/SA102S14	SES147	-2.94415	17.6943	20.6384
BLOCK10/SES102/SA102S22	SES007	-1.36785	18.6158	19.9836
BLOCK10/SES102/SA102S22	SES101	-0.332747	19.6509	19.9836
BLOCK10/SES102/SA102S22	SES105	-0.658617	19.325	19.9836
BLOCK10/SES102/SA102S22	SES158	-2.30421	17.6794	19.9836
BLOCK10/SES102/SA102S25	SES007	-0.803125	19.8649	20.668
BLOCK10/SES102/SA102S25	SES101	-0.0945148	20.5735	20.668
BLOCK10/SES102/SA102S25	SES105	-0.84429	19.8237	20.668
BLOCK10/SES102/SA102S25	SES147	-2.95769	17.7103	20.668
BLOCK10/SES102/SA102S27	SES007	-1.12448	18.4573	19.5818
BLOCK10/SES102/SA102S27	SES101	0.00102806	19.5828	19.5818
BLOCK10/SES102/SA102S27	SES105	-0.789946	18.7919	19.5818
BLOCK10/SES102/SA102S27	SES147	-2.31098	17.2708	19.5818
BLOCK10/SES103/SA103S14	SES105	-1.86129	15.8396	17.7009
BLOCK10/SES103/SA103S14	SES106	-1.2331	16.4678	17.7009
BLOCK10/SES103/SA103S14	SES120	-2.0374	15.6635	17.7009
BLOCK10/SES103/SA103S14	SES206	-2.60909	15.0918	17.7009
BLOCK10/SES103/SA103S15	SES099	-1.91668	14.6284	16.5451
BLOCK10/SES103/SA103S15	SES101	-3.46183	13.0833	16.5451
BLOCK10/SES103/SA103S15	SES104	-2.20644	14.3387	16.5451
BLOCK10/SES103/SA103S15	SES125	-1.519	15.0261	16.5451
BLOCK10/SES103/SA103S24	SES104	-1.8333	17.8617	19.695
BLOCK10/SES103/SA103S24	SES125	-1.84156	17.8535	19.695
BLOCK10/SES103/SA103S24	SES148	-2.96205	16.733	19.695
BLOCK10/SES103/SA103S24	SES158	-1.0775	18.6175	19.695
BLOCK10/SES103/SA103S26	SES104	-2.109	14.4858	16.5948
BLOCK10/SES103/SA103S26	SES106	-0.935909	15.6589	16.5948
BLOCK10/SES103/SA103S26	SES125	-1.54744	15.0474	16.5948
BLOCK10/SES103/SA103S26	SES148	-3.32603	13.2688	16.5948
BLOCK10/SES103/SA103S28	SES104	-2.72084	12.9615	15.6823
BLOCK10/SES103/SA103S28	SES106	-0.77788	14.9044	15.6823
BLOCK10/SES103/SA103S28	SES125	-2.08939	13.5929	15.6823
BLOCK10/SES103/SA103S28	SES206	-3.33027	12.352	15.6823
BLOCK12/SES121/SA121S12	SES042	-3.3268	13.3644	16.6912
BLOCK12/SES121/SA121S12	SES087	-2.20766	14.4836	16.6912
BLOCK12/SES121/SA121S12	SES105	-1.367	15.3242	16.6912
BLOCK12/SES121/SA121S12	SES206	-2.50698	14.1843	16.6912
BLOCK12/SES121/SA121S14	SES007	-2.17691	13.9113	16.0882
BLOCK12/SES121/SA121S14	SES105	-2.05664	14.0316	16.0882
BLOCK12/SES121/SA121S14	SES106	-2.07427	14.014	16.0882
BLOCK12/SES121/SA121S14	SES206	-2.76124	13.327	16.0882
BLOCK12/SES121/SA121S23	SES105	-1.60471	14.9188	16.5235
BLOCK12/SES121/SA121S23	SES106	-0.850245	15.6732	16.5235
BLOCK12/SES121/SA121S23	SES120	-1.40549	15.118	16.5235
BLOCK12/SES121/SA121S23	SES206	-1.11937	15.4041	16.5235
BLOCK12/SES121/SA121S25	SES007	-2.17415	12.4222	14.5963
BLOCK12/SES121/SA121S25	SES105	-1.85533	12.741	14.5963
BLOCK12/SES121/SA121S25	SES106	-2.13273	12.4636	14.5963
BLOCK12/SES121/SA121S25	SES206	-2.91089	11.6854	14.5963
BLOCK12/SES121/SA121S27	SES087	-2.1245	13.9969	16.1214
BLOCK12/SES121/SA121S27	SES105	-2.88608	13.2353	16.1214
BLOCK12/SES121/SA121S27	SES120	-0.952801	15.1686	16.1214
BLOCK12/SES121/SA121S27	SES206	-2.42042	13.701	16.1214
BLOCK12/SES124/SA124S16	SES042	-0.500235	18.2797	18.7799
BLOCK12/SES124/SA124S16	SES082	-1.63384	17.1461	18.7799
BLOCK12/SES124/SA124S16	SES183	-3.13482	15.6451	18.7799
BLOCK12/SES124/SA124S16	SES206	-2.07521	16.7047	18.7799
BLOCK12/SES124/SA124S17	SES105	-2.39758	14.5061	16.9036
BLOCK12/SES124/SA124S17	SES149	-3.44851	13.4551	16.9036
BLOCK12/SES124/SA124S17	SES158	-2.34069	14.5629	16.9036
BLOCK12/SES124/SA124S17	SES275	-1.81091	15.0927	16.9036
BLOCK12/SES124/SA124S23	SES105	-2.47046	17.6043	20.0748
BLOCK12/SES124/SA124S23	SES125	-0.340284	19.7345	20.0748
BLOCK12/SES124/SA124S23	SES129	-2.45673	17.6181	20.0748
BLOCK12/SES124/SA124S23	SES158	-0.709105	19.3657	20.0748
BLOCK12/SES124/SA124S26	SES105	-3.52983	15.626	19.1559
BLOCK12/SES124/SA124S26	SES125	-1.54564	17.6102	19.1559
BLOCK12/SES124/SA124S26	SES129	-3.11434	16.0415	19.1559
BLOCK12/SES124/SA124S26	SES158	-1.07671	18.0792	19.1559
BLOCK12/SES124/SA124S28	SES104	-1.38906	17.8647	19.2537
BLOCK12/SES124/SA124S28	SES106	-1.12636	18.1274	19.2537
BLOCK12/SES124/SA124S28	SES125	-0.176386	19.0774	19.2537
BLOCK12/SES124/SA124S28	SES275	-1.89552	17.3582	19.2537
BLOCK12/SES126/SA126S13	SES007	-1.74615	16.4691	18.2152
BLOCK12/SES126/SA126S13	SES162	-1.87994	16.3353	18.2152
BLOCK12/SES126/SA126S13	SES177	-1.94244	16.2728	18.2152
BLOCK12/SES126/SA126S13	SES180	-1.94905	16.2662	18.2152
BLOCK12/SES126/SA126S14	SES144	-1.07924	19.0079	20.0872
BLOCK12/SES126/SA126S14	SES148	-1.60707	18.4801	20.0872
BLOCK12/SES126/SA126S14	SES177	-0.953543	19.1336	20.0872
BLOCK12/SES126/SA126S14	SES180	-1.97299	18.1142	20.0872
BLOCK12/SES126/SA126S20	SES007	-1.58917	17.9093	19.4984
BLOCK12/SES126/SA126S20	SES162	-1.21411	18.2843	19.4984
BLOCK12/SES126/SA126S20	SES172	-2.32393	17.1745	19.4984
BLOCK12/SES126/SA126S20	SES180	-1.38609	18.1124	19.4984
BLOCK12/SES126/SA126S24	SES120	-0.832863	19.9057	20.7385
BLOCK12/SES126/SA126S24	SES162	-1.26671	19.4718	20.7385
BLOCK12/SES126/SA126S24	SES177	-1.19177	19.5468	20.7385
BLOCK12/SES126/SA126S24	SES180	-1.25422	19.4843	20.7385
BLOCK12/SES126/SA126S26	SES120	-0.466263	18.903	19.3692
BLOCK12/SES126/SA126S26	SES177	-1.44494	17.9243	19.3692
BLOCK12/SES126/SA126S26	SES180	-1.43146	17.9378	19.3692
BLOCK12/SES126/SA126S26	SES202	-1.70468	17.6646	19.3692
BLOCK12/SES128/SA128S10	SES087	-2.17028	17.8334	20.0037
BLOCK12/SES128/SA128S10	SES206	-1.60312	18.4006	20.0037
BLOCK12/SES128/SA128S10	SES226	-1.17609	18.8276	20.0037
BLOCK12/SES128/SA128S10	SES270	-0.585197	19.4185	20.0037
BLOCK12/SES128/SA128S12	SES120	-1.40974	17.6447	19.0544
BLOCK12/SES128/SA128S12	SES158	-1.95379	17.1006	19.0544
BLOCK12/SES128/SA128S12	SES206	-1.32203	17.7324	19.0544
BLOCK12/SES128/SA128S12	SES226	-1.744	17.3104	19.0544
BLOCK12/SES128/SA128S21	SES106	-2.05901	15.8801	17.9391
BLOCK12/SES128/SA128S21	SES120	-1.50497	16.4341	17.9391
BLOCK12/SES128/SA128S21	SES206	-1.87857	16.0605	17.9391
BLOCK12/SES128/SA128S21	SES226	-0.836353	17.1027	17.9391
BLOCK12/SES128/SA128S24	SES087	-2.02064	16.5565	18.5771
BLOCK12/SES128/SA128S24	SES120	-0.91984	17.6573	18.5771
BLOCK12/SES128/SA128S24	SES206	-1.37356	17.2036	18.5771
BLOCK12/SES128/SA128S24	SES226	-1.41064	17.1665	18.5771
BLOCK12/SES128/SA128S27	SES099	-1.43028	18.8731	20.3034
BLOCK12/SES128/SA128S27	SES120	-1.28575	19.0176	20.3034
BLOCK12/SES128/SA128S27	SES206	-1.93487	18.3685	20.3034
BLOCK12/SES128/SA128S27	SES226	-1.17613	19.1272	20.3034
BLOCK13/SES130/SA130S13	SES143	-1.13523	17.6116	18.7468
BLOCK13/SES130/SA130S13	SES144	0.142822	18.8896	18.7468
BLOCK13/SES130/SA130S13	SES146	-0.794695	17.9521	18.7468
BLOCK13/SES130/SA130S13	SES275	-2.47577	16.271	18.7468
BLOCK13/SES130/SA130S15	SES143	-1.85574	19.0754	20.9311
BLOCK13/SES130/SA130S15	SES144	-0.664902	20.2662	20.9311
BLOCK13/SES130/SA130S15	SES146	-1.04357	19.8875	20.9311
BLOCK13/SES130/SA130S15	SES275	-1.73734	19.1938	20.9311
BLOCK13/SES130/SA130S23	SES127	-2.98718	15.2	18.1872
BLOCK13/SES130/SA130S23	SES144	-1.23517	16.952	18.1872
BLOCK13/SES130/SA130S23	SES146	-0.562113	17.6251	18.1872
BLOCK13/SES130/SA130S23	SES162	-1.48732	16.6999	18.1872
BLOCK13/SES130/SA130S25	SES127	-1.14611	19.8182	20.9643
BLOCK13/SES130/SA130S25	SES144	-0.712196	20.2521	20.9643
BLOCK13/SES130/SA130S25	SES146	-0.534369	20.4299	20.9643
BLOCK13/SES130/SA130S25	SES275	-1.05652	19.9078	20.9643
BLOCK13/SES130/SA130S28	SES127	-1.76321	17.882	19.6452
BLOCK13/SES130/SA130S28	SES144	-1.58151	18.0637	19.6452
BLOCK13/SES130/SA130S28	SES146	-1.12685	18.5184	19.6452
BLOCK13/SES130/SA130S28	SES275	-1.01936	18.6259	19.6452
BLOCK13/SES131/SA131S13	SES002	-1.68496	14.8155	16.5004
BLOCK13/SES131/SA131S13	SES007	-2.5332	13.9672	16.5004
BLOCK13/SES131/SA131S13	SES099	-2.703	13.7974	16.5004
BLOCK13/SES131/SA131S13	SES105	-2.26127	14.2392	16.5004
BLOCK13/SES131/SA131S14	SES104	-0.37561	18.9003	19.2759
BLOCK13/SES131/SA131S14	SES106	-1.2641	18.0118	19.2759
BLOCK13/SES131/SA131S14	SES125	-1.15085	18.125	19.2759
BLOCK13/SES131/SA131S14	SES148	-1.35211	17.9238	19.2759
BLOCK13/SES131/SA131S20	SES104	-2.78959	14.0413	16.8309
BLOCK13/SES131/SA131S20	SES106	-2.3195	14.5114	16.8309
BLOCK13/SES131/SA131S20	SES125	-3.57718	13.2537	16.8309
BLOCK13/SES131/SA131S20	SES148	-1.73447	15.0964	16.8309
BLOCK13/SES131/SA131S22	SES099	-2.46046	15.8842	18.3446
BLOCK13/SES131/SA131S22	SES104	-1.99257	16.3521	18.3446
BLOCK13/SES131/SA131S22	SES125	-2.25632	16.0883	18.3446
BLOCK13/SES131/SA131S22	SES206	-2.84664	15.498	18.3446
BLOCK13/SES131/SA131S29	SES087	-2.37293	15.0158	17.3888
BLOCK13/SES131/SA131S29	SES104	-3.32781	14.061	17.3888
BLOCK13/SES131/SA131S29	SES125	-3.33743	14.0513	17.3888
BLOCK13/SES131/SA131S29	SES206	-3.18991	14.1989	17.3888
BLOCK13/SES132/SA132S11	SES083	-2.3637	18.2292	20.5929
BLOCK13/SES132/SA132S11	SES120	-0.374641	20.2182	20.5929
BLOCK13/SES132/SA132S11	SES127	-1.87203	18.7208	20.5929
BLOCK13/SES132/SA132S11	SES275	-1.97756	18.6153	20.5929
BLOCK13/SES132/SA132S12	SES083	-2.47414	18.3257	20.7999
BLOCK13/SES132/SA132S12	SES143	-1.68365	19.1162	20.7999
BLOCK13/SES132/SA132S12	SES144	-1.13255	19.6673	20.7999
BLOCK13/SES132/SA132S12	SES148	-1.45452	19.3454	20.7999
BLOCK13/SES132/SA132S22	SES062	-0.593935	20.71	21.3039
BLOCK13/SES132/SA132S22	SES083	-1.78045	19.5235	21.3039
BLOCK13/SES132/SA132S22	SES127	-1.61966	19.6843	21.3039
BLOCK13/SES132/SA132S22	SES275	-1.32613	19.9778	21.3039
BLOCK13/SES132/SA132S24	SES007	-1.19512	20.5966	21.7918
BLOCK13/SES132/SA132S24	SES083	-2.10648	19.6853	21.7918
BLOCK13/SES132/SA132S24	SES127	-2.26232	19.5294	21.7918
BLOCK13/SES132/SA132S24	SES275	-1.50798	20.2838	21.7918
BLOCK13/SES132/SA132S27	SES083	-2.03642	18.5786	20.615
BLOCK13/SES132/SA132S27	SES120	-0.484806	20.1302	20.615
BLOCK13/SES132/SA132S27	SES127	-2.11065	18.5043	20.615
BLOCK13/SES132/SA132S27	SES275	-1.8285	18.7865	20.615
BLOCK14/SES141/SA141S09	SES143	-1.59712	18.3933	19.9905
BLOCK14/SES141/SA141S09	SES144	-0.938366	19.0521	19.9905
BLOCK14/SES141/SA141S09	SES162	-1.57867	18.4118	19.9905
BLOCK14/SES141/SA141S09	SES180	-1.9097	18.0808	19.9905
BLOCK14/SES141/SA141S15	SES127	-1.39686	18.0675	19.4644
BLOCK14/SES141/SA141S15	SES144	-1.56367	17.9007	19.4644
BLOCK14/SES141/SA141S15	SES162	-1.78188	17.6825	19.4644
BLOCK14/SES141/SA141S15	SES180	-1.69895	17.7654	19.4644
BLOCK14/SES141/SA141S24	SES127	-1.37165	18.62	19.9916
BLOCK14/SES141/SA141S24	SES144	-1.54996	18.4417	19.9916
BLOCK14/SES141/SA141S24	SES162	-1.40864	18.583	19.9916
BLOCK14/SES141/SA141S24	SES183	-1.87946	18.1122	19.9916
BLOCK14/SES141/SA141S26	SES142	-0.966551	18.0382	19.0048
BLOCK14/SES141/SA141S26	SES144	-1.58637	17.4184	19.0048
BLOCK14/SES141/SA141S26	SES172	-1.52182	17.4829	19.0048
BLOCK14/SES141/SA141S26	SES180	-1.29318	17.7116	19.0048
BLOCK14/SES141/SA141S29	SES127	-1.28641	18.2381	19.5245
BLOCK14/SES141/SA141S29	SES142	-0.479372	19.0451	19.5245
BLOCK14/SES141/SA141S29	SES144	-1.53619	17.9883	19.5245
BLOCK14/SES141/SA141S29	SES180	-1.49551	18.029	19.5245
BLOCK15/SES157/SA157S08	SES083	-2.26105	18.2176	20.4787
BLOCK15/SES157/SA157S08	SES127	-1.70052	18.7782	20.4787
BLOCK15/SES157/SA157S08	SES148	-1.83892	18.6398	20.4787
BLOCK15/SES157/SA157S08	SES292	-2.10024	18.3784	20.4787
BLOCK15/SES157/SA157S11	SES083	-1.77156	18.9021	20.6737
BLOCK15/SES157/SA157S11	SES127	-1.55603	19.1176	20.6737
BLOCK15/SES157/SA157S11	SES148	-2.0933	18.5804	20.6737
BLOCK15/SES157/SA157S11	SES292	-1.71369	18.96	20.6737
BLOCK15/SES157/SA157S21	SES127	-1.15081	19.3744	20.5252
BLOCK15/SES157/SA157S21	SES148	-0.413401	20.1118	20.5252
BLOCK15/SES157/SA157S21	SES158	-4.90444	15.6208	20.5252
BLOCK15/SES157/SA157S21	SES292	-1.12444	19.4008	20.5252
BLOCK15/SES157/SA157S24	SES127	-1.67243	19.026	20.6985
BLOCK15/SES157/SA157S24	SES148	-1.87269	18.8258	20.6985
BLOCK15/SES157/SA157S24	SES183	-2.26646	18.432	20.6985
BLOCK15/SES157/SA157S24	SES292	-1.8164	18.8821	20.6985
BLOCK15/SES157/SA157S26	SES007	-0.935587	19.8263	20.7619
BLOCK15/SES157/SA157S26	SES127	-1.39001	19.3719	20.7619
BLOCK15/SES157/SA157S26	SES147	-2.22893	18.5329	20.7619
BLOCK15/SES157/SA157S26	SES148	-1.75438	19.0075	20.7619
BLOCK16/SES161/SA161S10	SES007	-1.71922	16.1943	17.9135
BLOCK16/SES161/SA161S10	SES105	-1.49924	16.4143	17.9135
BLOCK16/SES161/SA161S10	SES158	-1.77846	16.1351	17.9135
BLOCK16/SES161/SA161S10	SES275	-1.48305	16.4305	17.9135
BLOCK16/SES161/SA161S12	SES007	-2.00403	16.8198	18.8239
BLOCK16/SES161/SA161S12	SES105	-3.05205	15.7718	18.8239
BLOCK16/SES161/SA161S12	SES158	-1.70323	17.1206	18.8239
BLOCK16/SES161/SA161S12	SES275	-1.51273	17.3111	18.8239
BLOCK16/SES161/SA161S20	SES007	-1.80804	15.726	17.5341
BLOCK16/SES161/SA161S20	SES105	-2.5354	14.9987	17.5341
BLOCK16/SES161/SA161S20	SES158	-1.41459	16.1195	17.5341
BLOCK16/SES161/SA161S20	SES275	-1.93235	15.6017	17.5341
BLOCK16/SES161/SA161S23	SES007	-2.23375	16.4666	18.7003
BLOCK16/SES161/SA161S23	SES105	-1.56229	17.138	18.7003
BLOCK16/SES161/SA161S23	SES148	-1.98305	16.7173	18.7003
BLOCK16/SES161/SA161S23	SES158	-1.93819	16.7621	18.7003
BLOCK16/SES161/SA161S28	SES007	-1.97988	16.6803	18.6602
BLOCK16/SES161/SA161S28	SES105	-2.24541	16.4148	18.6602
BLOCK16/SES161/SA161S28	SES158	-1.11635	17.5438	18.6602
BLOCK16/SES161/SA161S28	SES206	-1.53206	17.1281	18.6602
BLOCK16/SES164/SA164S11	SES104	-1.70563	18.007	19.7126
BLOCK16/SES164/SA164S11	SES125	-0.994324	18.7183	19.7126
BLOCK16/SES164/SA164S11	SES158	-0.350883	19.3617	19.7126
BLOCK16/SES164/SA164S11	SES206	-2.14112	17.5715	19.7126
BLOCK16/SES164/SA164S13	SES099	-1.20316	16.7936	17.9968
BLOCK16/SES164/SA164S13	SES104	-1.55387	16.4429	17.9968
BLOCK16/SES164/SA164S13	SES125	-1.57051	16.4262	17.9968
BLOCK16/SES164/SA164S13	SES206	-1.6586	16.3382	17.9968
BLOCK16/SES164/SA164S24	SES002	0.164984	18.5524	18.3874
BLOCK16/SES164/SA164S24	SES099	-1.54869	16.8387	18.3874
BLOCK16/SES164/SA164S24	SES125	-2.16919	16.2182	18.3874
BLOCK16/SES164/SA164S24	SES226	0.113808	18.5012	18.3874
BLOCK16/SES164/SA164S27	SES087	-1.37766	17.2138	18.5914
BLOCK16/SES164/SA164S27	SES125	-1.52934	17.0621	18.5914
BLOCK16/SES164/SA164S27	SES206	-2.0983	16.4931	18.5914
BLOCK16/SES164/SA164S27	SES226	-1.18838	17.403	18.5914
BLOCK16/SES164/SA164S29	SES002	0.165508	18.4636	18.2981
BLOCK16/SES164/SA164S29	SES019	-1.57212	16.726	18.2981
BLOCK16/SES164/SA164S29	SES125	-1.58826	16.7098	18.2981
BLOCK16/SES164/SA164S29	SES226	-1.5824	16.7157	18.2981
BLOCK16/SES169/SA169S13	SES117	-1.28356	17.8828	19.1664
BLOCK16/SES169/SA169S13	SES144	-0.842222	18.3242	19.1664
BLOCK16/SES169/SA169S13	SES146	-1.07135	18.095	19.1664
BLOCK16/SES169/SA169S13	SES162	-0.884867	18.2815	19.1664
BLOCK16/SES169/SA169S14	SES144	-2.13279	18.4737	20.6064
BLOCK16/SES169/SA169S14	SES148	-2.28611	18.3203	20.6064
BLOCK16/SES169/SA169S14	SES177	-1.28794	19.3185	20.6064
BLOCK16/SES169/SA169S14	SES180	-2.09547	18.511	20.6064
BLOCK16/SES169/SA169S24	SES117	-0.948709	17.0752	18.0239
BLOCK16/SES169/SA169S24	SES144	-0.660257	17.3636	18.0239
BLOCK16/SES169/SA169S24	SES146	-0.975615	17.0483	18.0239
BLOCK16/SES169/SA169S24	SES162	-0.764673	17.2592	18.0239
BLOCK16/SES169/SA169S27	SES127	-0.871485	17.9875	18.859
BLOCK16/SES169/SA169S27	SES129	-0.626453	18.2326	18.859
BLOCK16/SES169/SA169S27	SES144	-1.23774	17.6213	18.859
BLOCK16/SES169/SA169S27	SES146	-0.451477	18.4075	18.859
BLOCK16/SES169/SA169S29	SES144	-0.905252	19.5022	20.4074
BLOCK16/SES169/SA169S29	SES162	-0.928921	19.4785	20.4074
BLOCK16/SES169/SA169S29	SES177	-2.44372	17.9637	20.4074
BLOCK16/SES169/SA169S29	SES180	-1.4052	19.0022	20.4074
BLOCK17/SES171/SA171S12	SES083	-1.64164	17.0642	18.7058
BLOCK17/SES171/SA171S12	SES148	-1.87463	16.8312	18.7058
BLOCK17/SES171/SA171S12	SES172	-1.47504	17.2308	18.7058
BLOCK17/SES171/SA171S12	SES292	-1.97561	16.7302	18.7058
BLOCK17/SES171/SA171S15	SES148	-1.78056	16.6251	18.4057
BLOCK17/SES171/SA171S15	SES177	-1.28602	17.1197	18.4057
BLOCK17/SES171/SA171S15	SES180	-2.50354	15.9022	18.4057
BLOCK17/SES171/SA171S15	SES292	-1.92728	16.4784	18.4057
BLOCK17/SES171/SA171S22	SES007	-1.66161	18.421	20.0826
BLOCK17/SES171/SA171S22	SES148	-1.58994	18.4926	20.0826
BLOCK17/SES171/SA171S22	SES177	-0.747089	19.3355	20.0826
BLOCK17/SES171/SA171S22	SES180	-2.79349	17.2891	20.0826
BLOCK17/SES171/SA171S25	SES101	-1.54271	16.0324	17.5752
BLOCK17/SES171/SA171S25	SES120	-2.07001	15.5051	17.5752
BLOCK17/SES171/SA171S25	SES177	-1.27514	16.3	17.5752
BLOCK17/SES171/SA171S25	SES180	-1.86232	15.7128	17.5752
BLOCK17/SES171/SA171S27	SES177	-1.05662	17.6665	18.7231
BLOCK17/SES171/SA171S27	SES180	-2.30701	16.4161	18.7231
BLOCK17/SES171/SA171S27	SES189	-1.11619	17.6069	18.7231
BLOCK17/SES171/SA171S27	SES292	-1.70554	17.0176	18.7231
BLOCK17/SES173/SA173S13	SES162	-3.31076	15.9946	19.3053
BLOCK17/SES173/SA173S13	SES177	-2.15534	17.15	19.3053
BLOCK17/SES173/SA173S13	SES180	-3.16243	16.1429	19.3053
BLOCK17/SES173/SA173S13	SES292	-1.19765	18.1077	19.3053
BLOCK17/SES173/SA173S14	SES007	-2.17466	16.0535	18.2281
BLOCK17/SES173/SA173S14	SES162	-2.83519	15.3929	18.2281
BLOCK17/SES173/SA173S14	SES177	-1.50826	16.7199	18.2281
BLOCK17/SES173/SA173S14	SES180	-3.01654	15.2116	18.2281
BLOCK17/SES173/SA173S24	SES144	-2.49119	14.9094	17.4006
BLOCK17/SES173/SA173S24	SES162	-2.46949	14.9311	17.4006
BLOCK17/SES173/SA173S24	SES177	-1.48431	15.9163	17.4006
BLOCK17/SES173/SA173S24	SES180	-3.21362	14.187	17.4006
BLOCK17/SES173/SA173S27	SES162	-3.05857	15.7863	18.8448
BLOCK17/SES173/SA173S27	SES177	-1.8541	16.9907	18.8448
BLOCK17/SES173/SA173S27	SES180	-2.13494	16.7099	18.8448
BLOCK17/SES173/SA173S27	SES292	-1.01113	17.8337	18.8448
BLOCK17/SES173/SA173S29	SES162	-2.42188	15.8841	18.306
BLOCK17/SES173/SA173S29	SES175	-1.22436	17.0816	18.306
BLOCK17/SES173/SA173S29	SES177	-1.22874	17.0772	18.306
BLOCK17/SES173/SA173S29	SES292	-2.08256	16.2234	18.306
BLOCK18/SES182/SA182S10	SES144	-1.52257	17.3764	18.899
BLOCK18/SES182/SA182S10	SES177	-1.10013	17.7989	18.899
BLOCK18/SES182/SA182S10	SES180	-2.11335	16.7857	18.899
BLOCK18/SES182/SA182S10	SES275	-0.562614	18.3364	18.899
BLOCK18/SES182/SA182S12	SES144	-0.511497	18.8465	19.358
BLOCK18/SES182/SA182S12	SES177	-1.03246	18.3256	19.358
BLOCK18/SES182/SA182S12	SES180	-1.59509	17.763	19.358
BLOCK18/SES182/SA182S12	SES275	-0.69813	18.6599	19.358
BLOCK18/SES182/SA182S21	SES117	-1.49098	16.3976	17.8885
BLOCK18/SES182/SA182S21	SES144	-1.56775	16.3208	17.8885
BLOCK18/SES182/SA182S21	SES162	-1.27385	16.6147	17.8885
BLOCK18/SES182/SA182S21	SES180	-2.74782	15.1407	17.8885
BLOCK18/SES182/SA182S23	SES117	-1.34549	17.2892	18.6347
BLOCK18/SES182/SA182S23	SES144	-1.45093	17.1838	18.6347
BLOCK18/SES182/SA182S23	SES180	-2.1842	16.4505	18.6347
BLOCK18/SES182/SA182S23	SES275	-0.884766	17.7499	18.6347
BLOCK18/SES182/SA182S25	SES007	-0.425762	18.2976	18.7233
BLOCK18/SES182/SA182S25	SES162	-0.892181	17.8311	18.7233
BLOCK18/SES182/SA182S25	SES177	-1.25724	17.4661	18.7233
BLOCK18/SES182/SA182S25	SES180	-1.77498	16.9483	18.7233
BLOCK18/SES184/SA184S12	SES177	-1.51647	17.3002	18.8166
BLOCK18/SES184/SA184S12	SES180	-0.967562	17.8491	18.8166
BLOCK18/SES184/SA184S12	SES189	-2.05088	16.7658	18.8166
BLOCK18/SES184/SA184S12	SES292	-1.50761	17.309	18.8166
BLOCK18/SES184/SA184S13	SES101	-1.59828	17.5761	19.1744
BLOCK18/SES184/SA184S13	SES177	-1.35085	17.8236	19.1744
BLOCK18/SES184/SA184S13	SES180	-2.36269	16.8117	19.1744
BLOCK18/SES184/SA184S13	SES292	-1.46371	17.7107	19.1744
BLOCK18/SES184/SA184S22	SES177	-1.67566	18.9097	20.5854
BLOCK18/SES184/SA184S22	SES180	-2.08152	18.5039	20.5854
BLOCK18/SES184/SA184S22	SES189	-2.57071	18.0147	20.5854
BLOCK18/SES184/SA184S22	SES292	-1.70327	18.8821	20.5854
BLOCK18/SES184/SA184S25	SES101	-0.934418	20.3798	21.3142
BLOCK18/SES184/SA184S25	SES177	-1.634	19.6802	21.3142
BLOCK18/SES184/SA184S25	SES180	-1.57267	19.7416	21.3142
BLOCK18/SES184/SA184S25	SES292	-1.29927	20.015	21.3142
BLOCK18/SES184/SA184S27	SES083	-1.2641	18.0316	19.2957
BLOCK18/SES184/SA184S27	SES177	-0.972263	18.3234	19.2957
BLOCK18/SES184/SA184S27	SES202	-1.64763	17.6481	19.2957
BLOCK18/SES184/SA184S27	SES292	-1.50176	17.7939	19.2957
BLOCK20/SES204/SA204S12	SES062	-1.89351	18.9253	20.8188
BLOCK20/SES204/SA204S12	SES083	-2.64497	18.1738	20.8188
BLOCK20/SES204/SA204S12	SES206	-1.65211	19.1667	20.8188
BLOCK20/SES204/SA204S12	SES226	-2.43567	18.3831	20.8188
BLOCK20/SES204/SA204S14	SES068	-2.04333	20.5197	22.5631
BLOCK20/SES204/SA204S14	SES087	-0.681763	21.8813	22.5631
BLOCK20/SES204/SA204S14	SES206	-1.84546	20.7176	22.5631
BLOCK20/SES204/SA204S14	SES226	-2.35407	20.209	22.5631
BLOCK20/SES204/SA204S22	SES068	-1.98545	19.1538	21.1393
BLOCK20/SES204/SA204S22	SES082	-2.83756	18.3017	21.1393
BLOCK20/SES204/SA204S22	SES083	-3.47421	17.6651	21.1393
BLOCK20/SES204/SA204S22	SES206	-2.34339	18.7959	21.1393
BLOCK20/SES204/SA204S25	SES062	-2.55521	18.3075	20.8627
BLOCK20/SES204/SA204S25	SES083	-2.42828	18.4344	20.8627
BLOCK20/SES204/SA204S25	SES206	-1.54449	19.3182	20.8627
BLOCK20/SES204/SA204S25	SES226	-2.00829	18.8544	20.8627
BLOCK20/SES204/SA204S27	SES068	-1.69807	18.4787	20.1768
BLOCK20/SES204/SA204S27	SES082	-2.33167	17.8451	20.1768
BLOCK20/SES204/SA204S27	SES087	-1.21229	18.9645	20.1768
BLOCK20/SES204/SA204S27	SES206	-1.88437	18.2924	20.1768
BLOCK20/SES207/SA207S10	SES127	-1.74525	17.3653	19.1105
BLOCK20/SES207/SA207S10	SES183	-2.04611	17.0644	19.1105
BLOCK20/SES207/SA207S10	SES189	-1.93168	17.1789	19.1105
BLOCK20/SES207/SA207S10	SES292	-2.05741	17.0531	19.1105
BLOCK20/SES207/SA207S11	SES127	-2.06906	16.792	18.861
BLOCK20/SES207/SA207S11	SES183	-1.57051	17.2905	18.861
BLOCK20/SES207/SA207S11	SES187	-1.75817	17.1029	18.861
BLOCK20/SES207/SA207S11	SES292	-1.43988	17.4212	18.861
BLOCK20/SES207/SA207S25	SES068	-1.34695	17.8054	19.1523
BLOCK20/SES207/SA207S25	SES083	-1.94127	17.2111	19.1523
BLOCK20/SES207/SA207S25	SES127	-1.13317	18.0192	19.1523
BLOCK20/SES207/SA207S25	SES187	-1.08471	18.0676	19.1523
BLOCK20/SES207/SA207S27	SES127	-2.03161	15.3255	17.3571
BLOCK20/SES207/SA207S27	SES183	-0.928099	16.429	17.3571
BLOCK20/SES207/SA207S27	SES187	-1.70597	15.6512	17.3571
BLOCK20/SES207/SA207S27	SES292	-1.89494	15.4622	17.3571
BLOCK20/SES207/SA207S29	SES083	-2.06216	16.4595	18.5216
BLOCK20/SES207/SA207S29	SES085	-1.09951	17.4221	18.5216
BLOCK20/SES207/SA207S29	SES172	-1.04759	17.4741	18.5216
BLOCK20/SES207/SA207S29	SES189	-2.06318	16.4585	18.5216
BLOCK22/SES221/SA221S12	SES068	-1.22342	18.5834	19.8068
BLOCK22/SES221/SA221S12	SES143	-1.78663	18.0202	19.8068
BLOCK22/SES221/SA221S12	SES175	-1.06921	18.7376	19.8068
BLOCK22/SES221/SA221S12	SES202	-0.881685	18.9251	19.8068
BLOCK22/SES221/SA221S15	SES085	-1.21846	16.7055	17.924
BLOCK22/SES221/SA221S15	SES143	-1.76374	16.1603	17.924
BLOCK22/SES221/SA221S15	SES175	-1.38203	16.542	17.924
BLOCK22/SES221/SA221S15	SES187	-1.59234	16.3317	17.924
BLOCK22/SES221/SA221S23	SES068	-1.19009	18.0121	19.2022
BLOCK22/SES221/SA221S23	SES143	-1.89217	17.31	19.2022
BLOCK22/SES221/SA221S23	SES175	-0.749584	18.4526	19.2022
BLOCK22/SES221/SA221S23	SES189	-0.8384	18.3638	19.2022
BLOCK22/SES221/SA221S27	SES085	0.240517	18.8636	18.623
BLOCK22/SES221/SA221S27	SES143	-0.966002	17.657	18.623
BLOCK22/SES221/SA221S27	SES175	-0.630796	17.9923	18.623
BLOCK22/SES221/SA221S27	SES189	0.288353	18.9114	18.623
BLOCK22/SES221/SA221S29	SES085	-0.178122	16.8165	16.9946
BLOCK22/SES221/SA221S29	SES143	-1.06973	15.9248	16.9946
BLOCK22/SES221/SA221S29	SES175	-1.17999	15.8146	16.9946
BLOCK22/SES221/SA221S29	SES187	-1.15255	15.842	16.9946
BLOCK22/SES223/SA223S11	SES143	-1.74205	15.4663	17.2084
BLOCK22/SES223/SA223S11	SES144	-2.90597	14.3024	17.2084
BLOCK22/SES223/SA223S11	SES175	-1.16394	16.0444	17.2084
BLOCK22/SES223/SA223S11	SES187	-2.08758	15.1208	17.2084
BLOCK22/SES223/SA223S13	SES068	-1.30497	15.5692	16.8742
BLOCK22/SES223/SA223S13	SES143	-2.34762	14.5266	16.8742
BLOCK22/SES223/SA223S13	SES146	-2.13713	14.7371	16.8742
BLOCK22/SES223/SA223S13	SES202	-0.671124	16.2031	16.8742
BLOCK22/SES223/SA223S22	SES143	-1.44879	16.4819	17.9307
BLOCK22/SES223/SA223S22	SES144	-2.92669	15.004	17.9307
BLOCK22/SES223/SA223S22	SES175	-1.3453	16.5854	17.9307
BLOCK22/SES223/SA223S22	SES187	-1.54447	16.3862	17.9307
BLOCK22/SES223/SA223S25	SES068	-1.57312	15.7776	17.3507
BLOCK22/SES223/SA223S25	SES143	-1.78724	15.5635	17.3507
BLOCK22/SES223/SA223S25	SES175	-1.39538	15.9554	17.3507
BLOCK22/SES223/SA223S25	SES187	-0.89863	16.4521	17.3507
BLOCK22/SES223/SA223S27	SES143	-1.8824	15.1566	17.039
BLOCK22/SES223/SA223S27	SES146	-1.67446	15.3645	17.039
BLOCK22/SES223/SA223S27	SES187	-1.41546	15.6235	17.039
BLOCK22/SES223/SA223S27	SES292	-0.984735	16.0543	17.039
BLOCK27/SES273/SA273S12	SES099	-0.870012	21.4396	22.3096
BLOCK27/SES273/SA273S12	SES104	-0.586658	21.723	22.3096
BLOCK27/SES273/SA273S12	SES125	-1.54104	20.7686	22.3096
BLOCK27/SES273/SA273S12	SES206	-0.80422	21.5054	22.3096
BLOCK27/SES273/SA273S13	SES099	-0.654215	21.8082	22.4624
BLOCK27/SES273/SA273S13	SES104	-0.792713	21.6697	22.4624
BLOCK27/SES273/SA273S13	SES206	-1.20611	21.2563	22.4624
BLOCK27/SES273/SA273S13	SES292	-1.2498	21.2126	22.4624
BLOCK27/SES273/SA273S21	SES099	-0.496038	21.3423	21.8384
BLOCK27/SES273/SA273S21	SES148	-3.04644	18.7919	21.8384
BLOCK27/SES273/SA273S21	SES149	-1.704	20.1344	21.8384
BLOCK27/SES273/SA273S21	SES177	-1.54014	20.2982	21.8384
BLOCK27/SES273/SA273S25	SES104	-1.03661	20.3756	21.4123
BLOCK27/SES273/SA273S25	SES125	-1.52891	19.8834	21.4123
BLOCK27/SES273/SA273S25	SES158	-0.666054	20.7462	21.4123
BLOCK27/SES273/SA273S25	SES206	-0.553799	20.8585	21.4123
BLOCK27/SES273/SA273S27	SES099	-0.556479	21.1227	21.6792
BLOCK27/SES273/SA273S27	SES104	-1.58893	20.0903	21.6792
BLOCK27/SES273/SA273S27	SES149	-1.40952	20.2697	21.6792
BLOCK27/SES273/SA273S27	SES275	-1.61561	20.0636	21.6792
BLOCK27/SES274/SA274S10	SES105	-1.97367	19.2508	21.2245
BLOCK27/SES274/SA274S10	SES125	-2.46029	18.7642	21.2245
BLOCK27/SES274/SA274S10	SES129	-1.09103	20.1335	21.2245
BLOCK27/SES274/SA274S10	SES158	-3.43262	17.7919	21.2245
BLOCK27/SES274/SA274S11	SES105	-1.08999	20.6349	21.7249
BLOCK27/SES274/SA274S11	SES149	-2.45018	19.2747	21.7249
BLOCK27/SES274/SA274S11	SES158	-2.40603	19.3189	21.7249
BLOCK27/SES274/SA274S11	SES275	-0.980333	20.7446	21.7249
BLOCK27/SES274/SA274S21	SES105	-1.914	18.8633	20.7773
BLOCK27/SES274/SA274S21	SES129	-0.97065	19.8066	20.7773
BLOCK27/SES274/SA274S21	SES149	-1.73011	19.0472	20.7773
BLOCK27/SES274/SA274S21	SES158	-4.23245	16.5448	20.7773
BLOCK27/SES274/SA274S24	SES105	-1.74973	20.0593	21.809
BLOCK27/SES274/SA274S24	SES129	-0.628046	21.181	21.809
BLOCK27/SES274/SA274S24	SES149	-2.38605	19.423	21.809
BLOCK27/SES274/SA274S24	SES158	-4.07224	17.7368	21.809
BLOCK27/SES274/SA274S29	SES105	-1.96734	18.5717	20.539
BLOCK27/SES274/SA274S29	SES106	-2.42605	18.113	20.539
BLOCK27/SES274/SA274S29	SES120	-1.1413	19.3977	20.539
BLOCK27/SES274/SA274S29	SES275	-1.20696	19.3321	20.539
BLOCK27/SES276/SA276S16	SES148	-2.25611	17.2913	19.5474
BLOCK27/SES276/SA276S16	SES172	-2.32459	17.2228	19.5474
BLOCK27/SES276/SA276S16	SES180	-2.3189	17.2285	19.5474
BLOCK27/SES276/SA276S16	SES292	-1.22349	18.3239	19.5474
BLOCK27/SES276/SA276S17	SES101	-1.26236	18.8922	20.1546
BLOCK27/SES276/SA276S17	SES177	-1.71722	18.4373	20.1546
BLOCK27/SES276/SA276S17	SES180	-1.45148	18.7031	20.1546
BLOCK27/SES276/SA276S17	SES292	-1.20695	18.9476	20.1546
BLOCK27/SES276/SA276S24	SES101	-0.898129	20.032	20.9301
BLOCK27/SES276/SA276S24	SES177	-1.12877	19.8013	20.9301
BLOCK27/SES276/SA276S24	SES180	-1.63078	19.2993	20.9301
BLOCK27/SES276/SA276S24	SES292	-2.04462	18.8855	20.9301
BLOCK27/SES276/SA276S26	SES101	-2.37841	18.6608	21.0392
BLOCK27/SES276/SA276S26	SES177	-1.02407	20.0151	21.0392
BLOCK27/SES276/SA276S26	SES180	-0.840801	20.1984	21.0392
BLOCK27/SES276/SA276S26	SES292	-0.7995	20.2397	21.0392
BLOCK27/SES276/SA276S28	SES101	-1.29984	19.4003	20.7002
BLOCK27/SES276/SA276S28	SES177	-1.91404	18.7861	20.7002
BLOCK27/SES276/SA276S28	SES180	-0.885866	19.8143	20.7002
BLOCK27/SES276/SA276S28	SES292	-1.02147	19.6787	20.7002
BLOCK27/SES277/SA277S12	SES101	-1.44936	16.6523	18.1017
BLOCK27/SES277/SA277S12	SES177	-2.27135	15.8303	18.1017
BLOCK27/SES277/SA277S12	SES180	-2.79662	15.3051	18.1017
BLOCK27/SES277/SA277S12	SES292	-2.06092	16.0408	18.1017
BLOCK27/SES277/SA277S14	SES177	-1.02577	16.2811	17.3069
BLOCK27/SES277/SA277S14	SES180	-2.6285	14.6784	17.3069
BLOCK27/SES277/SA277S14	SES189	-0.438158	16.8688	17.3069
BLOCK27/SES277/SA277S14	SES292	-2.17682	15.1301	17.3069
BLOCK27/SES277/SA277S21	SES177	-1.01935	18.453	19.4723
BLOCK27/SES277/SA277S21	SES180	-2.70851	16.7638	19.4723
BLOCK27/SES277/SA277S21	SES189	-1.17823	18.2941	19.4723
BLOCK27/SES277/SA277S21	SES292	-2.47916	16.9932	19.4723
BLOCK27/SES277/SA277S24	SES144	-2.07394	14.9053	16.9793
BLOCK27/SES277/SA277S24	SES177	-1.80258	15.1767	16.9793
BLOCK27/SES277/SA277S24	SES180	-2.74962	14.2296	16.9793
BLOCK27/SES277/SA277S24	SES189	-0.601175	16.3781	16.9793
BLOCK27/SES277/SA277S29	SES177	-1.08823	19.3539	20.4421
BLOCK27/SES277/SA277S29	SES180	-2.05761	18.3845	20.4421
BLOCK27/SES277/SA277S29	SES202	-1.22328	19.2188	20.4421
BLOCK27/SES277/SA277S29	SES292	-2.35423	18.0879	20.4421
BLOCK27/SES279/SA279S09	SES120	-1.82389	18.8792	20.7031
BLOCK27/SES279/SA279S09	SES146	-2.30869	18.3944	20.7031
BLOCK27/SES279/SA279S09	SES206	-1.48767	19.2154	20.7031
BLOCK27/SES279/SA279S09	SES226	-2.57071	18.1324	20.7031
BLOCK27/SES279/SA279S10	SES099	-0.583893	20.1296	20.7135
BLOCK27/SES279/SA279S10	SES206	-1.39151	19.322	20.7135
BLOCK27/SES279/SA279S10	SES226	-2.26288	18.4506	20.7135
BLOCK27/SES279/SA279S10	SES292	-0.660957	20.0525	20.7135
BLOCK27/SES279/SA279S20	SES099	-2.18233	18.2769	20.4592
BLOCK27/SES279/SA279S20	SES206	-0.62356	19.8356	20.4592
BLOCK27/SES279/SA279S20	SES226	-2.06024	18.3989	20.4592
BLOCK27/SES279/SA279S20	SES292	-0.617395	19.8418	20.4592
BLOCK27/SES279/SA279S26	SES099	-0.892187	19.3754	20.2676
BLOCK27/SES279/SA279S26	SES206	-0.412182	19.8554	20.2676
BLOCK27/SES279/SA279S26	SES226	-2.18419	18.0834	20.2676
BLOCK27/SES279/SA279S26	SES292	-0.470415	19.7971	20.2676
BLOCK27/SES279/SA279S28	SES099	-1.35019	21.2011	22.5513
BLOCK27/SES279/SA279S28	SES120	-1.36749	21.1838	22.5513
BLOCK27/SES279/SA279S28	SES177	-1.97907	20.5722	22.5513
BLOCK27/SES279/SA279S28	SES206	-1.44935	21.102	22.5513
BLOCK29/SES290/SA290S12	SES162	-1.31475	19.1591	20.4738
BLOCK29/SES290/SA290S12	SES177	-1.85824	18.6156	20.4738
BLOCK29/SES290/SA290S12	SES180	-2.36212	18.1117	20.4738
BLOCK29/SES290/SA290S12	SES292	-2.267	18.2068	20.4738
BLOCK29/SES290/SA290S13	SES007	-2.15171	17.6052	19.757
BLOCK29/SES290/SA290S13	SES162	-2.75506	17.0019	19.757
BLOCK29/SES290/SA290S13	SES177	-1.65895	18.098	19.757
BLOCK29/SES290/SA290S13	SES180	-2.08379	17.6732	19.757
BLOCK29/SES290/SA290S22	SES177	-0.653877	18.8032	19.4571
BLOCK29/SES290/SA290S22	SES180	-0.872437	18.5847	19.4571
BLOCK29/SES290/SA290S22	SES202	-1.07974	18.3773	19.4571
BLOCK29/SES290/SA290S22	SES292	-0.850948	18.6061	19.4571
BLOCK29/SES290/SA290S25	SES162	-1.56062	18.7289	20.2896
BLOCK29/SES290/SA290S25	SES177	-1.98008	18.3095	20.2896
BLOCK29/SES290/SA290S25	SES180	-2.23209	18.0575	20.2896
BLOCK29/SES290/SA290S25	SES292	-1.39858	18.891	20.2896
BLOCK29/SES290/SA290S29	SES177	-0.8564	19.5801	20.4365
BLOCK29/SES290/SA290S29	SES180	-1.53521	18.9013	20.4365
BLOCK29/SES290/SA290S29	SES275	-1.34658	19.0899	20.4365
BLOCK29/SES290/SA290S29	SES292	-1.32657	19.1099	20.4365
BLOCK29/SES291/SA291S11	SES105	-2.9084	15.3702	18.2786
BLOCK29/SES291/SA291S11	SES125	-1.14631	17.1323	18.2786
BLOCK29/SES291/SA291S11	SES158	-0.987495	17.2911	18.2786
BLOCK29/SES291/SA291S11	SES275	-2.48227	15.7963	18.2786
BLOCK29/SES291/SA291S12	SES158	0.108681	19.2861	19.1774
BLOCK29/SES291/SA291S12	SES226	-1.63595	17.5415	19.1774
BLOCK29/SES291/SA291S12	SES270	0.782879	19.9603	19.1774
BLOCK29/SES291/SA291S12	SES275	-3.40843	15.769	19.1774
BLOCK29/SES291/SA291S22	SES082	-1.247	18.6846	19.9316
BLOCK29/SES291/SA291S22	SES158	-0.806139	19.1255	19.9316
BLOCK29/SES291/SA291S22	SES259	-1.3676	18.564	19.9316
BLOCK29/SES291/SA291S22	SES275	-2.91173	17.0199	19.9316
BLOCK29/SES291/SA291S24	SES104	0.132019	21.3895	21.2575
BLOCK29/SES291/SA291S24	SES125	-0.717098	20.5404	21.2575
BLOCK29/SES291/SA291S24	SES158	-0.434298	20.8232	21.2575
BLOCK29/SES291/SA291S24	SES275	-2.8927	18.3648	21.2575
BLOCK29/SES291/SA291S27	SES158	-0.0882797	20.2849	20.3732
BLOCK29/SES291/SA291S27	SES172	-3.48698	16.8862	20.3732
BLOCK29/SES291/SA291S27	SES275	-3.42932	16.9439	20.3732
BLOCK29/SES291/SA291S27	SES292	-2.09096	18.2822	20.3732
