BLOCK00/SES002/SA002S12	SES002	1.8412	-40.0232	-41.8644
BLOCK00/SES002/SA002S13	SES002	1.51581	-40.34	-41.8558
BLOCK00/SES002/SA002S23	SES002	1.78175	-39.542	-41.3238
BLOCK00/SES002/SA002S26	SES002	1.69398	-39.8527	-41.5467
BLOCK00/SES002/SA002S28	SES002	1.28877	-40.4573	-41.7461
BLOCK00/SES007/SA007S14	SES007	1.20352	-40.1823	-41.3858
BLOCK00/SES007/SA007S15	SES007	0.422115	-41.8632	-42.2853
BLOCK00/SES007/SA007S24	SES007	0.72065	-41.7377	-42.4583
BLOCK00/SES007/SA007S27	SES007	0.727188	-41.7437	-42.4709
BLOCK00/SES007/SA007S29	SES007	0.773724	-40.7632	-41.5369
BLOCK00/SES008/SA008S11	SES008	1.27952	-41.2953	-42.5748
BLOCK00/SES008/SA008S12	SES008	0.950005	-41.1594	-42.1094
BLOCK00/SES008/SA008S19	SES008	1.48954	-40.4618	-41.9513
BLOCK00/SES008/SA008S22	SES008	1.06465	-41.694	-42.7587
BLOCK00/SES008/SA008S29	SES008	1.70218	-40.4332	-42.1353
BLOCK01/SES014/SA014S10	SES014	2.09366	-39.7331	-41.8268
BLOCK01/SES014/SA014S12	SES014	2.74384	-37.8404	-40.5842
BLOCK01/SES014/SA014S24	SES014	1.35484	-39.8948	-41.2497
BLOCK01/SES014/SA014S26	SES014	2.30942	-37.7296	-40.039
BLOCK01/SES014/SA014S28	SES014	2.13444	-38.4496	-40.584
BLOCK01/SES016/SA016S12	SES016	1.35659	-42.8154	-44.172
BLOCK01/SES016/SA016S13	SES016	1.68998	-41.3598	-43.0498
BLOCK01/SES016/SA016S22	SES016	1.24754	-41.8701	-43.1176
BLOCK01/SES016/SA016S25	SES016	1.68501	-39.2627	-40.9477
BLOCK01/SES016/SA016S27	SES016	1.49244	-40.1782	-41.6706
BLOCK01/SES019/SA019S13	SES019	2.78424	-40.5555	-43.3398
BLOCK01/SES019/SA019S14	SES019	1.78385	-40.7126	-42.4965
BLOCK01/SES019/SA019S22	SES019	2.66201	-39.9265	-42.5885
BLOCK01/SES019/SA019S25	SES019	2.15683	-40.8824	-43.0393
BLOCK01/SES019/SA019S29	SES019	3.34286	-40.3087	-43.6516
BLOCK02/SES029/SA029S11	SES029	1.58268	-41.0818	-42.6645
BLOCK02/SES029/SA029S12	SES029	0.691715	-41.3323	-42.024
BLOCK02/SES029/SA029S20	SES029	0.78046	-42.1323	-42.9127
BLOCK02/SES029/SA029S25	SES029	0.805939	-41.1609	-41.9669
BLOCK02/SES029/SA029S28	SES029	0.51553	-41.7272	-42.2428
BLOCK04/SES042/SA042S12	SES042	2.33176	-38.9685	-41.3003
BLOCK04/SES042/SA042S15	SES042	2.46675	-39.253	-41.7198
BLOCK04/SES042/SA042S22	SES042	3.2146	-37.7744	-40.989
BLOCK04/SES042/SA042S25	SES042	2.28049	-40.3506	-42.6311
BLOCK04/SES042/SA042S27	SES042	2.02166	-39.0055	-41.0272
BLOCK04/SES048/SA048S11	SES048	1.58108	-40.4962	-42.0772
BLOCK04/SES048/SA048S12	SES048	1.03509	-40.7153	-41.7504
BLOCK04/SES048/SA048S20	SES048	1.35418	-40.4322	-41.7864
BLOCK04/SES048/SA048S23	SES048	1.84999	-40.8256	-42.6756
BLOCK04/SES048/SA048S27	SES048	1.06758	-40.1863	-41.2539
BLOCK06/SES060/SA060S11	SES060	1.02959	-41.2754	-42.305
BLOCK06/SES060/SA060S12	SES060	-0.420986	-42.8744	-42.4534
BLOCK06/SES060/SA060S22	SES060	0.650951	-42.3602	-43.0111
BLOCK06/SES060/SA060S24	SES060	1.11829	-40.716	-41.8343
BLOCK06/SES060/SA060S28	SES060	0.978352	-39.5985	-40.5769
BLOCK06/SES062/SA062S10	SES062	1.08978	-40.8607	-41.9504
BLOCK06/SES062/SA062S11	SES062	1.35652	-40.5728	-41.9293
BLOCK06/SES062/SA062S21	SES062	2.06379	-38.5337	-40.5975
BLOCK06/SES062/SA062S26	SES062	0.694138	-40.0863	-40.7804
BLOCK06/SES062/SA062S29	SES062	1.19886	-39.775	-40.9739
BLOCK06/SES068/SA068S14	SES068	0.683079	-41.6861	-42.3692
BLOCK06/SES068/SA068S15	SES068	1.07262	-40.4416	-41.5142
BLOCK06/SES068/SA068S23	SES068	1.30186	-41.2432	-42.545
BLOCK06/SES068/SA068S27	SES068	1.99866	-39.7991	-41.7977
BLOCK06/SES068/SA068S29	SES068	1.10932	-40.5992	-41.7085
BLOCK08/SES082/SA082S12	SES082	1.22043	-41.4103	-42.6307
BLOCK08/SES082/SA082S14	SES082	0.947971	-41.6399	-42.5879
BLOCK08/SES082/SA082S21	SES082	0.887653	-41.2053	-42.093
BLOCK08/SES082/SA082S24	SES082	1.13675	-40.7034	-41.8401
BLOCK08/SES082/SA082S28	SES082	0.676651	-41.3786	-42.0553
BLOCK08/SES083/SA083S14	SES083	0.167046	-42.0683	-42.2354
BLOCK08/SES083/SA083S15	SES083	0.639942	-41.4413	-42.0812
BLOCK08/SES083/SA083S24	SES083	0.531982	-41.4742	-42.0062
BLOCK08/SES083/SA083S26	SES083	0.730625	-41.2583	-41.9889
BLOCK08/SES083/SA083S29	SES083	0.332966	-41.4309	-41.7639
BLOCK08/SES085/SA085S10	SES085	0.442436	-41.3542	-41.7966
BLOCK08/SES085/SA085S13	SES085	1.2646	-41.7711	-43.0357
BLOCK08/SES085/SA085S22	SES085	-1.76603	-44.3879	-42.6219
BLOCK08/SES085/SA085S26	SES085	0.232437	-41.8515	-42.0839
BLOCK08/SES085/SA085S28	SES085	1.15331	-41.0353	-42.1886
BLOCK08/SES087/SA087S15	SES087	1.71142	-40.5236	-42.235
BLOCK08/SES087/SA087S16	SES087	1.73214	-40.2738	-42.006
BLOCK08/SES087/SA087S24	SES087	1.43523	-40.7543	-42.1896
BLOCK08/SES087/SA087S26	SES087	1.50004	-39.2314	-40.7314
BLOCK08/SES087/SA087S29	SES087	1.80425	-40.3607	-42.1649
BLOCK09/SES099/SA099S15	SES099	1.20523	-41.0865	-42.2918
BLOCK09/SES099/SA099S16	SES099	1.20913	-40.5209	-41.73
BLOCK09/SES099/SA099S24	SES099	1.22686	-40.1253	-41.3522
BLOCK09/SES099/SA099S26	SES099	1.33439	-40.2322	-41.5666
BLOCK09/SES099/SA099S29	SES099	1.4831	-40.1365	-41.6196
BLOCK10/SES101/SA101S11	SES101	0.903873	-41.1412	-42.0451
BLOCK10/SES101/SA101S13	SES101	1.18372	-40.8394	-42.0231
BLOCK10/SES101/SA101S22	SES101	1.26514	-41.9371	-43.2023
BLOCK10/SES101/SA101S24	SES101	1.89665	-40.833	-42.7296
BLOCK10/SES101/SA101S28	SES101	-0.212387	-43.0495	-42.8372
BLOCK10/SES104/SA104S11	SES104	1.47354	-39.4366	-40.9101
BLOCK10/SES104/SA104S12	SES104	1.78617	-39.4879	-41.2741
BLOCK10/SES104/SA104S21	SES104	1.63437	-40.0333	-41.6676
BLOCK10/SES104/SA104S24	SES104	1.41842	-40.3834	-41.8018
BLOCK10/SES104/SA104S28	SES104	1.5104	-40.1476	-41.658
BLOCK10/SES105/SA105S12	SES105	0.594009	-42.3282	-42.9222
BLOCK10/SES105/SA105S13	SES105	1.04505	-41.4883	-42.5333
BLOCK10/SES105/SA105S22	SES105	0.515976	-42.6504	-43.1664
BLOCK10/SES105/SA105S26	SES105	1.26477	-41.8017	-43.0665
BLOCK10/SES105/SA105S29	SES105	0.786976	-41.8015	-42.5885
BLOCK10/SES106/SA106S09	SES106	1.66385	-41.4348	-43.0986
BLOCK10/SES106/SA106S11	SES106	1.38486	-40.0873	-41.4722
BLOCK10/SES106/SA106S22	SES106	2.62688	-40.2552	-42.882
BLOCK10/SES106/SA106S27	SES106	1.41523	-40.4557	-41.8709
BLOCK10/SES106/SA106S29	SES106	1.12337	-40.5235	-41.6468
BLOCK11/SES117/SA117S12	SES117	0.382305	-41.9434	-42.3257
BLOCK11/SES117/SA117S13	SES117	0.161583	-42.1092	-42.2708
BLOCK11/SES117/SA117S23	SES117	1.59604	-42.4279	-44.0239
BLOCK11/SES117/SA117S25	SES117	1.05756	-42.1877	-43.2453
BLOCK11/SES117/SA117S28	SES117	1.1636	-42.0181	-43.1817
BLOCK12/SES120/SA120S08	SES120	1.63354	-42.224	-43.8576
BLOCK12/SES120/SA120S11	SES120	0.617531	-43.7421	-44.3597
BLOCK12/SES120/SA120S22	SES120	0.629272	-41.6224	-42.2516
BLOCK12/SES120/SA120S24	SES120	0.821335	-41.9984	-42.8197
BLOCK12/SES120/SA120S28	SES120	0.451275	-43.3357	-43.787
BLOCK12/SES125/SA125S13	SES125	2.12107	-39.4862	-41.6073
BLOCK12/SES125/SA125S14	SES125	1.34036	-40.644	-41.9843
BLOCK12/SES125/SA125S25	SES125	1.64405	-40.0844	-41.7285
BLOCK12/SES125/SA125S27	SES125	1.96998	-39.3492	-41.3191
BLOCK12/SES125/SA125S29	SES125	1.71406	-39.9386	-41.6527
BLOCK12/SES127/SA127S11	SES127	0.793152	-41.6823	-42.4755
BLOCK12/SES127/SA127S12	SES127	0.00587463	-41.6707	-41.6766
BLOCK12/SES127/SA127S23	SES127	0.890076	-41.5887	-42.4788
BLOCK12/SES127/SA127S25	SES127	-0.017437	-42.3555	-42.338
BLOCK12/SES127/SA127S27	SES127	1.0303	-41.2905	-42.3208
BLOCK12/SES129/SA129S11	SES129	1.7016	-39.8343	-41.5358
BLOCK12/SES129/SA129S12	SES129	1.45458	-39.9033	-41.3579
BLOCK12/SES129/SA129S22	SES129	1.63409	-40.4296	-42.0636
BLOCK12/SES129/SA129S27	SES129	1.48959	-39.7717	-41.2613
BLOCK12/SES129/SA129S29	SES129	1.88095	-39.7086	-41.5896
BLOCK14/SES142/SA142S11	SES142	2.53595	-41.1255	-43.6615
BLOCK14/SES142/SA142S12	SES142	1.63572	-41.644	-43.2797
BLOCK14/SES142/SA142S24	SES142	2.19772	-41.5307	-43.7284
BLOCK14/SES142/SA142S27	SES142	2.50009	-40.7537	-43.2537
BLOCK14/SES142/SA142S29	SES142	2.44736	-40.3446	-42.792
BLOCK14/SES143/SA143S12	SES143	1.52676	-41.6096	-43.1363
BLOCK14/SES143/SA143S13	SES143	1.25721	-42.0538	-43.311
BLOCK14/SES143/SA143S23	SES143	1.7077	-41.8513	-43.559
BLOCK14/SES143/SA143S25	SES143	1.37553	-41.5182	-42.8937
BLOCK14/SES143/SA143S28	SES143	1.28717	-41.063	-42.3502
BLOCK14/SES144/SA144S09	SES144	0.880165	-41.3773	-42.2575
BLOCK14/SES144/SA144S11	SES144	1.3598	-42.0537	-43.4135
BLOCK14/SES144/SA144S21	SES144	0.32225	-42.3325	-42.6547
BLOCK14/SES144/SA144S25	SES144	0.882809	-41.8845	-42.7673
BLOCK14/SES144/SA144S29	SES144	0.369843	-41.8992	-42.2691
BLOCK14/SES146/SA146S14	SES146	0.898712	-41.9893	-42.888
BLOCK14/SES146/SA146S15	SES146	0.432831	-41.9174	-42.3502
BLOCK14/SES146/SA146S24	SES146	0.68861	-41.7472	-42.4358
BLOCK14/SES146/SA146S26	SES146	1.55932	-41.991	-43.5504
BLOCK14/SES146/SA146S29	SES146	0.775711	-42.7335	-43.5092
BLOCK14/SES147/SA147S11	SES147	1.53608	-41.8434	-43.3795
BLOCK14/SES147/SA147S13	SES147	1.9272	-40.6147	-42.5419
BLOCK14/SES147/SA147S23	SES147	1.2975	-42.0945	-43.392
BLOCK14/SES147/SA147S26	SES147	1.05157	-41.8153	-42.8669
BLOCK14/SES147/SA147S28	SES147	1.79827	-40.9854	-42.7837
BLOCK14/SES148/SA148S10	SES148	0.915054	-40.8245	-41.7395
BLOCK14/SES148/SA148S12	SES148	0.615936	-41.8502	-42.4661
BLOCK14/SES148/SA148S22	SES148	1.18118	-40.2549	-41.436
BLOCK14/SES148/SA148S26	SES148	0.904591	-41.3353	-42.2399
BLOCK14/SES148/SA148S29	SES148	0.474564	-41.7885	-42.2631
BLOCK14/SES149/SA149S13	SES149	0.763649	-41.1078	-41.8715
BLOCK14/SES149/SA149S14	SES149	0.391342	-40.8917	-41.2831
BLOCK14/SES149/SA149S24	SES149	1.67136	-40.4145	-42.0858
BLOCK14/SES149/SA149S26	SES149	2.0266	-39.9171	-41.9437
BLOCK14/SES149/SA149S28	SES149	3.16439	-39.0077	-42.1721
BLOCK15/SES158/SA158S13	SES158	1.04475	-41.3728	-42.4176
BLOCK15/SES158/SA158S14	SES158	1.72208	-41.0679	-42.7899
BLOCK15/SES158/SA158S23	SES158	1.00598	-40.9235	-41.9295
BLOCK15/SES158/SA158S26	SES158	1.85971	-40.5924	-42.4521
BLOCK15/SES158/SA158S28	SES158	0.908794	-41.4213	-42.3301
BLOCK16/SES162/SA162S10	SES162	1.20063	-42.2576	-43.4582
BLOCK16/SES162/SA162S11	SES162	1.23315	-41.406	-42.6392
BLOCK16/SES162/SA162S21	SES162	1.72486	-41.3024	-43.0273
BLOCK16/SES162/SA162S24	SES162	1.326	-41.732	-43.058
BLOCK16/SES162/SA162S27	SES162	1.38321	-41.9992	-43.3824
BLOCK16/SES167/SA167S14	SES167	1.58622	-40.4448	-42.031
BLOCK16/SES167/SA167S15	SES167	1.87332	-41.3414	-43.2148
BLOCK16/SES167/SA167S21	SES167	1.51863	-40.045	-41.5637
BLOCK16/SES167/SA167S25	SES167	1.97765	-40.7167	-42.6944
BLOCK16/SES167/SA167S29	SES167	2.44567	-39.7313	-42.1769
BLOCK17/SES172/SA172S12	SES172	1.79786	-41.4464	-43.2443
BLOCK17/SES172/SA172S13	SES172	1.98937	-41.7096	-43.699
BLOCK17/SES172/SA172S23	SES172	1.0167	-40.6486	-41.6653
BLOCK17/SES172/SA172S27	SES172	0.917072	-41.9378	-42.8549
BLOCK17/SES172/SA172S29	SES172	1.54415	-41.6538	-43.1979
BLOCK17/SES175/SA175S11	SES175	1.53024	-41.4285	-42.9587
BLOCK17/SES175/SA175S13	SES175	1.18554	-41.3694	-42.5549
BLOCK17/SES175/SA175S23	SES175	1.77047	-41.3932	-43.1636
BLOCK17/SES175/SA175S25	SES175	1.16351	-42.7545	-43.918
BLOCK17/SES175/SA175S28	SES175	1.66362	-41.0845	-42.7481
BLOCK17/SES177/SA177S15	SES177	0.858913	-41.5568	-42.4157
BLOCK17/SES177/SA177S17	SES177	0.824486	-41.4677	-42.2922
BLOCK17/SES177/SA177S23	SES177	0.560925	-42.1621	-42.723
BLOCK17/SES177/SA177S26	SES177	0.769455	-40.0951	-40.8645
BLOCK17/SES177/SA177S28	SES177	0.749043	-41.026	-41.775
BLOCK18/SES180/SA180S13	SES180	1.30659	-41.3481	-42.6547
BLOCK18/SES180/SA180S15	SES180	1.33952	-41.6299	-42.9694
BLOCK18/SES180/SA180S24	SES180	1.14179	-40.1535	-41.2953
BLOCK18/SES180/SA180S26	SES180	0.922359	-41.122	-42.0443
BLOCK18/SES180/SA180S29	SES180	1.34204	-41.7316	-43.0736
BLOCK18/SES183/SA183S13	SES183	1.00918	-42.07	-43.0792
BLOCK18/SES183/SA183S14	SES183	0.680252	-42.3124	-42.9927
BLOCK18/SES183/SA183S24	SES183	1.5839	-41.7344	-43.3183
BLOCK18/SES183/SA183S27	SES183	1.20018	-41.5126	-42.7128
BLOCK18/SES183/SA183S29	SES183	1.32845	-41.0453	-42.3738
BLOCK18/SES187/SA187S13	SES187	0.923576	-42.7361	-43.6597
BLOCK18/SES187/SA187S14	SES187	1.00008	-42.1979	-43.198
BLOCK18/SES187/SA187S24	SES187	1.53491	-41.4558	-42.9907
BLOCK18/SES187/SA187S27	SES187	1.14715	-41.468	-42.6151
BLOCK18/SES187/SA187S29	SES187	0.969879	-42.3577	-43.3275
BLOCK18/SES189/SA189S10	SES189	1.73319	-43.5295	-45.2627
BLOCK18/SES189/SA189S13	SES189	2.30444	-43.6376	-45.942
BLOCK18/SES189/SA189S24	SES189	2.6073	-42.5676	-45.1749
BLOCK18/SES189/SA189S26	SES189	1.31011	-42.8194	-44.1295
BLOCK18/SES189/SA189S29	SES189	2.0731	-42.5802	-44.6533
BLOCK20/SES202/SA202S12	SES202	1.67841	-42.4223	-44.1007
BLOCK20/SES202/SA202S14	SES202	3.0809	-40.7241	-43.805
BLOCK20/SES202/SA202S24	SES202	1.94506	-41.7243	-43.6694
BLOCK20/SES202/SA202S27	SES202	2.13758	-40.5425	-42.68
BLOCK20/SES202/SA202S29	SES202	2.88028	-40.2475	-43.1278
BLOCK20/SES206/SA206S15	SES206	0.0702667	-40.7991	-40.8693
BLOCK20/SES206/SA206S17	SES206	2.12751	-39.3748	-41.5023
BLOCK20/SES206/SA206S24	SES206	1.90372	-39.3514	-41.2551
BLOCK20/SES206/SA206S27	SES206	1.99681	-40.1736	-42.1704
BLOCK20/SES206/SA206S29	SES206	1.57042	-39.2547	-40.8251
BLOCK22/SES226/SA226S12	SES226	1.12847	-41.3415	-42.47
BLOCK22/SES226/SA226S13	SES226	-0.0932922	-41.9529	-41.8596
BLOCK22/SES226/SA226S20	SES226	1.00427	-41.4679	-42.4722
BLOCK22/SES226/SA226S23	SES226	1.43282	-40.426	-41.8588
BLOCK22/SES226/SA226S28	SES226	1.78744	-40.139	-41.9265
BLOCK25/SES259/SA259S13	SES259	2.86919	-39.0192	-41.8883
BLOCK25/SES259/SA259S14	SES259	2.15704	-39.4954	-41.6525
BLOCK25/SES259/SA259S22	SES259	1.63107	-39.9567	-41.5878
BLOCK25/SES259/SA259S24	SES259	1.66553	-39.5186	-41.1841
BLOCK25/SES259/SA259S28	SES259	1.78773	-39.3387	-41.1265
BLOCK27/SES270/SA270S14	SES270	2.13873	-41.0765	-43.2152
BLOCK27/SES270/SA270S16	SES270	0.946384	-41.117	-42.0634
BLOCK27/SES270/SA270S22	SES270	2.4867	-40.1012	-42.5879
BLOCK27/SES270/SA270S26	SES270	1.47417	-41.6657	-43.1399
BLOCK27/SES270/SA270S28	SES270	1.0062	-40.7337	-41.7399
BLOCK27/SES275/SA275S17	SES275	1.12461	-41.9283	-43.0529
BLOCK27/SES275/SA275S18	SES275	0.329544	-42.0647	-42.3942
BLOCK27/SES275/SA275S24	SES275	0.896187	-42.5623	-43.4585
BLOCK27/SES275/SA275S26	SES275	0.879845	-41.1366	-42.0164
BLOCK27/SES275/SA275S28	SES275	0.190514	-41.6273	-41.8178
BLOCK29/SES292/SA292S10	SES292	0.453846	-41.7816	-42.2354
BLOCK29/SES292/SA292S12	SES292	0.437439	-42.7479	-43.1854
BLOCK29/SES292/SA292S22	SES292	1.01218	-41.0558	-42.068
BLOCK29/SES292/SA292S24	SES292	0.724976	-41.0877	-41.8127
BLOCK29/SES292/SA292S27	SES292	0.102402	-41.1531	-41.2555
BLOCK00/SES001/SA001S14	SES062	-1.7849	-43.8911	-42.1062
BLOCK00/SES001/SA001S14	SES082	-1.70114	-43.8074	-42.1062
BLOCK00/SES001/SA001S14	SES106	-2.30356	-44.4098	-42.1062
BLOCK00/SES001/SA001S14	SES206	-1.90748	-44.0137	-42.1062
BLOCK00/SES001/SA001S15	SES062	-1.6929	-42.8253	-41.1324
BLOCK00/SES001/SA001S15	SES104	-1.97036	-43.1027	-41.1324
BLOCK00/SES001/SA001S15	SES106	-1.71023	-42.8426	-41.1324
BLOCK00/SES001/SA001S15	SES206	-1.46129	-42.5937	-41.1324
BLOCK00/SES001/SA001S24	SES062	-2.28607	-44.6602	-42.3741
BLOCK00/SES001/SA001S24	SES082	-1.52375	-43.8979	-42.3741
BLOCK00/SES001/SA001S24	SES087	-1.71096	-44.0851	-42.3741
BLOCK00/SES001/SA001S24	SES206	-1.44241	-43.8165	-42.3741
BLOCK00/SES001/SA001S27	SES062	-1.25943	-42.4497	-41.1902
BLOCK00/SES001/SA001S27	SES082	-2.26218	-43.4524	-41.1902
BLOCK00/SES001/SA001S27	SES087	-2.94795	-44.1382	-41.1902
BLOCK00/SES001/SA001S27	SES206	-2.78205	-43.9723	-41.1902
BLOCK00/SES001/SA001S29	SES062	-1.86919	-44.0502	-42.181
BLOCK00/SES001/SA001S29	SES082	-1.43808	-43.6191	-42.181
BLOCK00/SES001/SA001S29	SES158	-0.960819	-43.1419	-42.181
BLOCK00/SES001/SA001S29	SES206	-2.66063	-44.8417	-42.181
BLOCK00/SES003/SA003S11	SES002	-0.214252	-42.145	-41.9308
BLOCK00/SES003/SA003S11	SES019	-1.21704	-43.1478	-41.9308
BLOCK00/SES003/SA003S11	SES082	-0.021656	-41.9524	-41.9308
BLOCK00/SES003/SA003S11	SES125	-0.317291	-42.2481	-41.9308
BLOCK00/SES003/SA003S15	SES016	-2.48981	-44.0128	-41.523
BLOCK00/SES003/SA003S15	SES019	-0.846958	-42.37	-41.523
BLOCK00/SES003/SA003S15	SES062	-1.90589	-43.4289	-41.523
BLOCK00/SES003/SA003S15	SES206	-0.434856	-41.9579	-41.523
BLOCK00/SES003/SA003S22	SES002	-0.440029	-41.9286	-41.4885
BLOCK00/SES003/SA003S22	SES062	-1.09245	-42.581	-41.4885
BLOCK00/SES003/SA003S22	SES082	-0.333347	-41.8219	-41.4885
BLOCK00/SES003/SA003S22	SES087	-0.671463	-42.16	-41.4885
BLOCK00/SES003/SA003S25	SES062	-3.19396	-45.0955	-41.9016
BLOCK00/SES003/SA003S25	SES082	-0.143162	-42.0447	-41.9016
BLOCK00/SES003/SA003S25	SES087	-1.26525	-43.1668	-41.9016
BLOCK00/SES003/SA003S25	SES206	-0.615505	-42.5171	-41.9016
BLOCK00/SES003/SA003S29	SES002	-0.590836	-42.5261	-41.9353
BLOCK00/SES003/SA003S29	SES062	-1.98802	-43.9233	-41.9353
BLOCK00/SES003/SA003S29	SES082	-0.00466537	-41.94	-41.9353
BLOCK00/SES003/SA003S29	SES087	-0.833843	-42.7691	-41.9353
BLOCK00/SES004/SA004S12	SES083	-0.754009	-43.9313	-43.1773
BLOCK00/SES004/SA004S12	SES148	-1.48258	-44.6599	-43.1773
BLOCK00/SES004/SA004S12	SES172	-0.801582	-43.9789	-43.1773
BLOCK00/SES004/SA004S12	SES292	-1.49399	-44.6713	-43.1773
BLOCK00/SES004/SA004S17	SES083	-1.0394	-44.0806	-43.0412
BLOCK00/SES004/SA004S17	SES162	-0.37468	-43.4159	-43.0412
BLOCK00/SES004/SA004S17	SES172	-1.22155	-44.2628	-43.0412
BLOCK00/SES004/SA004S17	SES292	-1.57016	-44.6114	-43.0412
BLOCK00/SES004/SA004S24	SES083	-0.815876	-43.1279	-42.312
BLOCK00/SES004/SA004S24	SES148	-1.35601	-43.6681	-42.312
BLOCK00/SES004/SA004S24	SES172	-0.429661	-42.7417	-42.312
BLOCK00/SES004/SA004S24	SES292	-0.647415	-42.9595	-42.312
BLOCK00/SES004/SA004S26	SES083	-0.502686	-43.2059	-42.7032
BLOCK00/SES004/SA004S26	SES127	-0.439983	-43.1432	-42.7032
BLOCK00/SES004/SA004S26	SES148	-2.36501	-45.0682	-42.7032
BLOCK00/SES004/SA004S26	SES292	-1.44965	-44.1528	-42.7032
BLOCK00/SES004/SA004S28	SES083	-0.761429	-42.994	-42.2325
BLOCK00/SES004/SA004S28	SES127	-0.548222	-42.7808	-42.2325
BLOCK00/SES004/SA004S28	SES187	-0.570034	-42.8026	-42.2325
BLOCK00/SES004/SA004S28	SES292	-1.50106	-43.7336	-42.2325
BLOCK00/SES006/SA006S10	SES014	-2.52082	-46.5602	-44.0393
BLOCK00/SES006/SA006S10	SES158	-0.353184	-44.3925	-44.0393
BLOCK00/SES006/SA006S10	SES226	-2.30365	-46.343	-44.0393
BLOCK00/SES006/SA006S10	SES270	0.0509262	-43.9884	-44.0393
BLOCK00/SES006/SA006S11	SES158	-0.323986	-44.2922	-43.9682
BLOCK00/SES006/SA006S11	SES226	-1.4722	-45.4404	-43.9682
BLOCK00/SES006/SA006S11	SES270	-0.143089	-44.1113	-43.9682
BLOCK00/SES006/SA006S11	SES275	-2.38485	-46.353	-43.9682
BLOCK00/SES006/SA006S23	SES062	-1.73962	-44.3868	-42.6472
BLOCK00/SES006/SA006S23	SES105	-1.59768	-44.2449	-42.6472
BLOCK00/SES006/SA006S23	SES158	-0.471577	-43.1188	-42.6472
BLOCK00/SES006/SA006S23	SES275	-1.61119	-44.2584	-42.6472
BLOCK00/SES006/SA006S26	SES104	-1.474	-43.8889	-42.4149
BLOCK00/SES006/SA006S26	SES158	-0.0151672	-42.4301	-42.4149
BLOCK00/SES006/SA006S26	SES270	0.402756	-42.0122	-42.4149
BLOCK00/SES006/SA006S26	SES275	-2.34293	-44.7578	-42.4149
BLOCK00/SES006/SA006S28	SES007	-2.17001	-45.5917	-43.4217
BLOCK00/SES006/SA006S28	SES105	-1.62746	-45.0492	-43.4217
BLOCK00/SES006/SA006S28	SES158	-0.553326	-43.975	-43.4217
BLOCK00/SES006/SA006S28	SES275	-2.27057	-45.6923	-43.4217
BLOCK00/SES009/SA009S12	SES083	-1.06646	-43.0373	-41.9708
BLOCK00/SES009/SA009S12	SES148	-0.969578	-42.9404	-41.9708
BLOCK00/SES009/SA009S12	SES177	-1.21638	-43.1872	-41.9708
BLOCK00/SES009/SA009S12	SES292	-0.226345	-42.1972	-41.9708
BLOCK00/SES009/SA009S15	SES007	0.110485	-40.895	-41.0055
BLOCK00/SES009/SA009S15	SES099	-4.29245	-45.298	-41.0055
BLOCK00/SES009/SA009S15	SES148	-1.49886	-42.5044	-41.0055
BLOCK00/SES009/SA009S15	SES172	-1.38451	-42.39	-41.0055
BLOCK00/SES009/SA009S24	SES146	-0.640972	-42.1761	-41.5352
BLOCK00/SES009/SA009S24	SES148	-1.24948	-42.7846	-41.5352
BLOCK00/SES009/SA009S24	SES177	-1.03919	-42.5744	-41.5352
BLOCK00/SES009/SA009S24	SES292	-0.429882	-41.965	-41.5352
BLOCK00/SES009/SA009S26	SES083	-1.42211	-43.3535	-41.9313
BLOCK00/SES009/SA009S26	SES101	-1.22135	-43.1527	-41.9313
BLOCK00/SES009/SA009S26	SES120	-0.588139	-42.5195	-41.9313
BLOCK00/SES009/SA009S26	SES177	-1.35966	-43.291	-41.9313
BLOCK00/SES009/SA009S29	SES083	-0.684654	-42.268	-41.5833
BLOCK00/SES009/SA009S29	SES101	-0.745464	-42.3288	-41.5833
BLOCK00/SES009/SA009S29	SES177	-0.941746	-42.5251	-41.5833
BLOCK00/SES009/SA009S29	SES292	-0.798851	-42.3822	-41.5833
BLOCK01/SES011/SA011S10	SES019	-0.647053	-42.8047	-42.1577
BLOCK01/SES011/SA011S10	SES042	-0.0514679	-42.2092	-42.1577
BLOCK01/SES011/SA011S10	SES082	-1.42298	-43.5807	-42.1577
BLOCK01/SES011/SA011S10	SES206	-0.736824	-42.8945	-42.1577
BLOCK01/SES011/SA011S11	SES019	-0.318172	-43.0574	-42.7392
BLOCK01/SES011/SA011S11	SES042	-0.201385	-42.9406	-42.7392
BLOCK01/SES011/SA011S11	SES082	-1.13007	-43.8693	-42.7392
BLOCK01/SES011/SA011S11	SES206	-0.231094	-42.9703	-42.7392
BLOCK01/SES011/SA011S22	SES019	0.17897	-42.2074	-42.3864
BLOCK01/SES011/SA011S22	SES042	0.102268	-42.2841	-42.3864
BLOCK01/SES011/SA011S22	SES082	-1.02909	-43.4155	-42.3864
BLOCK01/SES011/SA011S22	SES206	-0.139793	-42.5262	-42.3864
BLOCK01/SES011/SA011S24	SES019	-0.349415	-42.1469	-41.7975
BLOCK01/SES011/SA011S24	SES042	-0.132965	-41.9305	-41.7975
BLOCK01/SES011/SA011S24	SES104	-0.984501	-42.782	-41.7975
BLOCK01/SES011/SA011S24	SES206	-0.0471191	-41.8446	-41.7975
BLOCK01/SES011/SA011S27	SES082	0.222992	-41.4268	-41.6498
BLOCK01/SES011/SA011S27	SES087	-0.547516	-42.1973	-41.6498
BLOCK01/SES011/SA011S27	SES125	-0.100956	-41.7508	-41.6498
BLOCK01/SES011/SA011S27	SES206	0.0943108	-41.5555	-41.6498
BLOCK01/SES012/SA012S11	SES007	-1.62668	-42.3359	-40.7092
BLOCK01/SES012/SA012S11	SES082	-0.659904	-41.3691	-40.7092
BLOCK01/SES012/SA012S11	SES083	-1.85304	-42.5622	-40.7092
BLOCK01/SES012/SA012S11	SES206	-0.267269	-40.9765	-40.7092
BLOCK01/SES012/SA012S14	SES082	-0.743988	-41.9813	-41.2373
BLOCK01/SES012/SA012S14	SES087	-1.42747	-42.6648	-41.2373
BLOCK01/SES012/SA012S14	SES206	-0.838226	-42.0755	-41.2373
BLOCK01/SES012/SA012S14	SES292	-2.15618	-43.3935	-41.2373
BLOCK01/SES012/SA012S24	SES082	0.510799	-41.9761	-42.4869
BLOCK01/SES012/SA012S24	SES087	-0.221264	-42.7082	-42.4869
BLOCK01/SES012/SA012S24	SES120	-3.4892	-45.9761	-42.4869
BLOCK01/SES012/SA012S24	SES206	-0.194462	-42.6814	-42.4869
BLOCK01/SES012/SA012S26	SES019	-1.24928	-42.6461	-41.3968
BLOCK01/SES012/SA012S26	SES082	-0.782619	-42.1794	-41.3968
BLOCK01/SES012/SA012S26	SES206	0.255241	-41.1415	-41.3968
BLOCK01/SES012/SA012S26	SES292	-2.49167	-43.8885	-41.3968
BLOCK01/SES012/SA012S29	SES062	-1.18673	-42.339	-41.1523
BLOCK01/SES012/SA012S29	SES082	-0.525318	-41.6776	-41.1523
BLOCK01/SES012/SA012S29	SES083	-1.97104	-43.1234	-41.1523
BLOCK01/SES012/SA012S29	SES206	-0.517773	-41.6701	-41.1523
BLOCK01/SES013/SA013S16	SES062	-2.82155	-44.381	-41.5594
BLOCK01/SES013/SA013S16	SES106	-0.183495	-41.7429	-41.5594
BLOCK01/SES013/SA013S16	SES206	-0.692642	-42.2521	-41.5594
BLOCK01/SES013/SA013S16	SES226	-0.112694	-41.6721	-41.5594
BLOCK01/SES013/SA013S17	SES062	-2.22717	-43.0605	-40.8333
BLOCK01/SES013/SA013S17	SES106	-1.12982	-41.9632	-40.8333
BLOCK01/SES013/SA013S17	SES206	-0.105064	-40.9384	-40.8333
BLOCK01/SES013/SA013S17	SES226	0.0373039	-40.796	-40.8333
BLOCK01/SES013/SA013S23	SES104	-0.81229	-42.7203	-41.908
BLOCK01/SES013/SA013S23	SES106	-0.0173416	-41.9254	-41.908
BLOCK01/SES013/SA013S23	SES206	-0.847828	-42.7558	-41.908
BLOCK01/SES013/SA013S23	SES270	0.00585175	-41.9022	-41.908
BLOCK01/SES013/SA013S25	SES042	-1.31564	-42.3731	-41.0575
BLOCK01/SES013/SA013S25	SES104	-0.588604	-41.6461	-41.0575
BLOCK01/SES013/SA013S25	SES106	-0.193954	-41.2514	-41.0575
BLOCK01/SES013/SA013S25	SES206	-0.752483	-41.81	-41.0575
BLOCK01/SES013/SA013S29	SES062	-2.89108	-44.5276	-41.6365
BLOCK01/SES013/SA013S29	SES104	-0.926136	-42.5627	-41.6365
BLOCK01/SES013/SA013S29	SES106	-0.195946	-41.8325	-41.6365
BLOCK01/SES013/SA013S29	SES206	-0.737541	-42.3741	-41.6365
BLOCK02/SES021/SA021S13	SES016	-2.65053	-44.0855	-41.435
BLOCK02/SES021/SA021S13	SES029	-2.63825	-44.0732	-41.435
BLOCK02/SES021/SA021S13	SES087	-0.663651	-42.0986	-41.435
BLOCK02/SES021/SA021S13	SES206	-0.313602	-41.7486	-41.435
BLOCK02/SES021/SA021S15	SES087	-0.556389	-40.87	-40.3136
BLOCK02/SES021/SA021S15	SES125	0.113407	-40.2002	-40.3136
BLOCK02/SES021/SA021S15	SES206	-0.128967	-40.4426	-40.3136
BLOCK02/SES021/SA021S15	SES226	-0.896267	-41.2099	-40.3136
BLOCK02/SES021/SA021S23	SES062	-2.69284	-44.867	-42.1741
BLOCK02/SES021/SA021S23	SES087	-1.16293	-43.3371	-42.1741
BLOCK02/SES021/SA021S23	SES206	-1.15953	-43.3337	-42.1741
BLOCK02/SES021/SA021S23	SES226	-0.729477	-42.9036	-42.1741
BLOCK02/SES021/SA021S27	SES002	-1.04821	-41.6846	-40.6364
BLOCK02/SES021/SA021S27	SES016	-3.54747	-44.1838	-40.6364
BLOCK02/SES021/SA021S27	SES019	-1.6072	-42.2436	-40.6364
BLOCK02/SES021/SA021S27	SES062	-1.46139	-42.0977	-40.6364
BLOCK02/SES021/SA021S29	SES087	-1.25788	-42.1313	-40.8734
BLOCK02/SES021/SA021S29	SES125	-0.318806	-41.1922	-40.8734
BLOCK02/SES021/SA021S29	SES206	-0.403969	-41.2773	-40.8734
BLOCK02/SES021/SA021S29	SES226	-1.1066	-41.98	-40.8734
BLOCK04/SES043/SA043S09	SES083	-0.458221	-43.6843	-43.2261
BLOCK04/SES043/SA043S09	SES101	-2.08858	-45.3147	-43.2261
BLOCK04/SES043/SA043S09	SES144	0.136532	-43.0895	-43.2261
BLOCK04/SES043/SA043S09	SES172	-2.88092	-46.107	-43.2261
BLOCK04/SES043/SA043S11	SES083	0.186565	-41.7434	-41.93
BLOCK04/SES043/SA043S11	SES101	-0.821339	-42.7513	-41.93
BLOCK04/SES043/SA043S11	SES144	-0.127277	-42.0572	-41.93
BLOCK04/SES043/SA043S11	SES172	-0.416553	-42.3465	-41.93
BLOCK04/SES043/SA043S23	SES083	0.328194	-42.247	-42.5752
BLOCK04/SES043/SA043S23	SES144	0.538212	-42.0369	-42.5752
BLOCK04/SES043/SA043S23	SES177	-1.52104	-44.0962	-42.5752
BLOCK04/SES043/SA043S23	SES275	-0.122093	-42.6973	-42.5752
BLOCK04/SES043/SA043S26	SES083	-0.781879	-43.1756	-42.3937
BLOCK04/SES043/SA043S26	SES101	-1.00837	-43.402	-42.3937
BLOCK04/SES043/SA043S26	SES144	-0.0853195	-42.479	-42.3937
BLOCK04/SES043/SA043S26	SES177	-1.46862	-43.8623	-42.3937
BLOCK04/SES043/SA043S28	SES016	-0.736492	-42.4371	-41.7006
BLOCK04/SES043/SA043S28	SES083	-0.173618	-41.8742	-41.7006
BLOCK04/SES043/SA043S28	SES101	-0.541794	-42.2424	-41.7006
BLOCK04/SES043/SA043S28	SES144	-0.216679	-41.9173	-41.7006
BLOCK04/SES044/SA044S10	SES127	-1.88335	-46.6879	-44.8045
BLOCK04/SES044/SA044S10	SES144	0.0302124	-44.7743	-44.8045
BLOCK04/SES044/SA044S10	SES147	-2.2147	-47.0192	-44.8045
BLOCK04/SES044/SA044S10	SES148	-1.68309	-46.4876	-44.8045
BLOCK04/SES044/SA044S11	SES101	-0.829773	-44.9431	-44.1133
BLOCK04/SES044/SA044S11	SES144	0.41354	-43.6998	-44.1133
BLOCK04/SES044/SA044S11	SES147	-1.64379	-45.7571	-44.1133
BLOCK04/SES044/SA044S11	SES177	-1.47251	-45.5858	-44.1133
BLOCK04/SES044/SA044S24	SES007	-1.43361	-44.9735	-43.5399
BLOCK04/SES044/SA044S24	SES101	-0.437771	-43.9777	-43.5399
BLOCK04/SES044/SA044S24	SES147	-1.79916	-45.3391	-43.5399
BLOCK04/SES044/SA044S24	SES177	-1.29918	-44.8391	-43.5399
BLOCK04/SES044/SA044S26	SES007	-0.952076	-43.7996	-42.8475
BLOCK04/SES044/SA044S26	SES016	-0.405766	-43.2533	-42.8475
BLOCK04/SES044/SA044S26	SES101	-0.452477	-43.3	-42.8475
BLOCK04/SES044/SA044S26	SES147	-0.586212	-43.4337	-42.8475
BLOCK04/SES044/SA044S29	SES007	-0.762222	-43.0412	-42.279
BLOCK04/SES044/SA044S29	SES101	-0.263596	-42.5426	-42.279
BLOCK04/SES044/SA044S29	SES147	-1.73562	-44.0146	-42.279
BLOCK04/SES044/SA044S29	SES177	-1.18645	-43.4654	-42.279
BLOCK04/SES046/SA046S13	SES101	-2.45189	-46.0134	-43.5615
BLOCK04/SES046/SA046S13	SES144	0.0533867	-43.5081	-43.5615
BLOCK04/SES046/SA046S13	SES147	-1.75641	-45.3179	-43.5615
BLOCK04/SES046/SA046S13	SES177	-0.486671	-44.0482	-43.5615
BLOCK04/SES046/SA046S15	SES048	-1.46407	-43.3759	-41.9118
BLOCK04/SES046/SA046S15	SES083	-0.367226	-42.279	-41.9118
BLOCK04/SES046/SA046S15	SES120	-1.43822	-43.35	-41.9118
BLOCK04/SES046/SA046S15	SES148	-0.392307	-42.3041	-41.9118
BLOCK04/SES046/SA046S22	SES101	-0.971504	-44.0309	-43.0594
BLOCK04/SES046/SA046S22	SES144	-0.175339	-43.2347	-43.0594
BLOCK04/SES046/SA046S22	SES147	-1.99936	-45.0588	-43.0594
BLOCK04/SES046/SA046S22	SES172	-0.716133	-43.7755	-43.0594
BLOCK04/SES046/SA046S25	SES083	-0.677914	-43.1448	-42.4669
BLOCK04/SES046/SA046S25	SES127	-0.990047	-43.457	-42.4669
BLOCK04/SES046/SA046S25	SES144	-0.69194	-43.1588	-42.4669
BLOCK04/SES046/SA046S25	SES148	-1.10644	-43.5733	-42.4669
BLOCK04/SES046/SA046S28	SES007	-1.80185	-45.0854	-43.2835
BLOCK04/SES046/SA046S28	SES105	-1.35466	-44.6382	-43.2835
BLOCK04/SES046/SA046S28	SES147	-1.53036	-44.8139	-43.2835
BLOCK04/SES046/SA046S28	SES148	-1.019	-44.3025	-43.2835
BLOCK04/SES049/SA049S16	SES104	-1.02747	-43.9816	-42.9542
BLOCK04/SES049/SA049S16	SES106	-0.724747	-43.6789	-42.9542
BLOCK04/SES049/SA049S16	SES120	-2.6046	-45.5588	-42.9542
BLOCK04/SES049/SA049S16	SES206	-0.655594	-43.6098	-42.9542
BLOCK04/SES049/SA049S18	SES099	0.0602264	-43.8661	-43.9263
BLOCK04/SES049/SA049S18	SES104	-1.30016	-45.2265	-43.9263
BLOCK04/SES049/SA049S18	SES125	-1.91468	-45.841	-43.9263
BLOCK04/SES049/SA049S18	SES206	-1.03249	-44.9588	-43.9263
BLOCK04/SES049/SA049S25	SES087	-0.276863	-42.7966	-42.5197
BLOCK04/SES049/SA049S25	SES104	-0.426086	-42.9458	-42.5197
BLOCK04/SES049/SA049S25	SES125	-1.33759	-43.8573	-42.5197
BLOCK04/SES049/SA049S25	SES206	-0.313774	-42.8335	-42.5197
BLOCK04/SES049/SA049S27	SES099	-0.285187	-42.2075	-41.9223
BLOCK04/SES049/SA049S27	SES104	0.295593	-41.6267	-41.9223
BLOCK04/SES049/SA049S27	SES125	-0.751621	-42.6739	-41.9223
BLOCK04/SES049/SA049S27	SES206	-0.350178	-42.2725	-41.9223
BLOCK04/SES049/SA049S29	SES099	-0.07687	-41.1803	-41.1034
BLOCK04/SES049/SA049S29	SES104	0.188953	-40.9145	-41.1034
BLOCK04/SES049/SA049S29	SES125	-0.494602	-41.598	-41.1034
BLOCK04/SES049/SA049S29	SES206	0.0654755	-41.038	-41.1034
BLOCK06/SES063/SA063S09	SES068	-1.61036	-43.9957	-42.3853
BLOCK06/SES063/SA063S09	SES083	-0.1367	-42.522	-42.3853
BLOCK06/SES063/SA063S09	SES177	-0.611454	-42.9968	-42.3853
BLOCK06/SES063/SA063S09	SES187	-0.576542	-42.9618	-42.3853
BLOCK06/SES063/SA063S10	SES068	-0.658577	-43.5443	-42.8857
BLOCK06/SES063/SA063S10	SES083	0.216049	-42.6696	-42.8857
BLOCK06/SES063/SA063S10	SES172	0.0228539	-42.8628	-42.8857
BLOCK06/SES063/SA063S10	SES187	-0.643139	-43.5288	-42.8857
BLOCK06/SES063/SA063S20	SES068	-1.05236	-44.017	-42.9646
BLOCK06/SES063/SA063S20	SES083	-0.0913467	-43.056	-42.9646
BLOCK06/SES063/SA063S20	SES172	-0.00485229	-42.9695	-42.9646
BLOCK06/SES063/SA063S20	SES187	0.102528	-42.8621	-42.9646
BLOCK06/SES063/SA063S24	SES029	-1.65309	-43.5414	-41.8883
BLOCK06/SES063/SA063S24	SES083	0.324131	-41.5642	-41.8883
BLOCK06/SES063/SA063S24	SES177	-0.533508	-42.4218	-41.8883
BLOCK06/SES063/SA063S24	SES189	-1.17956	-43.0679	-41.8883
BLOCK06/SES063/SA063S27	SES083	0.19595	-43.2874	-43.4833
BLOCK06/SES063/SA063S27	SES172	0.434414	-43.0489	-43.4833
BLOCK06/SES063/SA063S27	SES187	-0.724731	-44.2081	-43.4833
BLOCK06/SES063/SA063S27	SES292	-0.790253	-44.2736	-43.4833
BLOCK06/SES067/SA067S12	SES083	-0.764118	-42.9956	-42.2315
BLOCK06/SES067/SA067S12	SES172	-1.50283	-43.7343	-42.2315
BLOCK06/SES067/SA067S12	SES202	0.661274	-41.5702	-42.2315
BLOCK06/SES067/SA067S12	SES292	-1.02439	-43.2559	-42.2315
BLOCK06/SES067/SA067S14	SES085	-1.30912	-42.7535	-41.4444
BLOCK06/SES067/SA067S14	SES177	-0.754349	-42.1988	-41.4444
BLOCK06/SES067/SA067S14	SES183	-0.957947	-42.4024	-41.4444
BLOCK06/SES067/SA067S14	SES202	-0.168316	-41.6127	-41.4444
BLOCK06/SES067/SA067S21	SES144	0.241863	-43.4011	-43.6429
BLOCK06/SES067/SA067S21	SES177	0.14843	-43.4945	-43.6429
BLOCK06/SES067/SA067S21	SES183	-2.13249	-45.7754	-43.6429
BLOCK06/SES067/SA067S21	SES189	0.487152	-43.1558	-43.6429
BLOCK06/SES067/SA067S25	SES085	-0.556183	-43.1738	-42.6177
BLOCK06/SES067/SA067S25	SES177	-0.724274	-43.3419	-42.6177
BLOCK06/SES067/SA067S25	SES183	-0.472752	-43.0904	-42.6177
BLOCK06/SES067/SA067S25	SES202	0.136703	-42.481	-42.6177
BLOCK06/SES067/SA067S29	SES085	-0.652874	-43.0164	-42.3635
BLOCK06/SES067/SA067S29	SES177	-0.808941	-43.1725	-42.3635
BLOCK06/SES067/SA067S29	SES183	-0.222469	-42.586	-42.3635
BLOCK06/SES067/SA067S29	SES202	0.708736	-41.6548	-42.3635
BLOCK06/SES069/SA069S12	SES029	-2.38243	-43.9887	-41.6063
BLOCK06/SES069/SA069S12	SES082	-0.380493	-41.9868	-41.6063
BLOCK06/SES069/SA069S12	SES087	-1.23465	-42.8409	-41.6063
BLOCK06/SES069/SA069S12	SES206	-0.766239	-42.3725	-41.6063
BLOCK06/SES069/SA069S13	SES029	-2.44766	-43.9778	-41.5301
BLOCK06/SES069/SA069S13	SES087	-1.80762	-43.3378	-41.5301
BLOCK06/SES069/SA069S13	SES206	-1.74232	-43.2725	-41.5301
BLOCK06/SES069/SA069S13	SES226	-1.21104	-42.7412	-41.5301
BLOCK06/SES069/SA069S23	SES029	-1.34019	-41.7819	-40.4417
BLOCK06/SES069/SA069S23	SES087	-0.90646	-41.3482	-40.4417
BLOCK06/SES069/SA069S23	SES206	-1.04505	-41.4868	-40.4417
BLOCK06/SES069/SA069S23	SES226	0.102661	-40.3391	-40.4417
BLOCK06/SES069/SA069S25	SES087	-1.07432	-41.7523	-40.678
BLOCK06/SES069/SA069S25	SES206	-1.49829	-42.1763	-40.678
BLOCK06/SES069/SA069S25	SES226	-0.595917	-41.2739	-40.678
BLOCK06/SES069/SA069S25	SES270	-0.985275	-41.6633	-40.678
BLOCK06/SES069/SA069S27	SES087	-1.25305	-41.8774	-40.6243
BLOCK06/SES069/SA069S27	SES206	-0.580738	-41.2051	-40.6243
BLOCK06/SES069/SA069S27	SES226	-0.120598	-40.7449	-40.6243
BLOCK06/SES069/SA069S27	SES270	-0.536118	-41.1605	-40.6243
BLOCK08/SES081/SA081S11	SES060	-0.376038	-43.0692	-42.6931
BLOCK08/SES081/SA081S11	SES062	-1.69706	-44.3902	-42.6931
BLOCK08/SES081/SA081S11	SES117	-1.66597	-44.3591	-42.6931
BLOCK08/SES081/SA081S11	SES162	-0.778408	-43.4715	-42.6931
BLOCK08/SES081/SA081S13	SES016	-0.60321	-42.1044	-41.5012
BLOCK08/SES081/SA081S13	SES060	0.335861	-41.1653	-41.5012
BLOCK08/SES081/SA081S13	SES068	-0.216904	-41.7181	-41.5012
BLOCK08/SES081/SA081S13	SES129	-1.15116	-42.6524	-41.5012
BLOCK08/SES081/SA081S24	SES060	-0.150841	-42.2648	-42.1139
BLOCK08/SES081/SA081S24	SES068	-0.099968	-42.2139	-42.1139
BLOCK08/SES081/SA081S24	SES117	-1.22659	-43.3405	-42.1139
BLOCK08/SES081/SA081S24	SES275	-1.41777	-43.5317	-42.1139
BLOCK08/SES081/SA081S27	SES007	-0.101513	-42.6105	-42.509
BLOCK08/SES081/SA081S27	SES060	-0.252991	-42.762	-42.509
BLOCK08/SES081/SA081S27	SES117	0.0817451	-42.4272	-42.509
BLOCK08/SES081/SA081S27	SES275	-1.18446	-43.6934	-42.509
BLOCK08/SES081/SA081S29	SES007	-0.388668	-42.6755	-42.2869
BLOCK08/SES081/SA081S29	SES060	0.257999	-42.0289	-42.2869
BLOCK08/SES081/SA081S29	SES117	-0.213203	-42.5001	-42.2869
BLOCK08/SES081/SA081S29	SES275	-0.957253	-43.2441	-42.2869
BLOCK08/SES086/SA086S11	SES029	-4.51916	-47.6633	-43.1441
BLOCK08/SES086/SA086S11	SES082	-0.990601	-44.1347	-43.1441
BLOCK08/SES086/SA086S11	SES087	-0.473225	-43.6173	-43.1441
BLOCK08/SES086/SA086S11	SES206	-1.66333	-44.8074	-43.1441
BLOCK08/SES086/SA086S12	SES029	-4.04225	-46.8899	-42.8477
BLOCK08/SES086/SA086S12	SES082	-0.72826	-43.5759	-42.8477
BLOCK08/SES086/SA086S12	SES087	0.864616	-41.9831	-42.8477
BLOCK08/SES086/SA086S12	SES206	-0.723816	-43.5715	-42.8477
BLOCK08/SES086/SA086S20	SES029	-3.8757	-45.3202	-41.4445
BLOCK08/SES086/SA086S20	SES082	-0.991722	-42.4362	-41.4445
BLOCK08/SES086/SA086S20	SES087	0.677727	-40.7668	-41.4445
BLOCK08/SES086/SA086S20	SES206	-0.000102997	-41.4446	-41.4445
BLOCK08/SES086/SA086S24	SES087	0.596638	-41.8463	-42.4429
BLOCK08/SES086/SA086S24	SES104	-0.482853	-42.9258	-42.4429
BLOCK08/SES086/SA086S24	SES120	-3.05263	-45.4955	-42.4429
BLOCK08/SES086/SA086S24	SES206	0.289471	-42.1534	-42.4429
BLOCK08/SES086/SA086S28	SES029	-3.4436	-44.8009	-41.3573
BLOCK08/SES086/SA086S28	SES082	-0.569023	-41.9263	-41.3573
BLOCK08/SES086/SA086S28	SES087	0.401943	-40.9554	-41.3573
BLOCK08/SES086/SA086S28	SES206	-0.185097	-41.5424	-41.3573
BLOCK08/SES089/SA089S13	SES087	-1.32378	-43.4709	-42.1471
BLOCK08/SES089/SA089S13	SES206	-1.60172	-43.7488	-42.1471
BLOCK08/SES089/SA089S13	SES226	-1.43563	-43.5828	-42.1471
BLOCK08/SES089/SA089S13	SES270	-1.94668	-44.0938	-42.1471
BLOCK08/SES089/SA089S14	SES062	-1.6745	-43.6022	-41.9277
BLOCK08/SES089/SA089S14	SES087	0.19669	-41.731	-41.9277
BLOCK08/SES089/SA089S14	SES206	0.0354462	-41.8923	-41.9277
BLOCK08/SES089/SA089S14	SES226	-0.0918884	-42.0196	-41.9277
BLOCK08/SES089/SA089S23	SES087	-0.146217	-42.8159	-42.6697
BLOCK08/SES089/SA089S23	SES206	-0.246536	-42.9162	-42.6697
BLOCK08/SES089/SA089S23	SES226	-0.93528	-43.605	-42.6697
BLOCK08/SES089/SA089S23	SES270	-1.28664	-43.9563	-42.6697
BLOCK08/SES089/SA089S25	SES062	-2.81593	-44.7425	-41.9266
BLOCK08/SES089/SA089S25	SES087	-0.0250549	-41.9516	-41.9266
BLOCK08/SES089/SA089S25	SES206	-0.912796	-42.8394	-41.9266
BLOCK08/SES089/SA089S25	SES226	0.0285721	-41.898	-41.9266
BLOCK08/SES089/SA089S28	SES062	-1.65981	-43.4446	-41.7848
BLOCK08/SES089/SA089S28	SES087	-0.161114	-41.9459	-41.7848
BLOCK08/SES089/SA089S28	SES206	-0.19207	-41.9769	-41.7848
BLOCK08/SES089/SA089S28	SES226	-0.101025	-41.8859	-41.7848
BLOCK09/SES097/SA097S11	SES099	0.119621	-42.4962	-42.6158
BLOCK09/SES097/SA097S11	SES125	-1.41055	-44.0263	-42.6158
BLOCK09/SES097/SA097S11	SES206	-1.12169	-43.7375	-42.6158
BLOCK09/SES097/SA097S11	SES226	0.10218	-42.5136	-42.6158
BLOCK09/SES097/SA097S14	SES062	-1.91478	-43.9518	-42.0371
BLOCK09/SES097/SA097S14	SES099	-0.379627	-42.4167	-42.0371
BLOCK09/SES097/SA097S14	SES104	-0.654099	-42.6912	-42.0371
BLOCK09/SES097/SA097S14	SES206	-1.05555	-43.0926	-42.0371
BLOCK09/SES097/SA097S22	SES099	0.491932	-41.6904	-42.1824
BLOCK09/SES097/SA097S22	SES206	-0.705536	-42.8879	-42.1824
BLOCK09/SES097/SA097S22	SES226	-0.458363	-42.6407	-42.1824
BLOCK09/SES097/SA097S22	SES270	0.492561	-41.6898	-42.1824
BLOCK09/SES097/SA097S26	SES099	0.181061	-41.5678	-41.7488
BLOCK09/SES097/SA097S26	SES120	-2.50897	-44.2578	-41.7488
BLOCK09/SES097/SA097S26	SES206	-0.909718	-42.6585	-41.7488
BLOCK09/SES097/SA097S26	SES226	-1.03976	-42.7886	-41.7488
BLOCK09/SES097/SA097S28	SES099	-0.301731	-42.3343	-42.0326
BLOCK09/SES097/SA097S28	SES120	-2.26616	-44.2987	-42.0326
BLOCK09/SES097/SA097S28	SES206	-1.36321	-43.3958	-42.0326
BLOCK09/SES097/SA097S28	SES226	-1.05169	-43.0843	-42.0326
BLOCK09/SES098/SA098S11	SES127	-1.67915	-45.6406	-43.9614
BLOCK09/SES098/SA098S11	SES144	-0.254436	-44.2159	-43.9614
BLOCK09/SES098/SA098S11	SES147	-0.349033	-44.3105	-43.9614
BLOCK09/SES098/SA098S11	SES148	-2.01137	-45.9728	-43.9614
BLOCK09/SES098/SA098S12	SES127	-3.61463	-49.0628	-45.4482
BLOCK09/SES098/SA098S12	SES144	-0.499523	-45.9477	-45.4482
BLOCK09/SES098/SA098S12	SES147	-0.758648	-46.2068	-45.4482
BLOCK09/SES098/SA098S12	SES189	-0.423347	-45.8715	-45.4482
BLOCK09/SES098/SA098S20	SES127	-3.5662	-47.9336	-44.3674
BLOCK09/SES098/SA098S20	SES147	-0.917969	-45.2854	-44.3674
BLOCK09/SES098/SA098S20	SES148	-1.88378	-46.2512	-44.3674
BLOCK09/SES098/SA098S20	SES292	-4.60949	-48.9769	-44.3674
BLOCK09/SES098/SA098S23	SES127	-1.66022	-45.4231	-43.7629
BLOCK09/SES098/SA098S23	SES147	-0.525059	-44.2879	-43.7629
BLOCK09/SES098/SA098S23	SES187	0.20845	-43.5544	-43.7629
BLOCK09/SES098/SA098S23	SES292	-2.07251	-45.8354	-43.7629
BLOCK09/SES098/SA098S27	SES127	-2.41187	-46.4906	-44.0787
BLOCK09/SES098/SA098S27	SES147	-1.39294	-45.4716	-44.0787
BLOCK09/SES098/SA098S27	SES148	-2.33989	-46.4186	-44.0787
BLOCK09/SES098/SA098S27	SES292	-2.21608	-46.2948	-44.0787
BLOCK10/SES102/SA102S13	SES101	0.525749	-43.5698	-44.0956
BLOCK10/SES102/SA102S13	SES105	-0.590893	-44.6864	-44.0956
BLOCK10/SES102/SA102S13	SES120	-0.456474	-44.552	-44.0956
BLOCK10/SES102/SA102S13	SES158	-7.72686	-51.8224	-44.0956
BLOCK10/SES102/SA102S14	SES007	0.0874863	-42.0807	-42.1682
BLOCK10/SES102/SA102S14	SES101	-0.00377274	-42.1719	-42.1682
BLOCK10/SES102/SA102S14	SES105	-0.169548	-42.3377	-42.1682
BLOCK10/SES102/SA102S14	SES147	-1.2551	-43.4233	-42.1682
BLOCK10/SES102/SA102S22	SES007	-0.744301	-42.9498	-42.2055
BLOCK10/SES102/SA102S22	SES101	0.404297	-41.8012	-42.2055
BLOCK10/SES102/SA102S22	SES105	-0.0539818	-42.2595	-42.2055
BLOCK10/SES102/SA102S22	SES158	-4.52419	-46.7297	-42.2055
BLOCK10/SES102/SA102S25	SES007	-0.461761	-42.6373	-42.1756
BLOCK10/SES102/SA102S25	SES101	0.17551	-42.0001	-42.1756
BLOCK10/SES102/SA102S25	SES105	-0.270161	-42.4457	-42.1756
BLOCK10/SES102/SA102S25	SES147	-1.49943	-43.675	-42.1756
BLOCK10/SES102/SA102S27	SES007	-0.848297	-43.6999	-42.8516
BLOCK10/SES102/SA102S27	SES101	-0.189541	-43.0411	-42.8516
BLOCK10/SES102/SA102S27	SES105	-0.43898	-43.2905	-42.8516
BLOCK10/SES102/SA102S27	SES147	-0.648705	-43.5003	-42.8516
BLOCK10/SES103/SA103S14	SES105	-1.61806	-44.7149	-43.0968
BLOCK10/SES103/SA103S14	SES106	-0.193691	-43.2905	-43.0968
BLOCK10/SES103/SA103S14	SES120	-2.7492	-45.846	-43.0968
BLOCK10/SES103/SA103S14	SES206	-1.34457	-44.4414	-43.0968
BLOCK10/SES103/SA103S15	SES099	-0.409637	-44.2833	-43.8736
BLOCK10/SES103/SA103S15	SES101	-3.42876	-47.3024	-43.8736
BLOCK10/SES103/SA103S15	SES104	-0.678059	-44.5517	-43.8736
BLOCK10/SES103/SA103S15	SES125	-0.86924	-44.7429	-43.8736
BLOCK10/SES103/SA103S24	SES104	-0.827885	-43.1824	-42.3545
BLOCK10/SES103/SA103S24	SES125	-0.836304	-43.1908	-42.3545
BLOCK10/SES103/SA103S24	SES148	-2.79959	-45.1541	-42.3545
BLOCK10/SES103/SA103S24	SES158	-0.28014	-42.6346	-42.3545
BLOCK10/SES103/SA103S26	SES104	-0.846741	-43.7241	-42.8774
BLOCK10/SES103/SA103S26	SES106	-0.443268	-43.3206	-42.8774
BLOCK10/SES103/SA103S26	SES125	-1.18907	-44.0664	-42.8774
BLOCK10/SES103/SA103S26	SES148	-3.0364	-45.9137	-42.8774
BLOCK10/SES103/SA103S28	SES104	-1.22727	-44.807	-43.5797
BLOCK10/SES103/SA103S28	SES106	-0.945358	-44.5251	-43.5797
BLOCK10/SES103/SA103S28	SES125	-1.91396	-45.4937	-43.5797
BLOCK10/SES103/SA103S28	SES206	-2.20947	-45.7892	-43.5797
BLOCK12/SES121/SA121S12	SES042	-1.36457	-45.5519	-44.1873
BLOCK12/SES121/SA121S12	SES087	-0.564606	-44.7519	-44.1873
BLOCK12/SES121/SA121S12	SES105	-1.34827	-45.5356	-44.1873
BLOCK12/SES121/SA121S12	SES206	-0.743263	-44.9306	-44.1873
BLOCK12/SES121/SA121S14	SES007	-2.54881	-47.313	-44.7642
BLOCK12/SES121/SA121S14	SES105	-1.94207	-46.7062	-44.7642
BLOCK12/SES121/SA121S14	SES106	-1.0306	-45.7948	-44.7642
BLOCK12/SES121/SA121S14	SES206	-0.918682	-45.6829	-44.7642
BLOCK12/SES121/SA121S23	SES105	-2.11507	-47.0758	-44.9607
BLOCK12/SES121/SA121S23	SES106	-0.372375	-45.3331	-44.9607
BLOCK12/SES121/SA121S23	SES120	-2.71397	-47.6747	-44.9607
BLOCK12/SES121/SA121S23	SES206	-0.549267	-45.51	-44.9607
BLOCK12/SES121/SA121S25	SES007	-1.78839	-47.3241	-45.5357
BLOCK12/SES121/SA121S25	SES105	-1.8572	-47.3929	-45.5357
BLOCK12/SES121/SA121S25	SES106	-1.00923	-46.5449	-45.5357
BLOCK12/SES121/SA121S25	SES206	-1.09052	-46.6262	-45.5357
BLOCK12/SES121/SA121S27	SES087	0.186966	-43.7787	-43.9657
BLOCK12/SES121/SA121S27	SES105	-3.2169	-47.1826	-43.9657
BLOCK12/SES121/SA121S27	SES120	-2.76759	-46.7333	-43.9657
BLOCK12/SES121/SA121S27	SES206	-0.770355	-44.7361	-43.9657
BLOCK12/SES124/SA124S16	SES042	-0.0734406	-41.8436	-41.7702
BLOCK12/SES124/SA124S16	SES082	-0.609966	-42.3802	-41.7702
BLOCK12/SES124/SA124S16	SES183	-3.13417	-44.9044	-41.7702
BLOCK12/SES124/SA124S16	SES206	-0.884975	-42.6552	-41.7702
BLOCK12/SES124/SA124S17	SES105	-1.79521	-44.7941	-42.9989
BLOCK12/SES124/SA124S17	SES149	-1.75108	-44.7499	-42.9989
BLOCK12/SES124/SA124S17	SES158	-1.23973	-44.2386	-42.9989
BLOCK12/SES124/SA124S17	SES275	-2.43105	-45.4299	-42.9989
BLOCK12/SES124/SA124S23	SES105	-2.31185	-42.9133	-40.6014
BLOCK12/SES124/SA124S23	SES125	0.166412	-40.435	-40.6014
BLOCK12/SES124/SA124S23	SES129	-3.58014	-44.1816	-40.6014
BLOCK12/SES124/SA124S23	SES158	-0.562843	-41.1643	-40.6014
BLOCK12/SES124/SA124S26	SES105	-2.03025	-43.6103	-41.58
BLOCK12/SES124/SA124S26	SES125	-0.253098	-41.8331	-41.58
BLOCK12/SES124/SA124S26	SES129	-3.0651	-44.6451	-41.58
BLOCK12/SES124/SA124S26	SES158	-0.403656	-41.9837	-41.58
BLOCK12/SES124/SA124S28	SES104	-0.308495	-41.5468	-41.2383
BLOCK12/SES124/SA124S28	SES106	-0.36768	-41.606	-41.2383
BLOCK12/SES124/SA124S28	SES125	0.0922127	-41.1461	-41.2383
BLOCK12/SES124/SA124S28	SES275	-2.47742	-43.7157	-41.2383
BLOCK12/SES126/SA126S13	SES007	-1.38285	-45.674	-44.2912
BLOCK12/SES126/SA126S13	SES162	-0.593994	-44.8851	-44.2912
BLOCK12/SES126/SA126S13	SES177	0.115128	-44.176	-44.2912
BLOCK12/SES126/SA126S13	SES180	-0.963814	-45.255	-44.2912
BLOCK12/SES126/SA126S14	SES144	-0.350822	-42.9395	-42.5887
BLOCK12/SES126/SA126S14	SES148	-0.82354	-43.4122	-42.5887
BLOCK12/SES126/SA126S14	SES177	0.241005	-42.3477	-42.5887
BLOCK12/SES126/SA126S14	SES180	-0.511566	-43.1003	-42.5887
BLOCK12/SES126/SA126S20	SES007	-1.63884	-44.3196	-42.6808
BLOCK12/SES126/SA126S20	SES162	-0.994484	-43.6752	-42.6808
BLOCK12/SES126/SA126S20	SES172	-2.90237	-45.5831	-42.6808
BLOCK12/SES126/SA126S20	SES180	-1.81441	-44.4952	-42.6808
BLOCK12/SES126/SA126S24	SES120	-0.484509	-43.0722	-42.5877
BLOCK12/SES126/SA126S24	SES162	-0.251575	-42.8392	-42.5877
BLOCK12/SES126/SA126S24	SES177	0.0129814	-42.5747	-42.5877
BLOCK12/SES126/SA126S24	SES180	0.0742188	-42.5135	-42.5877
BLOCK12/SES126/SA126S26	SES120	0.136818	-43.4683	-43.6051
BLOCK12/SES126/SA126S26	SES177	-0.0329361	-43.638	-43.6051
BLOCK12/SES126/SA126S26	SES180	-0.603813	-44.2089	-43.6051
BLOCK12/SES126/SA126S26	SES202	-1.70038	-45.3055	-43.6051
BLOCK12/SES128/SA128S10	SES087	-1.66813	-43.5888	-41.9207
BLOCK12/SES128/SA128S10	SES206	-1.24945	-43.1702	-41.9207
BLOCK12/SES128/SA128S10	SES226	-0.185387	-42.1061	-41.9207
BLOCK12/SES128/SA128S10	SES270	-0.0638046	-41.9845	-41.9207
BLOCK12/SES128/SA128S12	SES120	-2.08729	-44.0797	-41.9924
BLOCK12/SES128/SA128S12	SES158	-1.03543	-43.0279	-41.9924
BLOCK12/SES128/SA128S12	SES206	-0.400345	-42.3928	-41.9924
BLOCK12/SES128/SA128S12	SES226	-0.716385	-42.7088	-41.9924
BLOCK12/SES128/SA128S21	SES106	-1.27433	-44.1488	-42.8745
BLOCK12/SES128/SA128S21	SES120	-2.23027	-45.1048	-42.8745
BLOCK12/SES128/SA128S21	SES206	-1.3018	-44.1763	-42.8745
BLOCK12/SES128/SA128S21	SES226	-1.00014	-43.8746	-42.8745
BLOCK12/SES128/SA128S24	SES087	-1.8159	-44.0302	-42.2143
BLOCK12/SES128/SA128S24	SES120	-1.17557	-43.3898	-42.2143
BLOCK12/SES128/SA128S24	SES206	-1.07675	-43.291	-42.2143
BLOCK12/SES128/SA128S24	SES226	-1.03789	-43.2521	-42.2143
BLOCK12/SES128/SA128S27	SES099	-0.458069	-42.0138	-41.5557
BLOCK12/SES128/SA128S27	SES120	-1.56831	-43.124	-41.5557
BLOCK12/SES128/SA128S27	SES206	-0.925377	-42.4811	-41.5557
BLOCK12/SES128/SA128S27	SES226	-0.457207	-42.0129	-41.5557
BLOCK13/SES130/SA130S13	SES143	-1.46611	-45.7523	-44.2862
BLOCK13/SES130/SA130S13	SES144	0.226128	-44.0601	-44.2862
BLOCK13/SES130/SA130S13	SES146	0.206337	-44.0799	-44.2862
BLOCK13/SES130/SA130S13	SES275	-1.8096	-46.0958	-44.2862
BLOCK13/SES130/SA130S15	SES143	-1.13177	-44.1976	-43.0658
BLOCK13/SES130/SA130S15	SES144	0.109211	-42.9566	-43.0658
BLOCK13/SES130/SA130S15	SES146	0.368999	-42.6968	-43.0658
BLOCK13/SES130/SA130S15	SES275	-0.575466	-43.6413	-43.0658
BLOCK13/SES130/SA130S23	SES127	-2.10434	-46.8474	-44.7431
BLOCK13/SES130/SA130S23	SES144	-0.210297	-44.9534	-44.7431
BLOCK13/SES130/SA130S23	SES146	0.169159	-44.5739	-44.7431
BLOCK13/SES130/SA130S23	SES162	-0.369667	-45.1127	-44.7431
BLOCK13/SES130/SA130S25	SES127	-1.27258	-43.8837	-42.6112
BLOCK13/SES130/SA130S25	SES144	0.36652	-42.2446	-42.6112
BLOCK13/SES130/SA130S25	SES146	-0.00528717	-42.6165	-42.6112
BLOCK13/SES130/SA130S25	SES275	-0.57605	-43.1872	-42.6112
BLOCK13/SES130/SA130S28	SES127	-1.19113	-44.122	-42.9309
BLOCK13/SES130/SA130S28	SES144	-0.12537	-43.0563	-42.9309
BLOCK13/SES130/SA130S28	SES146	-0.252811	-43.1837	-42.9309
BLOCK13/SES130/SA130S28	SES275	-0.284477	-43.2154	-42.9309
BLOCK13/SES131/SA131S13	SES002	-1.45043	-45.4486	-43.9981
BLOCK13/SES131/SA131S13	SES007	-2.98555	-46.9837	-43.9981
BLOCK13/SES131/SA131S13	SES099	-1.25461	-45.2527	-43.9981
BLOCK13/SES131/SA131S13	SES105	-1.45911	-45.4572	-43.9981
BLOCK13/SES131/SA131S14	SES104	-0.0239105	-42.6545	-42.6305
BLOCK13/SES131/SA131S14	SES106	-0.0938072	-42.7244	-42.6305
BLOCK13/SES131/SA131S14	SES125	-1.11898	-43.7495	-42.6305
BLOCK13/SES131/SA131S14	SES148	-2.5578	-45.1883	-42.6305
BLOCK13/SES131/SA131S20	SES104	-0.938099	-44.4184	-43.4803
BLOCK13/SES131/SA131S20	SES106	-0.433449	-43.9138	-43.4803
BLOCK13/SES131/SA131S20	SES125	-1.41745	-44.8978	-43.4803
BLOCK13/SES131/SA131S20	SES148	-3.17898	-46.6593	-43.4803
BLOCK13/SES131/SA131S22	SES099	-1.02721	-43.5373	-42.5101
BLOCK13/SES131/SA131S22	SES104	-0.796558	-43.3067	-42.5101
BLOCK13/SES131/SA131S22	SES125	-1.12403	-43.6342	-42.5101
BLOCK13/SES131/SA131S22	SES206	-1.30839	-43.8185	-42.5101
BLOCK13/SES131/SA131S29	SES087	-1.18139	-44.4721	-43.2907
BLOCK13/SES131/SA131S29	SES104	-1.3735	-44.6642	-43.2907
BLOCK13/SES131/SA131S29	SES125	-1.5315	-44.8222	-43.2907
BLOCK13/SES131/SA131S29	SES206	-1.44496	-44.7357	-43.2907
BLOCK13/SES132/SA132S11	SES083	-0.864193	-43.1813	-42.3171
BLOCK13/SES132/SA132S11	SES120	0.499371	-41.8177	-42.3171
BLOCK13/SES132/SA132S11	SES127	-0.440666	-42.7577	-42.3171
BLOCK13/SES132/SA132S11	SES275	-0.41679	-42.7338	-42.3171
BLOCK13/SES132/SA132S12	SES083	-0.656235	-43.1107	-42.4545
BLOCK13/SES132/SA132S12	SES143	-0.458721	-42.9132	-42.4545
BLOCK13/SES132/SA132S12	SES144	-0.500362	-42.9549	-42.4545
BLOCK13/SES132/SA132S12	SES148	-0.648731	-43.1032	-42.4545
BLOCK13/SES132/SA132S22	SES062	-0.00601959	-42.195	-42.1889
BLOCK13/SES132/SA132S22	SES083	-0.527519	-42.7165	-42.1889
BLOCK13/SES132/SA132S22	SES127	-0.219761	-42.4087	-42.1889
BLOCK13/SES132/SA132S22	SES275	-0.313229	-42.5022	-42.1889
BLOCK13/SES132/SA132S24	SES007	-0.0699692	-42.2263	-42.1564
BLOCK13/SES132/SA132S24	SES083	-0.459888	-42.6163	-42.1564
BLOCK13/SES132/SA132S24	SES127	-0.783321	-42.9397	-42.1564
BLOCK13/SES132/SA132S24	SES275	-0.350594	-42.507	-42.1564
BLOCK13/SES132/SA132S27	SES083	-0.936241	-43.489	-42.5528
BLOCK13/SES132/SA132S27	SES120	0.382534	-42.1702	-42.5528
BLOCK13/SES132/SA132S27	SES127	-1.19836	-43.7511	-42.5528
BLOCK13/SES132/SA132S27	SES275	-1.04808	-43.6009	-42.5528
BLOCK14/SES141/SA141S09	SES143	-0.413849	-43.1647	-42.7509
BLOCK14/SES141/SA141S09	SES144	-0.237431	-42.9883	-42.7509
BLOCK14/SES141/SA141S09	SES162	-0.4221	-43.173	-42.7509
BLOCK14/SES141/SA141S09	SES180	-0.507729	-43.2586	-42.7509
BLOCK14/SES141/SA141S15	SES127	-0.641724	-43.4699	-42.8282
BLOCK14/SES141/SA141S15	SES144	-0.223114	-43.0513	-42.8282
BLOCK14/SES141/SA141S15	SES162	-0.473682	-43.3019	-42.8282
BLOCK14/SES141/SA141S15	SES180	-0.378151	-43.2064	-42.8282
BLOCK14/SES141/SA141S24	SES127	0.0351143	-42.2818	-42.3169
BLOCK14/SES141/SA141S24	SES144	-0.793137	-43.11	-42.3169
BLOCK14/SES141/SA141S24	SES162	-0.509033	-42.8259	-42.3169
BLOCK14/SES141/SA141S24	SES183	-0.691353	-43.0082	-42.3169
BLOCK14/SES141/SA141S26	SES142	-0.27177	-43.8331	-43.5613
BLOCK14/SES141/SA141S26	SES144	-0.322868	-43.8842	-43.5613
BLOCK14/SES141/SA141S26	SES172	-0.678017	-44.2393	-43.5613
BLOCK14/SES141/SA141S26	SES180	-0.213367	-43.7747	-43.5613
BLOCK14/SES141/SA141S29	SES127	0.0973282	-42.3118	-42.4091
BLOCK14/SES141/SA141S29	SES142	0.492516	-41.9166	-42.4091
BLOCK14/SES141/SA141S29	SES144	-0.38203	-42.7911	-42.4091
BLOCK14/SES141/SA141S29	SES180	0.36132	-42.0478	-42.4091
BLOCK15/SES157/SA157S08	SES083	-1.48055	-44.12	-42.6394
BLOCK15/SES157/SA157S08	SES127	-0.989613	-43.629	-42.6394
BLOCK15/SES157/SA157S08	SES148	-0.824863	-43.4643	-42.6394
BLOCK15/SES157/SA157S08	SES292	-1.11022	-43.7496	-42.6394
BLOCK15/SES157/SA157S11	SES083	-1.32245	-43.9096	-42.5871
BLOCK15/SES157/SA157S11	SES127	-1.38521	-43.9723	-42.5871
BLOCK15/SES157/SA157S11	SES148	-0.86232	-43.4494	-42.5871
BLOCK15/SES157/SA157S11	SES292	-1.92104	-44.5082	-42.5871
BLOCK15/SES157/SA157S21	SES127	-0.96032	-43.2805	-42.3202
BLOCK15/SES157/SA157S21	SES148	-0.339336	-42.6595	-42.3202
BLOCK15/SES157/SA157S21	SES158	-4.78866	-47.1088	-42.3202
BLOCK15/SES157/SA157S21	SES292	-0.884079	-43.2043	-42.3202
BLOCK15/SES157/SA157S24	SES127	-1.52949	-43.81	-42.2805
BLOCK15/SES157/SA157S24	SES148	-0.918034	-43.1985	-42.2805
BLOCK15/SES157/SA157S24	SES183	-1.42205	-43.7025	-42.2805
BLOCK15/SES157/SA157S24	SES292	-1.05621	-43.3367	-42.2805
BLOCK15/SES157/SA157S26	SES007	-0.484608	-42.6604	-42.1758
BLOCK15/SES157/SA157S26	SES127	-0.149597	-42.3254	-42.1758
BLOCK15/SES157/SA157S26	SES147	-1.18045	-43.3562	-42.1758
BLOCK15/SES157/SA157S26	SES148	-0.753315	-42.9291	-42.1758
BLOCK16/SES161/SA161S10	SES007	-1.78528	-45.2275	-43.4423
BLOCK16/SES161/SA161S10	SES105	-1.11573	-44.558	-43.4423
BLOCK16/SES161/SA161S10	SES158	-1.64785	-45.0901	-43.4423
BLOCK16/SES161/SA161S10	SES275	-1.4067	-44.849	-43.4423
BLOCK16/SES161/SA161S12	SES007	-1.35637	-44.285	-42.9286
BLOCK16/SES161/SA161S12	SES105	-1.58612	-44.5147	-42.9286
BLOCK16/SES161/SA161S12	SES158	-0.987549	-43.9161	-42.9286
BLOCK16/SES161/SA161S12	SES275	-1.33544	-44.264	-42.9286
BLOCK16/SES161/SA161S20	SES007	-2.20752	-46.4383	-44.2308
BLOCK16/SES161/SA161S20	SES105	-1.92653	-46.1573	-44.2308
BLOCK16/SES161/SA161S20	SES158	-1.87584	-46.1066	-44.2308
BLOCK16/SES161/SA161S20	SES275	-1.98568	-46.2164	-44.2308
BLOCK16/SES161/SA161S23	SES007	-1.89075	-44.4408	-42.55
BLOCK16/SES161/SA161S23	SES105	-0.987228	-43.5372	-42.55
BLOCK16/SES161/SA161S23	SES148	-2.14373	-44.6937	-42.55
BLOCK16/SES161/SA161S23	SES158	-0.87022	-43.4202	-42.55
BLOCK16/SES161/SA161S28	SES007	-2.22535	-45.3413	-43.116
BLOCK16/SES161/SA161S28	SES105	-1.88665	-45.0026	-43.116
BLOCK16/SES161/SA161S28	SES158	-0.559231	-43.6752	-43.116
BLOCK16/SES161/SA161S28	SES206	-0.374733	-43.4907	-43.116
BLOCK16/SES164/SA164S11	SES104	-1.17271	-42.9394	-41.7667
BLOCK16/SES164/SA164S11	SES125	-0.785736	-42.5524	-41.7667
BLOCK16/SES164/SA164S11	SES158	0.452526	-41.3142	-41.7667
BLOCK16/SES164/SA164S11	SES206	-1.64348	-43.4102	-41.7667
BLOCK16/SES164/SA164S13	SES099	-1.41681	-44.2204	-42.8036
BLOCK16/SES164/SA164S13	SES104	-1.43446	-44.238	-42.8036
BLOCK16/SES164/SA164S13	SES125	-1.63243	-44.436	-42.8036
BLOCK16/SES164/SA164S13	SES206	-1.77617	-44.5797	-42.8036
BLOCK16/SES164/SA164S24	SES002	0.245907	-42.1984	-42.4443
BLOCK16/SES164/SA164S24	SES099	-0.740662	-43.185	-42.4443
BLOCK16/SES164/SA164S24	SES125	-1.39511	-43.8394	-42.4443
BLOCK16/SES164/SA164S24	SES226	-0.236279	-42.6806	-42.4443
BLOCK16/SES164/SA164S27	SES087	-1.97823	-44.7874	-42.8091
BLOCK16/SES164/SA164S27	SES125	-1.0702	-43.8793	-42.8091
BLOCK16/SES164/SA164S27	SES206	-1.27563	-44.0848	-42.8091
BLOCK16/SES164/SA164S27	SES226	-0.689198	-43.4983	-42.8091
BLOCK16/SES164/SA164S29	SES002	0.441715	-42.1139	-42.5556
BLOCK16/SES164/SA164S29	SES019	-0.819347	-43.3749	-42.5556
BLOCK16/SES164/SA164S29	SES125	-0.640591	-43.1962	-42.5556
BLOCK16/SES164/SA164S29	SES226	-0.86219	-43.4178	-42.5556
BLOCK16/SES169/SA169S13	SES117	-0.913639	-43.8353	-42.9216
BLOCK16/SES169/SA169S13	SES144	-0.196632	-43.1183	-42.9216
BLOCK16/SES169/SA169S13	SES146	-0.389332	-43.311	-42.9216
BLOCK16/SES169/SA169S13	SES162	-1.14133	-44.063	-42.9216
BLOCK16/SES169/SA169S14	SES144	-0.122288	-42.2491	-42.1268
BLOCK16/SES169/SA169S14	SES148	-0.546814	-42.6736	-42.1268
BLOCK16/SES169/SA169S14	SES177	-0.911762	-43.0386	-42.1268
BLOCK16/SES169/SA169S14	SES180	-1.5325	-43.6593	-42.1268
BLOCK16/SES169/SA169S24	SES117	-0.623096	-44.0121	-43.389
BLOCK16/SES169/SA169S24	SES144	-0.279842	-43.6689	-43.389
BLOCK16/SES169/SA169S24	SES146	-0.502888	-43.8919	-43.389
BLOCK16/SES169/SA169S24	SES162	-0.788811	-44.1779	-43.389
BLOCK16/SES169/SA169S27	SES127	-0.881485	-43.386	-42.5045
BLOCK16/SES169/SA169S27	SES129	-0.494514	-42.999	-42.5045
BLOCK16/SES169/SA169S27	SES144	-0.599125	-43.1036	-42.5045
BLOCK16/SES169/SA169S27	SES146	-0.0609818	-42.5655	-42.5045
BLOCK16/SES169/SA169S29	SES144	-0.155827	-42.1868	-42.031
BLOCK16/SES169/SA169S29	SES162	-0.540657	-42.5716	-42.031
BLOCK16/SES169/SA169S29	SES177	-1.57214	-43.6031	-42.031
BLOCK16/SES169/SA169S29	SES180	-0.858089	-42.889	-42.031
BLOCK17/SES171/SA171S12	SES083	-0.504589	-43.9373	-43.4327
BLOCK17/SES171/SA171S12	SES148	-1.35603	-44.7887	-43.4327
BLOCK17/SES171/SA171S12	SES172	-0.831245	-44.2639	-43.4327
BLOCK17/SES171/SA171S12	SES292	-1.58252	-45.0152	-43.4327
BLOCK17/SES171/SA171S15	SES148	-1.11655	-45.1681	-44.0515
BLOCK17/SES171/SA171S15	SES177	-0.822128	-44.8736	-44.0515
BLOCK17/SES171/SA171S15	SES180	-2.14562	-46.1971	-44.0515
BLOCK17/SES171/SA171S15	SES292	-3.61842	-47.6699	-44.0515
BLOCK17/SES171/SA171S22	SES007	-0.716152	-43.3754	-42.6593
BLOCK17/SES171/SA171S22	SES148	-0.742825	-43.4021	-42.6593
BLOCK17/SES171/SA171S22	SES177	0.403885	-42.2554	-42.6593
BLOCK17/SES171/SA171S22	SES180	-1.26816	-43.9275	-42.6593
BLOCK17/SES171/SA171S25	SES101	-2.83966	-46.8942	-44.0545
BLOCK17/SES171/SA171S25	SES120	-2.38904	-46.4436	-44.0545
BLOCK17/SES171/SA171S25	SES177	-0.518147	-44.5727	-44.0545
BLOCK17/SES171/SA171S25	SES180	-1.60733	-45.6619	-44.0545
BLOCK17/SES171/SA171S27	SES177	-0.0732346	-43.4427	-43.3695
BLOCK17/SES171/SA171S27	SES180	-1.22676	-44.5963	-43.3695
BLOCK17/SES171/SA171S27	SES189	-0.530762	-43.9003	-43.3695
BLOCK17/SES171/SA171S27	SES292	-2.14854	-45.518	-43.3695
BLOCK17/SES173/SA173S13	SES162	-1.34247	-45.7256	-44.3831
BLOCK17/SES173/SA173S13	SES177	-1.58151	-45.9646	-44.3831
BLOCK17/SES173/SA173S13	SES180	-2.03578	-46.4189	-44.3831
BLOCK17/SES173/SA173S13	SES292	-1.60669	-45.9898	-44.3831
BLOCK17/SES173/SA173S14	SES007	-1.63607	-45.9633	-44.3273
BLOCK17/SES173/SA173S14	SES162	-1.23858	-45.5658	-44.3273
BLOCK17/SES173/SA173S14	SES177	-0.502239	-44.8295	-44.3273
BLOCK17/SES173/SA173S14	SES180	-2.46236	-46.7896	-44.3273
BLOCK17/SES173/SA173S24	SES144	-0.083065	-45.3099	-45.2268
BLOCK17/SES173/SA173S24	SES162	-1.09301	-46.3198	-45.2268
BLOCK17/SES173/SA173S24	SES177	-0.472553	-45.6993	-45.2268
BLOCK17/SES173/SA173S24	SES180	-2.44434	-47.6711	-45.2268
BLOCK17/SES173/SA173S27	SES162	-1.63175	-45.7386	-44.1068
BLOCK17/SES173/SA173S27	SES177	-0.852211	-44.959	-44.1068
BLOCK17/SES173/SA173S27	SES180	-1.58607	-45.6929	-44.1068
BLOCK17/SES173/SA173S27	SES292	-1.58873	-45.6956	-44.1068
BLOCK17/SES173/SA173S29	SES162	-1.11937	-45.5327	-44.4134
BLOCK17/SES173/SA173S29	SES175	-0.543068	-44.9564	-44.4134
BLOCK17/SES173/SA173S29	SES177	-0.740913	-45.1543	-44.4134
BLOCK17/SES173/SA173S29	SES292	-3.57501	-47.9884	-44.4134
BLOCK18/SES182/SA182S10	SES144	-0.0952377	-42.5851	-42.4899
BLOCK18/SES182/SA182S10	SES177	-0.602779	-43.0927	-42.4899
BLOCK18/SES182/SA182S10	SES180	-1.52395	-44.0138	-42.4899
BLOCK18/SES182/SA182S10	SES275	-0.357979	-42.8479	-42.4899
BLOCK18/SES182/SA182S12	SES144	-0.095459	-42.4227	-42.3273
BLOCK18/SES182/SA182S12	SES177	-0.452034	-42.7793	-42.3273
BLOCK18/SES182/SA182S12	SES180	-0.837498	-43.1647	-42.3273
BLOCK18/SES182/SA182S12	SES275	-0.609261	-42.9365	-42.3273
BLOCK18/SES182/SA182S21	SES117	-0.727982	-44.3395	-43.6115
BLOCK18/SES182/SA182S21	SES144	-0.42614	-44.0377	-43.6115
BLOCK18/SES182/SA182S21	SES162	-0.0570755	-43.6686	-43.6115
BLOCK18/SES182/SA182S21	SES180	-0.767502	-44.379	-43.6115
BLOCK18/SES182/SA182S23	SES117	-0.817589	-43.8568	-43.0392
BLOCK18/SES182/SA182S23	SES144	-0.722172	-43.7613	-43.0392
BLOCK18/SES182/SA182S23	SES180	-1.13868	-44.1778	-43.0392
BLOCK18/SES182/SA182S23	SES275	-0.522888	-43.5621	-43.0392
BLOCK18/SES182/SA182S25	SES007	-0.0794067	-43.2703	-43.1909
BLOCK18/SES182/SA182S25	SES162	-0.0818558	-43.2727	-43.1909
BLOCK18/SES182/SA182S25	SES177	-0.119671	-43.3105	-43.1909
BLOCK18/SES182/SA182S25	SES180	-0.778393	-43.9693	-43.1909
BLOCK18/SES184/SA184S12	SES177	-0.929165	-44.3347	-43.4055
BLOCK18/SES184/SA184S12	SES180	-0.583458	-43.989	-43.4055
BLOCK18/SES184/SA184S12	SES189	-1.59812	-45.0036	-43.4055
BLOCK18/SES184/SA184S12	SES292	-0.801468	-44.207	-43.4055
BLOCK18/SES184/SA184S13	SES101	-0.752834	-43.9117	-43.1589
BLOCK18/SES184/SA184S13	SES177	-0.519318	-43.6782	-43.1589
BLOCK18/SES184/SA184S13	SES180	-0.71492	-43.8738	-43.1589
BLOCK18/SES184/SA184S13	SES292	-0.695511	-43.8544	-43.1589
BLOCK18/SES184/SA184S22	SES177	-0.922272	-43.2655	-42.3433
BLOCK18/SES184/SA184S22	SES180	-0.695572	-43.0388	-42.3433
BLOCK18/SES184/SA184S22	SES189	-2.18851	-44.5318	-42.3433
BLOCK18/SES184/SA184S22	SES292	-0.771332	-43.1146	-42.3433
BLOCK18/SES184/SA184S25	SES101	-0.237209	-42.477	-42.2398
BLOCK18/SES184/SA184S25	SES177	-0.571995	-42.8118	-42.2398
BLOCK18/SES184/SA184S25	SES180	0.0147057	-42.2251	-42.2398
BLOCK18/SES184/SA184S25	SES292	-0.0601311	-42.2999	-42.2398
BLOCK18/SES184/SA184S27	SES083	-0.637356	-43.0648	-42.4274
BLOCK18/SES184/SA184S27	SES177	-0.504204	-42.9316	-42.4274
BLOCK18/SES184/SA184S27	SES202	-1.54295	-43.9704	-42.4274
BLOCK18/SES184/SA184S27	SES292	-0.381683	-42.8091	-42.4274
BLOCK20/SES204/SA204S12	SES062	-1.81131	-43.5656	-41.7543
BLOCK20/SES204/SA204S12	SES083	-2.19671	-43.951	-41.7543
BLOCK20/SES204/SA204S12	SES206	-0.470123	-42.2244	-41.7543
BLOCK20/SES204/SA204S12	SES226	-0.875587	-42.6299	-41.7543
BLOCK20/SES204/SA204S14	SES068	-2.40221	-43.0394	-40.6372
BLOCK20/SES204/SA204S14	SES087	0.0771866	-40.56	-40.6372
BLOCK20/SES204/SA204S14	SES206	-0.813602	-41.4508	-40.6372
BLOCK20/SES204/SA204S14	SES226	-1.20399	-41.8412	-40.6372
BLOCK20/SES204/SA204S22	SES068	-3.27343	-44.9448	-41.6714
BLOCK20/SES204/SA204S22	SES082	-2.1435	-43.8149	-41.6714
BLOCK20/SES204/SA204S22	SES083	-2.31163	-43.983	-41.6714
BLOCK20/SES204/SA204S22	SES206	-0.673771	-42.3452	-41.6714
BLOCK20/SES204/SA204S25	SES062	-2.89423	-44.5602	-41.6659
BLOCK20/SES204/SA204S25	SES083	-2.51429	-44.1802	-41.6659
BLOCK20/SES204/SA204S25	SES206	-0.503143	-42.1691	-41.6659
BLOCK20/SES204/SA204S25	SES226	-1.03627	-42.7022	-41.6659
BLOCK20/SES204/SA204S27	SES068	-3.81025	-45.5202	-41.7099
BLOCK20/SES204/SA204S27	SES082	-1.52676	-43.2367	-41.7099
BLOCK20/SES204/SA204S27	SES087	-0.518013	-42.2279	-41.7099
BLOCK20/SES204/SA204S27	SES206	-0.897709	-42.6076	-41.7099
BLOCK20/SES207/SA207S10	SES127	-0.461727	-43.4754	-43.0137
BLOCK20/SES207/SA207S10	SES183	-0.761044	-43.7747	-43.0137
BLOCK20/SES207/SA207S10	SES189	-1.07729	-44.091	-43.0137
BLOCK20/SES207/SA207S10	SES292	-0.76717	-43.7809	-43.0137
BLOCK20/SES207/SA207S11	SES127	-1.63523	-44.5696	-42.9343
BLOCK20/SES207/SA207S11	SES183	-1.12168	-44.056	-42.9343
BLOCK20/SES207/SA207S11	SES187	-0.251598	-43.1859	-42.9343
BLOCK20/SES207/SA207S11	SES292	-1.27201	-44.2063	-42.9343
BLOCK20/SES207/SA207S25	SES068	-0.730274	-44.1079	-43.3776
BLOCK20/SES207/SA207S25	SES083	-1.06641	-44.444	-43.3776
BLOCK20/SES207/SA207S25	SES127	-0.428562	-43.8061	-43.3776
BLOCK20/SES207/SA207S25	SES187	0.442593	-42.935	-43.3776
BLOCK20/SES207/SA207S27	SES127	-0.717201	-44.6212	-43.904
BLOCK20/SES207/SA207S27	SES183	0.16238	-43.7416	-43.904
BLOCK20/SES207/SA207S27	SES187	-0.463154	-44.3672	-43.904
BLOCK20/SES207/SA207S27	SES292	-0.936325	-44.8404	-43.904
BLOCK20/SES207/SA207S29	SES083	-1.32516	-44.2922	-42.9671
BLOCK20/SES207/SA207S29	SES085	-0.429199	-43.3963	-42.9671
BLOCK20/SES207/SA207S29	SES172	-1.28923	-44.2563	-42.9671
BLOCK20/SES207/SA207S29	SES189	-1.5761	-44.5432	-42.9671
BLOCK22/SES221/SA221S12	SES068	-1.63189	-45.0366	-43.4047
BLOCK22/SES221/SA221S12	SES143	-1.22578	-44.6305	-43.4047
BLOCK22/SES221/SA221S12	SES175	-0.403671	-43.8084	-43.4047
BLOCK22/SES221/SA221S12	SES202	0.487087	-42.9176	-43.4047
BLOCK22/SES221/SA221S15	SES085	-2.47443	-47.0813	-44.6069
BLOCK22/SES221/SA221S15	SES143	-1.68121	-46.2881	-44.6069
BLOCK22/SES221/SA221S15	SES175	-0.387012	-44.9939	-44.6069
BLOCK22/SES221/SA221S15	SES187	0.412384	-44.1945	-44.6069
BLOCK22/SES221/SA221S23	SES068	-1.68132	-45.3175	-43.6362
BLOCK22/SES221/SA221S23	SES143	-1.7635	-45.3997	-43.6362
BLOCK22/SES221/SA221S23	SES175	-0.0597954	-43.696	-43.6362
BLOCK22/SES221/SA221S23	SES189	0.496426	-43.1397	-43.6362
BLOCK22/SES221/SA221S27	SES085	-2.55262	-46.3718	-43.8192
BLOCK22/SES221/SA221S27	SES143	-0.692818	-44.512	-43.8192
BLOCK22/SES221/SA221S27	SES175	-0.068882	-43.8881	-43.8192
BLOCK22/SES221/SA221S27	SES189	0.928452	-42.8907	-43.8192
BLOCK22/SES221/SA221S29	SES085	-4.11424	-49.0233	-44.9091
BLOCK22/SES221/SA221S29	SES143	-1.15984	-46.0689	-44.9091
BLOCK22/SES221/SA221S29	SES175	0.222515	-44.6866	-44.9091
BLOCK22/SES221/SA221S29	SES187	0.890358	-44.0187	-44.9091
BLOCK22/SES223/SA223S11	SES143	-0.393753	-44.5842	-44.1904
BLOCK22/SES223/SA223S11	SES144	-0.983437	-45.1738	-44.1904
BLOCK22/SES223/SA223S11	SES175	-0.035511	-44.2259	-44.1904
BLOCK22/SES223/SA223S11	SES187	-0.239079	-44.4295	-44.1904
BLOCK22/SES223/SA223S13	SES068	-0.435013	-45.1464	-44.7114
BLOCK22/SES223/SA223S13	SES143	-1.3947	-46.1061	-44.7114
BLOCK22/SES223/SA223S13	SES146	-1.83102	-46.5424	-44.7114
BLOCK22/SES223/SA223S13	SES202	-1.02179	-45.7332	-44.7114
BLOCK22/SES223/SA223S22	SES143	-0.693874	-44.8505	-44.1567
BLOCK22/SES223/SA223S22	SES144	-1.21947	-45.3761	-44.1567
BLOCK22/SES223/SA223S22	SES175	-0.754635	-44.9113	-44.1567
BLOCK22/SES223/SA223S22	SES187	-0.269135	-44.4258	-44.1567
BLOCK22/SES223/SA223S25	SES068	-0.718475	-44.671	-43.9526
BLOCK22/SES223/SA223S25	SES143	-0.902065	-44.8546	-43.9526
BLOCK22/SES223/SA223S25	SES175	-0.446659	-44.3992	-43.9526
BLOCK22/SES223/SA223S25	SES187	-0.166946	-44.1195	-43.9526
BLOCK22/SES223/SA223S27	SES143	-0.621803	-45.1337	-44.5119
BLOCK22/SES223/SA223S27	SES146	-0.786179	-45.2981	-44.5119
BLOCK22/SES223/SA223S27	SES187	-0.319088	-44.831	-44.5119
BLOCK22/SES223/SA223S27	SES292	-3.81716	-48.3291	-44.5119
BLOCK27/SES273/SA273S12	SES099	-0.0173035	-40.5569	-40.5396
BLOCK27/SES273/SA273S12	SES104	-0.112446	-40.652	-40.5396
BLOCK27/SES273/SA273S12	SES125	-0.462284	-41.0019	-40.5396
BLOCK27/SES273/SA273S12	SES206	-0.140686	-40.6803	-40.5396
BLOCK27/SES273/SA273S13	SES099	-0.199646	-40.6319	-40.4323
BLOCK27/SES273/SA273S13	SES104	-0.332188	-40.7644	-40.4323
BLOCK27/SES273/SA273S13	SES206	-0.454769	-40.887	-40.4323
BLOCK27/SES273/SA273S13	SES292	-2.27049	-42.7027	-40.4323
BLOCK27/SES273/SA273S21	SES099	0.249062	-40.5852	-40.8343
BLOCK27/SES273/SA273S21	SES148	-3.02653	-43.8608	-40.8343
BLOCK27/SES273/SA273S21	SES149	-0.520771	-41.3551	-40.8343
BLOCK27/SES273/SA273S21	SES177	-4.42198	-45.2563	-40.8343
BLOCK27/SES273/SA273S25	SES104	-0.343212	-41.2429	-40.8997
BLOCK27/SES273/SA273S25	SES125	-0.613487	-41.5132	-40.8997
BLOCK27/SES273/SA273S25	SES158	-0.315109	-41.2148	-40.8997
BLOCK27/SES273/SA273S25	SES206	-0.300064	-41.1998	-40.8997
BLOCK27/SES273/SA273S27	SES099	-0.219059	-40.7348	-40.5157
BLOCK27/SES273/SA273S27	SES104	-0.738266	-41.254	-40.5157
BLOCK27/SES273/SA273S27	SES149	-0.666744	-41.1825	-40.5157
BLOCK27/SES273/SA273S27	SES275	-1.42791	-41.9436	-40.5157
BLOCK27/SES274/SA274S10	SES105	-1.05016	-41.8192	-40.769
BLOCK27/SES274/SA274S10	SES125	-0.979954	-41.749	-40.769
BLOCK27/SES274/SA274S10	SES129	-0.808167	-41.5772	-40.769
BLOCK27/SES274/SA274S10	SES158	-1.21524	-41.9843	-40.769
BLOCK27/SES274/SA274S11	SES105	-1.63662	-42.6042	-40.9676
BLOCK27/SES274/SA274S11	SES149	-0.899632	-41.8672	-40.9676
BLOCK27/SES274/SA274S11	SES158	-0.770584	-41.7382	-40.9676
BLOCK27/SES274/SA274S11	SES275	-1.31874	-42.2864	-40.9676
BLOCK27/SES274/SA274S21	SES105	-1.25562	-42.4901	-41.2345
BLOCK27/SES274/SA274S21	SES129	-1.02288	-42.2574	-41.2345
BLOCK27/SES274/SA274S21	SES149	-0.745182	-41.9797	-41.2345
BLOCK27/SES274/SA274S21	SES158	-2.22367	-43.4582	-41.2345
BLOCK27/SES274/SA274S24	SES105	-1.32243	-42.6933	-41.3709
BLOCK27/SES274/SA274S24	SES129	-1.74794	-43.1188	-41.3709
BLOCK27/SES274/SA274S24	SES149	-0.690865	-42.0618	-41.3709
BLOCK27/SES274/SA274S24	SES158	-1.4958	-42.8667	-41.3709
BLOCK27/SES274/SA274S29	SES105	-1.28934	-42.5917	-41.3023
BLOCK27/SES274/SA274S29	SES106	-1.39697	-42.6993	-41.3023
BLOCK27/SES274/SA274S29	SES120	-1.8343	-43.1366	-41.3023
BLOCK27/SES274/SA274S29	SES275	-1.13348	-42.4358	-41.3023
BLOCK27/SES276/SA276S16	SES148	-1.03852	-44.074	-43.0355
BLOCK27/SES276/SA276S16	SES172	-1.44494	-44.4805	-43.0355
BLOCK27/SES276/SA276S16	SES180	-2.07508	-45.1106	-43.0355
BLOCK27/SES276/SA276S16	SES292	-0.607803	-43.6433	-43.0355
BLOCK27/SES276/SA276S17	SES101	-0.960041	-43.7767	-42.8167
BLOCK27/SES276/SA276S17	SES177	-1.06628	-43.8829	-42.8167
BLOCK27/SES276/SA276S17	SES180	-1.08054	-43.8972	-42.8167
BLOCK27/SES276/SA276S17	SES292	-0.980873	-43.7975	-42.8167
BLOCK27/SES276/SA276S24	SES101	-0.750023	-42.7394	-41.9894
BLOCK27/SES276/SA276S24	SES177	-1.05666	-43.0461	-41.9894
BLOCK27/SES276/SA276S24	SES180	-0.971058	-42.9605	-41.9894
BLOCK27/SES276/SA276S24	SES292	-1.10674	-43.0962	-41.9894
BLOCK27/SES276/SA276S26	SES101	-1.34445	-44.0593	-42.7148
BLOCK27/SES276/SA276S26	SES177	-0.924488	-43.6393	-42.7148
BLOCK27/SES276/SA276S26	SES180	-0.682289	-43.3971	-42.7148
BLOCK27/SES276/SA276S26	SES292	-0.202446	-42.9173	-42.7148
BLOCK27/SES276/SA276S28	SES101	-1.26287	-44.0707	-42.8079
BLOCK27/SES276/SA276S28	SES177	-0.828892	-43.6368	-42.8079
BLOCK27/SES276/SA276S28	SES180	-0.231071	-43.0389	-42.8079
BLOCK27/SES276/SA276S28	SES292	-0.840389	-43.6483	-42.8079
BLOCK27/SES277/SA277S12	SES101	-0.689011	-44.0698	-43.3808
BLOCK27/SES277/SA277S12	SES177	-1.17805	-44.5588	-43.3808
BLOCK27/SES277/SA277S12	SES180	-1.46432	-44.8451	-43.3808
BLOCK27/SES277/SA277S12	SES292	-1.93091	-45.3117	-43.3808
BLOCK27/SES277/SA277S14	SES177	-0.479538	-44.2708	-43.7913
BLOCK27/SES277/SA277S14	SES180	-1.06462	-44.8559	-43.7913
BLOCK27/SES277/SA277S14	SES189	-0.405426	-44.1967	-43.7913
BLOCK27/SES277/SA277S14	SES292	-2.44644	-46.2377	-43.7913
BLOCK27/SES277/SA277S21	SES177	-0.153996	-42.6721	-42.5181
BLOCK27/SES277/SA277S21	SES180	-1.39908	-43.9171	-42.5181
BLOCK27/SES277/SA277S21	SES189	-0.853176	-43.3712	-42.5181
BLOCK27/SES277/SA277S21	SES292	-2.60782	-45.1259	-42.5181
BLOCK27/SES277/SA277S24	SES144	-0.646469	-44.6477	-44.0013
BLOCK27/SES277/SA277S24	SES177	-0.398502	-44.3998	-44.0013
BLOCK27/SES277/SA277S24	SES180	-1.33141	-45.3327	-44.0013
BLOCK27/SES277/SA277S24	SES189	-0.572987	-44.5742	-44.0013
BLOCK27/SES277/SA277S29	SES177	-0.107357	-42.0692	-41.9618
BLOCK27/SES277/SA277S29	SES180	-0.749287	-42.7111	-41.9618
BLOCK27/SES277/SA277S29	SES202	-0.445465	-42.4073	-41.9618
BLOCK27/SES277/SA277S29	SES292	-1.11967	-43.0815	-41.9618
BLOCK27/SES279/SA279S09	SES120	-1.35139	-42.8736	-41.5222
BLOCK27/SES279/SA279S09	SES146	-1.0633	-42.5855	-41.5222
BLOCK27/SES279/SA279S09	SES206	-1.47176	-42.994	-41.5222
BLOCK27/SES279/SA279S09	SES226	-1.40615	-42.9284	-41.5222
BLOCK27/SES279/SA279S10	SES099	-0.449898	-41.8455	-41.3956
BLOCK27/SES279/SA279S10	SES206	-0.682117	-42.0777	-41.3956
BLOCK27/SES279/SA279S10	SES226	-0.961407	-42.357	-41.3956
BLOCK27/SES279/SA279S10	SES292	-1.12464	-42.5202	-41.3956
BLOCK27/SES279/SA279S20	SES099	-1.10279	-42.9702	-41.8674
BLOCK27/SES279/SA279S20	SES206	-0.412197	-42.2796	-41.8674
BLOCK27/SES279/SA279S20	SES226	-1.61459	-43.482	-41.8674
BLOCK27/SES279/SA279S20	SES292	-0.566261	-42.4337	-41.8674
BLOCK27/SES279/SA279S26	SES099	-0.8848	-42.5198	-41.635
BLOCK27/SES279/SA279S26	SES206	-0.0889397	-41.7239	-41.635
BLOCK27/SES279/SA279S26	SES226	-1.11404	-42.749	-41.635
BLOCK27/SES279/SA279S26	SES292	-1.51487	-43.1499	-41.635
BLOCK27/SES279/SA279S28	SES099	-1.21367	-41.6262	-40.4125
BLOCK27/SES279/SA279S28	SES120	-1.44799	-41.8605	-40.4125
BLOCK27/SES279/SA279S28	SES177	-2.7352	-43.1477	-40.4125
BLOCK27/SES279/SA279S28	SES206	-1.02536	-41.4379	-40.4125
BLOCK29/SES290/SA290S12	SES162	-0.594639	-43.1125	-42.5179
BLOCK29/SES290/SA290S12	SES177	-0.235626	-42.7535	-42.5179
BLOCK29/SES290/SA290S12	SES180	-0.848713	-43.3666	-42.5179
BLOCK29/SES290/SA290S12	SES292	-2.75932	-45.2772	-42.5179
BLOCK29/SES290/SA290S13	SES007	-1.88911	-45.5195	-43.6304
BLOCK29/SES290/SA290S13	SES162	-1.12832	-44.7587	-43.6304
BLOCK29/SES290/SA290S13	SES177	-0.242912	-43.8733	-43.6304
BLOCK29/SES290/SA290S13	SES180	-0.651691	-44.2821	-43.6304
BLOCK29/SES290/SA290S22	SES177	-0.101353	-43.0543	-42.953
BLOCK29/SES290/SA290S22	SES180	-0.538582	-43.4916	-42.953
BLOCK29/SES290/SA290S22	SES202	-0.751709	-43.7047	-42.953
BLOCK29/SES290/SA290S22	SES292	-1.46519	-44.4182	-42.953
BLOCK29/SES290/SA290S25	SES162	-0.652218	-42.9297	-42.2775
BLOCK29/SES290/SA290S25	SES177	-0.256641	-42.5342	-42.2775
BLOCK29/SES290/SA290S25	SES180	-0.517361	-42.7949	-42.2775
BLOCK29/SES290/SA290S25	SES292	-1.68895	-43.9665	-42.2775
BLOCK29/SES290/SA290S29	SES177	0.375904	-42.1684	-42.5443
BLOCK29/SES290/SA290S29	SES180	0.519287	-42.025	-42.5443
BLOCK29/SES290/SA290S29	SES275	-1.52402	-44.0683	-42.5443
BLOCK29/SES290/SA290S29	SES292	-0.572826	-43.1171	-42.5443
BLOCK29/SES291/SA291S11	SES105	-2.40211	-44.5205	-42.1184
BLOCK29/SES291/SA291S11	SES125	-0.807835	-42.9262	-42.1184
BLOCK29/SES291/SA291S11	SES158	-0.719162	-42.8375	-42.1184
BLOCK29/SES291/SA291S11	SES275	-2.91265	-45.031	-42.1184
BLOCK29/SES291/SA291S12	SES158	0.0963173	-41.5584	-41.6548
BLOCK29/SES291/SA291S12	SES226	-0.708736	-42.3635	-41.6548
BLOCK29/SES291/SA291S12	SES270	0.360825	-41.2939	-41.6548
BLOCK29/SES291/SA291S12	SES275	-3.85293	-45.5077	-41.6548
BLOCK29/SES291/SA291S22	SES082	-0.457714	-42.0561	-41.5983
BLOCK29/SES291/SA291S22	SES158	-0.370251	-41.9686	-41.5983
BLOCK29/SES291/SA291S22	SES259	-1.12498	-42.7233	-41.5983
BLOCK29/SES291/SA291S22	SES275	-2.70234	-44.3007	-41.5983
BLOCK29/SES291/SA291S24	SES104	0.100994	-40.4403	-40.5413
BLOCK29/SES291/SA291S24	SES125	0.18018	-40.3611	-40.5413
BLOCK29/SES291/SA291S24	SES158	-0.524193	-41.0655	-40.5413
BLOCK29/SES291/SA291S24	SES275	-2.89372	-43.435	-40.5413
BLOCK29/SES291/SA291S27	SES158	-0.0160675	-40.9756	-40.9595
BLOCK29/SES291/SA291S27	SES172	-4.6298	-45.5893	-40.9595
BLOCK29/SES291/SA291S27	SES275	-3.12917	-44.0887	-40.9595
BLOCK29/SES291/SA291S27	SES292	-1.91469	-42.8742	-40.9595
