BLOCK00/SES002/SA002S12	SES002	0.316503	-8.01747	-8.33397
BLOCK00/SES002/SA002S13	SES002	1.08512	-7.974	-9.05911
BLOCK00/SES002/SA002S23	SES002	0.31245	-8.01302	-8.32547
BLOCK00/SES002/SA002S26	SES002	-0.262787	-9.5691	-9.30631
BLOCK00/SES002/SA002S28	SES002	-0.0330372	-8.39822	-8.36519
BLOCK00/SES007/SA007S14	SES007	0.21688	-6.86592	-7.0828
BLOCK00/SES007/SA007S15	SES007	-0.179945	-7.90272	-7.72278
BLOCK00/SES007/SA007S24	SES007	-0.13183	-7.39927	-7.26744
BLOCK00/SES007/SA007S27	SES007	-0.173641	-8.54414	-8.3705
BLOCK00/SES007/SA007S29	SES007	-0.0974665	-7.53604	-7.43857
BLOCK00/SES008/SA008S11	SES008	1.15391	-6.8181	-7.97201
BLOCK00/SES008/SA008S12	SES008	-0.00431442	-7.63538	-7.63107
BLOCK00/SES008/SA008S19	SES008	0.856759	-7.20753	-8.06429
BLOCK00/SES008/SA008S22	SES008	0.472852	-7.81637	-8.28923
BLOCK00/SES008/SA008S29	SES008	0.721152	-6.95503	-7.67618
BLOCK01/SES014/SA014S10	SES014	0.116085	-7.91413	-8.03021
BLOCK01/SES014/SA014S12	SES014	0.756339	-7.38341	-8.13975
BLOCK01/SES014/SA014S24	SES014	0.935087	-7.5827	-8.51779
BLOCK01/SES014/SA014S26	SES014	0.867368	-6.98948	-7.85684
BLOCK01/SES014/SA014S28	SES014	1.30759	-6.46242	-7.77
BLOCK01/SES016/SA016S12	SES016	1.05365	-9.11462	-10.1683
BLOCK01/SES016/SA016S13	SES016	0.2812	-7.5503	-7.8315
BLOCK01/SES016/SA016S22	SES016	0.54897	-7.37337	-7.92234
BLOCK01/SES016/SA016S25	SES016	0.564505	-5.97446	-6.53897
BLOCK01/SES016/SA016S27	SES016	0.568793	-7.14048	-7.70927
BLOCK01/SES019/SA019S13	SES019	2.65291	-6.86564	-9.51855
BLOCK01/SES019/SA019S14	SES019	0.594298	-8.81705	-9.41135
BLOCK01/SES019/SA019S22	SES019	1.66954	-7.11039	-8.77993
BLOCK01/SES019/SA019S25	SES019	1.30447	-7.73925	-9.04371
BLOCK01/SES019/SA019S29	SES019	3.5887	-7.09606	-10.6848
BLOCK02/SES029/SA029S11	SES029	0.0613918	-6.90027	-6.96166
BLOCK02/SES029/SA029S12	SES029	-0.176926	-7.39158	-7.21465
BLOCK02/SES029/SA029S20	SES029	0.0202355	-6.91158	-6.93182
BLOCK02/SES029/SA029S25	SES029	0.0250654	-7.63183	-7.6569
BLOCK02/SES029/SA029S28	SES029	-0.514546	-7.6886	-7.17406
BLOCK04/SES042/SA042S12	SES042	0.201484	-7.62901	-7.83049
BLOCK04/SES042/SA042S15	SES042	0.864367	-6.36295	-7.22732
BLOCK04/SES042/SA042S22	SES042	1.01673	-7.81068	-8.82742
BLOCK04/SES042/SA042S25	SES042	0.171981	-9.11896	-9.29094
BLOCK04/SES042/SA042S27	SES042	0.454393	-8.26716	-8.72155
BLOCK04/SES048/SA048S11	SES048	0.218222	-6.71443	-6.93265
BLOCK04/SES048/SA048S12	SES048	-0.108965	-8.17998	-8.07102
BLOCK04/SES048/SA048S20	SES048	-0.065856	-6.98845	-6.92259
BLOCK04/SES048/SA048S23	SES048	0.115693	-7.59241	-7.7081
BLOCK04/SES048/SA048S27	SES048	-0.19841	-7.98287	-7.78447
BLOCK06/SES060/SA060S11	SES060	0.540246	-7.42725	-7.96749
BLOCK06/SES060/SA060S12	SES060	-0.00360203	-8.61495	-8.61135
BLOCK06/SES060/SA060S22	SES060	-2.08032	-10.5507	-8.4704
BLOCK06/SES060/SA060S24	SES060	0.376957	-6.51415	-6.89111
BLOCK06/SES060/SA060S28	SES060	0.255836	-6.29651	-6.55235
BLOCK06/SES062/SA062S10	SES062	-0.13526	-7.47931	-7.34405
BLOCK06/SES062/SA062S11	SES062	-0.0182924	-8.36474	-8.34645
BLOCK06/SES062/SA062S21	SES062	0.326481	-5.92066	-6.24714
BLOCK06/SES062/SA062S26	SES062	-0.316989	-7.9473	-7.63031
BLOCK06/SES062/SA062S29	SES062	0.310764	-6.8291	-7.13987
BLOCK06/SES068/SA068S14	SES068	-0.10369	-8.05811	-7.95442
BLOCK06/SES068/SA068S15	SES068	0.437475	-7.58948	-8.02696
BLOCK06/SES068/SA068S23	SES068	0.0511713	-7.90022	-7.95139
BLOCK06/SES068/SA068S27	SES068	1.19443	-6.70791	-7.90234
BLOCK06/SES068/SA068S29	SES068	0.339249	-7.79883	-8.13808
BLOCK08/SES082/SA082S12	SES082	-0.19909	-8.47642	-8.27733
BLOCK08/SES082/SA082S14	SES082	0.131019	-8.34468	-8.4757
BLOCK08/SES082/SA082S21	SES082	0.142677	-7.64938	-7.79205
BLOCK08/SES082/SA082S24	SES082	-0.0369244	-8.21804	-8.18112
BLOCK08/SES082/SA082S28	SES082	0.0413694	-8.22951	-8.27088
BLOCK08/SES083/SA083S14	SES083	-0.400122	-7.73266	-7.33253
BLOCK08/SES083/SA083S15	SES083	-0.0700302	-7.57825	-7.50822
BLOCK08/SES083/SA083S24	SES083	-0.214209	-7.94296	-7.72875
BLOCK08/SES083/SA083S26	SES083	-0.0359955	-8.70102	-8.66502
BLOCK08/SES083/SA083S29	SES083	-0.531835	-8.4632	-7.93137
BLOCK08/SES085/SA085S10	SES085	0.8499	-6.42426	-7.27416
BLOCK08/SES085/SA085S13	SES085	-0.593733	-8.78177	-8.18803
BLOCK08/SES085/SA085S22	SES085	0.284416	-7.45721	-7.74163
BLOCK08/SES085/SA085S26	SES085	-0.5233	-8.47691	-7.95361
BLOCK08/SES085/SA085S28	SES085	0.0263562	-7.69347	-7.71983
BLOCK08/SES087/SA087S15	SES087	0.612551	-8.11516	-8.72771
BLOCK08/SES087/SA087S16	SES087	0.697965	-8.18233	-8.88029
BLOCK08/SES087/SA087S24	SES087	1.03778	-7.69102	-8.7288
BLOCK08/SES087/SA087S26	SES087	0.456975	-7.30724	-7.76421
BLOCK08/SES087/SA087S29	SES087	0.983665	-6.82918	-7.81284
BLOCK09/SES099/SA099S15	SES099	0.144897	-8.49714	-8.64203
BLOCK09/SES099/SA099S16	SES099	0.601047	-7.61546	-8.2165
BLOCK09/SES099/SA099S24	SES099	0.267172	-8.18423	-8.4514
BLOCK09/SES099/SA099S26	SES099	0.487695	-7.54344	-8.03113
BLOCK09/SES099/SA099S29	SES099	0.235846	-8.39036	-8.6262
BLOCK10/SES101/SA101S11	SES101	-0.117781	-7.03238	-6.91459
BLOCK10/SES101/SA101S13	SES101	-0.191652	-6.41821	-6.22656
BLOCK10/SES101/SA101S22	SES101	0.24494	-8.28861	-8.53355
BLOCK10/SES101/SA101S24	SES101	0.280614	-7.14952	-7.43014
BLOCK10/SES101/SA101S28	SES101	0.346686	-7.58087	-7.92756
BLOCK10/SES104/SA104S11	SES104	-0.00379992	-7.42033	-7.41653
BLOCK10/SES104/SA104S12	SES104	0.134865	-7.9554	-8.09027
BLOCK10/SES104/SA104S21	SES104	-0.0288906	-8.32925	-8.30036
BLOCK10/SES104/SA104S24	SES104	-0.221092	-8.58216	-8.36107
BLOCK10/SES104/SA104S28	SES104	0.204824	-7.90651	-8.11133
BLOCK10/SES105/SA105S12	SES105	0.441961	-8.265	-8.70696
BLOCK10/SES105/SA105S13	SES105	-0.0552621	-7.69605	-7.64078
BLOCK10/SES105/SA105S22	SES105	0.402158	-8.64275	-9.0449
BLOCK10/SES105/SA105S26	SES105	0.395517	-8.54808	-8.94359
BLOCK10/SES105/SA105S29	SES105	0.731083	-6.85639	-7.58747
BLOCK10/SES106/SA106S09	SES106	0.210166	-8.39942	-8.60958
BLOCK10/SES106/SA106S11	SES106	0.252037	-7.57044	-7.82248
BLOCK10/SES106/SA106S22	SES106	0.789965	-8.20905	-8.99901
BLOCK10/SES106/SA106S27	SES106	0.0955963	-7.59717	-7.69276
BLOCK10/SES106/SA106S29	SES106	0.0393682	-7.11826	-7.15763
BLOCK11/SES117/SA117S12	SES117	0.0281515	-8.57998	-8.60813
BLOCK11/SES117/SA117S13	SES117	-0.32709	-8.79231	-8.46522
BLOCK11/SES117/SA117S23	SES117	0.701476	-8.78197	-9.48345
BLOCK11/SES117/SA117S25	SES117	0.438906	-8.11559	-8.5545
BLOCK11/SES117/SA117S28	SES117	0.372693	-8.13353	-8.50622
BLOCK12/SES120/SA120S08	SES120	-0.254292	-8.38321	-8.12892
BLOCK12/SES120/SA120S11	SES120	-0.303093	-11.2245	-10.9214
BLOCK12/SES120/SA120S22	SES120	-0.0677757	-7.45209	-7.38431
BLOCK12/SES120/SA120S24	SES120	-0.0668259	-8.34368	-8.27685
BLOCK12/SES120/SA120S28	SES120	-0.284713	-8.54852	-8.26381
BLOCK12/SES125/SA125S13	SES125	0.461482	-7.57844	-8.03992
BLOCK12/SES125/SA125S14	SES125	0.0271273	-8.27429	-8.30142
BLOCK12/SES125/SA125S25	SES125	0.443612	-8.20735	-8.65096
BLOCK12/SES125/SA125S27	SES125	0.578279	-7.27121	-7.84949
BLOCK12/SES125/SA125S29	SES125	0.00265551	-7.80549	-7.80814
BLOCK12/SES127/SA127S11	SES127	0.4157	-7.68949	-8.10519
BLOCK12/SES127/SA127S12	SES127	0.204682	-6.38978	-6.59446
BLOCK12/SES127/SA127S23	SES127	0.141983	-6.96352	-7.1055
BLOCK12/SES127/SA127S25	SES127	0.136821	-7.0925	-7.22932
BLOCK12/SES127/SA127S27	SES127	0.353382	-7.27496	-7.62834
BLOCK12/SES129/SA129S11	SES129	0.671898	-6.55563	-7.22753
BLOCK12/SES129/SA129S12	SES129	0.240767	-6.57732	-6.81809
BLOCK12/SES129/SA129S22	SES129	0.43892	-7.46908	-7.908
BLOCK12/SES129/SA129S27	SES129	1.00868	-6.96055	-7.96923
BLOCK12/SES129/SA129S29	SES129	0.0424395	-8.36869	-8.41113
BLOCK14/SES142/SA142S11	SES142	0.738561	-6.72153	-7.46009
BLOCK14/SES142/SA142S12	SES142	-0.048924	-8.01171	-7.96278
BLOCK14/SES142/SA142S24	SES142	0.406771	-6.91033	-7.3171
BLOCK14/SES142/SA142S27	SES142	0.755086	-6.78698	-7.54207
BLOCK14/SES142/SA142S29	SES142	0.54357	-6.68198	-7.22555
BLOCK14/SES143/SA143S12	SES143	0.600281	-7.37693	-7.97721
BLOCK14/SES143/SA143S13	SES143	0.586601	-7.39929	-7.98589
BLOCK14/SES143/SA143S23	SES143	0.107766	-7.5779	-7.68567
BLOCK14/SES143/SA143S25	SES143	0.408854	-7.79363	-8.20249
BLOCK14/SES143/SA143S28	SES143	0.463269	-7.5208	-7.98406
BLOCK14/SES144/SA144S09	SES144	0.128764	-7.81629	-7.94505
BLOCK14/SES144/SA144S11	SES144	-0.0366087	-7.64662	-7.61001
BLOCK14/SES144/SA144S21	SES144	-0.668836	-8.47029	-7.80146
BLOCK14/SES144/SA144S25	SES144	0.409829	-7.98402	-8.39385
BLOCK14/SES144/SA144S29	SES144	-0.957313	-8.91085	-7.95354
BLOCK14/SES146/SA146S14	SES146	-0.218966	-8.45667	-8.2377
BLOCK14/SES146/SA146S15	SES146	-0.587117	-8.56046	-7.97334
BLOCK14/SES146/SA146S24	SES146	0.0734921	-7.98306	-8.05656
BLOCK14/SES146/SA146S26	SES146	-0.0238142	-8.12196	-8.09815
BLOCK14/SES146/SA146S29	SES146	-0.0711813	-8.53336	-8.46218
BLOCK14/SES147/SA147S11	SES147	-0.199177	-8.00407	-7.80489
BLOCK14/SES147/SA147S13	SES147	0.320648	-6.94054	-7.26118
BLOCK14/SES147/SA147S23	SES147	0.114512	-7.90737	-8.02189
BLOCK14/SES147/SA147S26	SES147	0.545974	-7.55063	-8.0966
BLOCK14/SES147/SA147S28	SES147	0.650916	-7.04799	-7.69891
BLOCK14/SES148/SA148S10	SES148	0.106605	-7.07815	-7.18475
BLOCK14/SES148/SA148S12	SES148	-0.2532	-8.37231	-8.11911
BLOCK14/SES148/SA148S22	SES148	-0.0384436	-7.36645	-7.32801
BLOCK14/SES148/SA148S26	SES148	-0.227748	-6.85419	-6.62644
BLOCK14/SES148/SA148S29	SES148	-0.334562	-8.05095	-7.71639
BLOCK14/SES149/SA149S13	SES149	-0.350848	-7.45877	-7.10793
BLOCK14/SES149/SA149S14	SES149	-0.0741386	-6.93677	-6.86263
BLOCK14/SES149/SA149S24	SES149	-0.00390387	-7.69014	-7.68624
BLOCK14/SES149/SA149S26	SES149	0.424984	-6.54831	-6.97329
BLOCK14/SES149/SA149S28	SES149	0.585331	-6.1953	-6.78063
BLOCK15/SES158/SA158S13	SES158	0.400099	-7.46122	-7.86132
BLOCK15/SES158/SA158S14	SES158	0.377517	-8.60631	-8.98383
BLOCK15/SES158/SA158S23	SES158	0.270747	-6.63272	-6.90346
BLOCK15/SES158/SA158S26	SES158	0.831386	-7.60592	-8.43731
BLOCK15/SES158/SA158S28	SES158	0.55847	-7.7788	-8.33727
BLOCK16/SES162/SA162S10	SES162	0.274871	-8.56415	-8.83902
BLOCK16/SES162/SA162S11	SES162	-0.113241	-7.18622	-7.07298
BLOCK16/SES162/SA162S21	SES162	0.376641	-7.43098	-7.80762
BLOCK16/SES162/SA162S24	SES162	0.532277	-7.36215	-7.89442
BLOCK16/SES162/SA162S27	SES162	0.694426	-8.59694	-9.29137
BLOCK16/SES167/SA167S14	SES167	0.84777	-6.73842	-7.58619
BLOCK16/SES167/SA167S15	SES167	1.13174	-6.40772	-7.53946
BLOCK16/SES167/SA167S21	SES167	0.819437	-6.52206	-7.3415
BLOCK16/SES167/SA167S25	SES167	1.26964	-6.63946	-7.90909
BLOCK16/SES167/SA167S29	SES167	1.3775	-6.10906	-7.48656
BLOCK17/SES172/SA172S12	SES172	0.768868	-8.08528	-8.85415
BLOCK17/SES172/SA172S13	SES172	0.560502	-8.11457	-8.67507
BLOCK17/SES172/SA172S23	SES172	0.358172	-7.37961	-7.73778
BLOCK17/SES172/SA172S27	SES172	0.0956106	-8.96115	-9.05676
BLOCK17/SES172/SA172S29	SES172	0.772915	-7.60131	-8.37423
BLOCK17/SES175/SA175S11	SES175	-0.308113	-8.11595	-7.80784
BLOCK17/SES175/SA175S13	SES175	0.259355	-5.75455	-6.0139
BLOCK17/SES175/SA175S23	SES175	0.225973	-6.7947	-7.02068
BLOCK17/SES175/SA175S25	SES175	-0.22861	-8.48892	-8.26031
BLOCK17/SES175/SA175S28	SES175	-0.187275	-7.26044	-7.07316
BLOCK17/SES177/SA177S15	SES177	0.231205	-8.46061	-8.69181
BLOCK17/SES177/SA177S17	SES177	0.0730333	-8.30285	-8.37588
BLOCK17/SES177/SA177S23	SES177	0.199457	-8.17928	-8.37874
BLOCK17/SES177/SA177S26	SES177	0.216248	-6.29911	-6.51536
BLOCK17/SES177/SA177S28	SES177	0.570974	-8.06919	-8.64017
BLOCK18/SES180/SA180S13	SES180	-0.521513	-8.80015	-8.27864
BLOCK18/SES180/SA180S15	SES180	-0.157224	-7.70876	-7.55154
BLOCK18/SES180/SA180S24	SES180	0.314616	-6.70706	-7.02167
BLOCK18/SES180/SA180S26	SES180	0.216967	-6.94504	-7.16201
BLOCK18/SES180/SA180S29	SES180	-0.489634	-8.49624	-8.00661
BLOCK18/SES183/SA183S13	SES183	0.599271	-7.65468	-8.25395
BLOCK18/SES183/SA183S14	SES183	-0.483078	-8.05694	-7.57386
BLOCK18/SES183/SA183S24	SES183	0.596227	-8.11845	-8.71467
BLOCK18/SES183/SA183S27	SES183	0.714127	-8.30483	-9.01896
BLOCK18/SES183/SA183S29	SES183	0.720315	-7.44113	-8.16145
BLOCK18/SES187/SA187S13	SES187	-0.10736	-8.93754	-8.83018
BLOCK18/SES187/SA187S14	SES187	-0.313601	-8.76307	-8.44947
BLOCK18/SES187/SA187S24	SES187	0.316287	-8.56152	-8.87781
BLOCK18/SES187/SA187S27	SES187	0.0816956	-8.83512	-8.91681
BLOCK18/SES187/SA187S29	SES187	-0.218458	-9.46215	-9.24369
BLOCK18/SES189/SA189S10	SES189	0.681711	-8.28554	-8.96725
BLOCK18/SES189/SA189S13	SES189	0.522925	-9.37954	-9.90247
BLOCK18/SES189/SA189S24	SES189	0.243791	-7.46105	-7.70484
BLOCK18/SES189/SA189S26	SES189	0.702519	-7.50326	-8.20578
BLOCK18/SES189/SA189S29	SES189	0.650535	-7.32904	-7.97957
BLOCK20/SES202/SA202S12	SES202	0.213827	-7.92342	-8.13725
BLOCK20/SES202/SA202S14	SES202	0.400329	-7.58087	-7.9812
BLOCK20/SES202/SA202S24	SES202	-0.310673	-8.6218	-8.31113
BLOCK20/SES202/SA202S27	SES202	0.299666	-7.35571	-7.65538
BLOCK20/SES202/SA202S29	SES202	0.205574	-7.55864	-7.76421
BLOCK20/SES206/SA206S15	SES206	-0.832492	-7.84055	-7.00805
BLOCK20/SES206/SA206S17	SES206	0.0987549	-8.26287	-8.36162
BLOCK20/SES206/SA206S24	SES206	0.654667	-6.66201	-7.31668
BLOCK20/SES206/SA206S27	SES206	0.389027	-8.16441	-8.55344
BLOCK20/SES206/SA206S29	SES206	0.752484	-6.53705	-7.28953
BLOCK22/SES226/SA226S12	SES226	0.56015	-8.09156	-8.65171
BLOCK22/SES226/SA226S13	SES226	-0.215299	-8.71489	-8.4996
BLOCK22/SES226/SA226S20	SES226	0.206705	-7.96692	-8.17362
BLOCK22/SES226/SA226S23	SES226	0.419414	-7.45497	-7.87438
BLOCK22/SES226/SA226S28	SES226	0.910339	-6.9686	-7.87894
BLOCK25/SES259/SA259S13	SES259	1.09366	-7.10751	-8.20117
BLOCK25/SES259/SA259S14	SES259	0.934314	-6.97122	-7.90554
BLOCK25/SES259/SA259S22	SES259	0.759256	-6.91716	-7.67642
BLOCK25/SES259/SA259S24	SES259	0.380698	-7.70218	-8.08288
BLOCK25/SES259/SA259S28	SES259	0.287341	-7.46977	-7.75711
BLOCK27/SES270/SA270S14	SES270	1.09064	-7.86021	-8.95085
BLOCK27/SES270/SA270S16	SES270	0.247953	-7.40513	-7.65308
BLOCK27/SES270/SA270S22	SES270	1.75813	-6.71057	-8.4687
BLOCK27/SES270/SA270S26	SES270	0.464884	-7.63434	-8.09923
BLOCK27/SES270/SA270S28	SES270	0.539226	-7.5455	-8.08473
BLOCK27/SES275/SA275S17	SES275	0.286829	-7.39982	-7.68664
BLOCK27/SES275/SA275S18	SES275	-0.232944	-7.79718	-7.56423
BLOCK27/SES275/SA275S24	SES275	0.0862932	-8.19412	-8.28041
BLOCK27/SES275/SA275S26	SES275	0.397483	-7.5261	-7.92359
BLOCK27/SES275/SA275S28	SES275	0.441582	-7.91308	-8.35466
BLOCK29/SES292/SA292S10	SES292	-0.398422	-7.36512	-6.9667
BLOCK29/SES292/SA292S12	SES292	-0.305535	-8.92183	-8.6163
BLOCK29/SES292/SA292S22	SES292	-0.492954	-8.40012	-7.90717
BLOCK29/SES292/SA292S24	SES292	-0.392954	-8.09618	-7.70323
BLOCK29/SES292/SA292S27	SES292	-0.391104	-7.86626	-7.47516
BLOCK00/SES001/SA001S14	SES062	-2.17901	-10.6219	-8.44293
BLOCK00/SES001/SA001S14	SES082	-0.931326	-9.37425	-8.44293
BLOCK00/SES001/SA001S14	SES106	-1.74637	-10.1893	-8.44293
BLOCK00/SES001/SA001S14	SES206	-1.67089	-10.1138	-8.44293
BLOCK00/SES001/SA001S15	SES062	-1.25057	-8.95843	-7.70786
BLOCK00/SES001/SA001S15	SES104	-1.04448	-8.75234	-7.70786
BLOCK00/SES001/SA001S15	SES106	-0.983746	-8.6916	-7.70786
BLOCK00/SES001/SA001S15	SES206	-1.93172	-9.63958	-7.70786
BLOCK00/SES001/SA001S24	SES062	-0.7722	-8.73592	-7.96372
BLOCK00/SES001/SA001S24	SES082	-0.758193	-8.72191	-7.96372
BLOCK00/SES001/SA001S24	SES087	-1.06307	-9.02679	-7.96372
BLOCK00/SES001/SA001S24	SES206	-0.242759	-8.20648	-7.96372
BLOCK00/SES001/SA001S27	SES062	-0.554862	-6.99967	-6.4448
BLOCK00/SES001/SA001S27	SES082	-0.795256	-7.24006	-6.4448
BLOCK00/SES001/SA001S27	SES087	-0.22487	-6.66967	-6.4448
BLOCK00/SES001/SA001S27	SES206	-1.51756	-7.96237	-6.4448
BLOCK00/SES001/SA001S29	SES062	-1.50111	-9.37819	-7.87708
BLOCK00/SES001/SA001S29	SES082	-0.954905	-8.83198	-7.87708
BLOCK00/SES001/SA001S29	SES158	-0.943373	-8.82045	-7.87708
BLOCK00/SES001/SA001S29	SES206	-1.60836	-9.48544	-7.87708
BLOCK00/SES003/SA003S11	SES002	-0.142673	-8.59945	-8.45677
BLOCK00/SES003/SA003S11	SES019	-1.43002	-9.88679	-8.45677
BLOCK00/SES003/SA003S11	SES082	-0.282576	-8.73935	-8.45677
BLOCK00/SES003/SA003S11	SES125	-0.852696	-9.30947	-8.45677
BLOCK00/SES003/SA003S15	SES016	-0.879578	-8.27542	-7.39584
BLOCK00/SES003/SA003S15	SES019	-4.28259	-11.6784	-7.39584
BLOCK00/SES003/SA003S15	SES062	-0.204633	-7.60047	-7.39584
BLOCK00/SES003/SA003S15	SES206	-0.568773	-7.96461	-7.39584
BLOCK00/SES003/SA003S22	SES002	-0.553582	-8.59629	-8.04271
BLOCK00/SES003/SA003S22	SES062	0.176827	-7.86588	-8.04271
BLOCK00/SES003/SA003S22	SES082	-0.496496	-8.53921	-8.04271
BLOCK00/SES003/SA003S22	SES087	-0.534615	-8.57733	-8.04271
BLOCK00/SES003/SA003S25	SES062	-0.865545	-10.27	-9.40442
BLOCK00/SES003/SA003S25	SES082	-1.30656	-10.711	-9.40442
BLOCK00/SES003/SA003S25	SES087	-1.28457	-10.689	-9.40442
BLOCK00/SES003/SA003S25	SES206	-1.23692	-10.6413	-9.40442
BLOCK00/SES003/SA003S29	SES002	-0.790139	-9.20551	-8.41538
BLOCK00/SES003/SA003S29	SES062	-1.42424	-9.83962	-8.41538
BLOCK00/SES003/SA003S29	SES082	-1.04549	-9.46087	-8.41538
BLOCK00/SES003/SA003S29	SES087	-1.71186	-10.1272	-8.41538
BLOCK00/SES004/SA004S12	SES083	-0.890929	-8.1238	-7.23287
BLOCK00/SES004/SA004S12	SES148	-0.736919	-7.96979	-7.23287
BLOCK00/SES004/SA004S12	SES172	-0.017365	-7.25024	-7.23287
BLOCK00/SES004/SA004S12	SES292	-1.07765	-8.31052	-7.23287
BLOCK00/SES004/SA004S17	SES083	-1.05125	-8.65669	-7.60543
BLOCK00/SES004/SA004S17	SES162	-0.755201	-8.36063	-7.60543
BLOCK00/SES004/SA004S17	SES172	-0.442111	-8.04754	-7.60543
BLOCK00/SES004/SA004S17	SES292	-1.10546	-8.71089	-7.60543
BLOCK00/SES004/SA004S24	SES083	-1.01212	-8.20862	-7.1965
BLOCK00/SES004/SA004S24	SES148	-1.46413	-8.66063	-7.1965
BLOCK00/SES004/SA004S24	SES172	-0.513647	-7.71015	-7.1965
BLOCK00/SES004/SA004S24	SES292	-0.710837	-7.90734	-7.1965
BLOCK00/SES004/SA004S26	SES083	-1.1075	-9.11241	-8.00491
BLOCK00/SES004/SA004S26	SES127	-0.303563	-8.30847	-8.00491
BLOCK00/SES004/SA004S26	SES148	-1.88142	-9.88633	-8.00491
BLOCK00/SES004/SA004S26	SES292	-1.49989	-9.50479	-8.00491
BLOCK00/SES004/SA004S28	SES083	-0.797646	-8.25837	-7.46072
BLOCK00/SES004/SA004S28	SES127	0.116079	-7.34464	-7.46072
BLOCK00/SES004/SA004S28	SES187	-0.0402322	-7.50095	-7.46072
BLOCK00/SES004/SA004S28	SES292	-1.04271	-8.50343	-7.46072
BLOCK00/SES006/SA006S10	SES014	-1.19664	-10.5993	-9.40269
BLOCK00/SES006/SA006S10	SES158	-1.12771	-10.5304	-9.40269
BLOCK00/SES006/SA006S10	SES226	-2.52517	-11.9279	-9.40269
BLOCK00/SES006/SA006S10	SES270	-0.299134	-9.70183	-9.40269
BLOCK00/SES006/SA006S11	SES158	-1.59531	-10.5401	-8.94483
BLOCK00/SES006/SA006S11	SES226	-1.81009	-10.7549	-8.94483
BLOCK00/SES006/SA006S11	SES270	-0.184845	-9.12968	-8.94483
BLOCK00/SES006/SA006S11	SES275	-2.41913	-11.364	-8.94483
BLOCK00/SES006/SA006S23	SES062	-3.7693	-12.8875	-9.1182
BLOCK00/SES006/SA006S23	SES105	-3.09356	-12.2118	-9.1182
BLOCK00/SES006/SA006S23	SES158	-1.73176	-10.85	-9.1182
BLOCK00/SES006/SA006S23	SES275	-2.66922	-11.7874	-9.1182
BLOCK00/SES006/SA006S26	SES104	-2.59275	-11.7389	-9.14616
BLOCK00/SES006/SA006S26	SES158	-1.73624	-10.8824	-9.14616
BLOCK00/SES006/SA006S26	SES270	-0.50109	-9.64725	-9.14616
BLOCK00/SES006/SA006S26	SES275	-2.36798	-11.5141	-9.14616
BLOCK00/SES006/SA006S28	SES007	-2.08011	-11.7118	-9.63174
BLOCK00/SES006/SA006S28	SES105	-2.31261	-11.9443	-9.63174
BLOCK00/SES006/SA006S28	SES158	-1.02656	-10.6583	-9.63174
BLOCK00/SES006/SA006S28	SES275	-2.19349	-11.8252	-9.63174
BLOCK00/SES009/SA009S12	SES083	-2.28075	-10.0652	-7.78441
BLOCK00/SES009/SA009S12	SES148	-1.72549	-9.50991	-7.78441
BLOCK00/SES009/SA009S12	SES177	-0.723088	-8.5075	-7.78441
BLOCK00/SES009/SA009S12	SES292	-0.884824	-8.66924	-7.78441
BLOCK00/SES009/SA009S15	SES007	-0.31955	-7.55712	-7.23757
BLOCK00/SES009/SA009S15	SES099	-2.88623	-10.1238	-7.23757
BLOCK00/SES009/SA009S15	SES148	-1.5676	-8.80517	-7.23757
BLOCK00/SES009/SA009S15	SES172	-1.05523	-8.29281	-7.23757
BLOCK00/SES009/SA009S24	SES146	-0.790818	-8.78143	-7.99061
BLOCK00/SES009/SA009S24	SES148	-1.95476	-9.94538	-7.99061
BLOCK00/SES009/SA009S24	SES177	-0.597387	-8.588	-7.99061
BLOCK00/SES009/SA009S24	SES292	-1.02303	-9.01364	-7.99061
BLOCK00/SES009/SA009S26	SES083	-1.99989	-9.72366	-7.72377
BLOCK00/SES009/SA009S26	SES101	-1.93653	-9.66031	-7.72377
BLOCK00/SES009/SA009S26	SES120	-0.731714	-8.45549	-7.72377
BLOCK00/SES009/SA009S26	SES177	-0.966561	-8.69033	-7.72377
BLOCK00/SES009/SA009S29	SES083	-1.85034	-9.54512	-7.69478
BLOCK00/SES009/SA009S29	SES101	-1.38224	-9.07701	-7.69478
BLOCK00/SES009/SA009S29	SES177	-0.838451	-8.53323	-7.69478
BLOCK00/SES009/SA009S29	SES292	-1.06823	-8.763	-7.69478
BLOCK01/SES011/SA011S10	SES019	-3.83797	-13.0263	-9.18835
BLOCK01/SES011/SA011S10	SES042	0.446317	-8.74203	-9.18835
BLOCK01/SES011/SA011S10	SES082	-0.707195	-9.89554	-9.18835
BLOCK01/SES011/SA011S10	SES206	-0.611237	-9.79958	-9.18835
BLOCK01/SES011/SA011S11	SES019	-2.5536	-11.3822	-8.82862
BLOCK01/SES011/SA011S11	SES042	0.11865	-8.70997	-8.82862
BLOCK01/SES011/SA011S11	SES082	-0.469254	-9.29788	-8.82862
BLOCK01/SES011/SA011S11	SES206	-1.29195	-10.1206	-8.82862
BLOCK01/SES011/SA011S22	SES019	-2.98856	-11.7428	-8.75429
BLOCK01/SES011/SA011S22	SES042	0.247777	-8.50651	-8.75429
BLOCK01/SES011/SA011S22	SES082	-1.32476	-10.0791	-8.75429
BLOCK01/SES011/SA011S22	SES206	-1.4259	-10.1802	-8.75429
BLOCK01/SES011/SA011S24	SES019	-3.25488	-11.469	-8.21416
BLOCK01/SES011/SA011S24	SES042	0.588558	-7.6256	-8.21416
BLOCK01/SES011/SA011S24	SES104	-0.218878	-8.43304	-8.21416
BLOCK01/SES011/SA011S24	SES206	-0.0941887	-8.30835	-8.21416
BLOCK01/SES011/SA011S27	SES082	-0.417951	-8.66084	-8.24289
BLOCK01/SES011/SA011S27	SES087	-1.51003	-9.75292	-8.24289
BLOCK01/SES011/SA011S27	SES125	-0.328043	-8.57093	-8.24289
BLOCK01/SES011/SA011S27	SES206	-0.665854	-8.90874	-8.24289
BLOCK01/SES012/SA012S11	SES007	-0.307175	-7.46476	-7.15758
BLOCK01/SES012/SA012S11	SES082	-0.144411	-7.30199	-7.15758
BLOCK01/SES012/SA012S11	SES083	-1.47207	-8.62965	-7.15758
BLOCK01/SES012/SA012S11	SES206	-0.350635	-7.50822	-7.15758
BLOCK01/SES012/SA012S14	SES082	-0.673209	-8.76306	-8.08985
BLOCK01/SES012/SA012S14	SES087	-1.44158	-9.53144	-8.08985
BLOCK01/SES012/SA012S14	SES206	-0.665161	-8.75501	-8.08985
BLOCK01/SES012/SA012S14	SES292	-1.23307	-9.32292	-8.08985
BLOCK01/SES012/SA012S24	SES082	-0.422478	-9.27595	-8.85348
BLOCK01/SES012/SA012S24	SES087	-1.42762	-10.2811	-8.85348
BLOCK01/SES012/SA012S24	SES120	-1.40416	-10.2576	-8.85348
BLOCK01/SES012/SA012S24	SES206	-0.459367	-9.31284	-8.85348
BLOCK01/SES012/SA012S26	SES019	-6.37116	-15.1833	-8.81213
BLOCK01/SES012/SA012S26	SES082	-1.5724	-10.3845	-8.81213
BLOCK01/SES012/SA012S26	SES206	0.447836	-8.36429	-8.81213
BLOCK01/SES012/SA012S26	SES292	-0.911821	-9.72395	-8.81213
BLOCK01/SES012/SA012S29	SES062	-1.0485	-7.99126	-6.94276
BLOCK01/SES012/SA012S29	SES082	0.0946484	-6.84811	-6.94276
BLOCK01/SES012/SA012S29	SES083	-1.69448	-8.63723	-6.94276
BLOCK01/SES012/SA012S29	SES206	0.101279	-6.84148	-6.94276
BLOCK01/SES013/SA013S16	SES062	-2.98651	-12.3005	-9.31398
BLOCK01/SES013/SA013S16	SES106	-1.40172	-10.7157	-9.31398
BLOCK01/SES013/SA013S16	SES206	-1.25984	-10.5738	-9.31398
BLOCK01/SES013/SA013S16	SES226	-0.970819	-10.2848	-9.31398
BLOCK01/SES013/SA013S17	SES062	-0.997535	-9.38396	-8.38643
BLOCK01/SES013/SA013S17	SES106	-1.3267	-9.71313	-8.38643
BLOCK01/SES013/SA013S17	SES206	-0.60928	-8.99571	-8.38643
BLOCK01/SES013/SA013S17	SES226	-0.308661	-8.69509	-8.38643
BLOCK01/SES013/SA013S23	SES104	-0.626712	-10.0504	-9.42365
BLOCK01/SES013/SA013S23	SES106	-0.165164	-9.58881	-9.42365
BLOCK01/SES013/SA013S23	SES206	-1.95543	-11.3791	-9.42365
BLOCK01/SES013/SA013S23	SES270	-0.810422	-10.2341	-9.42365
BLOCK01/SES013/SA013S25	SES042	-2.13733	-10.9458	-8.80844
BLOCK01/SES013/SA013S25	SES104	-0.375554	-9.184	-8.80844
BLOCK01/SES013/SA013S25	SES106	-0.294606	-9.10305	-8.80844
BLOCK01/SES013/SA013S25	SES206	-1.41105	-10.2195	-8.80844
BLOCK01/SES013/SA013S29	SES062	-2.40889	-11.2904	-8.88152
BLOCK01/SES013/SA013S29	SES104	-0.979307	-9.86083	-8.88152
BLOCK01/SES013/SA013S29	SES106	-0.743806	-9.62533	-8.88152
BLOCK01/SES013/SA013S29	SES206	-2.58576	-11.4673	-8.88152
BLOCK02/SES021/SA021S13	SES016	-1.77652	-9.72901	-7.9525
BLOCK02/SES021/SA021S13	SES029	-0.939065	-8.89156	-7.9525
BLOCK02/SES021/SA021S13	SES087	-2.34196	-10.2945	-7.9525
BLOCK02/SES021/SA021S13	SES206	-2.35481	-10.3073	-7.9525
BLOCK02/SES021/SA021S15	SES087	-1.07346	-8.61082	-7.53736
BLOCK02/SES021/SA021S15	SES125	-1.0064	-8.54376	-7.53736
BLOCK02/SES021/SA021S15	SES206	-1.27492	-8.81228	-7.53736
BLOCK02/SES021/SA021S15	SES226	-1.44588	-8.98324	-7.53736
BLOCK02/SES021/SA021S23	SES062	-2.16386	-11.0388	-8.87496
BLOCK02/SES021/SA021S23	SES087	-0.579285	-9.45425	-8.87496
BLOCK02/SES021/SA021S23	SES206	-1.09551	-9.97047	-8.87496
BLOCK02/SES021/SA021S23	SES226	-1.07143	-9.94639	-8.87496
BLOCK02/SES021/SA021S27	SES002	-1.09905	-8.47494	-7.37589
BLOCK02/SES021/SA021S27	SES016	-2.48216	-9.85805	-7.37589
BLOCK02/SES021/SA021S27	SES019	-1.88114	-9.25702	-7.37589
BLOCK02/SES021/SA021S27	SES062	-1.5251	-8.90099	-7.37589
BLOCK02/SES021/SA021S29	SES087	-1.23789	-9.70452	-8.46664
BLOCK02/SES021/SA021S29	SES125	-1.83321	-10.2998	-8.46664
BLOCK02/SES021/SA021S29	SES206	-0.747259	-9.2139	-8.46664
BLOCK02/SES021/SA021S29	SES226	-1.08136	-9.548	-8.46664
BLOCK04/SES043/SA043S09	SES083	-0.413696	-8.98757	-8.57387
BLOCK04/SES043/SA043S09	SES101	-0.544554	-9.11843	-8.57387
BLOCK04/SES043/SA043S09	SES144	-0.280557	-8.85443	-8.57387
BLOCK04/SES043/SA043S09	SES172	-1.17854	-9.75242	-8.57387
BLOCK04/SES043/SA043S11	SES083	0.136171	-7.49338	-7.62955
BLOCK04/SES043/SA043S11	SES101	-0.419821	-8.04937	-7.62955
BLOCK04/SES043/SA043S11	SES144	-0.122078	-7.75163	-7.62955
BLOCK04/SES043/SA043S11	SES172	-0.879539	-8.50909	-7.62955
BLOCK04/SES043/SA043S23	SES083	-0.387275	-8.30101	-7.91374
BLOCK04/SES043/SA043S23	SES144	-0.432807	-8.34655	-7.91374
BLOCK04/SES043/SA043S23	SES177	-1.01387	-8.9276	-7.91374
BLOCK04/SES043/SA043S23	SES275	-0.852253	-8.76599	-7.91374
BLOCK04/SES043/SA043S26	SES083	-0.874047	-9.96582	-9.09177
BLOCK04/SES043/SA043S26	SES101	-0.604034	-9.6958	-9.09177
BLOCK04/SES043/SA043S26	SES144	-0.0879927	-9.17976	-9.09177
BLOCK04/SES043/SA043S26	SES177	-1.26953	-10.3613	-9.09177
BLOCK04/SES043/SA043S28	SES016	-1.5967	-9.4999	-7.9032
BLOCK04/SES043/SA043S28	SES083	-0.767485	-8.67068	-7.9032
BLOCK04/SES043/SA043S28	SES101	-0.734083	-8.63728	-7.9032
BLOCK04/SES043/SA043S28	SES144	-0.782063	-8.68526	-7.9032
BLOCK04/SES044/SA044S10	SES127	-2.23962	-10.9639	-8.72431
BLOCK04/SES044/SA044S10	SES144	-0.0886059	-8.81291	-8.72431
BLOCK04/SES044/SA044S10	SES147	-3.17422	-11.8985	-8.72431
BLOCK04/SES044/SA044S10	SES148	-2.14985	-10.8742	-8.72431
BLOCK04/SES044/SA044S11	SES101	-0.691684	-8.58625	-7.89456
BLOCK04/SES044/SA044S11	SES144	-0.219599	-8.11416	-7.89456
BLOCK04/SES044/SA044S11	SES147	-1.61191	-9.50647	-7.89456
BLOCK04/SES044/SA044S11	SES177	-1.11566	-9.01022	-7.89456
BLOCK04/SES044/SA044S24	SES007	-2.53549	-10.596	-8.06046
BLOCK04/SES044/SA044S24	SES101	-0.435629	-8.49609	-8.06046
BLOCK04/SES044/SA044S24	SES147	-1.71773	-9.7782	-8.06046
BLOCK04/SES044/SA044S24	SES177	-0.798568	-8.85903	-8.06046
BLOCK04/SES044/SA044S26	SES007	-1.47221	-8.95444	-7.48222
BLOCK04/SES044/SA044S26	SES016	-0.905635	-8.38786	-7.48222
BLOCK04/SES044/SA044S26	SES101	-1.0249	-8.50712	-7.48222
BLOCK04/SES044/SA044S26	SES147	-0.595365	-8.07759	-7.48222
BLOCK04/SES044/SA044S29	SES007	-1.98902	-9.37961	-7.39059
BLOCK04/SES044/SA044S29	SES101	-0.525681	-7.91627	-7.39059
BLOCK04/SES044/SA044S29	SES147	-1.22986	-8.62045	-7.39059
BLOCK04/SES044/SA044S29	SES177	-1.74293	-9.13352	-7.39059
BLOCK04/SES046/SA046S13	SES101	-0.334024	-9.4066	-9.07257
BLOCK04/SES046/SA046S13	SES144	-0.453146	-9.52572	-9.07257
BLOCK04/SES046/SA046S13	SES147	-2.08698	-11.1596	-9.07257
BLOCK04/SES046/SA046S13	SES177	-1.14759	-10.2202	-9.07257
BLOCK04/SES046/SA046S15	SES048	-0.539085	-7.22384	-6.68476
BLOCK04/SES046/SA046S15	SES083	-0.944897	-7.62966	-6.68476
BLOCK04/SES046/SA046S15	SES120	-1.88478	-8.56953	-6.68476
BLOCK04/SES046/SA046S15	SES148	-1.07912	-7.76388	-6.68476
BLOCK04/SES046/SA046S22	SES101	-0.446149	-8.85758	-8.41143
BLOCK04/SES046/SA046S22	SES144	0.175818	-8.23561	-8.41143
BLOCK04/SES046/SA046S22	SES147	-1.60645	-10.0179	-8.41143
BLOCK04/SES046/SA046S22	SES172	-0.33149	-8.74292	-8.41143
BLOCK04/SES046/SA046S25	SES083	-0.474581	-8.14833	-7.67375
BLOCK04/SES046/SA046S25	SES127	-1.13008	-8.80383	-7.67375
BLOCK04/SES046/SA046S25	SES144	-0.440522	-8.11427	-7.67375
BLOCK04/SES046/SA046S25	SES148	-1.5537	-9.22745	-7.67375
BLOCK04/SES046/SA046S28	SES007	-1.89112	-9.52292	-7.6318
BLOCK04/SES046/SA046S28	SES105	-1.53893	-9.17073	-7.6318
BLOCK04/SES046/SA046S28	SES147	-0.913194	-8.54499	-7.6318
BLOCK04/SES046/SA046S28	SES148	-2.01396	-9.64576	-7.6318
BLOCK04/SES049/SA049S16	SES104	-1.36788	-10.9036	-9.53572
BLOCK04/SES049/SA049S16	SES106	-2.49876	-12.0345	-9.53572
BLOCK04/SES049/SA049S16	SES120	-1.3883	-10.924	-9.53572
BLOCK04/SES049/SA049S16	SES206	-1.88795	-11.4237	-9.53572
BLOCK04/SES049/SA049S18	SES099	0.23782	-8.74983	-8.98765
BLOCK04/SES049/SA049S18	SES104	-1.01597	-10.0036	-8.98765
BLOCK04/SES049/SA049S18	SES125	-1.3338	-10.3214	-8.98765
BLOCK04/SES049/SA049S18	SES206	-1.4883	-10.4759	-8.98765
BLOCK04/SES049/SA049S25	SES087	-1.68862	-11.4144	-9.72576
BLOCK04/SES049/SA049S25	SES104	-0.942	-10.6678	-9.72576
BLOCK04/SES049/SA049S25	SES125	-1.10436	-10.8301	-9.72576
BLOCK04/SES049/SA049S25	SES206	-1.06398	-10.7897	-9.72576
BLOCK04/SES049/SA049S27	SES099	-0.741482	-9.03939	-8.29791
BLOCK04/SES049/SA049S27	SES104	-0.33101	-8.62892	-8.29791
BLOCK04/SES049/SA049S27	SES125	-1.26638	-9.56429	-8.29791
BLOCK04/SES049/SA049S27	SES206	-1.53615	-9.83406	-8.29791
BLOCK04/SES049/SA049S29	SES099	-0.480679	-8.49026	-8.00958
BLOCK04/SES049/SA049S29	SES104	-0.444157	-8.45374	-8.00958
BLOCK04/SES049/SA049S29	SES125	-0.413058	-8.42264	-8.00958
BLOCK04/SES049/SA049S29	SES206	-1.65658	-9.66617	-8.00958
BLOCK06/SES063/SA063S09	SES068	-2.18386	-11.7081	-9.52429
BLOCK06/SES063/SA063S09	SES083	-0.948544	-10.4728	-9.52429
BLOCK06/SES063/SA063S09	SES177	-0.920278	-10.4446	-9.52429
BLOCK06/SES063/SA063S09	SES187	-1.25368	-10.778	-9.52429
BLOCK06/SES063/SA063S10	SES068	-2.04645	-10.8744	-8.82793
BLOCK06/SES063/SA063S10	SES083	-1.25505	-10.083	-8.82793
BLOCK06/SES063/SA063S10	SES172	-0.994255	-9.82218	-8.82793
BLOCK06/SES063/SA063S10	SES187	-1.29536	-10.1233	-8.82793
BLOCK06/SES063/SA063S20	SES068	-2.8899	-11.7213	-8.83137
BLOCK06/SES063/SA063S20	SES083	-1.83132	-10.6627	-8.83137
BLOCK06/SES063/SA063S20	SES172	-1.39278	-10.2241	-8.83137
BLOCK06/SES063/SA063S20	SES187	-1.43831	-10.2697	-8.83137
BLOCK06/SES063/SA063S24	SES029	-1.42159	-11.3701	-9.94847
BLOCK06/SES063/SA063S24	SES083	-1.09441	-11.0429	-9.94847
BLOCK06/SES063/SA063S24	SES177	-1.3494	-11.2979	-9.94847
BLOCK06/SES063/SA063S24	SES189	0.113603	-9.83487	-9.94847
BLOCK06/SES063/SA063S27	SES083	-1.1872	-9.84642	-8.65923
BLOCK06/SES063/SA063S27	SES172	-1.50463	-10.1639	-8.65923
BLOCK06/SES063/SA063S27	SES187	-1.56355	-10.2228	-8.65923
BLOCK06/SES063/SA063S27	SES292	-1.29398	-9.9532	-8.65923
BLOCK06/SES067/SA067S12	SES083	-1.28229	-8.69162	-7.40933
BLOCK06/SES067/SA067S12	SES172	-1.69451	-9.10384	-7.40933
BLOCK06/SES067/SA067S12	SES202	-1.32512	-8.73445	-7.40933
BLOCK06/SES067/SA067S12	SES292	-1.44992	-8.85925	-7.40933
BLOCK06/SES067/SA067S14	SES085	-1.29277	-7.71032	-6.41755
BLOCK06/SES067/SA067S14	SES177	-1.33644	-7.75399	-6.41755
BLOCK06/SES067/SA067S14	SES183	0.424413	-5.99314	-6.41755
BLOCK06/SES067/SA067S14	SES202	-1.10221	-7.51976	-6.41755
BLOCK06/SES067/SA067S21	SES144	-1.49714	-9.25289	-7.75576
BLOCK06/SES067/SA067S21	SES177	-1.62591	-9.38167	-7.75576
BLOCK06/SES067/SA067S21	SES183	-1.59983	-9.35558	-7.75576
BLOCK06/SES067/SA067S21	SES189	-1.88838	-9.64414	-7.75576
BLOCK06/SES067/SA067S25	SES085	-2.45962	-9.65742	-7.1978
BLOCK06/SES067/SA067S25	SES177	-1.35674	-8.55454	-7.1978
BLOCK06/SES067/SA067S25	SES183	-1.14203	-8.33983	-7.1978
BLOCK06/SES067/SA067S25	SES202	-2.06669	-9.26449	-7.1978
BLOCK06/SES067/SA067S29	SES085	-2.39718	-10.7504	-8.35319
BLOCK06/SES067/SA067S29	SES177	-1.62826	-9.98144	-8.35319
BLOCK06/SES067/SA067S29	SES183	-0.919279	-9.27246	-8.35319
BLOCK06/SES067/SA067S29	SES202	-0.844822	-9.19801	-8.35319
BLOCK06/SES069/SA069S12	SES029	-1.48946	-9.11415	-7.62469
BLOCK06/SES069/SA069S12	SES082	-0.765217	-8.38991	-7.62469
BLOCK06/SES069/SA069S12	SES087	-1.09925	-8.72394	-7.62469
BLOCK06/SES069/SA069S12	SES206	-0.51826	-8.14295	-7.62469
BLOCK06/SES069/SA069S13	SES029	-2.13091	-9.65298	-7.52207
BLOCK06/SES069/SA069S13	SES087	-1.14465	-8.66672	-7.52207
BLOCK06/SES069/SA069S13	SES206	-1.69336	-9.21543	-7.52207
BLOCK06/SES069/SA069S13	SES226	0.101696	-7.42038	-7.52207
BLOCK06/SES069/SA069S23	SES029	-0.344514	-7.28735	-6.94283
BLOCK06/SES069/SA069S23	SES087	-0.216802	-7.15964	-6.94283
BLOCK06/SES069/SA069S23	SES206	-1.13136	-8.07419	-6.94283
BLOCK06/SES069/SA069S23	SES226	-0.173694	-7.11653	-6.94283
BLOCK06/SES069/SA069S25	SES087	-1.10502	-8.70673	-7.60171
BLOCK06/SES069/SA069S25	SES206	-2.03546	-9.63717	-7.60171
BLOCK06/SES069/SA069S25	SES226	-0.186491	-7.7882	-7.60171
BLOCK06/SES069/SA069S25	SES270	-1.25392	-8.85563	-7.60171
BLOCK06/SES069/SA069S27	SES087	-1.27582	-9.40622	-8.1304
BLOCK06/SES069/SA069S27	SES206	-0.762462	-8.89286	-8.1304
BLOCK06/SES069/SA069S27	SES226	-0.249332	-8.37973	-8.1304
BLOCK06/SES069/SA069S27	SES270	-1.36112	-9.49152	-8.1304
BLOCK08/SES081/SA081S11	SES060	-1.67576	-9.74494	-8.06918
BLOCK08/SES081/SA081S11	SES062	-0.975324	-9.04451	-8.06918
BLOCK08/SES081/SA081S11	SES117	-2.36544	-10.4346	-8.06918
BLOCK08/SES081/SA081S11	SES162	-2.38081	-10.45	-8.06918
BLOCK08/SES081/SA081S13	SES016	-0.507693	-7.6788	-7.17111
BLOCK08/SES081/SA081S13	SES060	-0.494699	-7.66581	-7.17111
BLOCK08/SES081/SA081S13	SES068	-0.58032	-7.75143	-7.17111
BLOCK08/SES081/SA081S13	SES129	-1.50213	-8.67324	-7.17111
BLOCK08/SES081/SA081S24	SES060	-0.665942	-8.28643	-7.62049
BLOCK08/SES081/SA081S24	SES068	-0.832315	-8.4528	-7.62049
BLOCK08/SES081/SA081S24	SES117	-1.47254	-9.09303	-7.62049
BLOCK08/SES081/SA081S24	SES275	-1.35037	-8.97086	-7.62049
BLOCK08/SES081/SA081S27	SES007	-0.559682	-8.87232	-8.31264
BLOCK08/SES081/SA081S27	SES060	-1.59019	-9.90283	-8.31264
BLOCK08/SES081/SA081S27	SES117	-1.44662	-9.75926	-8.31264
BLOCK08/SES081/SA081S27	SES275	-1.90905	-10.2217	-8.31264
BLOCK08/SES081/SA081S29	SES007	-0.428527	-9.20274	-8.77422
BLOCK08/SES081/SA081S29	SES060	-0.549639	-9.32386	-8.77422
BLOCK08/SES081/SA081S29	SES117	-0.913269	-9.68749	-8.77422
BLOCK08/SES081/SA081S29	SES275	-1.982	-10.7562	-8.77422
BLOCK08/SES086/SA086S11	SES029	-2.41117	-12.0077	-9.59657
BLOCK08/SES086/SA086S11	SES082	-1.60948	-11.2061	-9.59657
BLOCK08/SES086/SA086S11	SES087	-0.232837	-9.82941	-9.59657
BLOCK08/SES086/SA086S11	SES206	-1.54967	-11.1462	-9.59657
BLOCK08/SES086/SA086S12	SES029	-1.83224	-10.6698	-8.83758
BLOCK08/SES086/SA086S12	SES082	-1.4575	-10.2951	-8.83758
BLOCK08/SES086/SA086S12	SES087	0.104303	-8.73328	-8.83758
BLOCK08/SES086/SA086S12	SES206	-0.827571	-9.66515	-8.83758
BLOCK08/SES086/SA086S20	SES029	-2.35742	-10.6063	-8.24884
BLOCK08/SES086/SA086S20	SES082	-1.86986	-10.1187	-8.24884
BLOCK08/SES086/SA086S20	SES087	-0.172288	-8.42112	-8.24884
BLOCK08/SES086/SA086S20	SES206	-1.2191	-9.46793	-8.24884
BLOCK08/SES086/SA086S24	SES087	-0.154436	-9.65404	-9.4996
BLOCK08/SES086/SA086S24	SES104	-1.2563	-10.7559	-9.4996
BLOCK08/SES086/SA086S24	SES120	-1.30976	-10.8094	-9.4996
BLOCK08/SES086/SA086S24	SES206	-0.878862	-10.3785	-9.4996
BLOCK08/SES086/SA086S28	SES029	-2.44032	-10.3911	-7.95078
BLOCK08/SES086/SA086S28	SES082	-1.43559	-9.38637	-7.95078
BLOCK08/SES086/SA086S28	SES087	-0.190607	-8.14139	-7.95078
BLOCK08/SES086/SA086S28	SES206	-1.02738	-8.97816	-7.95078
BLOCK08/SES089/SA089S13	SES087	-0.780739	-9.82812	-9.04738
BLOCK08/SES089/SA089S13	SES206	-1.45406	-10.5014	-9.04738
BLOCK08/SES089/SA089S13	SES226	-0.785848	-9.83323	-9.04738
BLOCK08/SES089/SA089S13	SES270	-1.27546	-10.3228	-9.04738
BLOCK08/SES089/SA089S14	SES062	-1.08718	-9.5286	-8.44143
BLOCK08/SES089/SA089S14	SES087	-0.272125	-8.71355	-8.44143
BLOCK08/SES089/SA089S14	SES206	-1.17939	-9.62082	-8.44143
BLOCK08/SES089/SA089S14	SES226	-1.19264	-9.63407	-8.44143
BLOCK08/SES089/SA089S23	SES087	-0.93467	-11.542	-10.6074
BLOCK08/SES089/SA089S23	SES206	-1.18912	-11.7965	-10.6074
BLOCK08/SES089/SA089S23	SES226	-0.761249	-11.3686	-10.6074
BLOCK08/SES089/SA089S23	SES270	-2.75603	-13.3634	-10.6074
BLOCK08/SES089/SA089S25	SES062	-0.684877	-9.61167	-8.92679
BLOCK08/SES089/SA089S25	SES087	0.0199146	-8.90688	-8.92679
BLOCK08/SES089/SA089S25	SES206	-1.63544	-10.5622	-8.92679
BLOCK08/SES089/SA089S25	SES226	-0.733179	-9.65997	-8.92679
BLOCK08/SES089/SA089S28	SES062	-0.862185	-9.69302	-8.83084
BLOCK08/SES089/SA089S28	SES087	-0.175499	-9.00634	-8.83084
BLOCK08/SES089/SA089S28	SES206	-1.14178	-9.97262	-8.83084
BLOCK08/SES089/SA089S28	SES226	-0.251496	-9.08233	-8.83084
BLOCK09/SES097/SA097S11	SES099	-0.276171	-9.6033	-9.32713
BLOCK09/SES097/SA097S11	SES125	-1.57543	-10.9026	-9.32713
BLOCK09/SES097/SA097S11	SES206	-1.17595	-10.5031	-9.32713
BLOCK09/SES097/SA097S11	SES226	0.426209	-8.90092	-9.32713
BLOCK09/SES097/SA097S14	SES062	-2.19899	-11.0325	-8.8335
BLOCK09/SES097/SA097S14	SES099	-0.466803	-9.30031	-8.8335
BLOCK09/SES097/SA097S14	SES104	0.120148	-8.71336	-8.8335
BLOCK09/SES097/SA097S14	SES206	-1.93969	-10.7732	-8.8335
BLOCK09/SES097/SA097S22	SES099	0.145705	-8.96829	-9.114
BLOCK09/SES097/SA097S22	SES206	-1.41029	-10.5243	-9.114
BLOCK09/SES097/SA097S22	SES226	-0.625084	-9.73908	-9.114
BLOCK09/SES097/SA097S22	SES270	-0.904424	-10.0184	-9.114
BLOCK09/SES097/SA097S26	SES099	0.334651	-9.03361	-9.36826
BLOCK09/SES097/SA097S26	SES120	-1.72553	-11.0938	-9.36826
BLOCK09/SES097/SA097S26	SES206	-1.96362	-11.3319	-9.36826
BLOCK09/SES097/SA097S26	SES226	-0.041398	-9.40966	-9.36826
BLOCK09/SES097/SA097S28	SES099	0.0126429	-8.19976	-8.2124
BLOCK09/SES097/SA097S28	SES120	-1.19566	-9.40806	-8.2124
BLOCK09/SES097/SA097S28	SES206	-1.15964	-9.37204	-8.2124
BLOCK09/SES097/SA097S28	SES226	-0.477285	-8.68969	-8.2124
BLOCK09/SES098/SA098S11	SES127	-0.919198	-8.47371	-7.55452
BLOCK09/SES098/SA098S11	SES144	-0.884655	-8.43917	-7.55452
BLOCK09/SES098/SA098S11	SES147	-0.743729	-8.29824	-7.55452
BLOCK09/SES098/SA098S11	SES148	-2.05358	-9.6081	-7.55452
BLOCK09/SES098/SA098S12	SES127	-2.13296	-11.077	-8.94407
BLOCK09/SES098/SA098S12	SES144	-1.97735	-10.9214	-8.94407
BLOCK09/SES098/SA098S12	SES147	-1.70621	-10.6503	-8.94407
BLOCK09/SES098/SA098S12	SES189	-1.81533	-10.7594	-8.94407
BLOCK09/SES098/SA098S20	SES127	-2.44713	-10.9704	-8.52327
BLOCK09/SES098/SA098S20	SES147	-1.54052	-10.0638	-8.52327
BLOCK09/SES098/SA098S20	SES148	-4.4559	-12.9792	-8.52327
BLOCK09/SES098/SA098S20	SES292	-1.06731	-9.59058	-8.52327
BLOCK09/SES098/SA098S23	SES127	-1.70045	-9.86371	-8.16325
BLOCK09/SES098/SA098S23	SES147	-1.40557	-9.56882	-8.16325
BLOCK09/SES098/SA098S23	SES187	-1.03447	-9.19773	-8.16325
BLOCK09/SES098/SA098S23	SES292	-1.34264	-9.50589	-8.16325
BLOCK09/SES098/SA098S27	SES127	-2.36563	-10.5721	-8.20648
BLOCK09/SES098/SA098S27	SES147	-2.56388	-10.7704	-8.20648
BLOCK09/SES098/SA098S27	SES148	-3.53782	-11.7443	-8.20648
BLOCK09/SES098/SA098S27	SES292	-1.13305	-9.33953	-8.20648
BLOCK10/SES102/SA102S13	SES101	-0.260591	-9.62922	-9.36863
BLOCK10/SES102/SA102S13	SES105	-1.73639	-11.105	-9.36863
BLOCK10/SES102/SA102S13	SES120	-2.28115	-11.6498	-9.36863
BLOCK10/SES102/SA102S13	SES158	-1.03955	-10.4082	-9.36863
BLOCK10/SES102/SA102S14	SES007	-0.339276	-6.83851	-6.49924
BLOCK10/SES102/SA102S14	SES101	-0.865732	-7.36497	-6.49924
BLOCK10/SES102/SA102S14	SES105	-1.09924	-7.59847	-6.49924
BLOCK10/SES102/SA102S14	SES147	-1.92928	-8.42852	-6.49924
BLOCK10/SES102/SA102S22	SES007	-1.92262	-9.40936	-7.48674
BLOCK10/SES102/SA102S22	SES101	-0.577893	-8.06463	-7.48674
BLOCK10/SES102/SA102S22	SES105	-1.21773	-8.70447	-7.48674
BLOCK10/SES102/SA102S22	SES158	-1.9068	-9.39354	-7.48674
BLOCK10/SES102/SA102S25	SES007	-0.885555	-8.2665	-7.38094
BLOCK10/SES102/SA102S25	SES101	-0.662311	-8.04325	-7.38094
BLOCK10/SES102/SA102S25	SES105	-1.09655	-8.47749	-7.38094
BLOCK10/SES102/SA102S25	SES147	-2.09226	-9.4732	-7.38094
BLOCK10/SES102/SA102S27	SES007	-0.709157	-8.51523	-7.80607
BLOCK10/SES102/SA102S27	SES101	-0.080163	-7.88623	-7.80607
BLOCK10/SES102/SA102S27	SES105	-1.70466	-9.51072	-7.80607
BLOCK10/SES102/SA102S27	SES147	-2.05327	-9.85934	-7.80607
BLOCK10/SES103/SA103S14	SES105	-1.91816	-10.6619	-8.74377
BLOCK10/SES103/SA103S14	SES106	-2.08088	-10.8247	-8.74377
BLOCK10/SES103/SA103S14	SES120	-2.48841	-11.2322	-8.74377
BLOCK10/SES103/SA103S14	SES206	-1.83464	-10.5784	-8.74377
BLOCK10/SES103/SA103S15	SES099	-1.7645	-11.6735	-9.90896
BLOCK10/SES103/SA103S15	SES101	-2.47759	-12.3865	-9.90896
BLOCK10/SES103/SA103S15	SES104	-1.28955	-11.1985	-9.90896
BLOCK10/SES103/SA103S15	SES125	-2.19275	-12.1017	-9.90896
BLOCK10/SES103/SA103S24	SES104	-1.51149	-10.3954	-8.88395
BLOCK10/SES103/SA103S24	SES125	-2.77444	-11.6584	-8.88395
BLOCK10/SES103/SA103S24	SES148	-2.00011	-10.8841	-8.88395
BLOCK10/SES103/SA103S24	SES158	-1.14379	-10.0277	-8.88395
BLOCK10/SES103/SA103S26	SES104	-1.18768	-9.90434	-8.71666
BLOCK10/SES103/SA103S26	SES106	-1.73085	-10.4475	-8.71666
BLOCK10/SES103/SA103S26	SES125	-1.31959	-10.0363	-8.71666
BLOCK10/SES103/SA103S26	SES148	-1.93867	-10.6553	-8.71666
BLOCK10/SES103/SA103S28	SES104	-1.06392	-10.0735	-9.00954
BLOCK10/SES103/SA103S28	SES106	-2.56168	-11.5712	-9.00954
BLOCK10/SES103/SA103S28	SES125	-2.45917	-11.4687	-9.00954
BLOCK10/SES103/SA103S28	SES206	-2.123	-11.1325	-9.00954
BLOCK12/SES121/SA121S12	SES042	-1.45138	-10.0533	-8.60194
BLOCK12/SES121/SA121S12	SES087	-1.40453	-10.0065	-8.60194
BLOCK12/SES121/SA121S12	SES105	-1.05701	-9.65895	-8.60194
BLOCK12/SES121/SA121S12	SES206	-0.83013	-9.43207	-8.60194
BLOCK12/SES121/SA121S14	SES007	-1.82465	-12.7444	-10.9198
BLOCK12/SES121/SA121S14	SES105	-3.15834	-14.0781	-10.9198
BLOCK12/SES121/SA121S14	SES106	-2.32923	-13.249	-10.9198
BLOCK12/SES121/SA121S14	SES206	-2.69774	-13.6175	-10.9198
BLOCK12/SES121/SA121S23	SES105	-2.51943	-13.0319	-10.5125
BLOCK12/SES121/SA121S23	SES106	-2.83968	-13.3522	-10.5125
BLOCK12/SES121/SA121S23	SES120	-2.90869	-13.4212	-10.5125
BLOCK12/SES121/SA121S23	SES206	-1.88765	-12.4002	-10.5125
BLOCK12/SES121/SA121S25	SES007	-1.21773	-12.3829	-11.1652
BLOCK12/SES121/SA121S25	SES105	-3.15526	-14.3204	-11.1652
BLOCK12/SES121/SA121S25	SES106	-0.965679	-12.1308	-11.1652
BLOCK12/SES121/SA121S25	SES206	-2.60495	-13.7701	-11.1652
BLOCK12/SES121/SA121S27	SES087	0.308396	-10.1691	-10.4775
BLOCK12/SES121/SA121S27	SES105	-3.66098	-14.1385	-10.4775
BLOCK12/SES121/SA121S27	SES120	-0.984076	-11.4616	-10.4775
BLOCK12/SES121/SA121S27	SES206	-2.07072	-12.5482	-10.4775
BLOCK12/SES124/SA124S16	SES042	-0.26229	-7.41349	-7.1512
BLOCK12/SES124/SA124S16	SES082	-0.59564	-7.74684	-7.1512
BLOCK12/SES124/SA124S16	SES183	-0.810044	-7.96124	-7.1512
BLOCK12/SES124/SA124S16	SES206	-0.972523	-8.12372	-7.1512
BLOCK12/SES124/SA124S17	SES105	-1.09552	-9.36131	-8.26578
BLOCK12/SES124/SA124S17	SES149	-0.901524	-9.1673	-8.26578
BLOCK12/SES124/SA124S17	SES158	-1.59929	-9.86507	-8.26578
BLOCK12/SES124/SA124S17	SES275	-1.19224	-9.45802	-8.26578
BLOCK12/SES124/SA124S23	SES105	-1.86373	-8.60456	-6.74083
BLOCK12/SES124/SA124S23	SES125	0.233916	-6.50691	-6.74083
BLOCK12/SES124/SA124S23	SES129	-1.90636	-8.64719	-6.74083
BLOCK12/SES124/SA124S23	SES158	-0.939993	-7.68082	-6.74083
BLOCK12/SES124/SA124S26	SES105	-1.51262	-9.62516	-8.11254
BLOCK12/SES124/SA124S26	SES125	-0.244691	-8.35723	-8.11254
BLOCK12/SES124/SA124S26	SES129	-1.7816	-9.89415	-8.11254
BLOCK12/SES124/SA124S26	SES158	-0.34784	-8.46038	-8.11254
BLOCK12/SES124/SA124S28	SES104	-0.271684	-7.60786	-7.33618
BLOCK12/SES124/SA124S28	SES106	-0.870037	-8.20622	-7.33618
BLOCK12/SES124/SA124S28	SES125	-0.0500932	-7.38627	-7.33618
BLOCK12/SES124/SA124S28	SES275	-0.990062	-8.32624	-7.33618
BLOCK12/SES126/SA126S13	SES007	-0.772345	-8.91021	-8.13787
BLOCK12/SES126/SA126S13	SES162	-1.54127	-9.67913	-8.13787
BLOCK12/SES126/SA126S13	SES177	-0.833963	-8.97183	-8.13787
BLOCK12/SES126/SA126S13	SES180	-1.40379	-9.54166	-8.13787
BLOCK12/SES126/SA126S14	SES144	-0.813352	-8.33115	-7.5178
BLOCK12/SES126/SA126S14	SES148	-1.92753	-9.44533	-7.5178
BLOCK12/SES126/SA126S14	SES177	-0.86206	-8.37986	-7.5178
BLOCK12/SES126/SA126S14	SES180	-1.36865	-8.88645	-7.5178
BLOCK12/SES126/SA126S20	SES007	-1.43395	-8.22338	-6.78943
BLOCK12/SES126/SA126S20	SES162	-1.46589	-8.25532	-6.78943
BLOCK12/SES126/SA126S20	SES172	-1.49815	-8.28758	-6.78943
BLOCK12/SES126/SA126S20	SES180	-1.02089	-7.81032	-6.78943
BLOCK12/SES126/SA126S24	SES120	-0.572844	-7.94604	-7.37319
BLOCK12/SES126/SA126S24	SES162	-1.28241	-8.65561	-7.37319
BLOCK12/SES126/SA126S24	SES177	-0.496912	-7.87011	-7.37319
BLOCK12/SES126/SA126S24	SES180	-0.860025	-8.23322	-7.37319
BLOCK12/SES126/SA126S26	SES120	0.167424	-8.06898	-8.23641
BLOCK12/SES126/SA126S26	SES177	-0.794845	-9.03125	-8.23641
BLOCK12/SES126/SA126S26	SES180	-0.492853	-8.72926	-8.23641
BLOCK12/SES126/SA126S26	SES202	-0.56751	-8.80392	-8.23641
BLOCK12/SES128/SA128S10	SES087	-1.95123	-10.1553	-8.20404
BLOCK12/SES128/SA128S10	SES206	-1.06626	-9.27029	-8.20404
BLOCK12/SES128/SA128S10	SES226	-0.70612	-8.91016	-8.20404
BLOCK12/SES128/SA128S10	SES270	-1.2165	-9.42054	-8.20404
BLOCK12/SES128/SA128S12	SES120	-0.393835	-8.5544	-8.16056
BLOCK12/SES128/SA128S12	SES158	-0.459538	-8.6201	-8.16056
BLOCK12/SES128/SA128S12	SES206	-0.620558	-8.78112	-8.16056
BLOCK12/SES128/SA128S12	SES226	-1.87251	-10.0331	-8.16056
BLOCK12/SES128/SA128S21	SES106	-1.62457	-9.83951	-8.21494
BLOCK12/SES128/SA128S21	SES120	-0.691655	-8.9066	-8.21494
BLOCK12/SES128/SA128S21	SES206	-1.07331	-9.28825	-8.21494
BLOCK12/SES128/SA128S21	SES226	0.252707	-7.96223	-8.21494
BLOCK12/SES128/SA128S24	SES087	-1.12195	-9.89631	-8.77436
BLOCK12/SES128/SA128S24	SES120	-0.915183	-9.68954	-8.77436
BLOCK12/SES128/SA128S24	SES206	-0.68627	-9.46063	-8.77436
BLOCK12/SES128/SA128S24	SES226	-1.41449	-10.1888	-8.77436
BLOCK12/SES128/SA128S27	SES099	-0.283804	-7.9184	-7.6346
BLOCK12/SES128/SA128S27	SES120	-0.407297	-8.04189	-7.6346
BLOCK12/SES128/SA128S27	SES206	-0.674496	-8.30909	-7.6346
BLOCK12/SES128/SA128S27	SES226	-1.37455	-9.00915	-7.6346
BLOCK13/SES130/SA130S13	SES143	-0.44377	-9.50672	-9.06295
BLOCK13/SES130/SA130S13	SES144	0.273253	-8.7897	-9.06295
BLOCK13/SES130/SA130S13	SES146	-2.086	-11.149	-9.06295
BLOCK13/SES130/SA130S13	SES275	-2.1916	-11.2545	-9.06295
BLOCK13/SES130/SA130S15	SES143	-0.558328	-8.23864	-7.68032
BLOCK13/SES130/SA130S15	SES144	0.0599089	-7.62041	-7.68032
BLOCK13/SES130/SA130S15	SES146	-0.986134	-8.66645	-7.68032
BLOCK13/SES130/SA130S15	SES275	-1.24594	-8.92626	-7.68032
BLOCK13/SES130/SA130S23	SES127	-0.632712	-8.98907	-8.35636
BLOCK13/SES130/SA130S23	SES144	-0.197355	-8.55372	-8.35636
BLOCK13/SES130/SA130S23	SES146	-1.08213	-9.43849	-8.35636
BLOCK13/SES130/SA130S23	SES162	-0.777591	-9.13395	-8.35636
BLOCK13/SES130/SA130S25	SES127	-0.79685	-7.75518	-6.95833
BLOCK13/SES130/SA130S25	SES144	-0.182249	-7.14058	-6.95833
BLOCK13/SES130/SA130S25	SES146	-1.22335	-8.18168	-6.95833
BLOCK13/SES130/SA130S25	SES275	-1.2816	-8.23993	-6.95833
BLOCK13/SES130/SA130S28	SES127	-0.527941	-8.92615	-8.39821
BLOCK13/SES130/SA130S28	SES144	-0.630116	-9.02832	-8.39821
BLOCK13/SES130/SA130S28	SES146	-0.369905	-8.76811	-8.39821
BLOCK13/SES130/SA130S28	SES275	-0.598794	-8.997	-8.39821
BLOCK13/SES131/SA131S13	SES002	-0.913876	-9.75887	-8.84499
BLOCK13/SES131/SA131S13	SES007	-1.12581	-9.97081	-8.84499
BLOCK13/SES131/SA131S13	SES099	-0.189385	-9.03438	-8.84499
BLOCK13/SES131/SA131S13	SES105	-1.236	-10.081	-8.84499
BLOCK13/SES131/SA131S14	SES104	-0.586508	-7.12239	-6.53588
BLOCK13/SES131/SA131S14	SES106	-2.37823	-8.91411	-6.53588
BLOCK13/SES131/SA131S14	SES125	-1.10442	-7.64031	-6.53588
BLOCK13/SES131/SA131S14	SES148	-0.0372109	-6.57309	-6.53588
BLOCK13/SES131/SA131S20	SES104	-1.1945	-10.2482	-9.05371
BLOCK13/SES131/SA131S20	SES106	-1.68874	-10.7425	-9.05371
BLOCK13/SES131/SA131S20	SES125	-1.25834	-10.3121	-9.05371
BLOCK13/SES131/SA131S20	SES148	-1.278	-10.3317	-9.05371
BLOCK13/SES131/SA131S22	SES099	-0.505176	-7.9046	-7.39943
BLOCK13/SES131/SA131S22	SES104	-1.02419	-8.42362	-7.39943
BLOCK13/SES131/SA131S22	SES125	-0.641979	-8.0414	-7.39943
BLOCK13/SES131/SA131S22	SES206	-0.896652	-8.29608	-7.39943
BLOCK13/SES131/SA131S29	SES087	-1.63437	-10.7746	-9.1402
BLOCK13/SES131/SA131S29	SES104	-1.7739	-10.9141	-9.1402
BLOCK13/SES131/SA131S29	SES125	-3.55163	-12.6918	-9.1402
BLOCK13/SES131/SA131S29	SES206	-1.97986	-11.1201	-9.1402
BLOCK13/SES132/SA132S11	SES083	-1.95182	-9.82463	-7.87281
BLOCK13/SES132/SA132S11	SES120	-0.280851	-8.15366	-7.87281
BLOCK13/SES132/SA132S11	SES127	-2.08123	-9.95404	-7.87281
BLOCK13/SES132/SA132S11	SES275	-1.6117	-9.48451	-7.87281
BLOCK13/SES132/SA132S12	SES083	-2.05291	-9.55678	-7.50387
BLOCK13/SES132/SA132S12	SES143	-2.25599	-9.75986	-7.50387
BLOCK13/SES132/SA132S12	SES144	-1.05988	-8.56375	-7.50387
BLOCK13/SES132/SA132S12	SES148	-1.43249	-8.93636	-7.50387
BLOCK13/SES132/SA132S22	SES062	-1.39709	-9.18812	-7.79103
BLOCK13/SES132/SA132S22	SES083	-2.15187	-9.9429	-7.79103
BLOCK13/SES132/SA132S22	SES127	-2.33119	-10.1222	-7.79103
BLOCK13/SES132/SA132S22	SES275	-1.47611	-9.26713	-7.79103
BLOCK13/SES132/SA132S24	SES007	-0.737407	-8.0166	-7.27919
BLOCK13/SES132/SA132S24	SES083	-1.7843	-9.06349	-7.27919
BLOCK13/SES132/SA132S24	SES127	-2.32286	-9.60206	-7.27919
BLOCK13/SES132/SA132S24	SES275	-1.30466	-8.58386	-7.27919
BLOCK13/SES132/SA132S27	SES083	-2.59575	-11.2907	-8.69491
BLOCK13/SES132/SA132S27	SES120	0.402607	-8.29231	-8.69491
BLOCK13/SES132/SA132S27	SES127	-3.79117	-12.4861	-8.69491
BLOCK13/SES132/SA132S27	SES275	-2.10693	-10.8018	-8.69491
BLOCK14/SES141/SA141S09	SES143	-1.05261	-8.28791	-7.2353
BLOCK14/SES141/SA141S09	SES144	-0.339816	-7.57511	-7.2353
BLOCK14/SES141/SA141S09	SES162	-0.970981	-8.20628	-7.2353
BLOCK14/SES141/SA141S09	SES180	-0.786865	-8.02216	-7.2353
BLOCK14/SES141/SA141S15	SES127	-1.29367	-9.56601	-8.27234
BLOCK14/SES141/SA141S15	SES144	-0.634317	-8.90665	-8.27234
BLOCK14/SES141/SA141S15	SES162	-1.27757	-9.5499	-8.27234
BLOCK14/SES141/SA141S15	SES180	-0.873535	-9.14587	-8.27234
BLOCK14/SES141/SA141S24	SES127	-1.49137	-9.38544	-7.89407
BLOCK14/SES141/SA141S24	SES144	-1.26548	-9.15955	-7.89407
BLOCK14/SES141/SA141S24	SES162	-1.55709	-9.45115	-7.89407
BLOCK14/SES141/SA141S24	SES183	-1.53114	-9.4252	-7.89407
BLOCK14/SES141/SA141S26	SES142	-0.424355	-8.86202	-8.43766
BLOCK14/SES141/SA141S26	SES144	-1.00889	-9.44656	-8.43766
BLOCK14/SES141/SA141S26	SES172	-1.29409	-9.73175	-8.43766
BLOCK14/SES141/SA141S26	SES180	-1.03908	-9.47674	-8.43766
BLOCK14/SES141/SA141S29	SES127	-0.785907	-8.21995	-7.43405
BLOCK14/SES141/SA141S29	SES142	-0.186646	-7.62069	-7.43405
BLOCK14/SES141/SA141S29	SES144	-0.603295	-8.03734	-7.43405
BLOCK14/SES141/SA141S29	SES180	-0.413229	-7.84728	-7.43405
BLOCK15/SES157/SA157S08	SES083	-0.927155	-8.33743	-7.41028
BLOCK15/SES157/SA157S08	SES127	-0.77161	-8.18189	-7.41028
BLOCK15/SES157/SA157S08	SES148	-0.552289	-7.96257	-7.41028
BLOCK15/SES157/SA157S08	SES292	-0.934638	-8.34492	-7.41028
BLOCK15/SES157/SA157S11	SES083	-1.02501	-9.34426	-8.31925
BLOCK15/SES157/SA157S11	SES127	-0.70929	-9.02854	-8.31925
BLOCK15/SES157/SA157S11	SES148	-1.27509	-9.59434	-8.31925
BLOCK15/SES157/SA157S11	SES292	-1.23139	-9.55064	-8.31925
BLOCK15/SES157/SA157S21	SES127	-0.226901	-7.33689	-7.10999
BLOCK15/SES157/SA157S21	SES148	-0.00626993	-7.11626	-7.10999
BLOCK15/SES157/SA157S21	SES158	-3.07126	-10.1812	-7.10999
BLOCK15/SES157/SA157S21	SES292	-0.926263	-8.03625	-7.10999
BLOCK15/SES157/SA157S24	SES127	-0.275537	-8.73577	-8.46023
BLOCK15/SES157/SA157S24	SES148	-0.498947	-8.95918	-8.46023
BLOCK15/SES157/SA157S24	SES183	-0.596638	-9.05687	-8.46023
BLOCK15/SES157/SA157S24	SES292	-1.04351	-9.50374	-8.46023
BLOCK15/SES157/SA157S26	SES007	-0.876523	-8.51978	-7.64326
BLOCK15/SES157/SA157S26	SES127	-0.220167	-7.86343	-7.64326
BLOCK15/SES157/SA157S26	SES147	-1.00364	-8.6469	-7.64326
BLOCK15/SES157/SA157S26	SES148	-1.06983	-8.71309	-7.64326
BLOCK16/SES161/SA161S10	SES007	-0.967996	-8.8555	-7.88751
BLOCK16/SES161/SA161S10	SES105	-1.133	-9.0205	-7.88751
BLOCK16/SES161/SA161S10	SES158	-1.3957	-9.28321	-7.88751
BLOCK16/SES161/SA161S10	SES275	-1.03299	-8.92049	-7.88751
BLOCK16/SES161/SA161S12	SES007	-1.88467	-11.2796	-9.39495
BLOCK16/SES161/SA161S12	SES105	-2.67858	-12.0735	-9.39495
BLOCK16/SES161/SA161S12	SES158	-1.20241	-10.5974	-9.39495
BLOCK16/SES161/SA161S12	SES275	-4.26486	-13.6598	-9.39495
BLOCK16/SES161/SA161S20	SES007	-0.634321	-10.1526	-9.51825
BLOCK16/SES161/SA161S20	SES105	-2.38303	-11.9013	-9.51825
BLOCK16/SES161/SA161S20	SES158	-0.340172	-9.85842	-9.51825
BLOCK16/SES161/SA161S20	SES275	-2.45787	-11.9761	-9.51825
BLOCK16/SES161/SA161S23	SES007	-1.86506	-11.3649	-9.49983
BLOCK16/SES161/SA161S23	SES105	-1.42944	-10.9293	-9.49983
BLOCK16/SES161/SA161S23	SES148	-2.04911	-11.5489	-9.49983
BLOCK16/SES161/SA161S23	SES158	-3.43231	-12.9321	-9.49983
BLOCK16/SES161/SA161S28	SES007	-1.67551	-10.1728	-8.49728
BLOCK16/SES161/SA161S28	SES105	-3.216	-11.7133	-8.49728
BLOCK16/SES161/SA161S28	SES158	-0.879251	-9.37653	-8.49728
BLOCK16/SES161/SA161S28	SES206	-1.63031	-10.1276	-8.49728
BLOCK16/SES164/SA164S11	SES104	-1.4978	-9.60091	-8.10311
BLOCK16/SES164/SA164S11	SES125	-0.465714	-8.56882	-8.10311
BLOCK16/SES164/SA164S11	SES158	-1.41348	-9.51659	-8.10311
BLOCK16/SES164/SA164S11	SES206	-2.93785	-11.041	-8.10311
BLOCK16/SES164/SA164S13	SES099	-1.49485	-10.2787	-8.78388
BLOCK16/SES164/SA164S13	SES104	-0.22464	-9.00852	-8.78388
BLOCK16/SES164/SA164S13	SES125	-0.855271	-9.63915	-8.78388
BLOCK16/SES164/SA164S13	SES206	-2.54814	-11.332	-8.78388
BLOCK16/SES164/SA164S24	SES002	0.050446	-7.98935	-8.0398
BLOCK16/SES164/SA164S24	SES099	-0.782097	-8.82189	-8.0398
BLOCK16/SES164/SA164S24	SES125	-0.648137	-8.68793	-8.0398
BLOCK16/SES164/SA164S24	SES226	0.226696	-7.8131	-8.0398
BLOCK16/SES164/SA164S27	SES087	-1.85383	-10.6022	-8.74837
BLOCK16/SES164/SA164S27	SES125	-1.05467	-9.80304	-8.74837
BLOCK16/SES164/SA164S27	SES206	-3.13453	-11.8829	-8.74837
BLOCK16/SES164/SA164S27	SES226	-0.0795259	-8.8279	-8.74837
BLOCK16/SES164/SA164S29	SES002	-0.202273	-8.80837	-8.60609
BLOCK16/SES164/SA164S29	SES019	-1.3358	-9.9419	-8.60609
BLOCK16/SES164/SA164S29	SES125	-0.542027	-9.14812	-8.60609
BLOCK16/SES164/SA164S29	SES226	-0.444253	-9.05035	-8.60609
BLOCK16/SES169/SA169S13	SES117	-1.47935	-9.60914	-8.12979
BLOCK16/SES169/SA169S13	SES144	-0.789932	-8.91972	-8.12979
BLOCK16/SES169/SA169S13	SES146	-0.80923	-8.93902	-8.12979
BLOCK16/SES169/SA169S13	SES162	-1.17148	-9.30126	-8.12979
BLOCK16/SES169/SA169S14	SES144	-1.08502	-7.90999	-6.82497
BLOCK16/SES169/SA169S14	SES148	-0.358131	-7.1831	-6.82497
BLOCK16/SES169/SA169S14	SES177	-0.380416	-7.20539	-6.82497
BLOCK16/SES169/SA169S14	SES180	-0.618127	-7.4431	-6.82497
BLOCK16/SES169/SA169S24	SES117	-0.897576	-9.61617	-8.71859
BLOCK16/SES169/SA169S24	SES144	-0.677986	-9.39658	-8.71859
BLOCK16/SES169/SA169S24	SES146	-0.852211	-9.5708	-8.71859
BLOCK16/SES169/SA169S24	SES162	-0.833446	-9.55204	-8.71859
BLOCK16/SES169/SA169S27	SES127	-0.928858	-8.70166	-7.7728
BLOCK16/SES169/SA169S27	SES129	-0.767878	-8.54068	-7.7728
BLOCK16/SES169/SA169S27	SES144	-1.06829	-8.84109	-7.7728
BLOCK16/SES169/SA169S27	SES146	-0.617769	-8.39057	-7.7728
BLOCK16/SES169/SA169S29	SES144	-0.468472	-7.41775	-6.94927
BLOCK16/SES169/SA169S29	SES162	-0.835978	-7.78525	-6.94927
BLOCK16/SES169/SA169S29	SES177	-0.929269	-7.87854	-6.94927
BLOCK16/SES169/SA169S29	SES180	-1.06062	-8.0099	-6.94927
BLOCK17/SES171/SA171S12	SES083	-0.994722	-10.0431	-9.04838
BLOCK17/SES171/SA171S12	SES148	-2.47024	-11.5186	-9.04838
BLOCK17/SES171/SA171S12	SES172	-0.946576	-9.99495	-9.04838
BLOCK17/SES171/SA171S12	SES292	-1.83139	-10.8798	-9.04838
BLOCK17/SES171/SA171S15	SES148	-0.878737	-9.24476	-8.36602
BLOCK17/SES171/SA171S15	SES177	-0.578532	-8.94455	-8.36602
BLOCK17/SES171/SA171S15	SES180	-1.56443	-9.93045	-8.36602
BLOCK17/SES171/SA171S15	SES292	-1.32993	-9.69595	-8.36602
BLOCK17/SES171/SA171S22	SES007	-0.783794	-7.58428	-6.80049
BLOCK17/SES171/SA171S22	SES148	-0.479257	-7.27974	-6.80049
BLOCK17/SES171/SA171S22	SES177	-0.254023	-7.05451	-6.80049
BLOCK17/SES171/SA171S22	SES180	-1.59056	-8.39105	-6.80049
BLOCK17/SES171/SA171S25	SES101	-1.19582	-9.60622	-8.4104
BLOCK17/SES171/SA171S25	SES120	-2.63593	-11.0463	-8.4104
BLOCK17/SES171/SA171S25	SES177	-1.48769	-9.89809	-8.4104
BLOCK17/SES171/SA171S25	SES180	-1.5059	-9.9163	-8.4104
BLOCK17/SES171/SA171S27	SES177	-0.934209	-9.54302	-8.60881
BLOCK17/SES171/SA171S27	SES180	-2.60321	-11.212	-8.60881
BLOCK17/SES171/SA171S27	SES189	-0.742259	-9.35107	-8.60881
BLOCK17/SES171/SA171S27	SES292	-1.87223	-10.481	-8.60881
BLOCK17/SES173/SA173S13	SES162	-1.95148	-9.90699	-7.95551
BLOCK17/SES173/SA173S13	SES177	-0.765094	-8.72061	-7.95551
BLOCK17/SES173/SA173S13	SES180	-1.4077	-9.36321	-7.95551
BLOCK17/SES173/SA173S13	SES292	-0.0823216	-8.03783	-7.95551
BLOCK17/SES173/SA173S14	SES007	-0.940613	-8.46834	-7.52773
BLOCK17/SES173/SA173S14	SES162	-2.46991	-9.99763	-7.52773
BLOCK17/SES173/SA173S14	SES177	-1.27527	-8.803	-7.52773
BLOCK17/SES173/SA173S14	SES180	-1.48868	-9.01641	-7.52773
BLOCK17/SES173/SA173S24	SES144	-1.89505	-10.1713	-8.27625
BLOCK17/SES173/SA173S24	SES162	-2.37183	-10.6481	-8.27625
BLOCK17/SES173/SA173S24	SES177	-0.598441	-8.87469	-8.27625
BLOCK17/SES173/SA173S24	SES180	-2.00304	-10.2793	-8.27625
BLOCK17/SES173/SA173S27	SES162	-3.12752	-11.1099	-7.98234
BLOCK17/SES173/SA173S27	SES177	-1.38425	-9.3666	-7.98234
BLOCK17/SES173/SA173S27	SES180	-1.46263	-9.44497	-7.98234
BLOCK17/SES173/SA173S27	SES292	-0.487874	-8.47022	-7.98234
BLOCK17/SES173/SA173S29	SES162	-1.35841	-9.77686	-8.41845
BLOCK17/SES173/SA173S29	SES175	-0.647262	-9.06571	-8.41845
BLOCK17/SES173/SA173S29	SES177	-0.37298	-8.79143	-8.41845
BLOCK17/SES173/SA173S29	SES292	-0.631618	-9.05007	-8.41845
BLOCK18/SES182/SA182S10	SES144	-1.29953	-8.33769	-7.03816
BLOCK18/SES182/SA182S10	SES177	-1.36669	-8.40485	-7.03816
BLOCK18/SES182/SA182S10	SES180	-2.11759	-9.15575	-7.03816
BLOCK18/SES182/SA182S10	SES275	-1.59443	-8.63259	-7.03816
BLOCK18/SES182/SA182S12	SES144	-0.857989	-8.08343	-7.22544
BLOCK18/SES182/SA182S12	SES177	-1.04302	-8.26846	-7.22544
BLOCK18/SES182/SA182S12	SES180	-2.21819	-9.44363	-7.22544
BLOCK18/SES182/SA182S12	SES275	-1.01659	-8.24203	-7.22544
BLOCK18/SES182/SA182S21	SES117	-1.94039	-10.6627	-8.72228
BLOCK18/SES182/SA182S21	SES144	-1.50071	-10.223	-8.72228
BLOCK18/SES182/SA182S21	SES162	-1.56952	-10.2918	-8.72228
BLOCK18/SES182/SA182S21	SES180	-2.56486	-11.2871	-8.72228
BLOCK18/SES182/SA182S23	SES117	-2.58326	-11.1952	-8.61189
BLOCK18/SES182/SA182S23	SES144	-2.9121	-11.524	-8.61189
BLOCK18/SES182/SA182S23	SES180	-3.91262	-12.5245	-8.61189
BLOCK18/SES182/SA182S23	SES275	-2.59159	-11.2035	-8.61189
BLOCK18/SES182/SA182S25	SES007	-0.251562	-8.39636	-8.1448
BLOCK18/SES182/SA182S25	SES162	-1.20647	-9.35127	-8.1448
BLOCK18/SES182/SA182S25	SES177	-0.745245	-8.89005	-8.1448
BLOCK18/SES182/SA182S25	SES180	-2.0593	-10.2041	-8.1448
BLOCK18/SES184/SA184S12	SES177	-1.27778	-8.90476	-7.62698
BLOCK18/SES184/SA184S12	SES180	-0.420029	-8.04701	-7.62698
BLOCK18/SES184/SA184S12	SES189	-1.51139	-9.13837	-7.62698
BLOCK18/SES184/SA184S12	SES292	-0.418389	-8.04537	-7.62698
BLOCK18/SES184/SA184S13	SES101	-0.808672	-8.78771	-7.97903
BLOCK18/SES184/SA184S13	SES177	-0.845821	-8.82486	-7.97903
BLOCK18/SES184/SA184S13	SES180	-0.581078	-8.56011	-7.97903
BLOCK18/SES184/SA184S13	SES292	-0.814204	-8.79324	-7.97903
BLOCK18/SES184/SA184S22	SES177	-0.993342	-9.22517	-8.23183
BLOCK18/SES184/SA184S22	SES180	-0.524915	-8.75675	-8.23183
BLOCK18/SES184/SA184S22	SES189	-1.07473	-9.30657	-8.23183
BLOCK18/SES184/SA184S22	SES292	-0.845813	-9.07765	-8.23183
BLOCK18/SES184/SA184S25	SES101	-0.966166	-8.62567	-7.6595
BLOCK18/SES184/SA184S25	SES177	-1.55068	-9.21018	-7.6595
BLOCK18/SES184/SA184S25	SES180	-0.603075	-8.26258	-7.6595
BLOCK18/SES184/SA184S25	SES292	-0.726423	-8.38593	-7.6595
BLOCK18/SES184/SA184S27	SES083	-1.19836	-9.00756	-7.80919
BLOCK18/SES184/SA184S27	SES177	-0.835785	-8.64498	-7.80919
BLOCK18/SES184/SA184S27	SES202	-0.777057	-8.58625	-7.80919
BLOCK18/SES184/SA184S27	SES292	-0.861248	-8.67044	-7.80919
BLOCK20/SES204/SA204S12	SES062	-0.884414	-8.2985	-7.41409
BLOCK20/SES204/SA204S12	SES083	-1.99151	-9.4056	-7.41409
BLOCK20/SES204/SA204S12	SES206	-0.421393	-7.83548	-7.41409
BLOCK20/SES204/SA204S12	SES226	-1.17263	-8.58672	-7.41409
BLOCK20/SES204/SA204S14	SES068	-0.739995	-7.44147	-6.70147
BLOCK20/SES204/SA204S14	SES087	-0.324483	-7.02596	-6.70147
BLOCK20/SES204/SA204S14	SES206	-0.930578	-7.63205	-6.70147
BLOCK20/SES204/SA204S14	SES226	-1.71753	-8.419	-6.70147
BLOCK20/SES204/SA204S22	SES068	-0.547225	-8.07798	-7.53075
BLOCK20/SES204/SA204S22	SES082	-0.822458	-8.35321	-7.53075
BLOCK20/SES204/SA204S22	SES083	-2.4442	-9.97495	-7.53075
BLOCK20/SES204/SA204S22	SES206	-0.465754	-7.99651	-7.53075
BLOCK20/SES204/SA204S25	SES062	-0.776893	-8.01269	-7.2358
BLOCK20/SES204/SA204S25	SES083	-1.94901	-9.1848	-7.2358
BLOCK20/SES204/SA204S25	SES206	-0.35955	-7.59535	-7.2358
BLOCK20/SES204/SA204S25	SES226	-1.32126	-8.55706	-7.2358
BLOCK20/SES204/SA204S27	SES068	-0.453858	-8.59225	-8.13839
BLOCK20/SES204/SA204S27	SES082	-1.13645	-9.27484	-8.13839
BLOCK20/SES204/SA204S27	SES087	-0.0088377	-8.14723	-8.13839
BLOCK20/SES204/SA204S27	SES206	-1.37039	-9.50877	-8.13839
BLOCK20/SES207/SA207S10	SES127	-1.81504	-9.43852	-7.62347
BLOCK20/SES207/SA207S10	SES183	-1.20826	-8.83173	-7.62347
BLOCK20/SES207/SA207S10	SES189	-0.661122	-8.2846	-7.62347
BLOCK20/SES207/SA207S10	SES292	-1.52144	-9.14492	-7.62347
BLOCK20/SES207/SA207S11	SES127	-1.27164	-9.7938	-8.52216
BLOCK20/SES207/SA207S11	SES183	-1.78056	-10.3027	-8.52216
BLOCK20/SES207/SA207S11	SES187	-1.0185	-9.54066	-8.52216
BLOCK20/SES207/SA207S11	SES292	-0.748375	-9.27054	-8.52216
BLOCK20/SES207/SA207S25	SES068	-1.11426	-9.87294	-8.75868
BLOCK20/SES207/SA207S25	SES083	-1.52484	-10.2835	-8.75868
BLOCK20/SES207/SA207S25	SES127	-0.364049	-9.12273	-8.75868
BLOCK20/SES207/SA207S25	SES187	-0.500414	-9.25909	-8.75868
BLOCK20/SES207/SA207S27	SES127	-1.15483	-9.68885	-8.53403
BLOCK20/SES207/SA207S27	SES183	-1.71314	-10.2472	-8.53403
BLOCK20/SES207/SA207S27	SES187	-0.859592	-9.39362	-8.53403
BLOCK20/SES207/SA207S27	SES292	-1.38835	-9.92237	-8.53403
BLOCK20/SES207/SA207S29	SES083	-1.7339	-9.82069	-8.08679
BLOCK20/SES207/SA207S29	SES085	-1.30259	-9.38938	-8.08679
BLOCK20/SES207/SA207S29	SES172	-0.358318	-8.44511	-8.08679
BLOCK20/SES207/SA207S29	SES189	-1.83778	-9.92457	-8.08679
BLOCK22/SES221/SA221S12	SES068	-0.300395	-7.4031	-7.1027
BLOCK22/SES221/SA221S12	SES143	-1.74038	-8.84308	-7.1027
BLOCK22/SES221/SA221S12	SES175	-0.651356	-7.75406	-7.1027
BLOCK22/SES221/SA221S12	SES202	-0.786841	-7.88955	-7.1027
BLOCK22/SES221/SA221S15	SES085	-0.654968	-8.05718	-7.40221
BLOCK22/SES221/SA221S15	SES143	-1.53063	-8.93284	-7.40221
BLOCK22/SES221/SA221S15	SES175	-0.804579	-8.20679	-7.40221
BLOCK22/SES221/SA221S15	SES187	-1.06648	-8.46869	-7.40221
BLOCK22/SES221/SA221S23	SES068	-0.0317264	-7.2644	-7.23268
BLOCK22/SES221/SA221S23	SES143	-1.66373	-8.89641	-7.23268
BLOCK22/SES221/SA221S23	SES175	-1.17929	-8.41197	-7.23268
BLOCK22/SES221/SA221S23	SES189	-1.79157	-9.02425	-7.23268
BLOCK22/SES221/SA221S27	SES085	0.117043	-7.83454	-7.95158
BLOCK22/SES221/SA221S27	SES143	-1.17216	-9.12374	-7.95158
BLOCK22/SES221/SA221S27	SES175	-0.711069	-8.66265	-7.95158
BLOCK22/SES221/SA221S27	SES189	-1.15296	-9.10454	-7.95158
BLOCK22/SES221/SA221S29	SES085	0.0515051	-7.27902	-7.33053
BLOCK22/SES221/SA221S29	SES143	-1.39636	-8.72688	-7.33053
BLOCK22/SES221/SA221S29	SES175	-0.881097	-8.21163	-7.33053
BLOCK22/SES221/SA221S29	SES187	-1.41898	-8.74951	-7.33053
BLOCK22/SES223/SA223S11	SES143	-1.16343	-8.9838	-7.82037
BLOCK22/SES223/SA223S11	SES144	-1.86688	-9.68725	-7.82037
BLOCK22/SES223/SA223S11	SES175	-0.825691	-8.64606	-7.82037
BLOCK22/SES223/SA223S11	SES187	-1.46365	-9.28402	-7.82037
BLOCK22/SES223/SA223S13	SES068	-0.284808	-8.00807	-7.72326
BLOCK22/SES223/SA223S13	SES143	-1.59218	-9.31544	-7.72326
BLOCK22/SES223/SA223S13	SES146	-1.63303	-9.35629	-7.72326
BLOCK22/SES223/SA223S13	SES202	-0.799187	-8.52245	-7.72326
BLOCK22/SES223/SA223S22	SES143	-1.0962	-8.5987	-7.5025
BLOCK22/SES223/SA223S22	SES144	-1.86464	-9.36714	-7.5025
BLOCK22/SES223/SA223S22	SES175	-0.787275	-8.28977	-7.5025
BLOCK22/SES223/SA223S22	SES187	-1.494	-8.9965	-7.5025
BLOCK22/SES223/SA223S25	SES068	-0.614886	-8.25643	-7.64155
BLOCK22/SES223/SA223S25	SES143	-1.59868	-9.24023	-7.64155
BLOCK22/SES223/SA223S25	SES175	-0.850492	-8.49204	-7.64155
BLOCK22/SES223/SA223S25	SES187	-1.48275	-9.12429	-7.64155
BLOCK22/SES223/SA223S27	SES143	-1.50169	-9.64172	-8.14003
BLOCK22/SES223/SA223S27	SES146	-2.1141	-10.2541	-8.14003
BLOCK22/SES223/SA223S27	SES187	-1.25679	-9.39683	-8.14003
BLOCK22/SES223/SA223S27	SES292	-0.482762	-8.6228	-8.14003
BLOCK27/SES273/SA273S12	SES099	-0.247446	-8.10822	-7.86078
BLOCK27/SES273/SA273S12	SES104	-0.105478	-7.96625	-7.86078
BLOCK27/SES273/SA273S12	SES125	-0.444377	-8.30515	-7.86078
BLOCK27/SES273/SA273S12	SES206	-0.10879	-7.96957	-7.86078
BLOCK27/SES273/SA273S13	SES099	-0.968745	-8.14902	-7.18027
BLOCK27/SES273/SA273S13	SES104	-0.660789	-7.84106	-7.18027
BLOCK27/SES273/SA273S13	SES206	-1.35379	-8.53406	-7.18027
BLOCK27/SES273/SA273S13	SES292	-1.30137	-8.48165	-7.18027
BLOCK27/SES273/SA273S21	SES099	-1.06996	-9.20421	-8.13425
BLOCK27/SES273/SA273S21	SES148	-1.55155	-9.6858	-8.13425
BLOCK27/SES273/SA273S21	SES149	-1.62093	-9.75518	-8.13425
BLOCK27/SES273/SA273S21	SES177	-1.65631	-9.79056	-8.13425
BLOCK27/SES273/SA273S25	SES104	-0.410499	-8.90866	-8.49816
BLOCK27/SES273/SA273S25	SES125	-0.788565	-9.28672	-8.49816
BLOCK27/SES273/SA273S25	SES158	0.0747423	-8.42342	-8.49816
BLOCK27/SES273/SA273S25	SES206	-1.00243	-9.50059	-8.49816
BLOCK27/SES273/SA273S27	SES099	-0.812158	-7.51729	-6.70513
BLOCK27/SES273/SA273S27	SES104	-0.80041	-7.50555	-6.70513
BLOCK27/SES273/SA273S27	SES149	-1.33828	-8.04342	-6.70513
BLOCK27/SES273/SA273S27	SES275	-1.38301	-8.08814	-6.70513
BLOCK27/SES274/SA274S10	SES105	-1.35305	-8.23956	-6.88651
BLOCK27/SES274/SA274S10	SES125	-1.67007	-8.55658	-6.88651
BLOCK27/SES274/SA274S10	SES129	-0.045753	-6.93226	-6.88651
BLOCK27/SES274/SA274S10	SES158	-2.59619	-9.4827	-6.88651
BLOCK27/SES274/SA274S11	SES105	-0.863937	-7.81638	-6.95245
BLOCK27/SES274/SA274S11	SES149	-0.74228	-7.69473	-6.95245
BLOCK27/SES274/SA274S11	SES158	-1.05345	-8.0059	-6.95245
BLOCK27/SES274/SA274S11	SES275	-0.582015	-7.53446	-6.95245
BLOCK27/SES274/SA274S21	SES105	-1.29028	-8.36089	-7.07061
BLOCK27/SES274/SA274S21	SES129	-0.110152	-7.18076	-7.07061
BLOCK27/SES274/SA274S21	SES149	-1.56603	-8.63664	-7.07061
BLOCK27/SES274/SA274S21	SES158	-2.54776	-9.61837	-7.07061
BLOCK27/SES274/SA274S24	SES105	-1.38036	-9.329	-7.94864
BLOCK27/SES274/SA274S24	SES129	0.227211	-7.72143	-7.94864
BLOCK27/SES274/SA274S24	SES149	-2.03836	-9.987	-7.94864
BLOCK27/SES274/SA274S24	SES158	-2.90715	-10.8558	-7.94864
BLOCK27/SES274/SA274S29	SES105	-1.29273	-8.80834	-7.5156
BLOCK27/SES274/SA274S29	SES106	-1.59424	-9.10985	-7.5156
BLOCK27/SES274/SA274S29	SES120	-0.986211	-8.50181	-7.5156
BLOCK27/SES274/SA274S29	SES275	-1.01832	-8.53392	-7.5156
BLOCK27/SES276/SA276S16	SES148	-0.648645	-7.99622	-7.34757
BLOCK27/SES276/SA276S16	SES172	-0.162609	-7.51018	-7.34757
BLOCK27/SES276/SA276S16	SES180	-0.546096	-7.89367	-7.34757
BLOCK27/SES276/SA276S16	SES292	-0.4198	-7.76737	-7.34757
BLOCK27/SES276/SA276S17	SES101	-1.03249	-8.81313	-7.78064
BLOCK27/SES276/SA276S17	SES177	-1.38501	-9.16565	-7.78064
BLOCK27/SES276/SA276S17	SES180	-1.05377	-8.83441	-7.78064
BLOCK27/SES276/SA276S17	SES292	-1.03872	-8.81936	-7.78064
BLOCK27/SES276/SA276S24	SES101	-0.7651	-7.82831	-7.06321
BLOCK27/SES276/SA276S24	SES177	-0.984105	-8.04731	-7.06321
BLOCK27/SES276/SA276S24	SES180	-0.997748	-8.06096	-7.06321
BLOCK27/SES276/SA276S24	SES292	-0.855589	-7.9188	-7.06321
BLOCK27/SES276/SA276S26	SES101	-0.94905	-8.03007	-7.08102
BLOCK27/SES276/SA276S26	SES177	-0.92557	-8.00659	-7.08102
BLOCK27/SES276/SA276S26	SES180	-1.01066	-8.09168	-7.08102
BLOCK27/SES276/SA276S26	SES292	-0.160282	-7.2413	-7.08102
BLOCK27/SES276/SA276S28	SES101	-0.506283	-7.79705	-7.29076
BLOCK27/SES276/SA276S28	SES177	-1.05305	-8.34382	-7.29076
BLOCK27/SES276/SA276S28	SES180	-0.167435	-7.4582	-7.29076
BLOCK27/SES276/SA276S28	SES292	-0.258478	-7.54924	-7.29076
BLOCK27/SES277/SA277S12	SES101	-0.767677	-9.45477	-8.68709
BLOCK27/SES277/SA277S12	SES177	-1.4649	-10.152	-8.68709
BLOCK27/SES277/SA277S12	SES180	-1.22879	-9.91588	-8.68709
BLOCK27/SES277/SA277S12	SES292	-1.3053	-9.99239	-8.68709
BLOCK27/SES277/SA277S14	SES177	-1.0733	-10.1673	-9.094
BLOCK27/SES277/SA277S14	SES180	-1.5912	-10.6852	-9.094
BLOCK27/SES277/SA277S14	SES189	-0.0608454	-9.15485	-9.094
BLOCK27/SES277/SA277S14	SES292	-1.88933	-10.9833	-9.094
BLOCK27/SES277/SA277S21	SES177	-0.708723	-9.66428	-8.95555
BLOCK27/SES277/SA277S21	SES180	-1.11232	-10.0679	-8.95555
BLOCK27/SES277/SA277S21	SES189	-0.0350914	-8.99064	-8.95555
BLOCK27/SES277/SA277S21	SES292	-1.80024	-10.7558	-8.95555
BLOCK27/SES277/SA277S24	SES144	-0.254023	-9.40898	-9.15496
BLOCK27/SES277/SA277S24	SES177	-0.889358	-10.0443	-9.15496
BLOCK27/SES277/SA277S24	SES180	-1.96918	-11.1241	-9.15496
BLOCK27/SES277/SA277S24	SES189	-0.414589	-9.56955	-9.15496
BLOCK27/SES277/SA277S29	SES177	-0.951395	-7.56332	-6.61193
BLOCK27/SES277/SA277S29	SES180	-0.916235	-7.52816	-6.61193
BLOCK27/SES277/SA277S29	SES202	-0.818325	-7.43025	-6.61193
BLOCK27/SES277/SA277S29	SES292	-1.7954	-8.40733	-6.61193
BLOCK27/SES279/SA279S09	SES120	-1.20296	-8.26169	-7.05873
BLOCK27/SES279/SA279S09	SES146	-1.33121	-8.38994	-7.05873
BLOCK27/SES279/SA279S09	SES206	-0.546141	-7.60487	-7.05873
BLOCK27/SES279/SA279S09	SES226	-1.32656	-8.38529	-7.05873
BLOCK27/SES279/SA279S10	SES099	-0.923204	-8.51356	-7.59036
BLOCK27/SES279/SA279S10	SES206	-1.30561	-8.89597	-7.59036
BLOCK27/SES279/SA279S10	SES226	-2.29322	-9.88358	-7.59036
BLOCK27/SES279/SA279S10	SES292	-0.665771	-8.25613	-7.59036
BLOCK27/SES279/SA279S20	SES099	-1.80493	-9.83141	-8.02648
BLOCK27/SES279/SA279S20	SES206	-1.09551	-9.12199	-8.02648
BLOCK27/SES279/SA279S20	SES226	-1.5847	-9.61119	-8.02648
BLOCK27/SES279/SA279S20	SES292	-0.716504	-8.74299	-8.02648
BLOCK27/SES279/SA279S26	SES099	-0.497647	-9.02531	-8.52766
BLOCK27/SES279/SA279S26	SES206	-0.555812	-9.08347	-8.52766
BLOCK27/SES279/SA279S26	SES226	-1.75436	-10.282	-8.52766
BLOCK27/SES279/SA279S26	SES292	-0.162699	-8.69036	-8.52766
BLOCK27/SES279/SA279S28	SES099	-0.971317	-7.89178	-6.92047
BLOCK27/SES279/SA279S28	SES120	-1.01604	-7.9365	-6.92047
BLOCK27/SES279/SA279S28	SES177	-2.09292	-9.01339	-6.92047
BLOCK27/SES279/SA279S28	SES206	-1.20854	-8.129	-6.92047
BLOCK29/SES290/SA290S12	SES162	-0.285867	-6.58735	-6.30148
BLOCK29/SES290/SA290S12	SES177	-0.471578	-6.77306	-6.30148
BLOCK29/SES290/SA290S12	SES180	-0.731768	-7.03325	-6.30148
BLOCK29/SES290/SA290S12	SES292	-0.897308	-7.19879	-6.30148
BLOCK29/SES290/SA290S13	SES007	-0.32057	-7.25393	-6.93336
BLOCK29/SES290/SA290S13	SES162	-1.3401	-8.27346	-6.93336
BLOCK29/SES290/SA290S13	SES177	-0.793092	-7.72645	-6.93336
BLOCK29/SES290/SA290S13	SES180	-0.492882	-7.42624	-6.93336
BLOCK29/SES290/SA290S22	SES177	-0.586094	-7.56414	-6.97804
BLOCK29/SES290/SA290S22	SES180	-0.626797	-7.60484	-6.97804
BLOCK29/SES290/SA290S22	SES202	-0.482822	-7.46086	-6.97804
BLOCK29/SES290/SA290S22	SES292	-0.29506	-7.2731	-6.97804
BLOCK29/SES290/SA290S25	SES162	-1.17333	-8.0135	-6.84017
BLOCK29/SES290/SA290S25	SES177	-0.834967	-7.67514	-6.84017
BLOCK29/SES290/SA290S25	SES180	-0.909079	-7.74925	-6.84017
BLOCK29/SES290/SA290S25	SES292	-0.818079	-7.65825	-6.84017
BLOCK29/SES290/SA290S29	SES177	-0.512005	-7.1198	-6.6078
BLOCK29/SES290/SA290S29	SES180	-0.293085	-6.90088	-6.6078
BLOCK29/SES290/SA290S29	SES275	-0.626974	-7.23477	-6.6078
BLOCK29/SES290/SA290S29	SES292	-0.672808	-7.2806	-6.6078
BLOCK29/SES291/SA291S11	SES105	-1.41079	-9.83841	-8.42762
BLOCK29/SES291/SA291S11	SES125	-1.06237	-9.48999	-8.42762
BLOCK29/SES291/SA291S11	SES158	-0.468367	-8.89599	-8.42762
BLOCK29/SES291/SA291S11	SES275	-0.930014	-9.35763	-8.42762
BLOCK29/SES291/SA291S12	SES158	0.0928812	-7.60848	-7.70136
BLOCK29/SES291/SA291S12	SES226	-1.54864	-9.25001	-7.70136
BLOCK29/SES291/SA291S12	SES270	-1.34019	-9.04156	-7.70136
BLOCK29/SES291/SA291S12	SES275	-2.6465	-10.3479	-7.70136
BLOCK29/SES291/SA291S22	SES082	-0.654003	-8.55811	-7.90411
BLOCK29/SES291/SA291S22	SES158	-0.334198	-8.2383	-7.90411
BLOCK29/SES291/SA291S22	SES259	-0.816109	-8.72022	-7.90411
BLOCK29/SES291/SA291S22	SES275	-1.83236	-9.73647	-7.90411
BLOCK29/SES291/SA291S24	SES104	-0.402135	-7.87081	-7.46867
BLOCK29/SES291/SA291S24	SES125	-0.700954	-8.16963	-7.46867
BLOCK29/SES291/SA291S24	SES158	-0.28108	-7.74975	-7.46867
BLOCK29/SES291/SA291S24	SES275	-1.81302	-9.28169	-7.46867
BLOCK29/SES291/SA291S27	SES158	0.0177159	-7.5041	-7.52182
BLOCK29/SES291/SA291S27	SES172	-1.96566	-9.48748	-7.52182
BLOCK29/SES291/SA291S27	SES275	-1.657	-9.17882	-7.52182
BLOCK29/SES291/SA291S27	SES292	-0.503433	-8.02525	-7.52182
